#
# A fatal error has been detected by the Java Runtime Environment:
#
#  EXCEPTION_ACCESS_VIOLATION (0xc0000005) at pc=0x5f6a6b77, pid=7416, tid=0x000014d8
#
# JRE version: Java(TM) SE Runtime Environment (8.0_141-b15) (build 1.8.0_141-b15)
# Java VM: Java HotSpot(TM) Client VM (25.141-b15 mixed mode, sharing windows-x86 )
# Problematic frame:
# C  [opencv_objdetect248.dll+0x26b77]
#
# Failed to write core dump. Minidumps are not enabled by default on client versions of Windows
#
# If you would like to submit a bug report, please visit:
#   http://bugreport.java.com/bugreport/crash.jsp
# The crash happened outside the Java Virtual Machine in native code.
# See problematic frame for where to report the bug.
#

---------------  T H R E A D  ---------------

Current thread (0x1850f800):  JavaThread "Thread-4" [_thread_in_native, id=5336, stack(0x19390000,0x193e0000)]

siginfo: ExceptionCode=0xc0000005, reading address 0x1db78c84

Registers:
EAX=0x1da7184c, EBX=0x193de698, ECX=0x185eaa24, EDX=0x185da168
ESP=0x193de56c, EBP=0x193de690, ESI=0x00041d0e, EDI=0x1da717fc
EIP=0x5f6a6b77, EFLAGS=0x00010206

Top of Stack: (sp=0x193de56c)
0x193de56c:   0a8d3224 1d7d7860 193dec3c 0141dfe0
0x193de57c:   0000000c 185d8150 0000003a 185d8338
0x193de58c:   00000016 1d7d7860 5f6a6fe0 01000280
0x193de59c:   00000003 185d8150 00000000 185d823c
0x193de5ac:   00000016 00000000 00000280 000001e0
0x193de5bc:   00000001 193de808 5fb213f5 1841dfe0
0x193de5cc:   00000280 1e19c040 00000a04 00000000
0x193de5dc:   00000000 00000000 00000000 00000280 

Instructions: (pc=0x5f6a6b77)
0x5f6a6b57:   cd f2 0f 10 d1 66 0f 28 ca f3 0f 10 10 0f 5a d2
0x5f6a6b67:   66 0f 57 e4 f2 0f 10 e2 f3 0f 10 50 04 8b 41 0c
0x5f6a6b77:   8b 04 b0 2b 04 b7 8b 79 04 2b 04 b7 8b 39 03 04
0x5f6a6b87:   b7 8b 79 1c 66 0f 57 db 0f 5a d2 f2 0f 10 da 66 


Register to memory mapping:

EAX=0x1da7184c is an unknown value
EBX=0x193de698 is pointing into the stack for thread: 0x1850f800
ECX=0x185eaa24 is an unknown value
EDX=0x185da168 is an unknown value
ESP=0x193de56c is pointing into the stack for thread: 0x1850f800
EBP=0x193de690 is pointing into the stack for thread: 0x1850f800
ESI=0x00041d0e is an unknown value
EDI=0x1da717fc is an unknown value


Stack: [0x19390000,0x193e0000],  sp=0x193de56c,  free space=313k
Native frames: (J=compiled Java code, j=interpreted, Vv=VM code, C=native code)
C  [opencv_objdetect248.dll+0x26b77]
C  [opencv_objdetect248.dll+0x2bcdc]
C  [opencv_core248.dll+0x128be1]
C  [opencv_core248.dll+0x129508]
C  [msvcr100.dll+0x54db0]
C  [opencv_core248.dll+0x129270]
C  [opencv_core248.dll+0x129769]
C  [opencv_core248.dll+0x1299ee]
C  [opencv_objdetect248.dll+0x2d546]
C  [opencv_objdetect248.dll+0x2df51]
C  [jniopencv_objdetect.dll+0x19f43]
j  com.googlecode.javacv.cpp.opencv_objdetect.cvHaarDetectObjects(Lcom/googlecode/javacv/cpp/opencv_core$CvArr;Lcom/googlecode/javacv/cpp/opencv_objdetect$CvHaarClassifierCascade;Lcom/googlecode/javacv/cpp/opencv_core$CvMemStorage;DIILcom/googlecode/javacv/cpp/opencv_core$CvSize;Lcom/googlecode/javacv/cpp/opencv_core$CvSize;)Lcom/googlecode/javacv/cpp/opencv_core$CvSeq;+0
j  com.googlecode.javacv.cpp.opencv_objdetect.cvHaarDetectObjects(Lcom/googlecode/javacv/cpp/opencv_core$CvArr;Lcom/googlecode/javacv/cpp/opencv_objdetect$CvHaarClassifierCascade;Lcom/googlecode/javacv/cpp/opencv_core$CvMemStorage;DII)Lcom/googlecode/javacv/cpp/opencv_core$CvSeq;+14
j  FaceCapture.detect(Lcom/googlecode/javacv/cpp/opencv_core$IplImage;)Lcom/googlecode/javacv/cpp/opencv_core$IplImage;+14
j  FaceCapture.run()V+27
j  java.lang.Thread.run()V+11
v  ~StubRoutines::call_stub
V  [jvm.dll+0x15af45]
V  [jvm.dll+0x2213ae]
V  [jvm.dll+0x15afde]
V  [jvm.dll+0x15b166]
V  [jvm.dll+0x15b1d7]
V  [jvm.dll+0xff36f]
V  [jvm.dll+0x17dc30]
V  [jvm.dll+0x17e4aa]
V  [jvm.dll+0x1c2ec6]
C  [msvcr100.dll+0x5c556]
C  [msvcr100.dll+0x5c600]
C  [KERNEL32.DLL+0x18744]
C  [ntdll.dll+0x6582d]
C  [ntdll.dll+0x657fd]
C  0x00000000

Java frames: (J=compiled Java code, j=interpreted, Vv=VM code)
j  com.googlecode.javacv.cpp.opencv_objdetect.cvHaarDetectObjects(Lcom/googlecode/javacv/cpp/opencv_core$CvArr;Lcom/googlecode/javacv/cpp/opencv_objdetect$CvHaarClassifierCascade;Lcom/googlecode/javacv/cpp/opencv_core$CvMemStorage;DIILcom/googlecode/javacv/cpp/opencv_core$CvSize;Lcom/googlecode/javacv/cpp/opencv_core$CvSize;)Lcom/googlecode/javacv/cpp/opencv_core$CvSeq;+0
j  com.googlecode.javacv.cpp.opencv_objdetect.cvHaarDetectObjects(Lcom/googlecode/javacv/cpp/opencv_core$CvArr;Lcom/googlecode/javacv/cpp/opencv_objdetect$CvHaarClassifierCascade;Lcom/googlecode/javacv/cpp/opencv_core$CvMemStorage;DII)Lcom/googlecode/javacv/cpp/opencv_core$CvSeq;+14
j  FaceCapture.detect(Lcom/googlecode/javacv/cpp/opencv_core$IplImage;)Lcom/googlecode/javacv/cpp/opencv_core$IplImage;+14
j  FaceCapture.run()V+27
j  java.lang.Thread.run()V+11
v  ~StubRoutines::call_stub

---------------  P R O C E S S  ---------------

Java Threads: ( => current thread )
=>0x1850f800 JavaThread "Thread-4" [_thread_in_native, id=5336, stack(0x19390000,0x193e0000)]
  0x15d87c00 JavaThread "Thread-3" [_thread_in_native, id=11920, stack(0x18dc0000,0x18e10000)]
  0x15d4c400 JavaThread "TimerQueue" daemon [_thread_blocked, id=1500, stack(0x17cf0000,0x17d40000)]
  0x0224cc00 JavaThread "DestroyJavaVM" [_thread_blocked, id=960, stack(0x00850000,0x008a0000)]
  0x15bd5000 JavaThread "AWT-EventQueue-0" [_thread_blocked, id=5300, stack(0x16b60000,0x16bb0000)]
  0x15bb4000 JavaThread "AWT-Windows" daemon [_thread_in_native, id=1540, stack(0x161a0000,0x161f0000)]
  0x15bb1400 JavaThread "AWT-Shutdown" [_thread_blocked, id=4436, stack(0x16110000,0x16160000)]
  0x15bb0000 JavaThread "Java2D Disposer" daemon [_thread_blocked, id=4856, stack(0x15fb0000,0x16000000)]
  0x021c7c00 JavaThread "Service Thread" daemon [_thread_blocked, id=12280, stack(0x15270000,0x152c0000)]
  0x021b1000 JavaThread "C1 CompilerThread0" daemon [_thread_blocked, id=11564, stack(0x14730000,0x14780000)]
  0x021af800 JavaThread "Attach Listener" daemon [_thread_blocked, id=3448, stack(0x146a0000,0x146f0000)]
  0x021ad800 JavaThread "Signal Dispatcher" daemon [_thread_blocked, id=6432, stack(0x14610000,0x14660000)]
  0x021a4800 JavaThread "Finalizer" daemon [_thread_blocked, id=6248, stack(0x14490000,0x144e0000)]
  0x02147c00 JavaThread "Reference Handler" daemon [_thread_blocked, id=6240, stack(0x14400000,0x14450000)]

Other Threads:
  0x02144400 VMThread [stack: 0x00920000,0x00970000] [id=5496]
  0x021e5800 WatcherThread [stack: 0x152c0000,0x15310000] [id=5664]

VM state:not at safepoint (normal execution)

VM Mutex/Monitor currently owned by a thread: None

Heap:
 def new generation   total 4992K, used 968K [0x04400000, 0x04960000, 0x09950000)
  eden space 4480K,  21% used [0x04400000, 0x044ed9a0, 0x04860000)
  from space 512K,   3% used [0x04860000, 0x04864740, 0x048e0000)
  to   space 512K,   0% used [0x048e0000, 0x048e0000, 0x04960000)
 tenured generation   total 10944K, used 10452K [0x09950000, 0x0a400000, 0x14400000)
   the space 10944K,  95% used [0x09950000, 0x0a385120, 0x0a385200, 0x0a400000)
 Metaspace       used 1879K, capacity 3309K, committed 3392K, reserved 4480K

Card table byte_map: [0x042d0000,0x04360000] byte_map_base: 0x042ae000

Polling page: 0x008a0000

CodeCache: size=32768Kb used=1329Kb max_used=1329Kb free=31438Kb
 bounds [0x02250000, 0x023a0000, 0x04250000]
 total_blobs=714 nmethods=449 adapters=196
 compilation: enabled

Compilation events (10 events):
Event: 11.168 Thread 0x021b1000  447             sun.java2d.SunGraphics2D::dispose (12 bytes)
Event: 11.168 Thread 0x021b1000 nmethod 447 0x0239af48 code [0x0239b050, 0x0239b0ec]
Event: 11.323 Thread 0x021b1000  448   !         java.lang.ref.Reference::tryHandlePending (115 bytes)
Event: 11.323 Thread 0x021b1000 nmethod 448 0x0239b148 code [0x0239b2d0, 0x0239b7a4]
Event: 11.355 Thread 0x021b1000  449             java.util.concurrent.ConcurrentLinkedQueue::offer (115 bytes)
Event: 11.355 Thread 0x021b1000 nmethod 449 0x0239bb88 code [0x0239bc90, 0x0239beac]
Event: 11.419 Thread 0x021b1000  450             sun.java2d.SunGraphics2D::setFont (105 bytes)
Event: 11.419 Thread 0x021b1000 nmethod 450 0x0239bfc8 code [0x0239c0e0, 0x0239c3a8]
Event: 11.431 Thread 0x021b1000  451             sun.java2d.SunGraphics2D::getCompClip (19 bytes)
Event: 11.432 Thread 0x021b1000 nmethod 451 0x0239c508 code [0x0239c610, 0x0239c6cc]

GC Heap History (10 events):
Event: 10.623 GC heap before
{Heap before GC invocations=23 (full 3):
 def new generation   total 4992K, used 3726K [0x04400000, 0x04960000, 0x09950000)
  eden space 4480K,  82% used [0x04400000, 0x0479f8a8, 0x04860000)
  from space 512K,   3% used [0x04860000, 0x048642f8, 0x048e0000)
  to   space 512K,   0% used [0x048e0000, 0x048e0000, 0x04960000)
 tenured generation   total 10944K, used 9037K [0x09950000, 0x0a400000, 0x14400000)
   the space 10944K,  82% used [0x09950000, 0x0a2236c8, 0x0a223800, 0x0a400000)
 Metaspace       used 1881K, capacity 3312K, committed 3392K, reserved 4480K
Event: 10.624 GC heap after
Heap after GC invocations=24 (full 3):
 def new generation   total 4992K, used 17K [0x04400000, 0x04960000, 0x09950000)
  eden space 4480K,   0% used [0x04400000, 0x04400000, 0x04860000)
  from space 512K,   3% used [0x048e0000, 0x048e4508, 0x04960000)
  to   space 512K,   0% used [0x04860000, 0x04860000, 0x048e0000)
 tenured generation   total 10944K, used 9937K [0x09950000, 0x0a400000, 0x14400000)
   the space 10944K,  90% used [0x09950000, 0x0a3046d8, 0x0a304800, 0x0a400000)
 Metaspace       used 1881K, capacity 3312K, committed 3392K, reserved 4480K
}
Event: 10.800 GC heap before
{Heap before GC invocations=24 (full 3):
 def new generation   total 4992K, used 3727K [0x04400000, 0x04960000, 0x09950000)
  eden space 4480K,  82% used [0x04400000, 0x0479f950, 0x04860000)
  from space 512K,   3% used [0x048e0000, 0x048e4508, 0x04960000)
  to   space 512K,   0% used [0x04860000, 0x04860000, 0x048e0000)
 tenured generation   total 10944K, used 9937K [0x09950000, 0x0a400000, 0x14400000)
   the space 10944K,  90% used [0x09950000, 0x0a3046d8, 0x0a304800, 0x0a400000)
 Metaspace       used 1881K, capacity 3312K, committed 3392K, reserved 4480K
Event: 10.800 GC heap after
Heap after GC invocations=25 (full 3):
 def new generation   total 4992K, used 17K [0x04400000, 0x04960000, 0x09950000)
  eden space 4480K,   0% used [0x04400000, 0x04400000, 0x04860000)
  from space 512K,   3% used [0x04860000, 0x04864458, 0x048e0000)
  to   space 512K,   0% used [0x048e0000, 0x048e0000, 0x04960000)
 tenured generation   total 10944K, used 10837K [0x09950000, 0x0a400000, 0x14400000)
   the space 10944K,  99% used [0x09950000, 0x0a3e56e8, 0x0a3e5800, 0x0a400000)
 Metaspace       used 1881K, capacity 3312K, committed 3392K, reserved 4480K
}
Event: 10.970 GC heap before
{Heap before GC invocations=25 (full 3):
 def new generation   total 4992K, used 3747K [0x04400000, 0x04960000, 0x09950000)
  eden space 4480K,  83% used [0x04400000, 0x047a4950, 0x04860000)
  from space 512K,   3% used [0x04860000, 0x04864458, 0x048e0000)
  to   space 512K,   0% used [0x048e0000, 0x048e0000, 0x04960000)
 tenured generation   total 10944K, used 10837K [0x09950000, 0x0a400000, 0x14400000)
   the space 10944K,  99% used [0x09950000, 0x0a3e56e8, 0x0a3e5800, 0x0a400000)
 Metaspace       used 1881K, capacity 3312K, committed 3392K, reserved 4480K
Event: 10.978 GC heap after
Heap after GC invocations=26 (full 4):
 def new generation   total 4992K, used 0K [0x04400000, 0x04960000, 0x09950000)
  eden space 4480K,   0% used [0x04400000, 0x04400000, 0x04860000)
  from space 512K,   0% used [0x048e0000, 0x048e0000, 0x04960000)
  to   space 512K,   0% used [0x04860000, 0x04860000, 0x048e0000)
 tenured generation   total 10944K, used 5952K [0x09950000, 0x0a400000, 0x14400000)
   the space 10944K,  54% used [0x09950000, 0x09f200d0, 0x09f20200, 0x0a400000)
 Metaspace       used 1879K, capacity 3309K, committed 3392K, reserved 4480K
}
Event: 11.157 GC heap before
{Heap before GC invocations=26 (full 4):
 def new generation   total 4992K, used 3710K [0x04400000, 0x04960000, 0x09950000)
  eden space 4480K,  82% used [0x04400000, 0x0479f980, 0x04860000)
  from space 512K,   0% used [0x048e0000, 0x048e0000, 0x04960000)
  to   space 512K,   0% used [0x04860000, 0x04860000, 0x048e0000)
 tenured generation   total 10944K, used 5952K [0x09950000, 0x0a400000, 0x14400000)
   the space 10944K,  54% used [0x09950000, 0x09f200d0, 0x09f20200, 0x0a400000)
 Metaspace       used 1879K, capacity 3309K, committed 3392K, reserved 4480K
Event: 11.158 GC heap after
Heap after GC invocations=27 (full 4):
 def new generation   total 4992K, used 4K [0x04400000, 0x04960000, 0x09950000)
  eden space 4480K,   0% used [0x04400000, 0x04400000, 0x04860000)
  from space 512K,   0% used [0x04860000, 0x048613b8, 0x048e0000)
  to   space 512K,   0% used [0x048e0000, 0x048e0000, 0x04960000)
 tenured generation   total 10944K, used 8652K [0x09950000, 0x0a400000, 0x14400000)
   the space 10944K,  79% used [0x09950000, 0x0a1c3100, 0x0a1c3200, 0x0a400000)
 Metaspace       used 1879K, capacity 3309K, committed 3392K, reserved 4480K
}
Event: 11.322 GC heap before
{Heap before GC invocations=27 (full 4):
 def new generation   total 4992K, used 3715K [0x04400000, 0x04960000, 0x09950000)
  eden space 4480K,  82% used [0x04400000, 0x0479f9e8, 0x04860000)
  from space 512K,   0% used [0x04860000, 0x048613b8, 0x048e0000)
  to   space 512K,   0% used [0x048e0000, 0x048e0000, 0x04960000)
 tenured generation   total 10944K, used 8652K [0x09950000, 0x0a400000, 0x14400000)
   the space 10944K,  79% used [0x09950000, 0x0a1c3100, 0x0a1c3200, 0x0a400000)
 Metaspace       used 1879K, capacity 3309K, committed 3392K, reserved 4480K
Event: 11.323 GC heap after
Heap after GC invocations=28 (full 4):
 def new generation   total 4992K, used 5K [0x04400000, 0x04960000, 0x09950000)
  eden space 4480K,   0% used [0x04400000, 0x04400000, 0x04860000)
  from space 512K,   0% used [0x048e0000, 0x048e1460, 0x04960000)
  to   space 512K,   0% used [0x04860000, 0x04860000, 0x048e0000)
 tenured generation   total 10944K, used 9552K [0x09950000, 0x0a400000, 0x14400000)
   the space 10944K,  87% used [0x09950000, 0x0a2a4110, 0x0a2a4200, 0x0a400000)
 Metaspace       used 1879K, capacity 3309K, committed 3392K, reserved 4480K
}

Deoptimization events (0 events):
No events

Internal exceptions (10 events):
Event: 0.156 Thread 0x0224cc00 Exception <a 'java/lang/ClassNotFoundException': ToolBar> (0x047af198) thrown at [C:\workspace\8-2-build-windows-i586-cygwin\jdk8u141\9370\hotspot\src\share\vm\classfile\systemDictionary.cpp, line 210]
Event: 0.156 Thread 0x0224cc00 Exception <a 'java/lang/ClassNotFoundException': ToggleButton> (0x047af6e0) thrown at [C:\workspace\8-2-build-windows-i586-cygwin\jdk8u141\9370\hotspot\src\share\vm\classfile\systemDictionary.cpp, line 210]
Event: 0.156 Thread 0x0224cc00 Exception <a 'java/lang/ClassNotFoundException': javax/swing/JToolBarSeparator> (0x047afae8) thrown at [C:\workspace\8-2-build-windows-i586-cygwin\jdk8u141\9370\hotspot\src\share\vm\classfile\systemDictionary.cpp, line 210]
Event: 0.156 Thread 0x0224cc00 Exception <a 'java/lang/ClassNotFoundException': ToolBarSeparator> (0x047aff40) thrown at [C:\workspace\8-2-build-windows-i586-cygwin\jdk8u141\9370\hotspot\src\share\vm\classfile\systemDictionary.cpp, line 210]
Event: 0.156 Thread 0x0224cc00 Exception <a 'java/lang/ClassNotFoundException': ToolTip> (0x047b05e8) thrown at [C:\workspace\8-2-build-windows-i586-cygwin\jdk8u141\9370\hotspot\src\share\vm\classfile\systemDictionary.cpp, line 210]
Event: 0.156 Thread 0x0224cc00 Exception <a 'java/lang/ClassNotFoundException': Tree> (0x047b10d0) thrown at [C:\workspace\8-2-build-windows-i586-cygwin\jdk8u141\9370\hotspot\src\share\vm\classfile\systemDictionary.cpp, line 210]
Event: 0.156 Thread 0x0224cc00 Exception <a 'java/lang/ClassNotFoundException': Tree> (0x047b1770) thrown at [C:\workspace\8-2-build-windows-i586-cygwin\jdk8u141\9370\hotspot\src\share\vm\classfile\systemDictionary.cpp, line 210]
Event: 0.156 Thread 0x0224cc00 Exception <a 'java/lang/ClassNotFoundException': javax/swing/JTreeCell> (0x047b1aa8) thrown at [C:\workspace\8-2-build-windows-i586-cygwin\jdk8u141\9370\hotspot\src\share\vm\classfile\systemDictionary.cpp, line 210]
Event: 0.156 Thread 0x0224cc00 Exception <a 'java/lang/ClassNotFoundException': TreeCell> (0x047b1ef0) thrown at [C:\workspace\8-2-build-windows-i586-cygwin\jdk8u141\9370\hotspot\src\share\vm\classfile\systemDictionary.cpp, line 210]
Event: 0.157 Thread 0x0224cc00 Exception <a 'java/lang/ClassNotFoundException': RootPane> (0x047b2868) thrown at [C:\workspace\8-2-build-windows-i586-cygwin\jdk8u141\9370\hotspot\src\share\vm\classfile\systemDictionary.cpp, line 210]

Events (10 events):
Event: 10.623 Executing VM operation: GenCollectForAllocation
Event: 10.624 Executing VM operation: GenCollectForAllocation done
Event: 10.800 Executing VM operation: GenCollectForAllocation
Event: 10.800 Executing VM operation: GenCollectForAllocation done
Event: 10.970 Executing VM operation: GenCollectForAllocation
Event: 10.978 Executing VM operation: GenCollectForAllocation done
Event: 11.157 Executing VM operation: GenCollectForAllocation
Event: 11.158 Executing VM operation: GenCollectForAllocation done
Event: 11.322 Executing VM operation: GenCollectForAllocation
Event: 11.323 Executing VM operation: GenCollectForAllocation done


Dynamic libraries:
0x000b0000 - 0x000e3000 	C:\Program Files (x86)\Java\jdk1.8.0_141\bin\java.exe
0x779e0000 - 0x77b6e000 	C:\WINDOWS\SYSTEM32\ntdll.dll
0x77220000 - 0x772f0000 	C:\WINDOWS\System32\KERNEL32.DLL
0x74800000 - 0x749c2000 	C:\WINDOWS\System32\KERNELBASE.dll
0x72b90000 - 0x72c23000 	C:\WINDOWS\SYSTEM32\apphelp.dll
0x776e0000 - 0x77757000 	C:\WINDOWS\System32\ADVAPI32.dll
0x75380000 - 0x7543d000 	C:\WINDOWS\System32\msvcrt.dll
0x775a0000 - 0x775e1000 	C:\WINDOWS\System32\sechost.dll
0x749d0000 - 0x74a90000 	C:\WINDOWS\System32\RPCRT4.dll
0x744b0000 - 0x744d0000 	C:\WINDOWS\System32\SspiCli.dll
0x744a0000 - 0x744aa000 	C:\WINDOWS\System32\CRYPTBASE.dll
0x74a90000 - 0x74ae7000 	C:\WINDOWS\System32\bcryptPrimitives.dll
0x755a0000 - 0x756dc000 	C:\WINDOWS\System32\USER32.dll
0x74af0000 - 0x74b06000 	C:\WINDOWS\System32\win32u.dll
0x77800000 - 0x77821000 	C:\WINDOWS\System32\GDI32.dll
0x772f0000 - 0x77448000 	C:\WINDOWS\System32\gdi32full.dll
0x752a0000 - 0x75319000 	C:\WINDOWS\System32\msvcp_win.dll
0x75180000 - 0x75298000 	C:\WINDOWS\System32\ucrtbase.dll
0x72df0000 - 0x72ffe000 	C:\WINDOWS\WinSxS\x86_microsoft.windows.common-controls_6595b64144ccf1df_6.0.15063.483_none_6dad63fefc436da8\COMCTL32.dll
0x76a30000 - 0x76c68000 	C:\WINDOWS\System32\combase.dll
0x77840000 - 0x77865000 	C:\WINDOWS\System32\IMM32.DLL
0x6dd00000 - 0x6ddbf000 	C:\Program Files (x86)\Java\jdk1.8.0_141\jre\bin\msvcr100.dll
0x6cf90000 - 0x6d35e000 	C:\Program Files (x86)\Java\jdk1.8.0_141\jre\bin\client\jvm.dll
0x74be0000 - 0x74be6000 	C:\WINDOWS\System32\PSAPI.DLL
0x74210000 - 0x74218000 	C:\WINDOWS\SYSTEM32\VERSION.dll
0x73a60000 - 0x73a84000 	C:\WINDOWS\SYSTEM32\WINMM.dll
0x734e0000 - 0x734e8000 	C:\WINDOWS\SYSTEM32\WSOCK32.dll
0x74b70000 - 0x74bd7000 	C:\WINDOWS\System32\WS2_32.dll
0x73480000 - 0x734a3000 	C:\WINDOWS\SYSTEM32\winmmbase.dll
0x77090000 - 0x770c9000 	C:\WINDOWS\System32\cfgmgr32.dll
0x6df80000 - 0x6df8c000 	C:\Program Files (x86)\Java\jdk1.8.0_141\jre\bin\verify.dll
0x6dca0000 - 0x6dcc1000 	C:\Program Files (x86)\Java\jdk1.8.0_141\jre\bin\java.dll
0x6df60000 - 0x6df73000 	C:\Program Files (x86)\Java\jdk1.8.0_141\jre\bin\zip.dll
0x756e0000 - 0x76a28000 	C:\WINDOWS\System32\SHELL32.dll
0x775f0000 - 0x7767c000 	C:\WINDOWS\System32\shcore.dll
0x74bf0000 - 0x75177000 	C:\WINDOWS\System32\windows.storage.dll
0x77540000 - 0x77585000 	C:\WINDOWS\System32\shlwapi.dll
0x777f0000 - 0x777fe000 	C:\WINDOWS\System32\kernel.appcore.dll
0x75540000 - 0x75585000 	C:\WINDOWS\System32\powrprof.dll
0x75590000 - 0x755a0000 	C:\WINDOWS\System32\profapi.dll
0x6db40000 - 0x6dc85000 	C:\Program Files (x86)\Java\jdk1.8.0_141\jre\bin\awt.dll
0x744f0000 - 0x74586000 	C:\WINDOWS\System32\OLEAUT32.dll
0x72300000 - 0x72378000 	C:\WINDOWS\system32\uxtheme.dll
0x770d0000 - 0x77216000 	C:\WINDOWS\System32\MSCTF.dll
0x72810000 - 0x72833000 	C:\WINDOWS\system32\dwmapi.dll
0x75440000 - 0x75533000 	C:\WINDOWS\System32\ole32.dll
0x6ce40000 - 0x6ce79000 	C:\Program Files (x86)\Java\jdk1.8.0_141\jre\bin\fontmanager.dll
0x6ceb0000 - 0x6cf8f000 	C:\WINDOWS\system32\opengl32.dll
0x6ce80000 - 0x6cea5000 	C:\WINDOWS\SYSTEM32\GLU32.dll
0x77450000 - 0x774d3000 	C:\WINDOWS\System32\clbcatq.dll
0x6d9b0000 - 0x6db22000 	C:\WINDOWS\SYSTEM32\WindowsCodecs.dll
0x6ca50000 - 0x6ca93000 	C:\WINDOWS\system32\dataexchange.dll
0x6c7f0000 - 0x6ca42000 	C:\WINDOWS\system32\d3d11.dll
0x6c700000 - 0x6c7eb000 	C:\WINDOWS\system32\dcomp.dll
0x6c670000 - 0x6c6fa000 	C:\WINDOWS\system32\dxgi.dll
0x6e210000 - 0x6e346000 	C:\WINDOWS\system32\twinapi.appcore.dll
0x74030000 - 0x74048000 	C:\WINDOWS\system32\bcrypt.dll
0x6dce0000 - 0x6dcf6000 	C:\Program Files (x86)\Java\jdk1.8.0_141\jre\bin\net.dll
0x72b40000 - 0x72b8e000 	C:\WINDOWS\system32\mswsock.dll
0x6dc90000 - 0x6dc9f000 	C:\Program Files (x86)\Java\jdk1.8.0_141\jre\bin\nio.dll
0x6cad0000 - 0x6cb02000 	C:\Program Files (x86)\Java\jdk1.8.0_141\jre\bin\t2k.dll
0x6cdd0000 - 0x6ce37000 	C:\WINDOWS\System32\TextInputFramework.dll
0x6cba0000 - 0x6cdc7000 	C:\WINDOWS\System32\CoreUIComponents.dll
0x6cb10000 - 0x6cb9f000 	C:\WINDOWS\System32\CoreMessaging.dll
0x6e5f0000 - 0x6e6c1000 	C:\WINDOWS\SYSTEM32\wintypes.dll
0x72dc0000 - 0x72de8000 	C:\WINDOWS\SYSTEM32\ntmarta.dll
0x6db30000 - 0x6db40000 	C:\WINDOWS\SYSTEM32\usermgrcli.dll
0x5fec0000 - 0x5ff7e000 	C:\Users\jaydutt\AppData\Local\Temp\javacpp2387346719845\msvcr100.dll
0x5fe50000 - 0x5feb9000 	C:\Users\jaydutt\AppData\Local\Temp\javacpp2387346719845\msvcp100.dll
0x70fc0000 - 0x71ef6000 	C:\Users\jaydutt\AppData\Local\Temp\javacpp2387346719845\opencv_ffmpeg248.dll
0x5fc40000 - 0x5fe46000 	C:\Users\jaydutt\AppData\Local\Temp\javacpp2387346719845\opencv_core248.dll
0x5f9d0000 - 0x5fc3b000 	C:\Users\jaydutt\AppData\Local\Temp\javacpp2387346719845\opencv_imgproc248.dll
0x5f7c0000 - 0x5f9c7000 	C:\Users\jaydutt\AppData\Local\Temp\javacpp2387346719845\opencv_highgui248.dll
0x5f7a0000 - 0x5f7bb000 	C:\WINDOWS\SYSTEM32\AVIFIL32.dll
0x5f780000 - 0x5f794000 	C:\WINDOWS\SYSTEM32\AVICAP32.dll
0x5f750000 - 0x5f772000 	C:\WINDOWS\SYSTEM32\MSVFW32.dll
0x5f730000 - 0x5f748000 	C:\WINDOWS\SYSTEM32\MSACM32.dll
0x5f680000 - 0x5f724000 	C:\Users\jaydutt\AppData\Local\Temp\javacpp2387346719845\opencv_objdetect248.dll
0x60000000 - 0x6003c000 	C:\Users\jaydutt\AppData\Local\Temp\javacpp2387346719845\jniopencv_objdetect.dll
0x5f600000 - 0x5f675000 	C:\Users\jaydutt\AppData\Local\Temp\javacpp2387346719845\jniopencv_core.dll
0x5f580000 - 0x5f5fc000 	C:\Users\jaydutt\AppData\Local\Temp\javacpp2387346719845\opencv_flann248.dll
0x5d220000 - 0x5d2d2000 	C:\Users\jaydutt\AppData\Local\Temp\javacpp2387346719845\opencv_features2d248.dll
0x5d150000 - 0x5d214000 	C:\Users\jaydutt\AppData\Local\Temp\javacpp2387346719845\opencv_calib3d248.dll
0x5f520000 - 0x5f57d000 	C:\Users\jaydutt\AppData\Local\Temp\javacpp2387346719845\opencv_video248.dll
0x5d0d0000 - 0x5d150000 	C:\Users\jaydutt\AppData\Local\Temp\javacpp2387346719845\opencv_ml248.dll
0x5cfb0000 - 0x5d0cc000 	C:\Users\jaydutt\AppData\Local\Temp\javacpp2387346719845\opencv_contrib248.dll
0x5ffb0000 - 0x5fff7000 	C:\Users\jaydutt\AppData\Local\Temp\javacpp2387346719845\jniopencv_contrib.dll
0x5cfa0000 - 0x5cfaf000 	C:\Users\jaydutt\AppData\Local\Temp\javacpp2387346719845\jniopencv_highgui.dll
0x5cf60000 - 0x5cf99000 	C:\Users\jaydutt\AppData\Local\Temp\javacpp2387346719845\jniopencv_imgproc.dll
0x5cf40000 - 0x5cf55000 	C:\Windows\System32\devenum.dll
0x76c70000 - 0x7708a000 	C:\WINDOWS\System32\setupapi.dll
0x73450000 - 0x73472000 	C:\WINDOWS\SYSTEM32\DEVOBJ.dll
0x75330000 - 0x75374000 	C:\WINDOWS\System32\WINTRUST.dll
0x75320000 - 0x7532e000 	C:\WINDOWS\System32\MSASN1.dll
0x74590000 - 0x7470d000 	C:\WINDOWS\System32\CRYPT32.dll
0x5cf30000 - 0x5cf39000 	C:\WINDOWS\SYSTEM32\msdmo.dll
0x5cef0000 - 0x5cf2a000 	C:\Windows\System32\qcap.dll
0x5cd40000 - 0x5cee3000 	C:\Windows\System32\quartz.dll
0x5cd00000 - 0x5cd35000 	C:\Windows\System32\mfksproxy.dll
0x5ccd0000 - 0x5ccfc000 	C:\Windows\System32\MFSENSORGROUP.dll
0x5ccb0000 - 0x5ccc8000 	C:\Windows\System32\ATL.DLL
0x5bf80000 - 0x5c0e5000 	C:\Windows\System32\MFPlat.DLL
0x5bf50000 - 0x5bf7a000 	C:\Windows\System32\RTWorkQ.DLL
0x5bf10000 - 0x5bf4c000 	C:\Windows\System32\ksproxy.ax
0x5bf00000 - 0x5bf07000 	C:\Windows\System32\ksuser.dll
0x64bf0000 - 0x64d52000 	C:\Windows\System32\d3d9.dll
0x6d8d0000 - 0x6d934000 	C:\WINDOWS\SYSTEM32\policymanager.dll
0x6d860000 - 0x6d8c6000 	C:\Windows\System32\msvcp110_win.dll
0x5bef0000 - 0x5befc000 	C:\Windows\System32\vidcap.ax
0x5bed0000 - 0x5bef0000 	C:\Windows\System32\kswdmcap.ax
0x73580000 - 0x736ad000 	C:\Windows\System32\MFC42.dll
0x5b990000 - 0x5ba1e000 	C:\Windows\System32\qedit.dll
0x74710000 - 0x747ff000 	C:\WINDOWS\System32\COMDLG32.dll
0x720b0000 - 0x72216000 	C:\WINDOWS\WinSxS\x86_microsoft.windows.gdiplus_6595b64144ccf1df_1.1.15063.608_none_9e9d5d4256d15def\gdiplus.dll
0x72840000 - 0x7292d000 	C:\Windows\System32\DDRAW.dll
0x72380000 - 0x72387000 	C:\Windows\System32\DCIMAN32.dll
0x5be60000 - 0x5becd000 	C:\WINDOWS\SYSTEM32\D3DIM700.DLL
0x5b980000 - 0x5b98a000 	C:\WINDOWS\SYSTEM32\msyuv.dll
0x74250000 - 0x743ad000 	C:\WINDOWS\SYSTEM32\dbghelp.dll

VM Arguments:
jvm_args: -Dfile.encoding=UTF-8 -Djava.library.path=C:\opencv\build\java\x86 -Djava.security.policy=applet.policy -Djavacpp.platform.dependencies=true 
java_command: LOGIN
java_class_path (initial): C:\Program Files (x86)\NetBeans 8.2\java\modules\ext\AbsoluteLayout.jar;C:\javamail1_4_7\javamail-1.4.7\mail.jar;C:\Users\jaydutt\ui\lib\jcommon-1.0.23.jar;C:\Users\jaydutt\ui\lib\jfreechart-1.0.19.jar;C:\activation-2.2.1.jar;C:\activation-1.1.jar;C:\core-3.3.0.jar;C:\javase-3.3.0.jar;C:\Program Files (x86)\NetBeans 8.2\java\modules\ext\eclipselink\eclipselink.jar;C:\Program Files (x86)\NetBeans 8.2\java\modules\ext\eclipselink\javax.persistence_2.1.0.v201304241213.jar;C:\Program Files (x86)\NetBeans 8.2\java\modules\ext\eclipselink\org.eclipse.persistence.jpa.jpql_2.5.2.v20140319-9ad6abd.jar;C:\opencv\build\java\opencv-310.jar;C:\opencv\build\java\opencv-249.jar;C:\opencv\build\java\opencv-340.jar;C:\javacv-cppjars\ffmpeg-2.1.1-windows-x86.jar;C:\javacv-cppjars\ffmpeg-2.1.1-windows-x86_64.jar;C:\javacv-cppjars\opencv-2.4.8-windows-x86.jar;C:\javacv-cppjars\opencv-2.4.8-windows-x86_64.jar;C:\javacv-bin\javacpp.jar;C:\javacv-bin\javacv.jar;C:\javacv-bin\libfreenect-windows-x86.jar;C:\javacv-bin\libfreenect-windows-x86_64.jar;C:\javacv-bin\libfreenect2-windows-x86_64.jar;C:\jar_files\artoolkitplus-2.3.1-1.4.jar;C:\jar_files\ffmpeg-3.4.1-1.4.jar;C:\jar_files\flandmark-1.07-1.4.jar;C:\jar_files\flycapture-2.11.3.121-1.4.jar;C:\jar_files\javacpp-1.4.jar;C:\jar_files\javacv-1.4.jar;C:\jar_files\libdc1394-2.2.5-1.4.jar;C:\jar_files\libfreenect-0.5.3-1.4.jar;C:\jar_files\libfreenect2-0.2.0-1.4.jar;C:\jar_files\librealsense-1.12.1-1.4.jar;C:\jar_files\opencv-3.4.0-1.4.jar;C:\jar_files\videoinput-0.200-1.4.jar;C:\Users\jaydutt\ui\build\classes
Launcher Type: SUN_STANDARD

Environment Variables:
JAVA_HOME=C:\Program Files\Java\jdk1.8.0_161
PATH=C:\Program Files (x86)\Intel\iCLS Client\;C:\ProgramData\Oracle\Java\javapath;C:\Program Files\Intel\iCLS Client\;C:\windows\system32;C:\windows;C:\windows\System32\Wbem;C:\windows\System32\WindowsPowerShell\v1.0\;C:\Program Files (x86)\NVIDIA Corporation\PhysX\Common;C:\Program Files (x86)\Java\jre1.8.0_141;C:\Program Files (x86)\Java\jdk1.8.0_141/bin;C:\Program Files\Intel\WiFi\bin\;C:\Program Files\Common Files\Intel\WirelessCommon\;C:\WINDOWS\system32;C:\WINDOWS;C:\WINDOWS\System32\Wbem;C:\WINDOWS\System32\WindowsPowerShell\v1.0\;C:\Users\jaydutt\AppData\Local\Microsoft\WindowsApps;C:\adb;C:\Program Files (x86)\Intel\Intel(R) Management Engine Components\DAL;C:\Program Files\Intel\Intel(R) Management Engine Components\DAL;C:\Program Files (x86)\Intel\Intel(R) Management Engine Components\IPT;C:\Program Files\Intel\Intel(R) Management Engine Components\IPT;C:\sqlight\sqlite-tools-win32-x86-3220000;C:\Program Files\Java\jdk1.8.0_161;C:\Program Files\Java\jre1.8.0_161;C:\opencv\build\x86\vc10\bin;C:\opencv\build\java;C:\Users\jaydutt\AppData\Local\Microsoft\WindowsApps;C:\Users\jaydutt\AppData\Local\GitHubDesktop\bin
USERNAME=jaydutt
OS=Windows_NT
PROCESSOR_IDENTIFIER=Intel64 Family 6 Model 158 Stepping 9, GenuineIntel



---------------  S Y S T E M  ---------------

OS: Windows 10.0 , 64 bit Build 15063 (10.0.15063.296)

CPU:total 8 (initial active 8) (4 cores per cpu, 2 threads per core) family 6 model 158 stepping 9, cmov, cx8, fxsr, mmx, sse, sse2, sse3, ssse3, sse4.1, sse4.2, popcnt, avx, avx2, aes, clmul, erms, 3dnowpref, lzcnt, ht, tsc, tscinvbit, bmi1, bmi2, adx

Memory: 4k page, physical 16659684k(12318468k free), swap 33436900k(29197308k free)

vm_info: Java HotSpot(TM) Client VM (25.141-b15) for windows-x86 JRE (1.8.0_141-b15), built on Jul 12 2017 04:25:45 by "java_re" with MS VC++ 10.0 (VS2010)

time: Fri Mar 16 15:30:36 2018
elapsed time: 11 seconds (0d 0h 0m 11s)

