#
# A fatal error has been detected by the Java Runtime Environment:
#
#  EXCEPTION_ACCESS_VIOLATION (0xc0000005) at pc=0x5b135b24, pid=8780, tid=0x00002ce0
#
# JRE version: Java(TM) SE Runtime Environment (8.0_141-b15) (build 1.8.0_141-b15)
# Java VM: Java HotSpot(TM) Client VM (25.141-b15 mixed mode, sharing windows-x86 )
# Problematic frame:
# C  [opencv_highgui248.dll+0x15b24]
#
# Failed to write core dump. Minidumps are not enabled by default on client versions of Windows
#
# If you would like to submit a bug report, please visit:
#   http://bugreport.java.com/bugreport/crash.jsp
# The crash happened outside the Java Virtual Machine in native code.
# See problematic frame for where to report the bug.
#

---------------  T H R E A D  ---------------

Current thread (0x15d88400):  JavaThread "Thread-3" [_thread_in_native, id=11488, stack(0x19d90000,0x19de0000)]

siginfo: ExceptionCode=0xc0000005, reading address 0x00000000

Registers:
EAX=0x00000000, EBX=0x00000001, ECX=0x5b310838, EDX=0x00000000
ESP=0x19ddf6b4, EBP=0x19ddf744, ESI=0x15b32b20, EDI=0x15b32b28
EIP=0x5b135b24, EFLAGS=0x00010246

Top of Stack: (sp=0x19ddf6b4)
0x19ddf6b4:   19413680 5b310838 00000000 19ddf70c
0x19ddf6c4:   758270d5 00840000 00000000 000001e0
0x19ddf6d4:   006497f0 00000280 00000000 15b32b24
0x19ddf6e4:   15b32b20 1743b90c 5b310838 73646976
0x19ddf6f4:   00100000 aa000080 719b3800 e436eb7d
0x19ddf704:   11ce524f 2000539f 70a70baf 00000000
0x19ddf714:   00000000 00000000 05589f80 11cec356
0x19ddf724:   aa0001bf 5a595500 00000000 00000000 

Instructions: (pc=0x5b135b24)
0x5b135b04:   80 3d 78 92 30 5b 00 74 0e 68 50 8d 23 5b ff 15
0x5b135b14:   c0 72 23 5b 83 c4 04 c6 46 66 01 8b 75 a0 8b 06
0x5b135b24:   8b 08 8b 51 08 50 ff d2 c7 06 00 00 00 00 8b 75
0x5b135b34:   9c 8b 06 8b 08 8b 51 08 50 ff d2 8b 07 c7 06 00 


Register to memory mapping:

EAX=0x00000000 is an unknown value
EBX=0x00000001 is an unknown value
ECX=0x5b310838 is an unknown value
EDX=0x00000000 is an unknown value
ESP=0x19ddf6b4 is pointing into the stack for thread: 0x15d88400
EBP=0x19ddf744 is pointing into the stack for thread: 0x15d88400
ESI=0x15b32b20 is an unknown value
EDI=0x15b32b28 is an unknown value


Stack: [0x19d90000,0x19de0000],  sp=0x19ddf6b4,  free space=317k
Native frames: (J=compiled Java code, j=interpreted, Vv=VM code, C=native code)
C  [opencv_highgui248.dll+0x15b24]
C  [opencv_highgui248.dll+0x15cab]
C  [opencv_highgui248.dll+0x1613c]
C  [opencv_highgui248.dll+0x14736]
C  [opencv_highgui248.dll+0x1194]
C  [jniopencv_highgui.dll+0x597d]
j  com.googlecode.javacv.cpp.opencv_highgui.cvCreateCameraCapture(I)Lcom/googlecode/javacv/cpp/opencv_highgui$CvCapture;+0
j  FaceCapture.run()V+1
j  java.lang.Thread.run()V+11
v  ~StubRoutines::call_stub
V  [jvm.dll+0x15af45]
V  [jvm.dll+0x2213ae]
V  [jvm.dll+0x15afde]
V  [jvm.dll+0x15b166]
V  [jvm.dll+0x15b1d7]
V  [jvm.dll+0xff36f]
V  [jvm.dll+0x17dc30]
V  [jvm.dll+0x17e4aa]
V  [jvm.dll+0x1c2ec6]
C  [msvcr100.dll+0x5c556]
C  [msvcr100.dll+0x5c600]
C  [KERNEL32.DLL+0x18744]
C  [ntdll.dll+0x6582d]
C  [ntdll.dll+0x657fd]
C  0x00000000

Java frames: (J=compiled Java code, j=interpreted, Vv=VM code)
j  com.googlecode.javacv.cpp.opencv_highgui.cvCreateCameraCapture(I)Lcom/googlecode/javacv/cpp/opencv_highgui$CvCapture;+0
j  FaceCapture.run()V+1
j  java.lang.Thread.run()V+11
v  ~StubRoutines::call_stub

---------------  P R O C E S S  ---------------

Java Threads: ( => current thread )
  0x1958f800 JavaThread "Thread-4" [_thread_in_native, id=7140, stack(0x1a380000,0x1a3d0000)]
=>0x15d88400 JavaThread "Thread-3" [_thread_in_native, id=11488, stack(0x19d90000,0x19de0000)]
  0x15d4ac00 JavaThread "TimerQueue" daemon [_thread_blocked, id=1340, stack(0x17d70000,0x17dc0000)]
  0x00c2cc00 JavaThread "DestroyJavaVM" [_thread_blocked, id=12024, stack(0x00c70000,0x00cc0000)]
  0x15bd4000 JavaThread "AWT-EventQueue-0" [_thread_blocked, id=2776, stack(0x162f0000,0x16340000)]
  0x15bb1c00 JavaThread "AWT-Windows" daemon [_thread_in_native, id=11660, stack(0x16260000,0x162b0000)]
  0x15baf000 JavaThread "AWT-Shutdown" [_thread_blocked, id=1804, stack(0x16210000,0x16260000)]
  0x15badc00 JavaThread "Java2D Disposer" daemon [_thread_blocked, id=11656, stack(0x15f70000,0x15fc0000)]
  0x00d87c00 JavaThread "Service Thread" daemon [_thread_blocked, id=12208, stack(0x152c0000,0x15310000)]
  0x00d71000 JavaThread "C1 CompilerThread0" daemon [_thread_blocked, id=1540, stack(0x15270000,0x152c0000)]
  0x00d6f800 JavaThread "Attach Listener" daemon [_thread_blocked, id=6092, stack(0x14730000,0x14780000)]
  0x00d6d800 JavaThread "Signal Dispatcher" daemon [_thread_blocked, id=1600, stack(0x146a0000,0x146f0000)]
  0x00d64800 JavaThread "Finalizer" daemon [_thread_blocked, id=7380, stack(0x14520000,0x14570000)]
  0x00d07c00 JavaThread "Reference Handler" daemon [_thread_blocked, id=9532, stack(0x14490000,0x144e0000)]

Other Threads:
  0x00d04400 VMThread [stack: 0x14400000,0x14450000] [id=12004]
  0x00da5800 WatcherThread [stack: 0x15350000,0x153a0000] [id=9592]

VM state:not at safepoint (normal execution)

VM Mutex/Monitor currently owned by a thread: None

Heap:
 def new generation   total 4928K, used 3848K [0x04400000, 0x04950000, 0x09950000)
  eden space 4416K,  75% used [0x04400000, 0x04742170, 0x04850000)
  from space 512K, 100% used [0x04850000, 0x048d0000, 0x048d0000)
  to   space 512K,   0% used [0x048d0000, 0x048d0000, 0x04950000)
 tenured generation   total 10944K, used 5216K [0x09950000, 0x0a400000, 0x14400000)
   the space 10944K,  47% used [0x09950000, 0x09e68058, 0x09e68200, 0x0a400000)
 Metaspace       used 1877K, capacity 3322K, committed 3392K, reserved 4480K

Card table byte_map: [0x04310000,0x043a0000] byte_map_base: 0x042ee000

Polling page: 0x00c10000

CodeCache: size=32768Kb used=1204Kb max_used=1204Kb free=31563Kb
 bounds [0x02310000, 0x02440000, 0x04310000]
 total_blobs=637 nmethods=372 adapters=196
 compilation: enabled

Compilation events (10 events):
Event: 6.770 Thread 0x00d71000  370             com.googlecode.javacpp.Loader$ClassProperties::get (30 bytes)
Event: 6.770 Thread 0x00d71000 nmethod 370 0x02438808 code [0x02438940, 0x02438b30]
Event: 6.770 Thread 0x00d71000  371             sun.reflect.annotation.AnnotationInvocationHandler::cloneArray (170 bytes)
Event: 6.770 Thread 0x00d71000 nmethod 371 0x02438d88 code [0x02438f40, 0x024392cc]
Event: 6.770 Thread 0x00d71000  372             java.util.LinkedList::linkLast (59 bytes)
Event: 6.770 Thread 0x00d71000 nmethod 372 0x02439588 code [0x02439680, 0x024397c0]
Event: 6.781 Thread 0x00d71000  373             java.io.WinNTFileSystem::normalizePrefix (132 bytes)
Event: 6.782 Thread 0x00d71000 nmethod 373 0x0243b088 code [0x0243b270, 0x0243c0c4]
Event: 6.782 Thread 0x00d71000  374  s          java.lang.StringBuffer::append (13 bytes)
Event: 6.782 Thread 0x00d71000 nmethod 374 0x0243d008 code [0x0243d110, 0x0243d2fc]

GC Heap History (8 events):
Event: 0.175 GC heap before
{Heap before GC invocations=0 (full 0):
 def new generation   total 4928K, used 4416K [0x04400000, 0x04950000, 0x09950000)
  eden space 4416K, 100% used [0x04400000, 0x04850000, 0x04850000)
  from space 512K,   0% used [0x04850000, 0x04850000, 0x048d0000)
  to   space 512K,   0% used [0x048d0000, 0x048d0000, 0x04950000)
 tenured generation   total 10944K, used 0K [0x09950000, 0x0a400000, 0x14400000)
   the space 10944K,   0% used [0x09950000, 0x09950000, 0x09950200, 0x0a400000)
 Metaspace       used 582K, capacity 2495K, committed 2496K, reserved 4480K
Event: 0.178 GC heap after
Heap after GC invocations=1 (full 0):
 def new generation   total 4928K, used 512K [0x04400000, 0x04950000, 0x09950000)
  eden space 4416K,   0% used [0x04400000, 0x04400000, 0x04850000)
  from space 512K, 100% used [0x048d0000, 0x04950000, 0x04950000)
  to   space 512K,   0% used [0x04850000, 0x04850000, 0x048d0000)
 tenured generation   total 10944K, used 787K [0x09950000, 0x0a400000, 0x14400000)
   the space 10944K,   7% used [0x09950000, 0x09a14ea8, 0x09a15000, 0x0a400000)
 Metaspace       used 582K, capacity 2495K, committed 2496K, reserved 4480K
}
Event: 0.293 GC heap before
{Heap before GC invocations=1 (full 0):
 def new generation   total 4928K, used 3070K [0x04400000, 0x04950000, 0x09950000)
  eden space 4416K,  57% used [0x04400000, 0x0467fb48, 0x04850000)
  from space 512K, 100% used [0x048d0000, 0x04950000, 0x04950000)
  to   space 512K,   0% used [0x04850000, 0x04850000, 0x048d0000)
 tenured generation   total 10944K, used 787K [0x09950000, 0x0a400000, 0x14400000)
   the space 10944K,   7% used [0x09950000, 0x09a14ea8, 0x09a15000, 0x0a400000)
 Metaspace       used 864K, capacity 2519K, committed 2624K, reserved 4480K
Event: 0.296 GC heap after
Heap after GC invocations=2 (full 0):
 def new generation   total 4928K, used 512K [0x04400000, 0x04950000, 0x09950000)
  eden space 4416K,   0% used [0x04400000, 0x04400000, 0x04850000)
  from space 512K, 100% used [0x04850000, 0x048d0000, 0x048d0000)
  to   space 512K,   0% used [0x048d0000, 0x048d0000, 0x04950000)
 tenured generation   total 10944K, used 1906K [0x09950000, 0x0a400000, 0x14400000)
   the space 10944K,  17% used [0x09950000, 0x09b2c958, 0x09b2ca00, 0x0a400000)
 Metaspace       used 864K, capacity 2519K, committed 2624K, reserved 4480K
}
Event: 6.128 GC heap before
{Heap before GC invocations=2 (full 0):
 def new generation   total 4928K, used 4928K [0x04400000, 0x04950000, 0x09950000)
  eden space 4416K, 100% used [0x04400000, 0x04850000, 0x04850000)
  from space 512K, 100% used [0x04850000, 0x048d0000, 0x048d0000)
  to   space 512K,   0% used [0x048d0000, 0x048d0000, 0x04950000)
 tenured generation   total 10944K, used 1906K [0x09950000, 0x0a400000, 0x14400000)
   the space 10944K,  17% used [0x09950000, 0x09b2c958, 0x09b2ca00, 0x0a400000)
 Metaspace       used 1192K, capacity 2679K, committed 2752K, reserved 4480K
Event: 6.131 GC heap after
Heap after GC invocations=3 (full 0):
 def new generation   total 4928K, used 320K [0x04400000, 0x04950000, 0x09950000)
  eden space 4416K,   0% used [0x04400000, 0x04400000, 0x04850000)
  from space 512K,  62% used [0x048d0000, 0x049202e8, 0x04950000)
  to   space 512K,   0% used [0x04850000, 0x04850000, 0x048d0000)
 tenured generation   total 10944K, used 4996K [0x09950000, 0x0a400000, 0x14400000)
   the space 10944K,  45% used [0x09950000, 0x09e311a0, 0x09e31200, 0x0a400000)
 Metaspace       used 1192K, capacity 2679K, committed 2752K, reserved 4480K
}
Event: 6.586 GC heap before
{Heap before GC invocations=3 (full 0):
 def new generation   total 4928K, used 4736K [0x04400000, 0x04950000, 0x09950000)
  eden space 4416K,  99% used [0x04400000, 0x0484fea0, 0x04850000)
  from space 512K,  62% used [0x048d0000, 0x049202e8, 0x04950000)
  to   space 512K,   0% used [0x04850000, 0x04850000, 0x048d0000)
 tenured generation   total 10944K, used 4996K [0x09950000, 0x0a400000, 0x14400000)
   the space 10944K,  45% used [0x09950000, 0x09e311a0, 0x09e31200, 0x0a400000)
 Metaspace       used 1676K, capacity 3127K, committed 3136K, reserved 4480K
Event: 6.587 GC heap after
Heap after GC invocations=4 (full 0):
 def new generation   total 4928K, used 512K [0x04400000, 0x04950000, 0x09950000)
  eden space 4416K,   0% used [0x04400000, 0x04400000, 0x04850000)
  from space 512K, 100% used [0x04850000, 0x048d0000, 0x048d0000)
  to   space 512K,   0% used [0x048d0000, 0x048d0000, 0x04950000)
 tenured generation   total 10944K, used 5216K [0x09950000, 0x0a400000, 0x14400000)
   the space 10944K,  47% used [0x09950000, 0x09e68058, 0x09e68200, 0x0a400000)
 Metaspace       used 1676K, capacity 3127K, committed 3136K, reserved 4480K
}

Deoptimization events (0 events):
No events

Internal exceptions (10 events):
Event: 0.159 Thread 0x00c2cc00 Exception <a 'java/lang/ClassNotFoundException': ToolBar> (0x047af198) thrown at [C:\workspace\8-2-build-windows-i586-cygwin\jdk8u141\9370\hotspot\src\share\vm\classfile\systemDictionary.cpp, line 210]
Event: 0.159 Thread 0x00c2cc00 Exception <a 'java/lang/ClassNotFoundException': ToggleButton> (0x047af6e0) thrown at [C:\workspace\8-2-build-windows-i586-cygwin\jdk8u141\9370\hotspot\src\share\vm\classfile\systemDictionary.cpp, line 210]
Event: 0.159 Thread 0x00c2cc00 Exception <a 'java/lang/ClassNotFoundException': javax/swing/JToolBarSeparator> (0x047afae8) thrown at [C:\workspace\8-2-build-windows-i586-cygwin\jdk8u141\9370\hotspot\src\share\vm\classfile\systemDictionary.cpp, line 210]
Event: 0.159 Thread 0x00c2cc00 Exception <a 'java/lang/ClassNotFoundException': ToolBarSeparator> (0x047aff40) thrown at [C:\workspace\8-2-build-windows-i586-cygwin\jdk8u141\9370\hotspot\src\share\vm\classfile\systemDictionary.cpp, line 210]
Event: 0.159 Thread 0x00c2cc00 Exception <a 'java/lang/ClassNotFoundException': ToolTip> (0x047b05e8) thrown at [C:\workspace\8-2-build-windows-i586-cygwin\jdk8u141\9370\hotspot\src\share\vm\classfile\systemDictionary.cpp, line 210]
Event: 0.159 Thread 0x00c2cc00 Exception <a 'java/lang/ClassNotFoundException': Tree> (0x047b10d0) thrown at [C:\workspace\8-2-build-windows-i586-cygwin\jdk8u141\9370\hotspot\src\share\vm\classfile\systemDictionary.cpp, line 210]
Event: 0.159 Thread 0x00c2cc00 Exception <a 'java/lang/ClassNotFoundException': Tree> (0x047b1770) thrown at [C:\workspace\8-2-build-windows-i586-cygwin\jdk8u141\9370\hotspot\src\share\vm\classfile\systemDictionary.cpp, line 210]
Event: 0.159 Thread 0x00c2cc00 Exception <a 'java/lang/ClassNotFoundException': javax/swing/JTreeCell> (0x047b1aa8) thrown at [C:\workspace\8-2-build-windows-i586-cygwin\jdk8u141\9370\hotspot\src\share\vm\classfile\systemDictionary.cpp, line 210]
Event: 0.159 Thread 0x00c2cc00 Exception <a 'java/lang/ClassNotFoundException': TreeCell> (0x047b1ef0) thrown at [C:\workspace\8-2-build-windows-i586-cygwin\jdk8u141\9370\hotspot\src\share\vm\classfile\systemDictionary.cpp, line 210]
Event: 0.159 Thread 0x00c2cc00 Exception <a 'java/lang/ClassNotFoundException': RootPane> (0x047b2868) thrown at [C:\workspace\8-2-build-windows-i586-cygwin\jdk8u141\9370\hotspot\src\share\vm\classfile\systemDictionary.cpp, line 210]

Events (10 events):
Event: 6.790 loading class com/googlecode/javacv/cpp/opencv_imgproc$CvDistanceFunction
Event: 6.790 loading class com/googlecode/javacv/cpp/opencv_imgproc$CvDistanceFunction done
Event: 6.791 loading class com/googlecode/javacv/cpp/opencv_imgproc$CvFeatureTree
Event: 6.791 loading class com/googlecode/javacv/cpp/opencv_imgproc$CvFeatureTree done
Event: 6.791 loading class com/googlecode/javacv/cpp/opencv_imgproc$CvContourScanner
Event: 6.791 loading class com/googlecode/javacv/cpp/opencv_imgproc$CvContourScanner done
Event: 6.792 loading class java/nio/FloatBuffer
Event: 6.792 loading class java/nio/FloatBuffer done
Event: 6.959 Thread 0x15d88400 Thread added: 0x15d88400
Event: 7.143 Thread 0x1958f800 Thread added: 0x1958f800


Dynamic libraries:
0x00ed0000 - 0x00f03000 	C:\Program Files (x86)\Java\jdk1.8.0_141\bin\java.exe
0x77330000 - 0x774be000 	C:\WINDOWS\SYSTEM32\ntdll.dll
0x754b0000 - 0x75580000 	C:\WINDOWS\System32\KERNEL32.DLL
0x75d70000 - 0x75f32000 	C:\WINDOWS\System32\KERNELBASE.dll
0x73010000 - 0x730a3000 	C:\WINDOWS\SYSTEM32\apphelp.dll
0x762a0000 - 0x76317000 	C:\WINDOWS\System32\ADVAPI32.dll
0x757e0000 - 0x7589d000 	C:\WINDOWS\System32\msvcrt.dll
0x772e0000 - 0x77321000 	C:\WINDOWS\System32\sechost.dll
0x75b60000 - 0x75c20000 	C:\WINDOWS\System32\RPCRT4.dll
0x73e00000 - 0x73e20000 	C:\WINDOWS\System32\SspiCli.dll
0x73df0000 - 0x73dfa000 	C:\WINDOWS\System32\CRYPTBASE.dll
0x77070000 - 0x770c7000 	C:\WINDOWS\System32\bcryptPrimitives.dll
0x758a0000 - 0x759dc000 	C:\WINDOWS\System32\USER32.dll
0x769a0000 - 0x769b6000 	C:\WINDOWS\System32\win32u.dll
0x75f40000 - 0x75f61000 	C:\WINDOWS\System32\GDI32.dll
0x76140000 - 0x76298000 	C:\WINDOWS\System32\gdi32full.dll
0x75580000 - 0x755f9000 	C:\WINDOWS\System32\msvcp_win.dll
0x76010000 - 0x76128000 	C:\WINDOWS\System32\ucrtbase.dll
0x72400000 - 0x7260e000 	C:\WINDOWS\WinSxS\x86_microsoft.windows.common-controls_6595b64144ccf1df_6.0.15063.483_none_6dad63fefc436da8\COMCTL32.dll
0x76e30000 - 0x77068000 	C:\WINDOWS\System32\combase.dll
0x757a0000 - 0x757c5000 	C:\WINDOWS\System32\IMM32.DLL
0x70ec0000 - 0x70f7f000 	C:\Program Files (x86)\Java\jdk1.8.0_141\jre\bin\msvcr100.dll
0x70810000 - 0x70bde000 	C:\Program Files (x86)\Java\jdk1.8.0_141\jre\bin\client\jvm.dll
0x73e20000 - 0x73e26000 	C:\WINDOWS\System32\PSAPI.DLL
0x735c0000 - 0x735c8000 	C:\WINDOWS\SYSTEM32\VERSION.dll
0x730d0000 - 0x730d8000 	C:\WINDOWS\SYSTEM32\WSOCK32.dll
0x730e0000 - 0x73104000 	C:\WINDOWS\SYSTEM32\WINMM.dll
0x75690000 - 0x756f7000 	C:\WINDOWS\System32\WS2_32.dll
0x72e70000 - 0x72e93000 	C:\WINDOWS\SYSTEM32\winmmbase.dll
0x75220000 - 0x75259000 	C:\WINDOWS\System32\cfgmgr32.dll
0x71de0000 - 0x71dec000 	C:\Program Files (x86)\Java\jdk1.8.0_141\jre\bin\verify.dll
0x70e60000 - 0x70e81000 	C:\Program Files (x86)\Java\jdk1.8.0_141\jre\bin\java.dll
0x70e40000 - 0x70e53000 	C:\Program Files (x86)\Java\jdk1.8.0_141\jre\bin\zip.dll
0x73e40000 - 0x75188000 	C:\WINDOWS\System32\SHELL32.dll
0x75600000 - 0x7568c000 	C:\WINDOWS\System32\shcore.dll
0x76320000 - 0x768a7000 	C:\WINDOWS\System32\windows.storage.dll
0x75fc0000 - 0x76005000 	C:\WINDOWS\System32\shlwapi.dll
0x73e30000 - 0x73e3e000 	C:\WINDOWS\System32\kernel.appcore.dll
0x75f70000 - 0x75fb5000 	C:\WINDOWS\System32\powrprof.dll
0x77250000 - 0x77260000 	C:\WINDOWS\System32\profapi.dll
0x70cd0000 - 0x70e15000 	C:\Program Files (x86)\Java\jdk1.8.0_141\jre\bin\awt.dll
0x75700000 - 0x75796000 	C:\WINDOWS\System32\OLEAUT32.dll
0x714a0000 - 0x71518000 	C:\WINDOWS\system32\uxtheme.dll
0x75260000 - 0x753a6000 	C:\WINDOWS\System32\MSCTF.dll
0x72a00000 - 0x72a23000 	C:\WINDOWS\system32\dwmapi.dll
0x753b0000 - 0x754a3000 	C:\WINDOWS\System32\ole32.dll
0x70c60000 - 0x70c99000 	C:\Program Files (x86)\Java\jdk1.8.0_141\jre\bin\fontmanager.dll
0x70730000 - 0x7080f000 	C:\WINDOWS\system32\opengl32.dll
0x70ca0000 - 0x70cc5000 	C:\WINDOWS\SYSTEM32\GLU32.dll
0x75190000 - 0x75213000 	C:\WINDOWS\System32\clbcatq.dll
0x6c710000 - 0x6c882000 	C:\WINDOWS\SYSTEM32\WindowsCodecs.dll
0x6c520000 - 0x6c563000 	C:\WINDOWS\system32\dataexchange.dll
0x6c2c0000 - 0x6c512000 	C:\WINDOWS\system32\d3d11.dll
0x6c1d0000 - 0x6c2bb000 	C:\WINDOWS\system32\dcomp.dll
0x6c140000 - 0x6c1ca000 	C:\WINDOWS\system32\dxgi.dll
0x6c000000 - 0x6c136000 	C:\WINDOWS\system32\twinapi.appcore.dll
0x733e0000 - 0x733f8000 	C:\WINDOWS\system32\bcrypt.dll
0x70e20000 - 0x70e36000 	C:\Program Files (x86)\Java\jdk1.8.0_141\jre\bin\net.dll
0x720d0000 - 0x7211e000 	C:\WINDOWS\system32\mswsock.dll
0x71c00000 - 0x71c0f000 	C:\Program Files (x86)\Java\jdk1.8.0_141\jre\bin\nio.dll
0x702e0000 - 0x70312000 	C:\Program Files (x86)\Java\jdk1.8.0_141\jre\bin\t2k.dll
0x706c0000 - 0x70727000 	C:\WINDOWS\System32\TextInputFramework.dll
0x70490000 - 0x706b7000 	C:\WINDOWS\System32\CoreUIComponents.dll
0x70400000 - 0x7048f000 	C:\WINDOWS\System32\CoreMessaging.dll
0x71e30000 - 0x71e58000 	C:\WINDOWS\SYSTEM32\ntmarta.dll
0x70320000 - 0x703f1000 	C:\WINDOWS\SYSTEM32\wintypes.dll
0x70c50000 - 0x70c60000 	C:\WINDOWS\SYSTEM32\usermgrcli.dll
0x5b7b0000 - 0x5b86e000 	C:\Users\jaydutt\AppData\Local\Temp\javacpp961670362494\msvcr100.dll
0x5bc50000 - 0x5bcb9000 	C:\Users\jaydutt\AppData\Local\Temp\javacpp961670362494\msvcp100.dll
0x17f80000 - 0x18eb6000 	C:\Users\jaydutt\AppData\Local\Temp\javacpp961670362494\opencv_ffmpeg248.dll
0x5b5a0000 - 0x5b7a6000 	C:\Users\jaydutt\AppData\Local\Temp\javacpp961670362494\opencv_core248.dll
0x5b330000 - 0x5b59b000 	C:\Users\jaydutt\AppData\Local\Temp\javacpp961670362494\opencv_imgproc248.dll
0x5b120000 - 0x5b327000 	C:\Users\jaydutt\AppData\Local\Temp\javacpp961670362494\opencv_highgui248.dll
0x5bc30000 - 0x5bc44000 	C:\WINDOWS\SYSTEM32\AVICAP32.dll
0x5e430000 - 0x5e44b000 	C:\WINDOWS\SYSTEM32\AVIFIL32.dll
0x5b0f0000 - 0x5b112000 	C:\WINDOWS\SYSTEM32\MSVFW32.dll
0x5b0d0000 - 0x5b0e8000 	C:\WINDOWS\SYSTEM32\MSACM32.dll
0x5b020000 - 0x5b0c4000 	C:\Users\jaydutt\AppData\Local\Temp\javacpp961670362494\opencv_objdetect248.dll
0x5afe0000 - 0x5b01c000 	C:\Users\jaydutt\AppData\Local\Temp\javacpp961670362494\jniopencv_objdetect.dll
0x5af60000 - 0x5afd5000 	C:\Users\jaydutt\AppData\Local\Temp\javacpp961670362494\jniopencv_core.dll
0x5aee0000 - 0x5af5c000 	C:\Users\jaydutt\AppData\Local\Temp\javacpp961670362494\opencv_flann248.dll
0x5ae20000 - 0x5aed2000 	C:\Users\jaydutt\AppData\Local\Temp\javacpp961670362494\opencv_features2d248.dll
0x5ad50000 - 0x5ae14000 	C:\Users\jaydutt\AppData\Local\Temp\javacpp961670362494\opencv_calib3d248.dll
0x5acf0000 - 0x5ad4d000 	C:\Users\jaydutt\AppData\Local\Temp\javacpp961670362494\opencv_video248.dll
0x5ac70000 - 0x5acf0000 	C:\Users\jaydutt\AppData\Local\Temp\javacpp961670362494\opencv_ml248.dll
0x5ab50000 - 0x5ac6c000 	C:\Users\jaydutt\AppData\Local\Temp\javacpp961670362494\opencv_contrib248.dll
0x5ab00000 - 0x5ab47000 	C:\Users\jaydutt\AppData\Local\Temp\javacpp961670362494\jniopencv_contrib.dll
0x5e420000 - 0x5e42f000 	C:\Users\jaydutt\AppData\Local\Temp\javacpp961670362494\jniopencv_highgui.dll
0x5aac0000 - 0x5aaf9000 	C:\Users\jaydutt\AppData\Local\Temp\javacpp961670362494\jniopencv_imgproc.dll
0x5aaa0000 - 0x5aab5000 	C:\Windows\System32\devenum.dll
0x76a10000 - 0x76e2a000 	C:\WINDOWS\System32\setupapi.dll
0x72e40000 - 0x72e62000 	C:\WINDOWS\SYSTEM32\DEVOBJ.dll
0x769c0000 - 0x76a04000 	C:\WINDOWS\System32\WINTRUST.dll
0x76130000 - 0x7613e000 	C:\WINDOWS\System32\MSASN1.dll
0x770d0000 - 0x7724d000 	C:\WINDOWS\System32\CRYPT32.dll
0x5e3f0000 - 0x5e3f9000 	C:\WINDOWS\SYSTEM32\msdmo.dll
0x5aa60000 - 0x5aa9a000 	C:\Windows\System32\qcap.dll
0x5a8b0000 - 0x5aa53000 	C:\Windows\System32\quartz.dll
0x5a870000 - 0x5a8a5000 	C:\Windows\System32\mfksproxy.dll
0x5a820000 - 0x5a838000 	C:\Windows\System32\ATL.DLL
0x5a840000 - 0x5a86c000 	C:\Windows\System32\MFSENSORGROUP.dll
0x5b930000 - 0x5ba95000 	C:\Windows\System32\MFPlat.DLL
0x5bcc0000 - 0x5bcea000 	C:\Windows\System32\RTWorkQ.DLL
0x5a7e0000 - 0x5a81c000 	C:\Windows\System32\ksproxy.ax
0x5a7d0000 - 0x5a7d7000 	C:\Windows\System32\ksuser.dll
0x64470000 - 0x645d2000 	C:\Windows\System32\d3d9.dll
0x6c640000 - 0x6c6a4000 	C:\WINDOWS\SYSTEM32\policymanager.dll
0x6c5d0000 - 0x6c636000 	C:\Windows\System32\msvcp110_win.dll
0x5a7c0000 - 0x5a7cc000 	C:\Windows\System32\vidcap.ax
0x5a7a0000 - 0x5a7c0000 	C:\Windows\System32\kswdmcap.ax
0x72290000 - 0x723bd000 	C:\Windows\System32\MFC42.dll
0x5a710000 - 0x5a79e000 	C:\Windows\System32\qedit.dll
0x75c80000 - 0x75d6f000 	C:\WINDOWS\System32\COMDLG32.dll
0x71a80000 - 0x71be6000 	C:\WINDOWS\WinSxS\x86_microsoft.windows.gdiplus_6595b64144ccf1df_1.1.15063.608_none_9e9d5d4256d15def\gdiplus.dll
0x72a30000 - 0x72b1d000 	C:\Windows\System32\DDRAW.dll
0x72280000 - 0x72287000 	C:\Windows\System32\DCIMAN32.dll
0x593e0000 - 0x5944d000 	C:\WINDOWS\SYSTEM32\D3DIM700.DLL
0x5a6e0000 - 0x5a6ea000 	C:\WINDOWS\SYSTEM32\msyuv.dll
0x735d0000 - 0x7372d000 	C:\WINDOWS\SYSTEM32\dbghelp.dll

VM Arguments:
jvm_args: -Dfile.encoding=UTF-8 -Djava.library.path=C:\opencv\build\java\x86 -Djava.security.policy=applet.policy -Djavacpp.platform.dependencies=true 
java_command: LOGIN
java_class_path (initial): C:\Program Files (x86)\NetBeans 8.2\java\modules\ext\AbsoluteLayout.jar;C:\javamail1_4_7\javamail-1.4.7\mail.jar;C:\Users\jaydutt\ui\lib\jcommon-1.0.23.jar;C:\Users\jaydutt\ui\lib\jfreechart-1.0.19.jar;C:\activation-2.2.1.jar;C:\activation-1.1.jar;C:\core-3.3.0.jar;C:\javase-3.3.0.jar;C:\Program Files (x86)\NetBeans 8.2\java\modules\ext\eclipselink\eclipselink.jar;C:\Program Files (x86)\NetBeans 8.2\java\modules\ext\eclipselink\javax.persistence_2.1.0.v201304241213.jar;C:\Program Files (x86)\NetBeans 8.2\java\modules\ext\eclipselink\org.eclipse.persistence.jpa.jpql_2.5.2.v20140319-9ad6abd.jar;C:\opencv\build\java\opencv-310.jar;C:\opencv\build\java\opencv-249.jar;C:\opencv\build\java\opencv-340.jar;C:\javacv-cppjars\ffmpeg-2.1.1-windows-x86.jar;C:\javacv-cppjars\ffmpeg-2.1.1-windows-x86_64.jar;C:\javacv-cppjars\opencv-2.4.8-windows-x86.jar;C:\javacv-cppjars\opencv-2.4.8-windows-x86_64.jar;C:\javacv-bin\javacpp.jar;C:\javacv-bin\javacv.jar;C:\javacv-bin\libfreenect-windows-x86.jar;C:\javacv-bin\libfreenect-windows-x86_64.jar;C:\javacv-bin\libfreenect2-windows-x86_64.jar;C:\jar_files\artoolkitplus-2.3.1-1.4.jar;C:\jar_files\ffmpeg-3.4.1-1.4.jar;C:\jar_files\flandmark-1.07-1.4.jar;C:\jar_files\flycapture-2.11.3.121-1.4.jar;C:\jar_files\javacpp-1.4.jar;C:\jar_files\javacv-1.4.jar;C:\jar_files\libdc1394-2.2.5-1.4.jar;C:\jar_files\libfreenect-0.5.3-1.4.jar;C:\jar_files\libfreenect2-0.2.0-1.4.jar;C:\jar_files\librealsense-1.12.1-1.4.jar;C:\jar_files\opencv-3.4.0-1.4.jar;C:\jar_files\videoinput-0.200-1.4.jar;C:\Users\jaydutt\ui\build\classes
Launcher Type: SUN_STANDARD

Environment Variables:
JAVA_HOME=C:\Program Files\Java\jdk1.8.0_161
PATH=C:\Program Files (x86)\Intel\iCLS Client\;C:\ProgramData\Oracle\Java\javapath;C:\Program Files\Intel\iCLS Client\;C:\windows\system32;C:\windows;C:\windows\System32\Wbem;C:\windows\System32\WindowsPowerShell\v1.0\;C:\Program Files (x86)\NVIDIA Corporation\PhysX\Common;C:\Program Files (x86)\Java\jre1.8.0_141;C:\Program Files (x86)\Java\jdk1.8.0_141/bin;C:\Program Files\Intel\WiFi\bin\;C:\Program Files\Common Files\Intel\WirelessCommon\;C:\WINDOWS\system32;C:\WINDOWS;C:\WINDOWS\System32\Wbem;C:\WINDOWS\System32\WindowsPowerShell\v1.0\;C:\Users\jaydutt\AppData\Local\Microsoft\WindowsApps;C:\adb;C:\Program Files (x86)\Intel\Intel(R) Management Engine Components\DAL;C:\Program Files\Intel\Intel(R) Management Engine Components\DAL;C:\Program Files (x86)\Intel\Intel(R) Management Engine Components\IPT;C:\Program Files\Intel\Intel(R) Management Engine Components\IPT;C:\sqlight\sqlite-tools-win32-x86-3220000;C:\Program Files\Java\jdk1.8.0_161;C:\Program Files\Java\jre1.8.0_161;C:\opencv\build\x86\vc10\bin;C:\opencv\build\java;C:\Users\jaydutt\AppData\Local\Microsoft\WindowsApps;C:\Users\jaydutt\AppData\Local\GitHubDesktop\bin
USERNAME=jaydutt
OS=Windows_NT
PROCESSOR_IDENTIFIER=Intel64 Family 6 Model 158 Stepping 9, GenuineIntel



---------------  S Y S T E M  ---------------

OS: Windows 10.0 , 64 bit Build 15063 (10.0.15063.296)

CPU:total 8 (initial active 8) (4 cores per cpu, 2 threads per core) family 6 model 158 stepping 9, cmov, cx8, fxsr, mmx, sse, sse2, sse3, ssse3, sse4.1, sse4.2, popcnt, avx, avx2, aes, clmul, erms, 3dnowpref, lzcnt, ht, tsc, tscinvbit, bmi1, bmi2, adx

Memory: 4k page, physical 16659684k(13138120k free), swap 33436900k(30092132k free)

vm_info: Java HotSpot(TM) Client VM (25.141-b15) for windows-x86 JRE (1.8.0_141-b15), built on Jul 12 2017 04:25:45 by "java_re" with MS VC++ 10.0 (VS2010)

time: Fri Mar 16 14:27:05 2018
elapsed time: 7 seconds (0d 0h 0m 7s)

