#
# A fatal error has been detected by the Java Runtime Environment:
#
#  EXCEPTION_ACCESS_VIOLATION (0xc0000005) at pc=0x66286b77, pid=21972, tid=0x00004d14
#
# JRE version: Java(TM) SE Runtime Environment (8.0_141-b15) (build 1.8.0_141-b15)
# Java VM: Java HotSpot(TM) Client VM (25.141-b15 mixed mode windows-x86 )
# Problematic frame:
# C  [opencv_objdetect248.dll+0x26b77]
#
# Failed to write core dump. Minidumps are not enabled by default on client versions of Windows
#
# If you would like to submit a bug report, please visit:
#   http://bugreport.java.com/bugreport/crash.jsp
# The crash happened outside the Java Virtual Machine in native code.
# See problematic frame for where to report the bug.
#

---------------  T H R E A D  ---------------

Current thread (0x15b6b400):  JavaThread "Thread-4" [_thread_in_native, id=19732, stack(0x1fc50000,0x1fca0000)]

siginfo: ExceptionCode=0xc0000005, reading address 0x20b115b8

Registers:
EAX=0x20a2edb0, EBX=0x1fc9e7c4, ECX=0x18806fd4, EDX=0x187e113c
ESP=0x1fc9e68c, EBP=0x1fc9e7b0, ESI=0x00038a02, EDI=0x20a2ecf8
EIP=0x66286b77, EFLAGS=0x00010216

Top of Stack: (sp=0x1fc9e68c)
0x1fc9e68c:   3c4a22b1 20638490 1fc9ed3c 01000280
0x1fc9e69c:   00000014 187db4d0 0000000f 187db798
0x1fc9e6ac:   00000016 00000000 00000280 000001e0
0x1fc9e6bc:   00000001 1fc9e908 63af13f5 180a0f90
0x1fc9e6cc:   00000280 1fc9e914 00000a04 00000000
0x1fc9e6dc:   00000000 00000000 1fc9e7dc 63d392eb
0x1fc9e6ec:   1fc9e7c8 658d9aa8 77e61d3c 754588a9
0x1fc9e6fc:   000009e4 00000000 754588c6 f2fb3391 

Instructions: (pc=0x66286b77)
0x66286b57:   cd f2 0f 10 d1 66 0f 28 ca f3 0f 10 10 0f 5a d2
0x66286b67:   66 0f 57 e4 f2 0f 10 e2 f3 0f 10 50 04 8b 41 0c
0x66286b77:   8b 04 b0 2b 04 b7 8b 79 04 2b 04 b7 8b 39 03 04
0x66286b87:   b7 8b 79 1c 66 0f 57 db 0f 5a d2 f2 0f 10 da 66 


Register to memory mapping:

EAX=0x20a2edb0 is an unknown value
EBX=0x1fc9e7c4 is pointing into the stack for thread: 0x15b6b400
ECX=0x18806fd4 is an unknown value
EDX=0x187e113c is an unknown value
ESP=0x1fc9e68c is pointing into the stack for thread: 0x15b6b400
EBP=0x1fc9e7b0 is pointing into the stack for thread: 0x15b6b400
ESI=0x00038a02 is an unknown value
EDI=0x20a2ecf8 is an unknown value


Stack: [0x1fc50000,0x1fca0000],  sp=0x1fc9e68c,  free space=313k
Native frames: (J=compiled Java code, j=interpreted, Vv=VM code, C=native code)
C  [opencv_objdetect248.dll+0x26b77]
C  [opencv_objdetect248.dll+0x2bcdc]
C  [opencv_core248.dll+0x128be1]
C  [opencv_core248.dll+0x129508]
C  [msvcr100.dll+0x54db0]
C  [opencv_core248.dll+0x129270]
C  [opencv_core248.dll+0x129769]
C  [opencv_core248.dll+0x1299ee]
C  [opencv_objdetect248.dll+0x2d546]
C  [opencv_objdetect248.dll+0x2df51]
C  [jniopencv_objdetect.dll+0x19f43]
j  com.googlecode.javacv.cpp.opencv_objdetect.cvHaarDetectObjects(Lcom/googlecode/javacv/cpp/opencv_core$CvArr;Lcom/googlecode/javacv/cpp/opencv_objdetect$CvHaarClassifierCascade;Lcom/googlecode/javacv/cpp/opencv_core$CvMemStorage;DIILcom/googlecode/javacv/cpp/opencv_core$CvSize;Lcom/googlecode/javacv/cpp/opencv_core$CvSize;)Lcom/googlecode/javacv/cpp/opencv_core$CvSeq;+0
j  com.googlecode.javacv.cpp.opencv_objdetect.cvHaarDetectObjects(Lcom/googlecode/javacv/cpp/opencv_core$CvArr;Lcom/googlecode/javacv/cpp/opencv_objdetect$CvHaarClassifierCascade;Lcom/googlecode/javacv/cpp/opencv_core$CvMemStorage;DII)Lcom/googlecode/javacv/cpp/opencv_core$CvSeq;+14
j  FaceCapture.detect(Lcom/googlecode/javacv/cpp/opencv_core$IplImage;)V+19
j  FaceCapture.run()V+28
j  java.lang.Thread.run()V+11
v  ~StubRoutines::call_stub
V  [jvm.dll+0x15af45]
V  [jvm.dll+0x2213ae]
V  [jvm.dll+0x15afde]
V  [jvm.dll+0x15b166]
V  [jvm.dll+0x15b1d7]
V  [jvm.dll+0xff36f]
V  [jvm.dll+0x17dc30]
V  [jvm.dll+0x17e4aa]
V  [jvm.dll+0x1c2ec6]
C  [msvcr100.dll+0x5c556]
C  [msvcr100.dll+0x5c600]
C  [KERNEL32.DLL+0x18744]
C  [ntdll.dll+0x6582d]
C  [ntdll.dll+0x657fd]
C  0x00000000

Java frames: (J=compiled Java code, j=interpreted, Vv=VM code)
j  com.googlecode.javacv.cpp.opencv_objdetect.cvHaarDetectObjects(Lcom/googlecode/javacv/cpp/opencv_core$CvArr;Lcom/googlecode/javacv/cpp/opencv_objdetect$CvHaarClassifierCascade;Lcom/googlecode/javacv/cpp/opencv_core$CvMemStorage;DIILcom/googlecode/javacv/cpp/opencv_core$CvSize;Lcom/googlecode/javacv/cpp/opencv_core$CvSize;)Lcom/googlecode/javacv/cpp/opencv_core$CvSeq;+0
j  com.googlecode.javacv.cpp.opencv_objdetect.cvHaarDetectObjects(Lcom/googlecode/javacv/cpp/opencv_core$CvArr;Lcom/googlecode/javacv/cpp/opencv_objdetect$CvHaarClassifierCascade;Lcom/googlecode/javacv/cpp/opencv_core$CvMemStorage;DII)Lcom/googlecode/javacv/cpp/opencv_core$CvSeq;+14
j  FaceCapture.detect(Lcom/googlecode/javacv/cpp/opencv_core$IplImage;)V+19
j  FaceCapture.run()V+28
j  java.lang.Thread.run()V+11
v  ~StubRoutines::call_stub

---------------  P R O C E S S  ---------------

Java Threads: ( => current thread )
=>0x15b6b400 JavaThread "Thread-4" [_thread_in_native, id=19732, stack(0x1fc50000,0x1fca0000)]
  0x18184400 JavaThread "Thread-3" [_thread_in_native, id=1376, stack(0x18fc0000,0x19010000)]
  0x15c26c00 JavaThread "TimerQueue" daemon [_thread_blocked, id=17516, stack(0x17db0000,0x17e00000)]
  0x02a3cc00 JavaThread "DestroyJavaVM" [_thread_blocked, id=21036, stack(0x02970000,0x029c0000)]
  0x15a1e000 JavaThread "AWT-EventQueue-0" [_thread_blocked, id=21488, stack(0x16910000,0x16960000)]
  0x159b2400 JavaThread "AWT-Windows" daemon [_thread_in_native, id=23196, stack(0x15ec0000,0x15f10000)]
  0x159af800 JavaThread "AWT-Shutdown" [_thread_blocked, id=18036, stack(0x15e30000,0x15e80000)]
  0x159aec00 JavaThread "Java2D Disposer" daemon [_thread_blocked, id=14412, stack(0x15da0000,0x15df0000)]
  0x152b0000 JavaThread "Service Thread" daemon [_thread_blocked, id=18292, stack(0x15790000,0x157e0000)]
  0x1529b000 JavaThread "C1 CompilerThread0" daemon [_thread_blocked, id=20632, stack(0x15700000,0x15750000)]
  0x15299c00 JavaThread "Attach Listener" daemon [_thread_blocked, id=18704, stack(0x15670000,0x156c0000)]
  0x15297800 JavaThread "Signal Dispatcher" daemon [_thread_blocked, id=13820, stack(0x155e0000,0x15630000)]
  0x1527a000 JavaThread "Finalizer" daemon [_thread_blocked, id=14816, stack(0x15460000,0x154b0000)]
  0x15264400 JavaThread "Reference Handler" daemon [_thread_blocked, id=21156, stack(0x04d40000,0x04d90000)]

Other Threads:
  0x02b9d800 VMThread [stack: 0x04cb0000,0x04d00000] [id=2508]
  0x152c4000 WatcherThread [stack: 0x15820000,0x15870000] [id=10772]

VM state:not at safepoint (normal execution)

VM Mutex/Monitor currently owned by a thread: None

Heap:
 def new generation   total 4928K, used 3401K [0x04e00000, 0x05350000, 0x0a350000)
  eden space 4416K,  66% used [0x04e00000, 0x050d9208, 0x05250000)
  from space 512K,  94% used [0x052d0000, 0x05349378, 0x05350000)
  to   space 512K,   0% used [0x05250000, 0x05250000, 0x052d0000)
 tenured generation   total 10944K, used 5479K [0x0a350000, 0x0ae00000, 0x14e00000)
   the space 10944K,  50% used [0x0a350000, 0x0a8a9c60, 0x0a8a9e00, 0x0ae00000)
 Metaspace       used 8728K, capacity 8898K, committed 9088K, reserved 9600K

Card table byte_map: [0x04c20000,0x04cb0000] byte_map_base: 0x04bf9000

Polling page: 0x01190000

CodeCache: size=32768Kb used=1369Kb max_used=1369Kb free=31398Kb
 bounds [0x02ba0000, 0x02cf8000, 0x04ba0000]
 total_blobs=740 nmethods=477 adapters=194
 compilation: enabled

Compilation events (10 events):
Event: 10.238 Thread 0x1529b000  463             java.nio.HeapByteBuffer::put (16 bytes)
Event: 10.238 Thread 0x1529b000 nmethod 463 0x02ced508 code [0x02ced610, 0x02ced71c]
Event: 10.238 Thread 0x1529b000  464             java.nio.DirectByteBuffer::get (15 bytes)
Event: 10.238 Thread 0x1529b000 nmethod 464 0x02ced848 code [0x02ced950, 0x02ceda3c]
Event: 10.238 Thread 0x1529b000  465             java.nio.DirectByteBuffer::ix (10 bytes)
Event: 10.239 Thread 0x1529b000 nmethod 465 0x02cedb08 code [0x02cedc00, 0x02cedc90]
Event: 10.239 Thread 0x1529b000  467 %           com.googlecode.javacv.cpp.opencv_core$IplImage::flipCopyWithGamma @ 484 (608 bytes)
Event: 10.240 Thread 0x1529b000 nmethod 467% 0x02cedcc8 code [0x02cedff0, 0x02cef474]
Event: 10.241 Thread 0x1529b000  468             java.nio.Buffer::position (43 bytes)
Event: 10.241 Thread 0x1529b000 nmethod 468 0x02cf0308 code [0x02cf0410, 0x02cf051c]

GC Heap History (10 events):
Event: 0.248 GC heap before
{Heap before GC invocations=0 (full 0):
 def new generation   total 4928K, used 4416K [0x04e00000, 0x05350000, 0x0a350000)
  eden space 4416K, 100% used [0x04e00000, 0x05250000, 0x05250000)
  from space 512K,   0% used [0x05250000, 0x05250000, 0x052d0000)
  to   space 512K,   0% used [0x052d0000, 0x052d0000, 0x05350000)
 tenured generation   total 10944K, used 0K [0x0a350000, 0x0ae00000, 0x14e00000)
   the space 10944K,   0% used [0x0a350000, 0x0a350000, 0x0a350200, 0x0ae00000)
 Metaspace       used 5298K, capacity 5477K, committed 5504K, reserved 5504K
Event: 0.251 GC heap after
Heap after GC invocations=1 (full 0):
 def new generation   total 4928K, used 512K [0x04e00000, 0x05350000, 0x0a350000)
  eden space 4416K,   0% used [0x04e00000, 0x04e00000, 0x05250000)
  from space 512K, 100% used [0x052d0000, 0x05350000, 0x05350000)
  to   space 512K,   0% used [0x05250000, 0x05250000, 0x052d0000)
 tenured generation   total 10944K, used 787K [0x0a350000, 0x0ae00000, 0x14e00000)
   the space 10944K,   7% used [0x0a350000, 0x0a414eb0, 0x0a415000, 0x0ae00000)
 Metaspace       used 5298K, capacity 5477K, committed 5504K, reserved 5504K
}
Event: 0.399 GC heap before
{Heap before GC invocations=1 (full 0):
 def new generation   total 4928K, used 3034K [0x04e00000, 0x05350000, 0x0a350000)
  eden space 4416K,  57% used [0x04e00000, 0x05076bf0, 0x05250000)
  from space 512K, 100% used [0x052d0000, 0x05350000, 0x05350000)
  to   space 512K,   0% used [0x05250000, 0x05250000, 0x052d0000)
 tenured generation   total 10944K, used 787K [0x0a350000, 0x0ae00000, 0x14e00000)
   the space 10944K,   7% used [0x0a350000, 0x0a414eb0, 0x0a415000, 0x0ae00000)
 Metaspace       used 7448K, capacity 7645K, committed 7808K, reserved 8576K
Event: 0.402 GC heap after
Heap after GC invocations=2 (full 0):
 def new generation   total 4928K, used 512K [0x04e00000, 0x05350000, 0x0a350000)
  eden space 4416K,   0% used [0x04e00000, 0x04e00000, 0x05250000)
  from space 512K, 100% used [0x05250000, 0x052d0000, 0x052d0000)
  to   space 512K,   0% used [0x052d0000, 0x052d0000, 0x05350000)
 tenured generation   total 10944K, used 1905K [0x0a350000, 0x0ae00000, 0x14e00000)
   the space 10944K,  17% used [0x0a350000, 0x0a52c658, 0x0a52c800, 0x0ae00000)
 Metaspace       used 7448K, capacity 7645K, committed 7808K, reserved 8576K
}
Event: 8.789 GC heap before
{Heap before GC invocations=2 (full 0):
 def new generation   total 4928K, used 4928K [0x04e00000, 0x05350000, 0x0a350000)
  eden space 4416K, 100% used [0x04e00000, 0x05250000, 0x05250000)
  from space 512K, 100% used [0x05250000, 0x052d0000, 0x052d0000)
  to   space 512K,   0% used [0x052d0000, 0x052d0000, 0x05350000)
 tenured generation   total 10944K, used 1905K [0x0a350000, 0x0ae00000, 0x14e00000)
   the space 10944K,  17% used [0x0a350000, 0x0a52c658, 0x0a52c800, 0x0ae00000)
 Metaspace       used 7726K, capacity 7901K, committed 8064K, reserved 8576K
Event: 8.792 GC heap after
Heap after GC invocations=3 (full 0):
 def new generation   total 4928K, used 144K [0x04e00000, 0x05350000, 0x0a350000)
  eden space 4416K,   0% used [0x04e00000, 0x04e00000, 0x05250000)
  from space 512K,  28% used [0x052d0000, 0x052f4338, 0x05350000)
  to   space 512K,   0% used [0x05250000, 0x05250000, 0x052d0000)
 tenured generation   total 10944K, used 4995K [0x0a350000, 0x0ae00000, 0x14e00000)
   the space 10944K,  45% used [0x0a350000, 0x0a830d98, 0x0a830e00, 0x0ae00000)
 Metaspace       used 7726K, capacity 7901K, committed 8064K, reserved 8576K
}
Event: 9.271 GC heap before
{Heap before GC invocations=3 (full 0):
 def new generation   total 4928K, used 4560K [0x04e00000, 0x05350000, 0x0a350000)
  eden space 4416K, 100% used [0x04e00000, 0x05250000, 0x05250000)
  from space 512K,  28% used [0x052d0000, 0x052f4338, 0x05350000)
  to   space 512K,   0% used [0x05250000, 0x05250000, 0x052d0000)
 tenured generation   total 10944K, used 4995K [0x0a350000, 0x0ae00000, 0x14e00000)
   the space 10944K,  45% used [0x0a350000, 0x0a830d98, 0x0a830e00, 0x0ae00000)
 Metaspace       used 8428K, capacity 8637K, committed 8704K, reserved 9600K
Event: 9.273 GC heap after
Heap after GC invocations=4 (full 0):
 def new generation   total 4928K, used 511K [0x04e00000, 0x05350000, 0x0a350000)
  eden space 4416K,   0% used [0x04e00000, 0x04e00000, 0x05250000)
  from space 512K,  99% used [0x05250000, 0x052cfff8, 0x052d0000)
  to   space 512K,   0% used [0x052d0000, 0x052d0000, 0x05350000)
 tenured generation   total 10944K, used 5243K [0x0a350000, 0x0ae00000, 0x14e00000)
   the space 10944K,  47% used [0x0a350000, 0x0a86ed28, 0x0a86ee00, 0x0ae00000)
 Metaspace       used 8428K, capacity 8637K, committed 8704K, reserved 9600K
}
Event: 10.232 GC heap before
{Heap before GC invocations=4 (full 0):
 def new generation   total 4928K, used 4897K [0x04e00000, 0x05350000, 0x0a350000)
  eden space 4416K,  99% used [0x04e00000, 0x052487a8, 0x05250000)
  from space 512K,  99% used [0x05250000, 0x052cfff8, 0x052d0000)
  to   space 512K,   0% used [0x052d0000, 0x052d0000, 0x05350000)
 tenured generation   total 10944K, used 5243K [0x0a350000, 0x0ae00000, 0x14e00000)
   the space 10944K,  47% used [0x0a350000, 0x0a86ed28, 0x0a86ee00, 0x0ae00000)
 Metaspace       used 8682K, capacity 8864K, committed 8960K, reserved 9600K
Event: 10.234 GC heap after
Heap after GC invocations=5 (full 0):
 def new generation   total 4928K, used 484K [0x04e00000, 0x05350000, 0x0a350000)
  eden space 4416K,   0% used [0x04e00000, 0x04e00000, 0x05250000)
  from space 512K,  94% used [0x052d0000, 0x05349378, 0x05350000)
  to   space 512K,   0% used [0x05250000, 0x05250000, 0x052d0000)
 tenured generation   total 10944K, used 5479K [0x0a350000, 0x0ae00000, 0x14e00000)
   the space 10944K,  50% used [0x0a350000, 0x0a8a9c60, 0x0a8a9e00, 0x0ae00000)
 Metaspace       used 8682K, capacity 8864K, committed 8960K, reserved 9600K
}

Deoptimization events (0 events):
No events

Internal exceptions (10 events):
Event: 0.231 Thread 0x02a3cc00 Exception <a 'java/lang/ClassNotFoundException': ToolBar> (0x051ae458) thrown at [C:\workspace\8-2-build-windows-i586-cygwin\jdk8u141\9370\hotspot\src\share\vm\classfile\systemDictionary.cpp, line 210]
Event: 0.231 Thread 0x02a3cc00 Exception <a 'java/lang/ClassNotFoundException': ToggleButton> (0x051ae9b0) thrown at [C:\workspace\8-2-build-windows-i586-cygwin\jdk8u141\9370\hotspot\src\share\vm\classfile\systemDictionary.cpp, line 210]
Event: 0.231 Thread 0x02a3cc00 Exception <a 'java/lang/ClassNotFoundException': javax/swing/JToolBarSeparator> (0x051aedb8) thrown at [C:\workspace\8-2-build-windows-i586-cygwin\jdk8u141\9370\hotspot\src\share\vm\classfile\systemDictionary.cpp, line 210]
Event: 0.231 Thread 0x02a3cc00 Exception <a 'java/lang/ClassNotFoundException': ToolBarSeparator> (0x051af210) thrown at [C:\workspace\8-2-build-windows-i586-cygwin\jdk8u141\9370\hotspot\src\share\vm\classfile\systemDictionary.cpp, line 210]
Event: 0.231 Thread 0x02a3cc00 Exception <a 'java/lang/ClassNotFoundException': ToolTip> (0x051af8b8) thrown at [C:\workspace\8-2-build-windows-i586-cygwin\jdk8u141\9370\hotspot\src\share\vm\classfile\systemDictionary.cpp, line 210]
Event: 0.232 Thread 0x02a3cc00 Exception <a 'java/lang/ClassNotFoundException': Tree> (0x051b03a0) thrown at [C:\workspace\8-2-build-windows-i586-cygwin\jdk8u141\9370\hotspot\src\share\vm\classfile\systemDictionary.cpp, line 210]
Event: 0.232 Thread 0x02a3cc00 Exception <a 'java/lang/ClassNotFoundException': Tree> (0x051b0a40) thrown at [C:\workspace\8-2-build-windows-i586-cygwin\jdk8u141\9370\hotspot\src\share\vm\classfile\systemDictionary.cpp, line 210]
Event: 0.232 Thread 0x02a3cc00 Exception <a 'java/lang/ClassNotFoundException': javax/swing/JTreeCell> (0x051b0d78) thrown at [C:\workspace\8-2-build-windows-i586-cygwin\jdk8u141\9370\hotspot\src\share\vm\classfile\systemDictionary.cpp, line 210]
Event: 0.232 Thread 0x02a3cc00 Exception <a 'java/lang/ClassNotFoundException': TreeCell> (0x051b11c0) thrown at [C:\workspace\8-2-build-windows-i586-cygwin\jdk8u141\9370\hotspot\src\share\vm\classfile\systemDictionary.cpp, line 210]
Event: 0.232 Thread 0x02a3cc00 Exception <a 'java/lang/ClassNotFoundException': RootPane> (0x051b1b38) thrown at [C:\workspace\8-2-build-windows-i586-cygwin\jdk8u141\9370\hotspot\src\share\vm\classfile\systemDictionary.cpp, line 210]

Events (10 events):
Event: 10.237 Executing VM operation: RevokeBias
Event: 10.237 Executing VM operation: RevokeBias done
Event: 10.248 loading class com/googlecode/javacv/cpp/opencv_core$CvMemStorage$ReleaseDeallocator
Event: 10.248 loading class com/googlecode/javacv/cpp/opencv_core$CvMemStorage$ReleaseDeallocator done
Event: 10.248 Executing VM operation: RevokeBias
Event: 10.248 Executing VM operation: RevokeBias done
Event: 10.249 Executing VM operation: RevokeBias
Event: 10.249 Executing VM operation: RevokeBias done
Event: 10.249 Executing VM operation: RevokeBias
Event: 10.249 Executing VM operation: RevokeBias done


Dynamic libraries:
0x009a0000 - 0x009d3000 	C:\Program Files (x86)\Java\jdk1.8.0_141\bin\java.exe
0x77df0000 - 0x77f7e000 	C:\WINDOWS\SYSTEM32\ntdll.dll
0x76060000 - 0x76130000 	C:\WINDOWS\System32\KERNEL32.DLL
0x75370000 - 0x75532000 	C:\WINDOWS\System32\KERNELBASE.dll
0x73d10000 - 0x73da3000 	C:\WINDOWS\SYSTEM32\apphelp.dll
0x75ec0000 - 0x75f37000 	C:\WINDOWS\System32\ADVAPI32.dll
0x74f50000 - 0x7500d000 	C:\WINDOWS\System32\msvcrt.dll
0x75d60000 - 0x75da1000 	C:\WINDOWS\System32\sechost.dll
0x77bb0000 - 0x77c70000 	C:\WINDOWS\System32\RPCRT4.dll
0x75310000 - 0x75330000 	C:\WINDOWS\System32\SspiCli.dll
0x75300000 - 0x7530a000 	C:\WINDOWS\System32\CRYPTBASE.dll
0x74e00000 - 0x74e57000 	C:\WINDOWS\System32\bcryptPrimitives.dll
0x776b0000 - 0x777ec000 	C:\WINDOWS\System32\USER32.dll
0x75570000 - 0x75586000 	C:\WINDOWS\System32\win32u.dll
0x75e10000 - 0x75e31000 	C:\WINDOWS\System32\GDI32.dll
0x75010000 - 0x75168000 	C:\WINDOWS\System32\gdi32full.dll
0x777f0000 - 0x77869000 	C:\WINDOWS\System32\msvcp_win.dll
0x75f40000 - 0x76058000 	C:\WINDOWS\System32\ucrtbase.dll
0x731f0000 - 0x733fe000 	C:\WINDOWS\WinSxS\x86_microsoft.windows.common-controls_6595b64144ccf1df_6.0.15063.483_none_6dad63fefc436da8\COMCTL32.dll
0x77910000 - 0x77b48000 	C:\WINDOWS\System32\combase.dll
0x75540000 - 0x75565000 	C:\WINDOWS\System32\IMM32.DLL
0x6d410000 - 0x6d4cf000 	C:\Program Files (x86)\Java\jdk1.8.0_141\jre\bin\msvcr100.dll
0x6d4d0000 - 0x6d89e000 	C:\Program Files (x86)\Java\jdk1.8.0_141\jre\bin\client\jvm.dll
0x75d40000 - 0x75d46000 	C:\WINDOWS\System32\PSAPI.DLL
0x746c0000 - 0x746c8000 	C:\WINDOWS\SYSTEM32\VERSION.dll
0x73c50000 - 0x73c74000 	C:\WINDOWS\SYSTEM32\WINMM.dll
0x73550000 - 0x73558000 	C:\WINDOWS\SYSTEM32\WSOCK32.dll
0x756e0000 - 0x75747000 	C:\WINDOWS\System32\WS2_32.dll
0x73520000 - 0x73543000 	C:\WINDOWS\SYSTEM32\winmmbase.dll
0x75330000 - 0x75369000 	C:\WINDOWS\System32\cfgmgr32.dll
0x709b0000 - 0x709bc000 	C:\Program Files (x86)\Java\jdk1.8.0_141\jre\bin\verify.dll
0x6e310000 - 0x6e331000 	C:\Program Files (x86)\Java\jdk1.8.0_141\jre\bin\java.dll
0x6efd0000 - 0x6efe3000 	C:\Program Files (x86)\Java\jdk1.8.0_141\jre\bin\zip.dll
0x762b0000 - 0x775f8000 	C:\WINDOWS\System32\SHELL32.dll
0x77880000 - 0x7790c000 	C:\WINDOWS\System32\shcore.dll
0x757b0000 - 0x75d37000 	C:\WINDOWS\System32\windows.storage.dll
0x75750000 - 0x75795000 	C:\WINDOWS\System32\shlwapi.dll
0x76130000 - 0x7613e000 	C:\WINDOWS\System32\kernel.appcore.dll
0x77660000 - 0x776a5000 	C:\WINDOWS\System32\powrprof.dll
0x75d50000 - 0x75d60000 	C:\WINDOWS\System32\profapi.dll
0x6a5e0000 - 0x6a725000 	C:\Program Files (x86)\Java\jdk1.8.0_141\jre\bin\awt.dll
0x747b0000 - 0x74846000 	C:\WINDOWS\System32\OLEAUT32.dll
0x725e0000 - 0x72658000 	C:\WINDOWS\system32\uxtheme.dll
0x75590000 - 0x756d6000 	C:\WINDOWS\System32\MSCTF.dll
0x73190000 - 0x731b3000 	C:\WINDOWS\system32\dwmapi.dll
0x74850000 - 0x74943000 	C:\WINDOWS\System32\ole32.dll
0x6d2f0000 - 0x6d329000 	C:\Program Files (x86)\Java\jdk1.8.0_141\jre\bin\fontmanager.dll
0x6d330000 - 0x6d40f000 	C:\WINDOWS\system32\opengl32.dll
0x6de40000 - 0x6de65000 	C:\WINDOWS\SYSTEM32\GLU32.dll
0x74950000 - 0x749d3000 	C:\WINDOWS\System32\clbcatq.dll
0x6e390000 - 0x6e502000 	C:\WINDOWS\SYSTEM32\WindowsCodecs.dll
0x6a1f0000 - 0x6a233000 	C:\WINDOWS\system32\dataexchange.dll
0x69f90000 - 0x6a1e2000 	C:\WINDOWS\system32\d3d11.dll
0x69ea0000 - 0x69f8b000 	C:\WINDOWS\system32\dcomp.dll
0x69e10000 - 0x69e9a000 	C:\WINDOWS\system32\dxgi.dll
0x6e550000 - 0x6e686000 	C:\WINDOWS\system32\twinapi.appcore.dll
0x743e0000 - 0x743f8000 	C:\WINDOWS\system32\bcrypt.dll
0x6e1b0000 - 0x6e1c6000 	C:\Program Files (x86)\Java\jdk1.8.0_141\jre\bin\net.dll
0x72830000 - 0x7287e000 	C:\WINDOWS\system32\mswsock.dll
0x6e510000 - 0x6e51f000 	C:\Program Files (x86)\Java\jdk1.8.0_141\jre\bin\nio.dll
0x6a270000 - 0x6a2a2000 	C:\Program Files (x86)\Java\jdk1.8.0_141\jre\bin\t2k.dll
0x6a570000 - 0x6a5d7000 	C:\WINDOWS\System32\TextInputFramework.dll
0x6a2b0000 - 0x6a33f000 	C:\WINDOWS\System32\CoreMessaging.dll
0x6a340000 - 0x6a567000 	C:\WINDOWS\System32\CoreUIComponents.dll
0x72800000 - 0x72828000 	C:\WINDOWS\SYSTEM32\ntmarta.dll
0x6de90000 - 0x6dea0000 	C:\WINDOWS\SYSTEM32\usermgrcli.dll
0x6e9b0000 - 0x6ea81000 	C:\WINDOWS\SYSTEM32\wintypes.dll
0x66550000 - 0x6660e000 	C:\Users\jaydutt\AppData\Local\Temp\javacpp587133157315675\msvcr100.dll
0x67260000 - 0x672c9000 	C:\Users\jaydutt\AppData\Local\Temp\javacpp587133157315675\msvcp100.dll
0x70fc0000 - 0x71ef6000 	C:\Users\jaydutt\AppData\Local\Temp\javacpp587133157315675\opencv_ffmpeg248.dll
0x63c10000 - 0x63e16000 	C:\Users\jaydutt\AppData\Local\Temp\javacpp587133157315675\opencv_core248.dll
0x639a0000 - 0x63c0b000 	C:\Users\jaydutt\AppData\Local\Temp\javacpp587133157315675\opencv_imgproc248.dll
0x63790000 - 0x63997000 	C:\Users\jaydutt\AppData\Local\Temp\javacpp587133157315675\opencv_highgui248.dll
0x67e30000 - 0x67e4b000 	C:\WINDOWS\SYSTEM32\AVIFIL32.dll
0x67e10000 - 0x67e24000 	C:\WINDOWS\SYSTEM32\AVICAP32.dll
0x67020000 - 0x67042000 	C:\WINDOWS\SYSTEM32\MSVFW32.dll
0x67df0000 - 0x67e08000 	C:\WINDOWS\SYSTEM32\MSACM32.dll
0x66260000 - 0x66304000 	C:\Users\jaydutt\AppData\Local\Temp\javacpp587133157315675\opencv_objdetect248.dll
0x66fe0000 - 0x6701c000 	C:\Users\jaydutt\AppData\Local\Temp\javacpp587133157315675\jniopencv_objdetect.dll
0x661e0000 - 0x66255000 	C:\Users\jaydutt\AppData\Local\Temp\javacpp587133157315675\jniopencv_core.dll
0x63710000 - 0x6378c000 	C:\Users\jaydutt\AppData\Local\Temp\javacpp587133157315675\opencv_flann248.dll
0x63650000 - 0x63702000 	C:\Users\jaydutt\AppData\Local\Temp\javacpp587133157315675\opencv_features2d248.dll
0x63580000 - 0x63644000 	C:\Users\jaydutt\AppData\Local\Temp\javacpp587133157315675\opencv_calib3d248.dll
0x66cb0000 - 0x66d0d000 	C:\Users\jaydutt\AppData\Local\Temp\javacpp587133157315675\opencv_video248.dll
0x63500000 - 0x63580000 	C:\Users\jaydutt\AppData\Local\Temp\javacpp587133157315675\opencv_ml248.dll
0x633e0000 - 0x634fc000 	C:\Users\jaydutt\AppData\Local\Temp\javacpp587133157315675\opencv_contrib248.dll
0x63390000 - 0x633d7000 	C:\Users\jaydutt\AppData\Local\Temp\javacpp587133157315675\jniopencv_contrib.dll
0x66fd0000 - 0x66fdf000 	C:\Users\jaydutt\AppData\Local\Temp\javacpp587133157315675\jniopencv_highgui.dll
0x661a0000 - 0x661d9000 	C:\Users\jaydutt\AppData\Local\Temp\javacpp587133157315675\jniopencv_imgproc.dll
0x66ac0000 - 0x66ad5000 	C:\Windows\System32\devenum.dll
0x749e0000 - 0x74dfa000 	C:\WINDOWS\System32\setupapi.dll
0x734f0000 - 0x73512000 	C:\WINDOWS\SYSTEM32\DEVOBJ.dll
0x77610000 - 0x77654000 	C:\WINDOWS\System32\WINTRUST.dll
0x77600000 - 0x7760e000 	C:\WINDOWS\System32\MSASN1.dll
0x77c70000 - 0x77ded000 	C:\WINDOWS\System32\CRYPT32.dll
0x66ca0000 - 0x66ca9000 	C:\WINDOWS\SYSTEM32\msdmo.dll
0x63350000 - 0x6338a000 	C:\Windows\System32\qcap.dll
0x631a0000 - 0x63343000 	C:\Windows\System32\quartz.dll
0x63160000 - 0x63195000 	C:\Windows\System32\mfksproxy.dll
0x63140000 - 0x63158000 	C:\Windows\System32\ATL.DLL
0x63110000 - 0x6313c000 	C:\Windows\System32\MFSENSORGROUP.dll
0x62fa0000 - 0x63105000 	C:\Windows\System32\MFPlat.DLL
0x62f70000 - 0x62f9a000 	C:\Windows\System32\RTWorkQ.DLL
0x62f30000 - 0x62f6c000 	C:\Windows\System32\ksproxy.ax
0x682d0000 - 0x68432000 	C:\Windows\System32\d3d9.dll
0x66ab0000 - 0x66ab7000 	C:\Windows\System32\ksuser.dll
0x6e1d0000 - 0x6e234000 	C:\WINDOWS\SYSTEM32\policymanager.dll
0x6dea0000 - 0x6df06000 	C:\Windows\System32\msvcp110_win.dll
0x66540000 - 0x6654c000 	C:\Windows\System32\vidcap.ax
0x62f10000 - 0x62f30000 	C:\Windows\System32\kswdmcap.ax
0x73060000 - 0x7318d000 	C:\Windows\System32\MFC42.dll
0x62e80000 - 0x62f0e000 	C:\Windows\System32\qedit.dll
0x74e60000 - 0x74f4f000 	C:\WINDOWS\System32\COMDLG32.dll
0x19960000 - 0x19ac6000 	C:\WINDOWS\WinSxS\x86_microsoft.windows.gdiplus_6595b64144ccf1df_1.1.15063.608_none_9e9d5d4256d15def\gdiplus.dll
0x73400000 - 0x734ed000 	C:\Windows\System32\DDRAW.dll
0x728e0000 - 0x728e7000 	C:\Windows\System32\DCIMAN32.dll
0x62e10000 - 0x62e7d000 	C:\WINDOWS\SYSTEM32\D3DIM700.DLL
0x664b0000 - 0x664ba000 	C:\WINDOWS\SYSTEM32\msyuv.dll
0x74530000 - 0x7468d000 	C:\WINDOWS\SYSTEM32\dbghelp.dll

VM Arguments:
jvm_args: -Dfile.encoding=UTF-8 -Djava.library.path=C:\opencv\build\java\x86 -Djava.security.policy=applet.policy -Djavacpp.platform.dependencies=true 
java_command: LOGIN
java_class_path (initial): C:\Program Files (x86)\NetBeans 8.2\java\modules\ext\AbsoluteLayout.jar;C:\javamail1_4_7\javamail-1.4.7\mail.jar;C:\Users\jaydutt\ui\lib\jcommon-1.0.23.jar;C:\Users\jaydutt\ui\lib\jfreechart-1.0.19.jar;C:\activation-2.2.1.jar;C:\activation-1.1.jar;C:\core-3.3.0.jar;C:\javase-3.3.0.jar;C:\Program Files (x86)\NetBeans 8.2\java\modules\ext\eclipselink\eclipselink.jar;C:\Program Files (x86)\NetBeans 8.2\java\modules\ext\eclipselink\javax.persistence_2.1.0.v201304241213.jar;C:\Program Files (x86)\NetBeans 8.2\java\modules\ext\eclipselink\org.eclipse.persistence.jpa.jpql_2.5.2.v20140319-9ad6abd.jar;C:\opencv\build\java\opencv-310.jar;C:\opencv\build\java\opencv-249.jar;C:\opencv\build\java\opencv-340.jar;C:\javacv-cppjars\ffmpeg-2.1.1-windows-x86.jar;C:\javacv-cppjars\ffmpeg-2.1.1-windows-x86_64.jar;C:\javacv-cppjars\opencv-2.4.8-windows-x86.jar;C:\javacv-cppjars\opencv-2.4.8-windows-x86_64.jar;C:\javacv-bin\javacpp.jar;C:\javacv-bin\javacv.jar;C:\javacv-bin\libfreenect-windows-x86.jar;C:\javacv-bin\libfreenect-windows-x86_64.jar;C:\javacv-bin\libfreenect2-windows-x86_64.jar;C:\jar_files\artoolkitplus-2.3.1-1.4.jar;C:\jar_files\ffmpeg-3.4.1-1.4.jar;C:\jar_files\flandmark-1.07-1.4.jar;C:\jar_files\flycapture-2.11.3.121-1.4.jar;C:\jar_files\javacpp-1.4.jar;C:\jar_files\javacv-1.4.jar;C:\jar_files\libdc1394-2.2.5-1.4.jar;C:\jar_files\libfreenect-0.5.3-1.4.jar;C:\jar_files\libfreenect2-0.2.0-1.4.jar;C:\jar_files\librealsense-1.12.1-1.4.jar;C:\jar_files\opencv-3.4.0-1.4.jar;C:\jar_files\videoinput-0.200-1.4.jar;C:\Users\jaydutt\ui\build\classes
Launcher Type: SUN_STANDARD

Environment Variables:
JAVA_HOME=C:\Program Files\Java\jdk1.8.0_161
PATH=C:\Program Files (x86)\Intel\iCLS Client\;C:\ProgramData\Oracle\Java\javapath;C:\Program Files\Intel\iCLS Client\;C:\windows\system32;C:\windows;C:\windows\System32\Wbem;C:\windows\System32\WindowsPowerShell\v1.0\;C:\Program Files (x86)\NVIDIA Corporation\PhysX\Common;C:\Program Files (x86)\Java\jre1.8.0_141;C:\Program Files (x86)\Java\jdk1.8.0_141/bin;C:\Program Files\Intel\WiFi\bin\;C:\Program Files\Common Files\Intel\WirelessCommon\;C:\WINDOWS\system32;C:\WINDOWS;C:\WINDOWS\System32\Wbem;C:\WINDOWS\System32\WindowsPowerShell\v1.0\;C:\Users\jaydutt\AppData\Local\Microsoft\WindowsApps;C:\adb;C:\Program Files (x86)\Intel\Intel(R) Management Engine Components\DAL;C:\Program Files\Intel\Intel(R) Management Engine Components\DAL;C:\Program Files (x86)\Intel\Intel(R) Management Engine Components\IPT;C:\Program Files\Intel\Intel(R) Management Engine Components\IPT;C:\sqlight\sqlite-tools-win32-x86-3220000;C:\Program Files\Java\jdk1.8.0_161;C:\Program Files\Java\jre1.8.0_161;C:\opencv\build\x86\vc10\bin;C:\opencv\build\java;C:\Users\jaydutt\AppData\Local\Microsoft\WindowsApps;C:\Users\jaydutt\AppData\Local\GitHubDesktop\bin
USERNAME=jaydutt
OS=Windows_NT
PROCESSOR_IDENTIFIER=Intel64 Family 6 Model 158 Stepping 9, GenuineIntel



---------------  S Y S T E M  ---------------

OS: Windows 10.0 , 64 bit Build 15063 (10.0.15063.296)

CPU:total 8 (initial active 8) (4 cores per cpu, 2 threads per core) family 6 model 158 stepping 9, cmov, cx8, fxsr, mmx, sse, sse2, sse3, ssse3, sse4.1, sse4.2, popcnt, avx, avx2, aes, clmul, erms, 3dnowpref, lzcnt, ht, tsc, tscinvbit, bmi1, bmi2, adx

Memory: 4k page, physical 16659684k(12737156k free), swap 33436900k(28893316k free)

vm_info: Java HotSpot(TM) Client VM (25.141-b15) for windows-x86 JRE (1.8.0_141-b15), built on Jul 12 2017 04:25:45 by "java_re" with MS VC++ 10.0 (VS2010)

time: Sat Mar 31 08:20:36 2018
elapsed time: 10 seconds (0d 0h 0m 10s)

