#
# A fatal error has been detected by the Java Runtime Environment:
#
#  EXCEPTION_ACCESS_VIOLATION (0xc0000005) at pc=0x6ab04e9a, pid=11336, tid=0x00002d7c
#
# JRE version: Java(TM) SE Runtime Environment (8.0_141-b15) (build 1.8.0_141-b15)
# Java VM: Java HotSpot(TM) Client VM (25.141-b15 mixed mode, sharing windows-x86 )
# Problematic frame:
# C  [quartz.dll+0x74e9a]
#
# Failed to write core dump. Minidumps are not enabled by default on client versions of Windows
#
# If you would like to submit a bug report, please visit:
#   http://bugreport.java.com/bugreport/crash.jsp
# The crash happened outside the Java Virtual Machine in native code.
# See problematic frame for where to report the bug.
#

---------------  T H R E A D  ---------------

Current thread (0x15eee400):  JavaThread "Thread-3" [_thread_in_native, id=11644, stack(0x19c90000,0x19ce0000)]

siginfo: ExceptionCode=0xc0000005, reading address 0x00000000

Registers:
EAX=0x00000000, EBX=0x00000000, ECX=0xff84835a, EDX=0x19cdf548
ESP=0x19cdf534, EBP=0x19cdf568, ESI=0x00000000, EDI=0x1735e1f0
EIP=0x6ab04e9a, EFLAGS=0x00010246

Top of Stack: (sp=0x19cdf534)
0x19cdf534:   19cdf548 15c4c2a0 1735e244 0004027e
0x19cdf544:   00000000 00000000 00000000 0004027e
0x19cdf554:   19cdf56c 6aafdb20 00000000 1735e28c
0x19cdf564:   e649761e 19cdf584 6ab04d07 00000000
0x19cdf574:   00000000 00000000 15c4c268 1735e28c
0x19cdf584:   19cdf594 6ab13c79 1735e244 00000000
0x19cdf594:   19cdf634 6b365a8d 1735e7a4 00000000
0x19cdf5a4:   19240a30 6b540838 00000000 19cdf5fc 

Instructions: (pc=0x6ab04e9a)
0x6ab04e7a:   74 06 56 e8 af 3f 00 00 83 7f 5c 00 74 7e 8b 47
0x6ab04e8a:   60 8d 54 24 10 83 64 24 10 00 83 64 24 14 00 52
0x6ab04e9a:   8b 08 50 8b 71 0c 8b ce ff 15 78 16 c1 6a ff d6
0x6ab04eaa:   8b 4d 08 8d 54 24 20 83 64 24 20 00 83 64 24 24 


Register to memory mapping:

EAX=0x00000000 is an unknown value
EBX=0x00000000 is an unknown value
ECX=0xff84835a is an unknown value
EDX=0x19cdf548 is pointing into the stack for thread: 0x15eee400
ESP=0x19cdf534 is pointing into the stack for thread: 0x15eee400
EBP=0x19cdf568 is pointing into the stack for thread: 0x15eee400
ESI=0x00000000 is an unknown value
EDI=0x1735e1f0 is an unknown value


Stack: [0x19c90000,0x19ce0000],  sp=0x19cdf534,  free space=317k
Native frames: (J=compiled Java code, j=interpreted, Vv=VM code, C=native code)
C  [quartz.dll+0x74e9a]
C  [quartz.dll+0x74d07]
C  [quartz.dll+0x83c79]
C  [opencv_highgui248.dll+0x15a8d]
C  [opencv_highgui248.dll+0x15cab]
C  [opencv_highgui248.dll+0x1613c]
C  [opencv_highgui248.dll+0x14736]
C  [opencv_highgui248.dll+0x1194]
C  [jniopencv_highgui.dll+0x597d]
j  com.googlecode.javacv.cpp.opencv_highgui.cvCreateCameraCapture(I)Lcom/googlecode/javacv/cpp/opencv_highgui$CvCapture;+0
j  FaceCapture.run()V+1
j  java.lang.Thread.run()V+11
v  ~StubRoutines::call_stub
V  [jvm.dll+0x15af45]
V  [jvm.dll+0x2213ae]
V  [jvm.dll+0x15afde]
V  [jvm.dll+0x15b166]
V  [jvm.dll+0x15b1d7]
V  [jvm.dll+0xff36f]
V  [jvm.dll+0x17dc30]
V  [jvm.dll+0x17e4aa]
V  [jvm.dll+0x1c2ec6]
C  [msvcr100.dll+0x5c556]
C  [msvcr100.dll+0x5c600]
C  [KERNEL32.DLL+0x18744]
C  [ntdll.dll+0x6582d]
C  [ntdll.dll+0x657fd]
C  0x00000000

Java frames: (J=compiled Java code, j=interpreted, Vv=VM code)
j  com.googlecode.javacv.cpp.opencv_highgui.cvCreateCameraCapture(I)Lcom/googlecode/javacv/cpp/opencv_highgui$CvCapture;+0
j  FaceCapture.run()V+1
j  java.lang.Thread.run()V+11
v  ~StubRoutines::call_stub

---------------  P R O C E S S  ---------------

Java Threads: ( => current thread )
  0x15f49c00 JavaThread "Thread-4" [_thread_in_native, id=11668, stack(0x1a1d0000,0x1a220000)]
=>0x15eee400 JavaThread "Thread-3" [_thread_in_native, id=11644, stack(0x19c90000,0x19ce0000)]
  0x15d4d800 JavaThread "TimerQueue" daemon [_thread_blocked, id=11484, stack(0x17c90000,0x17ce0000)]
  0x0249cc00 JavaThread "DestroyJavaVM" [_thread_blocked, id=11408, stack(0x00cf0000,0x00d40000)]
  0x15bd6800 JavaThread "AWT-EventQueue-0" [_thread_blocked, id=11456, stack(0x16b70000,0x16bc0000)]
  0x15bb6c00 JavaThread "AWT-Windows" daemon [_thread_in_native, id=11452, stack(0x16210000,0x16260000)]
  0x15bb0000 JavaThread "AWT-Shutdown" [_thread_blocked, id=11448, stack(0x15fb0000,0x16000000)]
  0x15baec00 JavaThread "Java2D Disposer" daemon [_thread_blocked, id=11444, stack(0x15390000,0x153e0000)]
  0x005afc00 JavaThread "Service Thread" daemon [_thread_blocked, id=11436, stack(0x15270000,0x152c0000)]
  0x00591000 JavaThread "C1 CompilerThread0" daemon [_thread_blocked, id=11432, stack(0x14760000,0x147b0000)]
  0x0058f800 JavaThread "Attach Listener" daemon [_thread_blocked, id=11428, stack(0x146d0000,0x14720000)]
  0x0058d800 JavaThread "Signal Dispatcher" daemon [_thread_blocked, id=11424, stack(0x14640000,0x14690000)]
  0x00584800 JavaThread "Finalizer" daemon [_thread_blocked, id=11420, stack(0x044a0000,0x044f0000)]
  0x00527c00 JavaThread "Reference Handler" daemon [_thread_blocked, id=11416, stack(0x02400000,0x02450000)]

Other Threads:
  0x00524400 VMThread [stack: 0x02370000,0x023c0000] [id=11412]
  0x005c5800 WatcherThread [stack: 0x15300000,0x15350000] [id=11440]

VM state:not at safepoint (normal execution)

VM Mutex/Monitor currently owned by a thread: None

Heap:
 def new generation   total 4928K, used 4059K [0x04600000, 0x04b50000, 0x09b50000)
  eden space 4416K,  80% used [0x04600000, 0x04976d00, 0x04a50000)
  from space 512K, 100% used [0x04a50000, 0x04ad0000, 0x04ad0000)
  to   space 512K,   0% used [0x04ad0000, 0x04ad0000, 0x04b50000)
 tenured generation   total 10944K, used 5219K [0x09b50000, 0x0a600000, 0x14600000)
   the space 10944K,  47% used [0x09b50000, 0x0a068f08, 0x0a069000, 0x0a600000)
 Metaspace       used 1877K, capacity 3322K, committed 3392K, reserved 4480K

Card table byte_map: [0x00e20000,0x00eb0000] byte_map_base: 0x00dfd000

Polling page: 0x00290000

CodeCache: size=32768Kb used=1207Kb max_used=1207Kb free=31560Kb
 bounds [0x024a0000, 0x025d0000, 0x044a0000]
 total_blobs=643 nmethods=378 adapters=196
 compilation: enabled

Compilation events (10 events):
Event: 8.306 Thread 0x00591000  376             java.util.LinkedList::linkLast (59 bytes)
Event: 8.306 Thread 0x00591000 nmethod 376 0x025c9dc8 code [0x025c9ec0, 0x025ca000]
Event: 8.317 Thread 0x00591000  377             java.io.WinNTFileSystem::normalizePrefix (132 bytes)
Event: 8.318 Thread 0x00591000 nmethod 377 0x025cb8c8 code [0x025cbab0, 0x025cc904]
Event: 8.318 Thread 0x00591000  378  s          java.lang.StringBuffer::append (13 bytes)
Event: 8.318 Thread 0x00591000 nmethod 378 0x025cd848 code [0x025cd950, 0x025cdb3c]
Event: 8.487 Thread 0x00591000  379             java.util.concurrent.locks.AbstractQueuedSynchronizer::getState (5 bytes)
Event: 8.487 Thread 0x00591000 nmethod 379 0x025cdbc8 code [0x025cdcc0, 0x025cdd40]
Event: 8.669 Thread 0x00591000  380             java.awt.Component::getParent (5 bytes)
Event: 8.669 Thread 0x00591000 nmethod 380 0x025cdd88 code [0x025cde80, 0x025cdf00]

GC Heap History (8 events):
Event: 0.334 GC heap before
{Heap before GC invocations=0 (full 0):
 def new generation   total 4928K, used 4416K [0x04600000, 0x04b50000, 0x09b50000)
  eden space 4416K, 100% used [0x04600000, 0x04a50000, 0x04a50000)
  from space 512K,   0% used [0x04a50000, 0x04a50000, 0x04ad0000)
  to   space 512K,   0% used [0x04ad0000, 0x04ad0000, 0x04b50000)
 tenured generation   total 10944K, used 0K [0x09b50000, 0x0a600000, 0x14600000)
   the space 10944K,   0% used [0x09b50000, 0x09b50000, 0x09b50200, 0x0a600000)
 Metaspace       used 582K, capacity 2495K, committed 2496K, reserved 4480K
Event: 0.338 GC heap after
Heap after GC invocations=1 (full 0):
 def new generation   total 4928K, used 512K [0x04600000, 0x04b50000, 0x09b50000)
  eden space 4416K,   0% used [0x04600000, 0x04600000, 0x04a50000)
  from space 512K, 100% used [0x04ad0000, 0x04b50000, 0x04b50000)
  to   space 512K,   0% used [0x04a50000, 0x04a50000, 0x04ad0000)
 tenured generation   total 10944K, used 787K [0x09b50000, 0x0a600000, 0x14600000)
   the space 10944K,   7% used [0x09b50000, 0x09c14ea8, 0x09c15000, 0x0a600000)
 Metaspace       used 582K, capacity 2495K, committed 2496K, reserved 4480K
}
Event: 0.491 GC heap before
{Heap before GC invocations=1 (full 0):
 def new generation   total 4928K, used 3071K [0x04600000, 0x04b50000, 0x09b50000)
  eden space 4416K,  57% used [0x04600000, 0x0487fca0, 0x04a50000)
  from space 512K, 100% used [0x04ad0000, 0x04b50000, 0x04b50000)
  to   space 512K,   0% used [0x04a50000, 0x04a50000, 0x04ad0000)
 tenured generation   total 10944K, used 787K [0x09b50000, 0x0a600000, 0x14600000)
   the space 10944K,   7% used [0x09b50000, 0x09c14ea8, 0x09c15000, 0x0a600000)
 Metaspace       used 864K, capacity 2519K, committed 2624K, reserved 4480K
Event: 0.494 GC heap after
Heap after GC invocations=2 (full 0):
 def new generation   total 4928K, used 512K [0x04600000, 0x04b50000, 0x09b50000)
  eden space 4416K,   0% used [0x04600000, 0x04600000, 0x04a50000)
  from space 512K, 100% used [0x04a50000, 0x04ad0000, 0x04ad0000)
  to   space 512K,   0% used [0x04ad0000, 0x04ad0000, 0x04b50000)
 tenured generation   total 10944K, used 1906K [0x09b50000, 0x0a600000, 0x14600000)
   the space 10944K,  17% used [0x09b50000, 0x09d2c958, 0x09d2ca00, 0x0a600000)
 Metaspace       used 864K, capacity 2519K, committed 2624K, reserved 4480K
}
Event: 7.623 GC heap before
{Heap before GC invocations=2 (full 0):
 def new generation   total 4928K, used 4928K [0x04600000, 0x04b50000, 0x09b50000)
  eden space 4416K, 100% used [0x04600000, 0x04a50000, 0x04a50000)
  from space 512K, 100% used [0x04a50000, 0x04ad0000, 0x04ad0000)
  to   space 512K,   0% used [0x04ad0000, 0x04ad0000, 0x04b50000)
 tenured generation   total 10944K, used 1906K [0x09b50000, 0x0a600000, 0x14600000)
   the space 10944K,  17% used [0x09b50000, 0x09d2c958, 0x09d2ca00, 0x0a600000)
 Metaspace       used 1192K, capacity 2679K, committed 2752K, reserved 4480K
Event: 7.626 GC heap after
Heap after GC invocations=3 (full 0):
 def new generation   total 4928K, used 294K [0x04600000, 0x04b50000, 0x09b50000)
  eden space 4416K,   0% used [0x04600000, 0x04600000, 0x04a50000)
  from space 512K,  57% used [0x04ad0000, 0x04b19a98, 0x04b50000)
  to   space 512K,   0% used [0x04a50000, 0x04a50000, 0x04ad0000)
 tenured generation   total 10944K, used 4996K [0x09b50000, 0x0a600000, 0x14600000)
   the space 10944K,  45% used [0x09b50000, 0x0a0311b8, 0x0a031200, 0x0a600000)
 Metaspace       used 1192K, capacity 2679K, committed 2752K, reserved 4480K
}
Event: 8.122 GC heap before
{Heap before GC invocations=3 (full 0):
 def new generation   total 4928K, used 4697K [0x04600000, 0x04b50000, 0x09b50000)
  eden space 4416K,  99% used [0x04600000, 0x04a4caa0, 0x04a50000)
  from space 512K,  57% used [0x04ad0000, 0x04b19a98, 0x04b50000)
  to   space 512K,   0% used [0x04a50000, 0x04a50000, 0x04ad0000)
 tenured generation   total 10944K, used 4996K [0x09b50000, 0x0a600000, 0x14600000)
   the space 10944K,  45% used [0x09b50000, 0x0a0311b8, 0x0a031200, 0x0a600000)
 Metaspace       used 1662K, capacity 3127K, committed 3136K, reserved 4480K
Event: 8.124 GC heap after
Heap after GC invocations=4 (full 0):
 def new generation   total 4928K, used 512K [0x04600000, 0x04b50000, 0x09b50000)
  eden space 4416K,   0% used [0x04600000, 0x04600000, 0x04a50000)
  from space 512K, 100% used [0x04a50000, 0x04ad0000, 0x04ad0000)
  to   space 512K,   0% used [0x04ad0000, 0x04ad0000, 0x04b50000)
 tenured generation   total 10944K, used 5219K [0x09b50000, 0x0a600000, 0x14600000)
   the space 10944K,  47% used [0x09b50000, 0x0a068f08, 0x0a069000, 0x0a600000)
 Metaspace       used 1662K, capacity 3127K, committed 3136K, reserved 4480K
}

Deoptimization events (0 events):
No events

Internal exceptions (10 events):
Event: 0.315 Thread 0x0249cc00 Exception <a 'java/lang/ClassNotFoundException': ToolBar> (0x049af198) thrown at [C:\workspace\8-2-build-windows-i586-cygwin\jdk8u141\9370\hotspot\src\share\vm\classfile\systemDictionary.cpp, line 210]
Event: 0.315 Thread 0x0249cc00 Exception <a 'java/lang/ClassNotFoundException': ToggleButton> (0x049af6e0) thrown at [C:\workspace\8-2-build-windows-i586-cygwin\jdk8u141\9370\hotspot\src\share\vm\classfile\systemDictionary.cpp, line 210]
Event: 0.315 Thread 0x0249cc00 Exception <a 'java/lang/ClassNotFoundException': javax/swing/JToolBarSeparator> (0x049afae8) thrown at [C:\workspace\8-2-build-windows-i586-cygwin\jdk8u141\9370\hotspot\src\share\vm\classfile\systemDictionary.cpp, line 210]
Event: 0.315 Thread 0x0249cc00 Exception <a 'java/lang/ClassNotFoundException': ToolBarSeparator> (0x049aff40) thrown at [C:\workspace\8-2-build-windows-i586-cygwin\jdk8u141\9370\hotspot\src\share\vm\classfile\systemDictionary.cpp, line 210]
Event: 0.315 Thread 0x0249cc00 Exception <a 'java/lang/ClassNotFoundException': ToolTip> (0x049b05e8) thrown at [C:\workspace\8-2-build-windows-i586-cygwin\jdk8u141\9370\hotspot\src\share\vm\classfile\systemDictionary.cpp, line 210]
Event: 0.316 Thread 0x0249cc00 Exception <a 'java/lang/ClassNotFoundException': Tree> (0x049b10d0) thrown at [C:\workspace\8-2-build-windows-i586-cygwin\jdk8u141\9370\hotspot\src\share\vm\classfile\systemDictionary.cpp, line 210]
Event: 0.316 Thread 0x0249cc00 Exception <a 'java/lang/ClassNotFoundException': Tree> (0x049b1770) thrown at [C:\workspace\8-2-build-windows-i586-cygwin\jdk8u141\9370\hotspot\src\share\vm\classfile\systemDictionary.cpp, line 210]
Event: 0.316 Thread 0x0249cc00 Exception <a 'java/lang/ClassNotFoundException': javax/swing/JTreeCell> (0x049b1aa8) thrown at [C:\workspace\8-2-build-windows-i586-cygwin\jdk8u141\9370\hotspot\src\share\vm\classfile\systemDictionary.cpp, line 210]
Event: 0.316 Thread 0x0249cc00 Exception <a 'java/lang/ClassNotFoundException': TreeCell> (0x049b1ef0) thrown at [C:\workspace\8-2-build-windows-i586-cygwin\jdk8u141\9370\hotspot\src\share\vm\classfile\systemDictionary.cpp, line 210]
Event: 0.316 Thread 0x0249cc00 Exception <a 'java/lang/ClassNotFoundException': RootPane> (0x049b2868) thrown at [C:\workspace\8-2-build-windows-i586-cygwin\jdk8u141\9370\hotspot\src\share\vm\classfile\systemDictionary.cpp, line 210]

Events (10 events):
Event: 8.327 loading class com/googlecode/javacv/cpp/opencv_imgproc$CvFeatureTree
Event: 8.327 loading class com/googlecode/javacv/cpp/opencv_imgproc$CvFeatureTree done
Event: 8.327 loading class com/googlecode/javacv/cpp/opencv_imgproc$CvContourScanner
Event: 8.327 loading class com/googlecode/javacv/cpp/opencv_imgproc$CvContourScanner done
Event: 8.328 loading class java/nio/FloatBuffer
Event: 8.328 loading class java/nio/FloatBuffer done
Event: 8.487 Thread 0x15eee400 Thread added: 0x15eee400
Event: 8.668 Thread 0x15f49c00 Thread added: 0x15f49c00
Event: 8.844 Executing VM operation: RevokeBias
Event: 8.844 Executing VM operation: RevokeBias done


Dynamic libraries:
0x00ed0000 - 0x00f03000 	C:\Program Files (x86)\Java\jdk1.8.0_141\bin\java.exe
0x77330000 - 0x774be000 	C:\WINDOWS\SYSTEM32\ntdll.dll
0x754b0000 - 0x75580000 	C:\WINDOWS\System32\KERNEL32.DLL
0x75d70000 - 0x75f32000 	C:\WINDOWS\System32\KERNELBASE.dll
0x73010000 - 0x730a3000 	C:\WINDOWS\SYSTEM32\apphelp.dll
0x762a0000 - 0x76317000 	C:\WINDOWS\System32\ADVAPI32.dll
0x757e0000 - 0x7589d000 	C:\WINDOWS\System32\msvcrt.dll
0x772e0000 - 0x77321000 	C:\WINDOWS\System32\sechost.dll
0x75b60000 - 0x75c20000 	C:\WINDOWS\System32\RPCRT4.dll
0x73e00000 - 0x73e20000 	C:\WINDOWS\System32\SspiCli.dll
0x73df0000 - 0x73dfa000 	C:\WINDOWS\System32\CRYPTBASE.dll
0x77070000 - 0x770c7000 	C:\WINDOWS\System32\bcryptPrimitives.dll
0x758a0000 - 0x759dc000 	C:\WINDOWS\System32\USER32.dll
0x769a0000 - 0x769b6000 	C:\WINDOWS\System32\win32u.dll
0x75f40000 - 0x75f61000 	C:\WINDOWS\System32\GDI32.dll
0x76140000 - 0x76298000 	C:\WINDOWS\System32\gdi32full.dll
0x75580000 - 0x755f9000 	C:\WINDOWS\System32\msvcp_win.dll
0x76010000 - 0x76128000 	C:\WINDOWS\System32\ucrtbase.dll
0x72400000 - 0x7260e000 	C:\WINDOWS\WinSxS\x86_microsoft.windows.common-controls_6595b64144ccf1df_6.0.15063.483_none_6dad63fefc436da8\COMCTL32.dll
0x76e30000 - 0x77068000 	C:\WINDOWS\System32\combase.dll
0x757a0000 - 0x757c5000 	C:\WINDOWS\System32\IMM32.DLL
0x70ec0000 - 0x70f7f000 	C:\Program Files (x86)\Java\jdk1.8.0_141\jre\bin\msvcr100.dll
0x70810000 - 0x70bde000 	C:\Program Files (x86)\Java\jdk1.8.0_141\jre\bin\client\jvm.dll
0x73e20000 - 0x73e26000 	C:\WINDOWS\System32\PSAPI.DLL
0x735c0000 - 0x735c8000 	C:\WINDOWS\SYSTEM32\VERSION.dll
0x730d0000 - 0x730d8000 	C:\WINDOWS\SYSTEM32\WSOCK32.dll
0x730e0000 - 0x73104000 	C:\WINDOWS\SYSTEM32\WINMM.dll
0x75690000 - 0x756f7000 	C:\WINDOWS\System32\WS2_32.dll
0x72e70000 - 0x72e93000 	C:\WINDOWS\SYSTEM32\winmmbase.dll
0x75220000 - 0x75259000 	C:\WINDOWS\System32\cfgmgr32.dll
0x71c00000 - 0x71c0c000 	C:\Program Files (x86)\Java\jdk1.8.0_141\jre\bin\verify.dll
0x70e60000 - 0x70e81000 	C:\Program Files (x86)\Java\jdk1.8.0_141\jre\bin\java.dll
0x70e40000 - 0x70e53000 	C:\Program Files (x86)\Java\jdk1.8.0_141\jre\bin\zip.dll
0x73e40000 - 0x75188000 	C:\WINDOWS\System32\SHELL32.dll
0x75600000 - 0x7568c000 	C:\WINDOWS\System32\shcore.dll
0x76320000 - 0x768a7000 	C:\WINDOWS\System32\windows.storage.dll
0x75fc0000 - 0x76005000 	C:\WINDOWS\System32\shlwapi.dll
0x73e30000 - 0x73e3e000 	C:\WINDOWS\System32\kernel.appcore.dll
0x75f70000 - 0x75fb5000 	C:\WINDOWS\System32\powrprof.dll
0x77250000 - 0x77260000 	C:\WINDOWS\System32\profapi.dll
0x70cd0000 - 0x70e15000 	C:\Program Files (x86)\Java\jdk1.8.0_141\jre\bin\awt.dll
0x75700000 - 0x75796000 	C:\WINDOWS\System32\OLEAUT32.dll
0x714a0000 - 0x71518000 	C:\WINDOWS\system32\uxtheme.dll
0x75260000 - 0x753a6000 	C:\WINDOWS\System32\MSCTF.dll
0x72a00000 - 0x72a23000 	C:\WINDOWS\system32\dwmapi.dll
0x753b0000 - 0x754a3000 	C:\WINDOWS\System32\ole32.dll
0x70c60000 - 0x70c99000 	C:\Program Files (x86)\Java\jdk1.8.0_141\jre\bin\fontmanager.dll
0x70730000 - 0x7080f000 	C:\WINDOWS\system32\opengl32.dll
0x70ca0000 - 0x70cc5000 	C:\WINDOWS\SYSTEM32\GLU32.dll
0x75190000 - 0x75213000 	C:\WINDOWS\System32\clbcatq.dll
0x6c710000 - 0x6c882000 	C:\WINDOWS\SYSTEM32\WindowsCodecs.dll
0x6c520000 - 0x6c563000 	C:\WINDOWS\system32\dataexchange.dll
0x6c2c0000 - 0x6c512000 	C:\WINDOWS\system32\d3d11.dll
0x6c1d0000 - 0x6c2bb000 	C:\WINDOWS\system32\dcomp.dll
0x6c140000 - 0x6c1ca000 	C:\WINDOWS\system32\dxgi.dll
0x6c000000 - 0x6c136000 	C:\WINDOWS\system32\twinapi.appcore.dll
0x733e0000 - 0x733f8000 	C:\WINDOWS\system32\bcrypt.dll
0x70e20000 - 0x70e36000 	C:\Program Files (x86)\Java\jdk1.8.0_141\jre\bin\net.dll
0x720d0000 - 0x7211e000 	C:\WINDOWS\system32\mswsock.dll
0x71490000 - 0x7149f000 	C:\Program Files (x86)\Java\jdk1.8.0_141\jre\bin\nio.dll
0x702e0000 - 0x70312000 	C:\Program Files (x86)\Java\jdk1.8.0_141\jre\bin\t2k.dll
0x706c0000 - 0x70727000 	C:\WINDOWS\System32\TextInputFramework.dll
0x70490000 - 0x706b7000 	C:\WINDOWS\System32\CoreUIComponents.dll
0x70400000 - 0x7048f000 	C:\WINDOWS\System32\CoreMessaging.dll
0x71e30000 - 0x71e58000 	C:\WINDOWS\SYSTEM32\ntmarta.dll
0x70320000 - 0x703f1000 	C:\WINDOWS\SYSTEM32\wintypes.dll
0x70c50000 - 0x70c60000 	C:\WINDOWS\SYSTEM32\usermgrcli.dll
0x6cad0000 - 0x6cb8e000 	C:\Users\jaydutt\AppData\Local\Temp\javacpp64223647805\msvcr100.dll
0x6bf60000 - 0x6bfc9000 	C:\Users\jaydutt\AppData\Local\Temp\javacpp64223647805\msvcp100.dll
0x17ce0000 - 0x18c16000 	C:\Users\jaydutt\AppData\Local\Temp\javacpp64223647805\opencv_ffmpeg248.dll
0x6b7d0000 - 0x6b9d6000 	C:\Users\jaydutt\AppData\Local\Temp\javacpp64223647805\opencv_core248.dll
0x6b560000 - 0x6b7cb000 	C:\Users\jaydutt\AppData\Local\Temp\javacpp64223647805\opencv_imgproc248.dll
0x6b350000 - 0x6b557000 	C:\Users\jaydutt\AppData\Local\Temp\javacpp64223647805\opencv_highgui248.dll
0x6cc70000 - 0x6cc92000 	C:\WINDOWS\SYSTEM32\MSVFW32.dll
0x6cc50000 - 0x6cc6b000 	C:\WINDOWS\SYSTEM32\AVIFIL32.dll
0x6cbc0000 - 0x6cbd4000 	C:\WINDOWS\SYSTEM32\AVICAP32.dll
0x6cba0000 - 0x6cbb8000 	C:\WINDOWS\SYSTEM32\MSACM32.dll
0x6beb0000 - 0x6bf54000 	C:\Users\jaydutt\AppData\Local\Temp\javacpp64223647805\opencv_objdetect248.dll
0x6ca90000 - 0x6cacc000 	C:\Users\jaydutt\AppData\Local\Temp\javacpp64223647805\jniopencv_objdetect.dll
0x6b2d0000 - 0x6b345000 	C:\Users\jaydutt\AppData\Local\Temp\javacpp64223647805\jniopencv_core.dll
0x6b250000 - 0x6b2cc000 	C:\Users\jaydutt\AppData\Local\Temp\javacpp64223647805\opencv_flann248.dll
0x6b190000 - 0x6b242000 	C:\Users\jaydutt\AppData\Local\Temp\javacpp64223647805\opencv_features2d248.dll
0x6b0c0000 - 0x6b184000 	C:\Users\jaydutt\AppData\Local\Temp\javacpp64223647805\opencv_calib3d248.dll
0x6be50000 - 0x6bead000 	C:\Users\jaydutt\AppData\Local\Temp\javacpp64223647805\opencv_video248.dll
0x6b040000 - 0x6b0c0000 	C:\Users\jaydutt\AppData\Local\Temp\javacpp64223647805\opencv_ml248.dll
0x6af20000 - 0x6b03c000 	C:\Users\jaydutt\AppData\Local\Temp\javacpp64223647805\opencv_contrib248.dll
0x6aed0000 - 0x6af17000 	C:\Users\jaydutt\AppData\Local\Temp\javacpp64223647805\jniopencv_contrib.dll
0x6cc40000 - 0x6cc4f000 	C:\Users\jaydutt\AppData\Local\Temp\javacpp64223647805\jniopencv_highgui.dll
0x6ae90000 - 0x6aec9000 	C:\Users\jaydutt\AppData\Local\Temp\javacpp64223647805\jniopencv_imgproc.dll
0x6ae70000 - 0x6ae85000 	C:\Windows\System32\devenum.dll
0x76a10000 - 0x76e2a000 	C:\WINDOWS\System32\setupapi.dll
0x72e40000 - 0x72e62000 	C:\WINDOWS\SYSTEM32\DEVOBJ.dll
0x769c0000 - 0x76a04000 	C:\WINDOWS\System32\WINTRUST.dll
0x76130000 - 0x7613e000 	C:\WINDOWS\System32\MSASN1.dll
0x770d0000 - 0x7724d000 	C:\WINDOWS\System32\CRYPT32.dll
0x6ae30000 - 0x6ae6c000 	C:\Windows\System32\ksproxy.ax
0x6acc0000 - 0x6ae22000 	C:\Windows\System32\d3d9.dll
0x6be40000 - 0x6be47000 	C:\Windows\System32\ksuser.dll
0x6c640000 - 0x6c6a4000 	C:\WINDOWS\SYSTEM32\policymanager.dll
0x6c5d0000 - 0x6c636000 	C:\Windows\System32\msvcp110_win.dll
0x6acb0000 - 0x6acbc000 	C:\Windows\System32\vidcap.ax
0x6ac90000 - 0x6acb0000 	C:\Windows\System32\kswdmcap.ax
0x72290000 - 0x723bd000 	C:\Windows\System32\MFC42.dll
0x6ac80000 - 0x6ac89000 	C:\WINDOWS\SYSTEM32\msdmo.dll
0x6ac40000 - 0x6ac7a000 	C:\Windows\System32\qcap.dll
0x6aa90000 - 0x6ac33000 	C:\Windows\System32\quartz.dll
0x6aa50000 - 0x6aa85000 	C:\Windows\System32\mfksproxy.dll
0x6aa30000 - 0x6aa48000 	C:\Windows\System32\ATL.DLL
0x6aa00000 - 0x6aa2c000 	C:\Windows\System32\MFSENSORGROUP.dll
0x6a890000 - 0x6a9f5000 	C:\Windows\System32\MFPlat.DLL
0x6a860000 - 0x6a88a000 	C:\Windows\System32\RTWorkQ.DLL
0x6a7d0000 - 0x6a85e000 	C:\Windows\System32\qedit.dll
0x75c80000 - 0x75d6f000 	C:\WINDOWS\System32\COMDLG32.dll
0x71a80000 - 0x71be6000 	C:\WINDOWS\WinSxS\x86_microsoft.windows.gdiplus_6595b64144ccf1df_1.1.15063.608_none_9e9d5d4256d15def\gdiplus.dll
0x72a30000 - 0x72b1d000 	C:\Windows\System32\DDRAW.dll
0x72280000 - 0x72287000 	C:\Windows\System32\DCIMAN32.dll
0x65d90000 - 0x65dfd000 	C:\WINDOWS\SYSTEM32\D3DIM700.DLL
0x6a7c0000 - 0x6a7ca000 	C:\WINDOWS\SYSTEM32\msyuv.dll
0x735d0000 - 0x7372d000 	C:\WINDOWS\SYSTEM32\dbghelp.dll

VM Arguments:
jvm_args: -Dfile.encoding=UTF-8 -Djava.library.path=C:\opencv\build\java\x86 -Djava.security.policy=applet.policy -Djavacpp.platform.dependencies=true 
java_command: LOGIN
java_class_path (initial): C:\Program Files (x86)\NetBeans 8.2\java\modules\ext\AbsoluteLayout.jar;C:\javamail1_4_7\javamail-1.4.7\mail.jar;C:\Users\jaydutt\ui\lib\jcommon-1.0.23.jar;C:\Users\jaydutt\ui\lib\jfreechart-1.0.19.jar;C:\activation-2.2.1.jar;C:\activation-1.1.jar;C:\core-3.3.0.jar;C:\javase-3.3.0.jar;C:\Program Files (x86)\NetBeans 8.2\java\modules\ext\eclipselink\eclipselink.jar;C:\Program Files (x86)\NetBeans 8.2\java\modules\ext\eclipselink\javax.persistence_2.1.0.v201304241213.jar;C:\Program Files (x86)\NetBeans 8.2\java\modules\ext\eclipselink\org.eclipse.persistence.jpa.jpql_2.5.2.v20140319-9ad6abd.jar;C:\opencv\build\java\opencv-310.jar;C:\opencv\build\java\opencv-249.jar;C:\opencv\build\java\opencv-340.jar;C:\javacv-cppjars\ffmpeg-2.1.1-windows-x86.jar;C:\javacv-cppjars\ffmpeg-2.1.1-windows-x86_64.jar;C:\javacv-cppjars\opencv-2.4.8-windows-x86.jar;C:\javacv-cppjars\opencv-2.4.8-windows-x86_64.jar;C:\javacv-bin\javacpp.jar;C:\javacv-bin\javacv.jar;C:\javacv-bin\libfreenect-windows-x86.jar;C:\javacv-bin\libfreenect-windows-x86_64.jar;C:\javacv-bin\libfreenect2-windows-x86_64.jar;C:\jar_files\artoolkitplus-2.3.1-1.4.jar;C:\jar_files\ffmpeg-3.4.1-1.4.jar;C:\jar_files\flandmark-1.07-1.4.jar;C:\jar_files\flycapture-2.11.3.121-1.4.jar;C:\jar_files\javacpp-1.4.jar;C:\jar_files\javacv-1.4.jar;C:\jar_files\libdc1394-2.2.5-1.4.jar;C:\jar_files\libfreenect-0.5.3-1.4.jar;C:\jar_files\libfreenect2-0.2.0-1.4.jar;C:\jar_files\librealsense-1.12.1-1.4.jar;C:\jar_files\opencv-3.4.0-1.4.jar;C:\jar_files\videoinput-0.200-1.4.jar;C:\Users\jaydutt\ui\build\classes
Launcher Type: SUN_STANDARD

Environment Variables:
JAVA_HOME=C:\Program Files\Java\jdk1.8.0_161
PATH=C:\Program Files (x86)\Intel\iCLS Client\;C:\ProgramData\Oracle\Java\javapath;C:\Program Files\Intel\iCLS Client\;C:\windows\system32;C:\windows;C:\windows\System32\Wbem;C:\windows\System32\WindowsPowerShell\v1.0\;C:\Program Files (x86)\NVIDIA Corporation\PhysX\Common;C:\Program Files (x86)\Java\jre1.8.0_141;C:\Program Files (x86)\Java\jdk1.8.0_141/bin;C:\Program Files\Intel\WiFi\bin\;C:\Program Files\Common Files\Intel\WirelessCommon\;C:\WINDOWS\system32;C:\WINDOWS;C:\WINDOWS\System32\Wbem;C:\WINDOWS\System32\WindowsPowerShell\v1.0\;C:\Users\jaydutt\AppData\Local\Microsoft\WindowsApps;C:\adb;C:\Program Files (x86)\Intel\Intel(R) Management Engine Components\DAL;C:\Program Files\Intel\Intel(R) Management Engine Components\DAL;C:\Program Files (x86)\Intel\Intel(R) Management Engine Components\IPT;C:\Program Files\Intel\Intel(R) Management Engine Components\IPT;C:\sqlight\sqlite-tools-win32-x86-3220000;C:\Program Files\Java\jdk1.8.0_161;C:\Program Files\Java\jre1.8.0_161;C:\opencv\build\x86\vc10\bin;C:\opencv\build\java;C:\Users\jaydutt\AppData\Local\Microsoft\WindowsApps;C:\Users\jaydutt\AppData\Local\GitHubDesktop\bin
USERNAME=jaydutt
OS=Windows_NT
PROCESSOR_IDENTIFIER=Intel64 Family 6 Model 158 Stepping 9, GenuineIntel



---------------  S Y S T E M  ---------------

OS: Windows 10.0 , 64 bit Build 15063 (10.0.15063.296)

CPU:total 8 (initial active 8) (4 cores per cpu, 2 threads per core) family 6 model 158 stepping 9, cmov, cx8, fxsr, mmx, sse, sse2, sse3, ssse3, sse4.1, sse4.2, popcnt, avx, avx2, aes, clmul, erms, 3dnowpref, lzcnt, ht, tsc, tscinvbit, bmi1, bmi2, adx

Memory: 4k page, physical 16659684k(13466776k free), swap 33436900k(30434772k free)

vm_info: Java HotSpot(TM) Client VM (25.141-b15) for windows-x86 JRE (1.8.0_141-b15), built on Jul 12 2017 04:25:45 by "java_re" with MS VC++ 10.0 (VS2010)

time: Fri Mar 16 14:12:08 2018
elapsed time: 8 seconds (0d 0h 0m 8s)

