#
# A fatal error has been detected by the Java Runtime Environment:
#
#  EXCEPTION_ACCESS_VIOLATION (0xc0000005) at pc=0x17304a58, pid=15872, tid=0x00003884
#
# JRE version: Java(TM) SE Runtime Environment (8.0_141-b15) (build 1.8.0_141-b15)
# Java VM: Java HotSpot(TM) Client VM (25.141-b15 mixed mode, sharing windows-x86 )
# Problematic frame:
# C  0x17304a58
#
# Failed to write core dump. Minidumps are not enabled by default on client versions of Windows
#
# If you would like to submit a bug report, please visit:
#   http://bugreport.java.com/bugreport/crash.jsp
# The crash happened outside the Java Virtual Machine in native code.
# See problematic frame for where to report the bug.
#

---------------  T H R E A D  ---------------

Current thread (0x15c5e400):  JavaThread "Thread-3" [_thread_in_native, id=14468, stack(0x18c60000,0x18cb0000)]

siginfo: ExceptionCode=0xc0000005, ExceptionInformation=0x00000008 0x17304a58

Registers:
EAX=0x17301a68, EBX=0x18caee40, ECX=0x17304a58, EDX=0x00000001
ESP=0x18caed70, EBP=0x18caed88, ESI=0x17304a58, EDI=0x172fc19c
EIP=0x17304a58, EFLAGS=0x00010202

Top of Stack: (sp=0x18caed70)
0x18caed70:   62c2546c 17301a68 66cd43ac 18caedac
0x18caed80:   62c055f0 7e3639e5 18caedb8 66cedf22
0x18caed90:   172fc19c 66cd43ac 18caedac 172fc19c
0x18caeda0:   5b5283e4 5b528404 62c26322 00000001
0x18caedb0:   62c262d0 ea3fbf3b 18caf184 66cebbe3
0x18caedc0:   172fc19c 00000001 5b528404 5b5283e4
0x18caedd0:   00000001 00000000 18caee40 15c37888
0x18caede0:   15c37850 00000000 000000f5 00000000 

Instructions: (pc=0x17304a58)
0x17304a38:   ff ff ff ff 00 00 00 00 00 00 00 00 00 00 00 00
0x17304a48:   d0 07 00 02 00 00 00 00 00 00 00 00 00 00 00 00
0x17304a58:   00 00 00 00 00 00 00 00 0a 00 00 00 00 00 00 00
0x17304a68:   00 00 00 00 00 00 00 00 00 00 00 00 00 00 00 00 


Register to memory mapping:

EAX=0x17301a68 is an unknown value
EBX=0x18caee40 is pointing into the stack for thread: 0x15c5e400
ECX=0x17304a58 is an unknown value
EDX=0x00000001 is an unknown value
ESP=0x18caed70 is pointing into the stack for thread: 0x15c5e400
EBP=0x18caed88 is pointing into the stack for thread: 0x15c5e400
ESI=0x17304a58 is an unknown value
EDI=0x172fc19c is an unknown value


Stack: [0x18c60000,0x18cb0000],  sp=0x18caed70,  free space=315k
Native frames: (J=compiled Java code, j=interpreted, Vv=VM code, C=native code)
C  0x17304a58
C  [qcap.dll+0x1df22]
C  [qcap.dll+0x1bbe3]
C  [opencv_highgui248.dll+0x15a23]
C  [opencv_highgui248.dll+0x15cab]
C  [opencv_highgui248.dll+0x1613c]
C  [opencv_highgui248.dll+0x14736]
C  [opencv_highgui248.dll+0x1194]
C  [jniopencv_highgui.dll+0x597d]
j  com.googlecode.javacv.cpp.opencv_highgui.cvCreateCameraCapture(I)Lcom/googlecode/javacv/cpp/opencv_highgui$CvCapture;+0
j  FaceCapture.run()V+1
j  java.lang.Thread.run()V+11
v  ~StubRoutines::call_stub
V  [jvm.dll+0x15af45]
V  [jvm.dll+0x2213ae]
V  [jvm.dll+0x15afde]
V  [jvm.dll+0x15b166]
V  [jvm.dll+0x15b1d7]
V  [jvm.dll+0xff36f]
V  [jvm.dll+0x17dc30]
V  [jvm.dll+0x17e4aa]
V  [jvm.dll+0x1c2ec6]
C  [msvcr100.dll+0x5c556]
C  [msvcr100.dll+0x5c600]
C  [KERNEL32.DLL+0x18744]
C  [ntdll.dll+0x6582d]
C  [ntdll.dll+0x657fd]
C  0x00000000

Java frames: (J=compiled Java code, j=interpreted, Vv=VM code)
j  com.googlecode.javacv.cpp.opencv_highgui.cvCreateCameraCapture(I)Lcom/googlecode/javacv/cpp/opencv_highgui$CvCapture;+0
j  FaceCapture.run()V+1
j  java.lang.Thread.run()V+11
v  ~StubRoutines::call_stub

---------------  P R O C E S S  ---------------

Java Threads: ( => current thread )
  0x15c67800 JavaThread "Thread-4" [_thread_in_native, id=19452, stack(0x195a0000,0x195f0000)]
=>0x15c5e400 JavaThread "Thread-3" [_thread_in_native, id=14468, stack(0x18c60000,0x18cb0000)]
  0x15d35800 JavaThread "TimerQueue" daemon [_thread_blocked, id=16752, stack(0x17c30000,0x17c80000)]
  0x0045cc00 JavaThread "DestroyJavaVM" [_thread_blocked, id=9468, stack(0x02160000,0x021b0000)]
  0x15bbfc00 JavaThread "AWT-EventQueue-0" [_thread_blocked, id=14876, stack(0x16320000,0x16370000)]
  0x15b9d800 JavaThread "AWT-Windows" daemon [_thread_in_native, id=25060, stack(0x161a0000,0x161f0000)]
  0x15b9a400 JavaThread "AWT-Shutdown" [_thread_blocked, id=24224, stack(0x16110000,0x16160000)]
  0x15b99c00 JavaThread "Java2D Disposer" daemon [_thread_blocked, id=14604, stack(0x15fb0000,0x16000000)]
  0x0225e000 JavaThread "Service Thread" daemon [_thread_blocked, id=24008, stack(0x15270000,0x152c0000)]
  0x02241000 JavaThread "C1 CompilerThread0" daemon [_thread_blocked, id=1408, stack(0x14730000,0x14780000)]
  0x0223f800 JavaThread "Attach Listener" daemon [_thread_blocked, id=24628, stack(0x146a0000,0x146f0000)]
  0x0223d800 JavaThread "Signal Dispatcher" daemon [_thread_blocked, id=25056, stack(0x14610000,0x14660000)]
  0x02234800 JavaThread "Finalizer" daemon [_thread_blocked, id=3164, stack(0x14490000,0x144e0000)]
  0x021d7800 JavaThread "Reference Handler" daemon [_thread_blocked, id=14612, stack(0x14400000,0x14450000)]

Other Threads:
  0x021d4000 VMThread [stack: 0x04350000,0x043a0000] [id=5380]
  0x0227d800 WatcherThread [stack: 0x152c0000,0x15310000] [id=11424]

VM state:not at safepoint (normal execution)

VM Mutex/Monitor currently owned by a thread: None

Heap:
 def new generation   total 4928K, used 3935K [0x04400000, 0x04950000, 0x09950000)
  eden space 4416K,  77% used [0x04400000, 0x04757f48, 0x04850000)
  from space 512K, 100% used [0x04850000, 0x048d0000, 0x048d0000)
  to   space 512K,   0% used [0x048d0000, 0x048d0000, 0x04950000)
 tenured generation   total 10944K, used 5200K [0x09950000, 0x0a400000, 0x14400000)
   the space 10944K,  47% used [0x09950000, 0x09e643e8, 0x09e64400, 0x0a400000)
 Metaspace       used 1880K, capacity 3320K, committed 3392K, reserved 4480K

Card table byte_map: [0x00550000,0x005e0000] byte_map_base: 0x0052e000

Polling page: 0x00400000

CodeCache: size=32768Kb used=1247Kb max_used=1247Kb free=31520Kb
 bounds [0x022b0000, 0x023e8000, 0x042b0000]
 total_blobs=677 nmethods=412 adapters=196
 compilation: enabled

Compilation events (10 events):
Event: 11.632 Thread 0x02241000  410             com.googlecode.javacpp.Loader$ClassProperties::addAll (14 bytes)
Event: 11.632 Thread 0x02241000 nmethod 410 0x023e3288 code [0x023e33a0, 0x023e3518]
Event: 11.635 Thread 0x02241000  411             com.googlecode.javacpp.Loader$ClassProperties::get (30 bytes)
Event: 11.635 Thread 0x02241000 nmethod 411 0x023e3648 code [0x023e3780, 0x023e3970]
Event: 11.635 Thread 0x02241000  412             sun.reflect.annotation.AnnotationInvocationHandler::cloneArray (170 bytes)
Event: 11.635 Thread 0x02241000 nmethod 412 0x023e3bc8 code [0x023e3d80, 0x023e410c]
Event: 11.650 Thread 0x02241000  413  s          java.lang.StringBuffer::append (13 bytes)
Event: 11.650 Thread 0x02241000 nmethod 413 0x023e5c08 code [0x023e5d10, 0x023e5efc]
Event: 11.656 Thread 0x02241000  414             java.io.WinNTFileSystem::normalizePrefix (132 bytes)
Event: 11.657 Thread 0x02241000 nmethod 414 0x023e5f88 code [0x023e6170, 0x023e6fc4]

GC Heap History (8 events):
Event: 0.213 GC heap before
{Heap before GC invocations=0 (full 0):
 def new generation   total 4928K, used 4416K [0x04400000, 0x04950000, 0x09950000)
  eden space 4416K, 100% used [0x04400000, 0x04850000, 0x04850000)
  from space 512K,   0% used [0x04850000, 0x04850000, 0x048d0000)
  to   space 512K,   0% used [0x048d0000, 0x048d0000, 0x04950000)
 tenured generation   total 10944K, used 0K [0x09950000, 0x0a400000, 0x14400000)
   the space 10944K,   0% used [0x09950000, 0x09950000, 0x09950200, 0x0a400000)
 Metaspace       used 582K, capacity 2493K, committed 2496K, reserved 4480K
Event: 0.217 GC heap after
Heap after GC invocations=1 (full 0):
 def new generation   total 4928K, used 512K [0x04400000, 0x04950000, 0x09950000)
  eden space 4416K,   0% used [0x04400000, 0x04400000, 0x04850000)
  from space 512K, 100% used [0x048d0000, 0x04950000, 0x04950000)
  to   space 512K,   0% used [0x04850000, 0x04850000, 0x048d0000)
 tenured generation   total 10944K, used 781K [0x09950000, 0x0a400000, 0x14400000)
   the space 10944K,   7% used [0x09950000, 0x09a13780, 0x09a13800, 0x0a400000)
 Metaspace       used 582K, capacity 2493K, committed 2496K, reserved 4480K
}
Event: 0.353 GC heap before
{Heap before GC invocations=1 (full 0):
 def new generation   total 4928K, used 3006K [0x04400000, 0x04950000, 0x09950000)
  eden space 4416K,  56% used [0x04400000, 0x0466f8f0, 0x04850000)
  from space 512K, 100% used [0x048d0000, 0x04950000, 0x04950000)
  to   space 512K,   0% used [0x04850000, 0x04850000, 0x048d0000)
 tenured generation   total 10944K, used 781K [0x09950000, 0x0a400000, 0x14400000)
   the space 10944K,   7% used [0x09950000, 0x09a13780, 0x09a13800, 0x0a400000)
 Metaspace       used 864K, capacity 2517K, committed 2624K, reserved 4480K
Event: 0.357 GC heap after
Heap after GC invocations=2 (full 0):
 def new generation   total 4928K, used 512K [0x04400000, 0x04950000, 0x09950000)
  eden space 4416K,   0% used [0x04400000, 0x04400000, 0x04850000)
  from space 512K, 100% used [0x04850000, 0x048d0000, 0x048d0000)
  to   space 512K,   0% used [0x048d0000, 0x048d0000, 0x04950000)
 tenured generation   total 10944K, used 1900K [0x09950000, 0x0a400000, 0x14400000)
   the space 10944K,  17% used [0x09950000, 0x09b2b138, 0x09b2b200, 0x0a400000)
 Metaspace       used 864K, capacity 2517K, committed 2624K, reserved 4480K
}
Event: 10.865 GC heap before
{Heap before GC invocations=2 (full 0):
 def new generation   total 4928K, used 4928K [0x04400000, 0x04950000, 0x09950000)
  eden space 4416K, 100% used [0x04400000, 0x04850000, 0x04850000)
  from space 512K, 100% used [0x04850000, 0x048d0000, 0x048d0000)
  to   space 512K,   0% used [0x048d0000, 0x048d0000, 0x04950000)
 tenured generation   total 10944K, used 1900K [0x09950000, 0x0a400000, 0x14400000)
   the space 10944K,  17% used [0x09950000, 0x09b2b138, 0x09b2b200, 0x0a400000)
 Metaspace       used 1058K, capacity 2645K, committed 2752K, reserved 4480K
Event: 10.868 GC heap after
Heap after GC invocations=3 (full 0):
 def new generation   total 4928K, used 228K [0x04400000, 0x04950000, 0x09950000)
  eden space 4416K,   0% used [0x04400000, 0x04400000, 0x04850000)
  from space 512K,  44% used [0x048d0000, 0x04909018, 0x04950000)
  to   space 512K,   0% used [0x04850000, 0x04850000, 0x048d0000)
 tenured generation   total 10944K, used 4990K [0x09950000, 0x0a400000, 0x14400000)
   the space 10944K,  45% used [0x09950000, 0x09e2f990, 0x09e2fa00, 0x0a400000)
 Metaspace       used 1058K, capacity 2645K, committed 2752K, reserved 4480K
}
Event: 11.414 GC heap before
{Heap before GC invocations=3 (full 0):
 def new generation   total 4928K, used 4644K [0x04400000, 0x04950000, 0x09950000)
  eden space 4416K, 100% used [0x04400000, 0x04850000, 0x04850000)
  from space 512K,  44% used [0x048d0000, 0x04909018, 0x04950000)
  to   space 512K,   0% used [0x04850000, 0x04850000, 0x048d0000)
 tenured generation   total 10944K, used 4990K [0x09950000, 0x0a400000, 0x14400000)
   the space 10944K,  45% used [0x09950000, 0x09e2f990, 0x09e2fa00, 0x0a400000)
 Metaspace       used 1660K, capacity 3125K, committed 3136K, reserved 4480K
Event: 11.415 GC heap after
Heap after GC invocations=4 (full 0):
 def new generation   total 4928K, used 512K [0x04400000, 0x04950000, 0x09950000)
  eden space 4416K,   0% used [0x04400000, 0x04400000, 0x04850000)
  from space 512K, 100% used [0x04850000, 0x048d0000, 0x048d0000)
  to   space 512K,   0% used [0x048d0000, 0x048d0000, 0x04950000)
 tenured generation   total 10944K, used 5200K [0x09950000, 0x0a400000, 0x14400000)
   the space 10944K,  47% used [0x09950000, 0x09e643e8, 0x09e64400, 0x0a400000)
 Metaspace       used 1660K, capacity 3125K, committed 3136K, reserved 4480K
}

Deoptimization events (0 events):
No events

Internal exceptions (10 events):
Event: 0.198 Thread 0x0045cc00 Exception <a 'java/lang/ClassNotFoundException': ToolBar> (0x047a9d98) thrown at [C:\workspace\8-2-build-windows-i586-cygwin\jdk8u141\9370\hotspot\src\share\vm\classfile\systemDictionary.cpp, line 210]
Event: 0.198 Thread 0x0045cc00 Exception <a 'java/lang/ClassNotFoundException': ToggleButton> (0x047aa2e0) thrown at [C:\workspace\8-2-build-windows-i586-cygwin\jdk8u141\9370\hotspot\src\share\vm\classfile\systemDictionary.cpp, line 210]
Event: 0.198 Thread 0x0045cc00 Exception <a 'java/lang/ClassNotFoundException': javax/swing/JToolBarSeparator> (0x047aa700) thrown at [C:\workspace\8-2-build-windows-i586-cygwin\jdk8u141\9370\hotspot\src\share\vm\classfile\systemDictionary.cpp, line 210]
Event: 0.198 Thread 0x0045cc00 Exception <a 'java/lang/ClassNotFoundException': ToolBarSeparator> (0x047aab58) thrown at [C:\workspace\8-2-build-windows-i586-cygwin\jdk8u141\9370\hotspot\src\share\vm\classfile\systemDictionary.cpp, line 210]
Event: 0.199 Thread 0x0045cc00 Exception <a 'java/lang/ClassNotFoundException': ToolTip> (0x047ab200) thrown at [C:\workspace\8-2-build-windows-i586-cygwin\jdk8u141\9370\hotspot\src\share\vm\classfile\systemDictionary.cpp, line 210]
Event: 0.199 Thread 0x0045cc00 Exception <a 'java/lang/ClassNotFoundException': Tree> (0x047abce8) thrown at [C:\workspace\8-2-build-windows-i586-cygwin\jdk8u141\9370\hotspot\src\share\vm\classfile\systemDictionary.cpp, line 210]
Event: 0.199 Thread 0x0045cc00 Exception <a 'java/lang/ClassNotFoundException': Tree> (0x047ac388) thrown at [C:\workspace\8-2-build-windows-i586-cygwin\jdk8u141\9370\hotspot\src\share\vm\classfile\systemDictionary.cpp, line 210]
Event: 0.199 Thread 0x0045cc00 Exception <a 'java/lang/ClassNotFoundException': javax/swing/JTreeCell> (0x047ac6c0) thrown at [C:\workspace\8-2-build-windows-i586-cygwin\jdk8u141\9370\hotspot\src\share\vm\classfile\systemDictionary.cpp, line 210]
Event: 0.199 Thread 0x0045cc00 Exception <a 'java/lang/ClassNotFoundException': TreeCell> (0x047acb08) thrown at [C:\workspace\8-2-build-windows-i586-cygwin\jdk8u141\9370\hotspot\src\share\vm\classfile\systemDictionary.cpp, line 210]
Event: 0.199 Thread 0x0045cc00 Exception <a 'java/lang/ClassNotFoundException': RootPane> (0x047ad480) thrown at [C:\workspace\8-2-build-windows-i586-cygwin\jdk8u141\9370\hotspot\src\share\vm\classfile\systemDictionary.cpp, line 210]

Events (10 events):
Event: 11.654 loading class com/googlecode/javacv/cpp/opencv_imgproc$CvDistanceFunction
Event: 11.654 loading class com/googlecode/javacv/cpp/opencv_imgproc$CvDistanceFunction done
Event: 11.655 loading class com/googlecode/javacv/cpp/opencv_imgproc$CvFeatureTree
Event: 11.655 loading class com/googlecode/javacv/cpp/opencv_imgproc$CvFeatureTree done
Event: 11.655 loading class com/googlecode/javacv/cpp/opencv_imgproc$CvContourScanner
Event: 11.655 loading class com/googlecode/javacv/cpp/opencv_imgproc$CvContourScanner done
Event: 11.656 loading class java/nio/FloatBuffer
Event: 11.656 loading class java/nio/FloatBuffer done
Event: 11.674 Thread 0x15c5e400 Thread added: 0x15c5e400
Event: 11.689 Thread 0x15c67800 Thread added: 0x15c67800


Dynamic libraries:
0x009a0000 - 0x009d3000 	C:\Program Files (x86)\Java\jdk1.8.0_141\bin\java.exe
0x77df0000 - 0x77f7e000 	C:\WINDOWS\SYSTEM32\ntdll.dll
0x76060000 - 0x76130000 	C:\WINDOWS\System32\KERNEL32.DLL
0x75370000 - 0x75532000 	C:\WINDOWS\System32\KERNELBASE.dll
0x73d10000 - 0x73da3000 	C:\WINDOWS\SYSTEM32\apphelp.dll
0x75ec0000 - 0x75f37000 	C:\WINDOWS\System32\ADVAPI32.dll
0x74f50000 - 0x7500d000 	C:\WINDOWS\System32\msvcrt.dll
0x75d60000 - 0x75da1000 	C:\WINDOWS\System32\sechost.dll
0x77bb0000 - 0x77c70000 	C:\WINDOWS\System32\RPCRT4.dll
0x75310000 - 0x75330000 	C:\WINDOWS\System32\SspiCli.dll
0x75300000 - 0x7530a000 	C:\WINDOWS\System32\CRYPTBASE.dll
0x74e00000 - 0x74e57000 	C:\WINDOWS\System32\bcryptPrimitives.dll
0x776b0000 - 0x777ec000 	C:\WINDOWS\System32\USER32.dll
0x75570000 - 0x75586000 	C:\WINDOWS\System32\win32u.dll
0x75e10000 - 0x75e31000 	C:\WINDOWS\System32\GDI32.dll
0x75010000 - 0x75168000 	C:\WINDOWS\System32\gdi32full.dll
0x777f0000 - 0x77869000 	C:\WINDOWS\System32\msvcp_win.dll
0x75f40000 - 0x76058000 	C:\WINDOWS\System32\ucrtbase.dll
0x731f0000 - 0x733fe000 	C:\WINDOWS\WinSxS\x86_microsoft.windows.common-controls_6595b64144ccf1df_6.0.15063.483_none_6dad63fefc436da8\COMCTL32.dll
0x77910000 - 0x77b48000 	C:\WINDOWS\System32\combase.dll
0x75540000 - 0x75565000 	C:\WINDOWS\System32\IMM32.DLL
0x71b70000 - 0x71c2f000 	C:\Program Files (x86)\Java\jdk1.8.0_141\jre\bin\msvcr100.dll
0x6d4d0000 - 0x6d89e000 	C:\Program Files (x86)\Java\jdk1.8.0_141\jre\bin\client\jvm.dll
0x75d40000 - 0x75d46000 	C:\WINDOWS\System32\PSAPI.DLL
0x746c0000 - 0x746c8000 	C:\WINDOWS\SYSTEM32\VERSION.dll
0x73550000 - 0x73558000 	C:\WINDOWS\SYSTEM32\WSOCK32.dll
0x73c50000 - 0x73c74000 	C:\WINDOWS\SYSTEM32\WINMM.dll
0x756e0000 - 0x75747000 	C:\WINDOWS\System32\WS2_32.dll
0x73520000 - 0x73543000 	C:\WINDOWS\SYSTEM32\winmmbase.dll
0x75330000 - 0x75369000 	C:\WINDOWS\System32\cfgmgr32.dll
0x72740000 - 0x7274c000 	C:\Program Files (x86)\Java\jdk1.8.0_141\jre\bin\verify.dll
0x71b10000 - 0x71b31000 	C:\Program Files (x86)\Java\jdk1.8.0_141\jre\bin\java.dll
0x71af0000 - 0x71b03000 	C:\Program Files (x86)\Java\jdk1.8.0_141\jre\bin\zip.dll
0x762b0000 - 0x775f8000 	C:\WINDOWS\System32\SHELL32.dll
0x77880000 - 0x7790c000 	C:\WINDOWS\System32\shcore.dll
0x757b0000 - 0x75d37000 	C:\WINDOWS\System32\windows.storage.dll
0x75750000 - 0x75795000 	C:\WINDOWS\System32\shlwapi.dll
0x76130000 - 0x7613e000 	C:\WINDOWS\System32\kernel.appcore.dll
0x77660000 - 0x776a5000 	C:\WINDOWS\System32\powrprof.dll
0x75d50000 - 0x75d60000 	C:\WINDOWS\System32\profapi.dll
0x6d380000 - 0x6d4c5000 	C:\Program Files (x86)\Java\jdk1.8.0_141\jre\bin\awt.dll
0x747b0000 - 0x74846000 	C:\WINDOWS\System32\OLEAUT32.dll
0x725e0000 - 0x72658000 	C:\WINDOWS\system32\uxtheme.dll
0x75590000 - 0x756d6000 	C:\WINDOWS\System32\MSCTF.dll
0x73190000 - 0x731b3000 	C:\WINDOWS\system32\dwmapi.dll
0x74850000 - 0x74943000 	C:\WINDOWS\System32\ole32.dll
0x6f020000 - 0x6f059000 	C:\Program Files (x86)\Java\jdk1.8.0_141\jre\bin\fontmanager.dll
0x6a650000 - 0x6a72f000 	C:\WINDOWS\system32\opengl32.dll
0x71aa0000 - 0x71ac5000 	C:\WINDOWS\SYSTEM32\GLU32.dll
0x74950000 - 0x749d3000 	C:\WINDOWS\System32\clbcatq.dll
0x6e390000 - 0x6e502000 	C:\WINDOWS\SYSTEM32\WindowsCodecs.dll
0x6d330000 - 0x6d373000 	C:\WINDOWS\system32\dataexchange.dll
0x6a050000 - 0x6a2a2000 	C:\WINDOWS\system32\d3d11.dll
0x69f60000 - 0x6a04b000 	C:\WINDOWS\system32\dcomp.dll
0x69ed0000 - 0x69f5a000 	C:\WINDOWS\system32\dxgi.dll
0x6e550000 - 0x6e686000 	C:\WINDOWS\system32\twinapi.appcore.dll
0x743e0000 - 0x743f8000 	C:\WINDOWS\system32\bcrypt.dll
0x71ad0000 - 0x71ae6000 	C:\Program Files (x86)\Java\jdk1.8.0_141\jre\bin\net.dll
0x72830000 - 0x7287e000 	C:\WINDOWS\system32\mswsock.dll
0x72430000 - 0x7243f000 	C:\Program Files (x86)\Java\jdk1.8.0_141\jre\bin\nio.dll
0x6efe0000 - 0x6f012000 	C:\Program Files (x86)\Java\jdk1.8.0_141\jre\bin\t2k.dll
0x6a570000 - 0x6a5d7000 	C:\WINDOWS\System32\TextInputFramework.dll
0x6a340000 - 0x6a567000 	C:\WINDOWS\System32\CoreUIComponents.dll
0x6a2b0000 - 0x6a33f000 	C:\WINDOWS\System32\CoreMessaging.dll
0x6de90000 - 0x6dea0000 	C:\WINDOWS\SYSTEM32\usermgrcli.dll
0x72800000 - 0x72828000 	C:\WINDOWS\SYSTEM32\ntmarta.dll
0x6e9b0000 - 0x6ea81000 	C:\WINDOWS\SYSTEM32\wintypes.dll
0x62a40000 - 0x62afe000 	C:\Users\jaydutt\AppData\Local\Temp\javacpp614936368939828\msvcr100.dll
0x629d0000 - 0x62a39000 	C:\Users\jaydutt\AppData\Local\Temp\javacpp614936368939828\msvcp100.dll
0x17ce0000 - 0x18c16000 	C:\Users\jaydutt\AppData\Local\Temp\javacpp614936368939828\opencv_ffmpeg248.dll
0x5b890000 - 0x5ba96000 	C:\Users\jaydutt\AppData\Local\Temp\javacpp614936368939828\opencv_core248.dll
0x5b620000 - 0x5b88b000 	C:\Users\jaydutt\AppData\Local\Temp\javacpp614936368939828\opencv_imgproc248.dll
0x5b410000 - 0x5b617000 	C:\Users\jaydutt\AppData\Local\Temp\javacpp614936368939828\opencv_highgui248.dll
0x67ea0000 - 0x67ebb000 	C:\WINDOWS\SYSTEM32\AVIFIL32.dll
0x67340000 - 0x67354000 	C:\WINDOWS\SYSTEM32\AVICAP32.dll
0x67e70000 - 0x67e92000 	C:\WINDOWS\SYSTEM32\MSVFW32.dll
0x67320000 - 0x67338000 	C:\WINDOWS\SYSTEM32\MSACM32.dll
0x62920000 - 0x629c4000 	C:\Users\jaydutt\AppData\Local\Temp\javacpp614936368939828\opencv_objdetect248.dll
0x5f6d0000 - 0x5f70c000 	C:\Users\jaydutt\AppData\Local\Temp\javacpp614936368939828\jniopencv_objdetect.dll
0x5f650000 - 0x5f6c5000 	C:\Users\jaydutt\AppData\Local\Temp\javacpp614936368939828\jniopencv_core.dll
0x5f5d0000 - 0x5f64c000 	C:\Users\jaydutt\AppData\Local\Temp\javacpp614936368939828\opencv_flann248.dll
0x5b350000 - 0x5b402000 	C:\Users\jaydutt\AppData\Local\Temp\javacpp614936368939828\opencv_features2d248.dll
0x5b280000 - 0x5b344000 	C:\Users\jaydutt\AppData\Local\Temp\javacpp614936368939828\opencv_calib3d248.dll
0x5b220000 - 0x5b27d000 	C:\Users\jaydutt\AppData\Local\Temp\javacpp614936368939828\opencv_video248.dll
0x5b1a0000 - 0x5b220000 	C:\Users\jaydutt\AppData\Local\Temp\javacpp614936368939828\opencv_ml248.dll
0x5b080000 - 0x5b19c000 	C:\Users\jaydutt\AppData\Local\Temp\javacpp614936368939828\opencv_contrib248.dll
0x5b030000 - 0x5b077000 	C:\Users\jaydutt\AppData\Local\Temp\javacpp614936368939828\jniopencv_contrib.dll
0x69de0000 - 0x69def000 	C:\Users\jaydutt\AppData\Local\Temp\javacpp614936368939828\jniopencv_highgui.dll
0x5aff0000 - 0x5b029000 	C:\Users\jaydutt\AppData\Local\Temp\javacpp614936368939828\jniopencv_imgproc.dll
0x66ff0000 - 0x67005000 	C:\Windows\System32\devenum.dll
0x749e0000 - 0x74dfa000 	C:\WINDOWS\System32\setupapi.dll
0x734f0000 - 0x73512000 	C:\WINDOWS\SYSTEM32\DEVOBJ.dll
0x77610000 - 0x77654000 	C:\WINDOWS\System32\WINTRUST.dll
0x77600000 - 0x7760e000 	C:\WINDOWS\System32\MSASN1.dll
0x77c70000 - 0x77ded000 	C:\WINDOWS\System32\CRYPT32.dll
0x6efd0000 - 0x6efd9000 	C:\WINDOWS\SYSTEM32\msdmo.dll
0x66cd0000 - 0x66d0a000 	C:\Windows\System32\qcap.dll
0x62c00000 - 0x62da3000 	C:\Windows\System32\quartz.dll
0x66550000 - 0x66585000 	C:\Windows\System32\mfksproxy.dll
0x66ca0000 - 0x66ccc000 	C:\Windows\System32\MFSENSORGROUP.dll
0x66fd0000 - 0x66fe8000 	C:\Windows\System32\ATL.DLL
0x64040000 - 0x641a5000 	C:\Windows\System32\MFPlat.DLL
0x67e40000 - 0x67e6a000 	C:\Windows\System32\RTWorkQ.DLL
0x661a0000 - 0x661dc000 	C:\Windows\System32\ksproxy.ax
0x682d0000 - 0x68432000 	C:\Windows\System32\d3d9.dll
0x6e510000 - 0x6e517000 	C:\Windows\System32\ksuser.dll
0x6e1d0000 - 0x6e234000 	C:\WINDOWS\SYSTEM32\policymanager.dll
0x6dea0000 - 0x6df06000 	C:\Windows\System32\msvcp110_win.dll
0x6e310000 - 0x6e31c000 	C:\Windows\System32\vidcap.ax
0x66ac0000 - 0x66ae0000 	C:\Windows\System32\kswdmcap.ax
0x73060000 - 0x7318d000 	C:\Windows\System32\MFC42.dll
0x62b70000 - 0x62bfe000 	C:\Windows\System32\qedit.dll
0x74e60000 - 0x74f4f000 	C:\WINDOWS\System32\COMDLG32.dll
0x71880000 - 0x719e6000 	C:\WINDOWS\WinSxS\x86_microsoft.windows.gdiplus_6595b64144ccf1df_1.1.15063.608_none_9e9d5d4256d15def\gdiplus.dll
0x73400000 - 0x734ed000 	C:\Windows\System32\DDRAW.dll
0x728e0000 - 0x728e7000 	C:\Windows\System32\DCIMAN32.dll
0x681e0000 - 0x68239000 	C:\WINDOWS\SYSTEM32\MMDevAPI.DLL
0x72050000 - 0x721b4000 	C:\WINDOWS\SYSTEM32\PROPSYS.dll
0x5afb0000 - 0x5afe9000 	C:\WINDOWS\SYSTEM32\wdmaud.drv
0x67260000 - 0x67269000 	C:\WINDOWS\SYSTEM32\AVRT.dll
0x62b00000 - 0x62b6d000 	C:\WINDOWS\SYSTEM32\D3DIM700.DLL
0x5aed0000 - 0x5afa7000 	C:\WINDOWS\SYSTEM32\AUDIOSES.DLL
0x66ab0000 - 0x66aba000 	C:\WINDOWS\SYSTEM32\msacm32.drv
0x66540000 - 0x66548000 	C:\WINDOWS\SYSTEM32\midimap.dll
0x5f5b0000 - 0x5f5c1000 	C:\WINDOWS\SYSTEM32\vfwwdm32.dll
0x74530000 - 0x7468d000 	C:\WINDOWS\SYSTEM32\dbghelp.dll

VM Arguments:
jvm_args: -Dfile.encoding=UTF-8 -Djava.library.path=C:\opencv\build\java\x86 -Djava.security.policy=applet.policy -Djavacpp.platform.dependencies=true 
java_command: LOGIN
java_class_path (initial): C:\Program Files (x86)\NetBeans 8.2\java\modules\ext\AbsoluteLayout.jar;C:\javamail1_4_7\javamail-1.4.7\mail.jar;C:\Users\jaydutt\ui\lib\jcommon-1.0.23.jar;C:\Users\jaydutt\ui\lib\jfreechart-1.0.19.jar;C:\activation-2.2.1.jar;C:\activation-1.1.jar;C:\core-3.3.0.jar;C:\javase-3.3.0.jar;C:\Program Files (x86)\NetBeans 8.2\java\modules\ext\eclipselink\eclipselink.jar;C:\Program Files (x86)\NetBeans 8.2\java\modules\ext\eclipselink\javax.persistence_2.1.0.v201304241213.jar;C:\Program Files (x86)\NetBeans 8.2\java\modules\ext\eclipselink\org.eclipse.persistence.jpa.jpql_2.5.2.v20140319-9ad6abd.jar;C:\javacv-cppjars\ffmpeg-2.1.1-windows-x86.jar;C:\javacv-cppjars\ffmpeg-2.1.1-windows-x86_64.jar;C:\javacv-cppjars\opencv-2.4.8-windows-x86.jar;C:\javacv-cppjars\opencv-2.4.8-windows-x86_64.jar;C:\javacv-bin\javacpp.jar;C:\javacv-bin\javacv.jar;C:\javacv-bin\libfreenect-windows-x86.jar;C:\javacv-bin\libfreenect-windows-x86_64.jar;C:\javacv-bin\libfreenect2-windows-x86_64.jar;C:\jar_files\artoolkitplus-2.3.1-1.4.jar;C:\jar_files\ffmpeg-3.4.1-1.4.jar;C:\jar_files\flandmark-1.07-1.4.jar;C:\jar_files\flycapture-2.11.3.121-1.4.jar;C:\jar_files\javacpp-1.4.jar;C:\jar_files\javacv-1.4.jar;C:\jar_files\libdc1394-2.2.5-1.4.jar;C:\jar_files\libfreenect-0.5.3-1.4.jar;C:\jar_files\libfreenect2-0.2.0-1.4.jar;C:\jar_files\librealsense-1.12.1-1.4.jar;C:\jar_files\opencv-3.4.0-1.4.jar;C:\jar_files\videoinput-0.200-1.4.jar;C:\Users\jaydutt\ui\build\classes
Launcher Type: SUN_STANDARD

Environment Variables:
JAVA_HOME=C:\Program Files\Java\jdk1.8.0_161
PATH=C:\Program Files (x86)\Intel\iCLS Client\;C:\ProgramData\Oracle\Java\javapath;C:\Program Files\Intel\iCLS Client\;C:\windows\system32;C:\windows;C:\windows\System32\Wbem;C:\windows\System32\WindowsPowerShell\v1.0\;C:\Program Files (x86)\NVIDIA Corporation\PhysX\Common;C:\Program Files (x86)\Java\jre1.8.0_141;C:\Program Files (x86)\Java\jdk1.8.0_141/bin;C:\Program Files\Intel\WiFi\bin\;C:\Program Files\Common Files\Intel\WirelessCommon\;C:\WINDOWS\system32;C:\WINDOWS;C:\WINDOWS\System32\Wbem;C:\WINDOWS\System32\WindowsPowerShell\v1.0\;C:\Users\jaydutt\AppData\Local\Microsoft\WindowsApps;C:\adb;C:\Program Files (x86)\Intel\Intel(R) Management Engine Components\DAL;C:\Program Files\Intel\Intel(R) Management Engine Components\DAL;C:\Program Files (x86)\Intel\Intel(R) Management Engine Components\IPT;C:\Program Files\Intel\Intel(R) Management Engine Components\IPT;C:\sqlight\sqlite-tools-win32-x86-3220000;C:\Program Files\Java\jdk1.8.0_161;C:\Program Files\Java\jre1.8.0_161;C:\opencv\build\x86\vc10\bin;C:\opencv\build\java;C:\Users\jaydutt\AppData\Local\Microsoft\WindowsApps;C:\Users\jaydutt\AppData\Local\GitHubDesktop\bin
USERNAME=jaydutt
OS=Windows_NT
PROCESSOR_IDENTIFIER=Intel64 Family 6 Model 158 Stepping 9, GenuineIntel



---------------  S Y S T E M  ---------------

OS: Windows 10.0 , 64 bit Build 15063 (10.0.15063.296)

CPU:total 8 (initial active 8) (4 cores per cpu, 2 threads per core) family 6 model 158 stepping 9, cmov, cx8, fxsr, mmx, sse, sse2, sse3, ssse3, sse4.1, sse4.2, popcnt, avx, avx2, aes, clmul, erms, 3dnowpref, lzcnt, ht, tsc, tscinvbit, bmi1, bmi2, adx

Memory: 4k page, physical 16659684k(10971736k free), swap 33436900k(26975448k free)

vm_info: Java HotSpot(TM) Client VM (25.141-b15) for windows-x86 JRE (1.8.0_141-b15), built on Jul 12 2017 04:25:45 by "java_re" with MS VC++ 10.0 (VS2010)

time: Sat Mar 31 16:03:58 2018
elapsed time: 11 seconds (0d 0h 0m 11s)

