#
# A fatal error has been detected by the Java Runtime Environment:
#
#  EXCEPTION_ACCESS_VIOLATION (0xc0000005) at pc=0x680a29fe, pid=9624, tid=0x00002a4c
#
# JRE version: Java(TM) SE Runtime Environment (8.0_141-b15) (build 1.8.0_141-b15)
# Java VM: Java HotSpot(TM) Client VM (25.141-b15 mixed mode windows-x86 )
# Problematic frame:
# C  [opencv_highgui248.dll+0x129fe]
#
# Failed to write core dump. Minidumps are not enabled by default on client versions of Windows
#
# If you would like to submit a bug report, please visit:
#   http://bugreport.java.com/bugreport/crash.jsp
# The crash happened outside the Java Virtual Machine in native code.
# See problematic frame for where to report the bug.
#

---------------  T H R E A D  ---------------

Current thread (0x19252400):  JavaThread "Thread-3" [_thread_in_native, id=10828, stack(0x16360000,0x163b0000)]

siginfo: ExceptionCode=0xc0000005, reading address 0x00000000

Registers:
EAX=0x00000000, EBX=0x012ef1d8, ECX=0x15cc5be0, EDX=0x163af5a4
ESP=0x163af598, EBP=0x163af5a8, ESI=0x15cc5be0, EDI=0x00000280
EIP=0x680a29fe, EFLAGS=0x00010206

Top of Stack: (sp=0x163af598)
0x163af598:   00000000 15cc5be0 15cc5c1c 00000000
0x163af5a8:   163af654 680a563f 000001e0 e436eb7d
0x163af5b8:   11ce524f 2000539f 70a70baf 19885f88
0x163af5c8:   68280838 00000000 163af61c 74a370d5
0x163af5d8:   01270000 00000000 000001e0 012ef1d8
0x163af5e8:   00000280 00000000 00000000 15cc5c10
0x163af5f8:   00000000 68280838 0127eaa0 163af5e4
0x163af608:   163af620 163af6a4 74a4c8c0 17f20326 

Instructions: (pc=0x680a29fe)
0x680a29de:   cc cc 55 8b ec 51 53 56 57 8b f1 8b f8 8b 46 44
0x680a29ee:   8b 58 44 8b 46 3c 8d 55 fc c7 45 fc 00 00 00 00
0x680a29fe:   8b 08 52 50 8b 41 10 ff d0 85 c0 0f 85 ba 00 00
0x680a2a0e:   00 8b 4d 08 89 7b 34 0f af f9 89 4b 38 8b 46 44 


Register to memory mapping:

EAX=0x00000000 is an unknown value
EBX=0x012ef1d8 is an unknown value
ECX=0x15cc5be0 is an unknown value
EDX=0x163af5a4 is pointing into the stack for thread: 0x19252400
ESP=0x163af598 is pointing into the stack for thread: 0x19252400
EBP=0x163af5a8 is pointing into the stack for thread: 0x19252400
ESI=0x15cc5be0 is an unknown value
EDI=0x00000280 is an unknown value


Stack: [0x16360000,0x163b0000],  sp=0x163af598,  free space=317k
Native frames: (J=compiled Java code, j=interpreted, Vv=VM code, C=native code)
C  [opencv_highgui248.dll+0x129fe]
C  [opencv_highgui248.dll+0x1563f]
C  [opencv_highgui248.dll+0x15cab]
C  [opencv_highgui248.dll+0x1613c]
C  [opencv_highgui248.dll+0x14736]
C  [opencv_highgui248.dll+0x1194]
C  [jniopencv_highgui.dll+0x597d]
j  com.googlecode.javacv.cpp.opencv_highgui.cvCreateCameraCapture(I)Lcom/googlecode/javacv/cpp/opencv_highgui$CvCapture;+0
j  FaceCapture.run()V+1
j  java.lang.Thread.run()V+11
v  ~StubRoutines::call_stub
V  [jvm.dll+0x15af45]
V  [jvm.dll+0x2213ae]
V  [jvm.dll+0x15afde]
V  [jvm.dll+0x15b166]
V  [jvm.dll+0x15b1d7]
V  [jvm.dll+0xff36f]
V  [jvm.dll+0x17dc30]
V  [jvm.dll+0x17e4aa]
V  [jvm.dll+0x1c2ec6]
C  [msvcr100.dll+0x5c556]
C  [msvcr100.dll+0x5c600]
C  [KERNEL32.DLL+0x18744]
C  [ntdll.dll+0x6582d]
C  [ntdll.dll+0x657fd]
C  0x00000000

Java frames: (J=compiled Java code, j=interpreted, Vv=VM code)
j  com.googlecode.javacv.cpp.opencv_highgui.cvCreateCameraCapture(I)Lcom/googlecode/javacv/cpp/opencv_highgui$CvCapture;+0
j  FaceCapture.run()V+1
j  java.lang.Thread.run()V+11
v  ~StubRoutines::call_stub

---------------  P R O C E S S  ---------------

Java Threads: ( => current thread )
  0x19965400 JavaThread "Thread-4" [_thread_in_native, id=9976, stack(0x168b0000,0x16900000)]
=>0x19252400 JavaThread "Thread-3" [_thread_in_native, id=10828, stack(0x16360000,0x163b0000)]
  0x15e35000 JavaThread "TimerQueue" daemon [_thread_blocked, id=1620, stack(0x17ff0000,0x18040000)]
  0x02ddcc00 JavaThread "DestroyJavaVM" [_thread_blocked, id=7948, stack(0x02b80000,0x02bd0000)]
  0x15c2e800 JavaThread "AWT-EventQueue-0" [_thread_blocked, id=9920, stack(0x16b50000,0x16ba0000)]
  0x15bc2c00 JavaThread "AWT-Windows" daemon [_thread_in_native, id=7468, stack(0x160d0000,0x16120000)]
  0x15bc0000 JavaThread "AWT-Shutdown" [_thread_blocked, id=4148, stack(0x16040000,0x16090000)]
  0x15bbf400 JavaThread "Java2D Disposer" daemon [_thread_blocked, id=960, stack(0x15fb0000,0x16000000)]
  0x153cf800 JavaThread "Service Thread" daemon [_thread_blocked, id=5572, stack(0x159a0000,0x159f0000)]
  0x153db000 JavaThread "C1 CompilerThread0" daemon [_thread_blocked, id=11552, stack(0x15910000,0x15960000)]
  0x153d9c00 JavaThread "Attach Listener" daemon [_thread_blocked, id=3232, stack(0x15880000,0x158d0000)]
  0x153d7800 JavaThread "Signal Dispatcher" daemon [_thread_blocked, id=5652, stack(0x157f0000,0x15840000)]
  0x153ba000 JavaThread "Finalizer" daemon [_thread_blocked, id=11708, stack(0x15670000,0x156c0000)]
  0x153a4400 JavaThread "Reference Handler" daemon [_thread_blocked, id=7476, stack(0x155e0000,0x15630000)]

Other Threads:
  0x02d8d800 VMThread [stack: 0x15350000,0x153a0000] [id=12244]
  0x15404000 WatcherThread [stack: 0x15a30000,0x15a80000] [id=7472]

VM state:not at safepoint (normal execution)

VM Mutex/Monitor currently owned by a thread: None

Heap:
 def new generation   total 4928K, used 3951K [0x04e00000, 0x05350000, 0x0a350000)
  eden space 4416K,  77% used [0x04e00000, 0x0515bfc8, 0x05250000)
  from space 512K, 100% used [0x05250000, 0x052d0000, 0x052d0000)
  to   space 512K,   0% used [0x052d0000, 0x052d0000, 0x05350000)
 tenured generation   total 10944K, used 5218K [0x0a350000, 0x0ae00000, 0x14e00000)
   the space 10944K,  47% used [0x0a350000, 0x0a8688f8, 0x0a868a00, 0x0ae00000)
 Metaspace       used 8679K, capacity 8866K, committed 8960K, reserved 9600K

Card table byte_map: [0x14e00000,0x14e90000] byte_map_base: 0x14dd9000

Polling page: 0x02bd0000

CodeCache: size=32768Kb used=1206Kb max_used=1206Kb free=31561Kb
 bounds [0x02de0000, 0x02f10000, 0x04de0000]
 total_blobs=640 nmethods=377 adapters=194
 compilation: enabled

Compilation events (10 events):
Event: 8.707 Thread 0x153db000  375             com.googlecode.javacpp.Loader$ClassProperties::addAll (14 bytes)
Event: 8.707 Thread 0x153db000 nmethod 375 0x02f08d48 code [0x02f08e60, 0x02f08fd8]
Event: 8.709 Thread 0x153db000  376             com.googlecode.javacpp.Loader$ClassProperties::get (30 bytes)
Event: 8.710 Thread 0x153db000 nmethod 376 0x02f09108 code [0x02f09240, 0x02f09430]
Event: 8.710 Thread 0x153db000  377             sun.reflect.annotation.AnnotationInvocationHandler::cloneArray (170 bytes)
Event: 8.710 Thread 0x153db000 nmethod 377 0x02f09688 code [0x02f09840, 0x02f09bcc]
Event: 8.721 Thread 0x153db000  378             java.io.WinNTFileSystem::normalizePrefix (132 bytes)
Event: 8.722 Thread 0x153db000 nmethod 378 0x02f0b6c8 code [0x02f0b8b0, 0x02f0c704]
Event: 8.722 Thread 0x153db000  379  s          java.lang.StringBuffer::append (13 bytes)
Event: 8.722 Thread 0x153db000 nmethod 379 0x02f0d648 code [0x02f0d750, 0x02f0d93c]

GC Heap History (8 events):
Event: 0.230 GC heap before
{Heap before GC invocations=0 (full 0):
 def new generation   total 4928K, used 4416K [0x04e00000, 0x05350000, 0x0a350000)
  eden space 4416K, 100% used [0x04e00000, 0x05250000, 0x05250000)
  from space 512K,   0% used [0x05250000, 0x05250000, 0x052d0000)
  to   space 512K,   0% used [0x052d0000, 0x052d0000, 0x05350000)
 tenured generation   total 10944K, used 0K [0x0a350000, 0x0ae00000, 0x14e00000)
   the space 10944K,   0% used [0x0a350000, 0x0a350000, 0x0a350200, 0x0ae00000)
 Metaspace       used 5297K, capacity 5479K, committed 5504K, reserved 5504K
Event: 0.233 GC heap after
Heap after GC invocations=1 (full 0):
 def new generation   total 4928K, used 512K [0x04e00000, 0x05350000, 0x0a350000)
  eden space 4416K,   0% used [0x04e00000, 0x04e00000, 0x05250000)
  from space 512K, 100% used [0x052d0000, 0x05350000, 0x05350000)
  to   space 512K,   0% used [0x05250000, 0x05250000, 0x052d0000)
 tenured generation   total 10944K, used 787K [0x0a350000, 0x0ae00000, 0x14e00000)
   the space 10944K,   7% used [0x0a350000, 0x0a414eb0, 0x0a415000, 0x0ae00000)
 Metaspace       used 5297K, capacity 5479K, committed 5504K, reserved 5504K
}
Event: 0.381 GC heap before
{Heap before GC invocations=1 (full 0):
 def new generation   total 4928K, used 3021K [0x04e00000, 0x05350000, 0x0a350000)
  eden space 4416K,  56% used [0x04e00000, 0x05073550, 0x05250000)
  from space 512K, 100% used [0x052d0000, 0x05350000, 0x05350000)
  to   space 512K,   0% used [0x05250000, 0x05250000, 0x052d0000)
 tenured generation   total 10944K, used 787K [0x0a350000, 0x0ae00000, 0x14e00000)
   the space 10944K,   7% used [0x0a350000, 0x0a414eb0, 0x0a415000, 0x0ae00000)
 Metaspace       used 7448K, capacity 7647K, committed 7808K, reserved 8576K
Event: 0.385 GC heap after
Heap after GC invocations=2 (full 0):
 def new generation   total 4928K, used 512K [0x04e00000, 0x05350000, 0x0a350000)
  eden space 4416K,   0% used [0x04e00000, 0x04e00000, 0x05250000)
  from space 512K, 100% used [0x05250000, 0x052d0000, 0x052d0000)
  to   space 512K,   0% used [0x052d0000, 0x052d0000, 0x05350000)
 tenured generation   total 10944K, used 1904K [0x0a350000, 0x0ae00000, 0x14e00000)
   the space 10944K,  17% used [0x0a350000, 0x0a52c288, 0x0a52c400, 0x0ae00000)
 Metaspace       used 7448K, capacity 7647K, committed 7808K, reserved 8576K
}
Event: 8.022 GC heap before
{Heap before GC invocations=2 (full 0):
 def new generation   total 4928K, used 4928K [0x04e00000, 0x05350000, 0x0a350000)
  eden space 4416K, 100% used [0x04e00000, 0x05250000, 0x05250000)
  from space 512K, 100% used [0x05250000, 0x052d0000, 0x052d0000)
  to   space 512K,   0% used [0x052d0000, 0x052d0000, 0x05350000)
 tenured generation   total 10944K, used 1904K [0x0a350000, 0x0ae00000, 0x14e00000)
   the space 10944K,  17% used [0x0a350000, 0x0a52c288, 0x0a52c400, 0x0ae00000)
 Metaspace       used 7948K, capacity 8127K, committed 8192K, reserved 8576K
Event: 8.026 GC heap after
Heap after GC invocations=3 (full 0):
 def new generation   total 4928K, used 290K [0x04e00000, 0x05350000, 0x0a350000)
  eden space 4416K,   0% used [0x04e00000, 0x04e00000, 0x05250000)
  from space 512K,  56% used [0x052d0000, 0x053189a8, 0x05350000)
  to   space 512K,   0% used [0x05250000, 0x05250000, 0x052d0000)
 tenured generation   total 10944K, used 4994K [0x0a350000, 0x0ae00000, 0x14e00000)
   the space 10944K,  45% used [0x0a350000, 0x0a830ad0, 0x0a830c00, 0x0ae00000)
 Metaspace       used 7948K, capacity 8127K, committed 8192K, reserved 8576K
}
Event: 8.510 GC heap before
{Heap before GC invocations=3 (full 0):
 def new generation   total 4928K, used 4695K [0x04e00000, 0x05350000, 0x0a350000)
  eden space 4416K,  99% used [0x04e00000, 0x0524d640, 0x05250000)
  from space 512K,  56% used [0x052d0000, 0x053189a8, 0x05350000)
  to   space 512K,   0% used [0x05250000, 0x05250000, 0x052d0000)
 tenured generation   total 10944K, used 4994K [0x0a350000, 0x0ae00000, 0x14e00000)
   the space 10944K,  45% used [0x0a350000, 0x0a830ad0, 0x0a830c00, 0x0ae00000)
 Metaspace       used 8465K, capacity 8671K, committed 8832K, reserved 9600K
Event: 8.511 GC heap after
Heap after GC invocations=4 (full 0):
 def new generation   total 4928K, used 512K [0x04e00000, 0x05350000, 0x0a350000)
  eden space 4416K,   0% used [0x04e00000, 0x04e00000, 0x05250000)
  from space 512K, 100% used [0x05250000, 0x052d0000, 0x052d0000)
  to   space 512K,   0% used [0x052d0000, 0x052d0000, 0x05350000)
 tenured generation   total 10944K, used 5218K [0x0a350000, 0x0ae00000, 0x14e00000)
   the space 10944K,  47% used [0x0a350000, 0x0a8688f8, 0x0a868a00, 0x0ae00000)
 Metaspace       used 8465K, capacity 8671K, committed 8832K, reserved 9600K
}

Deoptimization events (0 events):
No events

Internal exceptions (10 events):
Event: 0.212 Thread 0x02ddcc00 Exception <a 'java/lang/ClassNotFoundException': ToolBar> (0x051ae3f0) thrown at [C:\workspace\8-2-build-windows-i586-cygwin\jdk8u141\9370\hotspot\src\share\vm\classfile\systemDictionary.cpp, line 210]
Event: 0.212 Thread 0x02ddcc00 Exception <a 'java/lang/ClassNotFoundException': ToggleButton> (0x051ae948) thrown at [C:\workspace\8-2-build-windows-i586-cygwin\jdk8u141\9370\hotspot\src\share\vm\classfile\systemDictionary.cpp, line 210]
Event: 0.212 Thread 0x02ddcc00 Exception <a 'java/lang/ClassNotFoundException': javax/swing/JToolBarSeparator> (0x051aed50) thrown at [C:\workspace\8-2-build-windows-i586-cygwin\jdk8u141\9370\hotspot\src\share\vm\classfile\systemDictionary.cpp, line 210]
Event: 0.212 Thread 0x02ddcc00 Exception <a 'java/lang/ClassNotFoundException': ToolBarSeparator> (0x051af1a8) thrown at [C:\workspace\8-2-build-windows-i586-cygwin\jdk8u141\9370\hotspot\src\share\vm\classfile\systemDictionary.cpp, line 210]
Event: 0.212 Thread 0x02ddcc00 Exception <a 'java/lang/ClassNotFoundException': ToolTip> (0x051af850) thrown at [C:\workspace\8-2-build-windows-i586-cygwin\jdk8u141\9370\hotspot\src\share\vm\classfile\systemDictionary.cpp, line 210]
Event: 0.213 Thread 0x02ddcc00 Exception <a 'java/lang/ClassNotFoundException': Tree> (0x051b0338) thrown at [C:\workspace\8-2-build-windows-i586-cygwin\jdk8u141\9370\hotspot\src\share\vm\classfile\systemDictionary.cpp, line 210]
Event: 0.213 Thread 0x02ddcc00 Exception <a 'java/lang/ClassNotFoundException': Tree> (0x051b09d8) thrown at [C:\workspace\8-2-build-windows-i586-cygwin\jdk8u141\9370\hotspot\src\share\vm\classfile\systemDictionary.cpp, line 210]
Event: 0.213 Thread 0x02ddcc00 Exception <a 'java/lang/ClassNotFoundException': javax/swing/JTreeCell> (0x051b0d10) thrown at [C:\workspace\8-2-build-windows-i586-cygwin\jdk8u141\9370\hotspot\src\share\vm\classfile\systemDictionary.cpp, line 210]
Event: 0.213 Thread 0x02ddcc00 Exception <a 'java/lang/ClassNotFoundException': TreeCell> (0x051b1158) thrown at [C:\workspace\8-2-build-windows-i586-cygwin\jdk8u141\9370\hotspot\src\share\vm\classfile\systemDictionary.cpp, line 210]
Event: 0.213 Thread 0x02ddcc00 Exception <a 'java/lang/ClassNotFoundException': RootPane> (0x051b1ad0) thrown at [C:\workspace\8-2-build-windows-i586-cygwin\jdk8u141\9370\hotspot\src\share\vm\classfile\systemDictionary.cpp, line 210]

Events (10 events):
Event: 8.731 loading class com/googlecode/javacv/cpp/opencv_imgproc$CvDistanceFunction
Event: 8.731 loading class com/googlecode/javacv/cpp/opencv_imgproc$CvDistanceFunction done
Event: 8.731 loading class com/googlecode/javacv/cpp/opencv_imgproc$CvFeatureTree
Event: 8.731 loading class com/googlecode/javacv/cpp/opencv_imgproc$CvFeatureTree done
Event: 8.732 loading class com/googlecode/javacv/cpp/opencv_imgproc$CvContourScanner
Event: 8.732 loading class com/googlecode/javacv/cpp/opencv_imgproc$CvContourScanner done
Event: 8.733 loading class java/nio/FloatBuffer
Event: 8.733 loading class java/nio/FloatBuffer done
Event: 8.900 Thread 0x19252400 Thread added: 0x19252400
Event: 9.097 Thread 0x19965400 Thread added: 0x19965400


Dynamic libraries:
0x00080000 - 0x000b3000 	C:\Program Files (x86)\Java\jdk1.8.0_141\bin\java.exe
0x775c0000 - 0x7774e000 	C:\WINDOWS\SYSTEM32\ntdll.dll
0x75620000 - 0x756f0000 	C:\WINDOWS\System32\KERNEL32.DLL
0x753a0000 - 0x75562000 	C:\WINDOWS\System32\KERNELBASE.dll
0x73f80000 - 0x74013000 	C:\WINDOWS\SYSTEM32\apphelp.dll
0x74720000 - 0x74797000 	C:\WINDOWS\System32\ADVAPI32.dll
0x749f0000 - 0x74aad000 	C:\WINDOWS\System32\msvcrt.dll
0x74660000 - 0x746a1000 	C:\WINDOWS\System32\sechost.dll
0x75260000 - 0x75320000 	C:\WINDOWS\System32\RPCRT4.dll
0x74090000 - 0x740b0000 	C:\WINDOWS\System32\SspiCli.dll
0x74080000 - 0x7408a000 	C:\WINDOWS\System32\CRYPTBASE.dll
0x76e50000 - 0x76ea7000 	C:\WINDOWS\System32\bcryptPrimitives.dll
0x74b00000 - 0x74c3c000 	C:\WINDOWS\System32\USER32.dll
0x75320000 - 0x75336000 	C:\WINDOWS\System32\win32u.dll
0x76b40000 - 0x76b61000 	C:\WINDOWS\System32\GDI32.dll
0x74500000 - 0x74658000 	C:\WINDOWS\System32\gdi32full.dll
0x743f0000 - 0x74469000 	C:\WINDOWS\System32\msvcp_win.dll
0x748d0000 - 0x749e8000 	C:\WINDOWS\System32\ucrtbase.dll
0x72ab0000 - 0x72cbe000 	C:\WINDOWS\WinSxS\x86_microsoft.windows.common-controls_6595b64144ccf1df_6.0.15063.483_none_6dad63fefc436da8\COMCTL32.dll
0x741b0000 - 0x743e8000 	C:\WINDOWS\System32\combase.dll
0x747a0000 - 0x747c5000 	C:\WINDOWS\System32\IMM32.DLL
0x6d640000 - 0x6d6ff000 	C:\Program Files (x86)\Java\jdk1.8.0_141\jre\bin\msvcr100.dll
0x6a090000 - 0x6a45e000 	C:\Program Files (x86)\Java\jdk1.8.0_141\jre\bin\client\jvm.dll
0x74710000 - 0x74716000 	C:\WINDOWS\System32\PSAPI.DLL
0x733a0000 - 0x733c4000 	C:\WINDOWS\SYSTEM32\WINMM.dll
0x72e10000 - 0x72e18000 	C:\WINDOWS\SYSTEM32\WSOCK32.dll
0x73e10000 - 0x73e18000 	C:\WINDOWS\SYSTEM32\VERSION.dll
0x76c10000 - 0x76c77000 	C:\WINDOWS\System32\WS2_32.dll
0x72de0000 - 0x72e03000 	C:\WINDOWS\SYSTEM32\winmmbase.dll
0x76bd0000 - 0x76c09000 	C:\WINDOWS\System32\cfgmgr32.dll
0x71e50000 - 0x71e5c000 	C:\Program Files (x86)\Java\jdk1.8.0_141\jre\bin\verify.dll
0x71180000 - 0x711a1000 	C:\Program Files (x86)\Java\jdk1.8.0_141\jre\bin\java.dll
0x71030000 - 0x71043000 	C:\Program Files (x86)\Java\jdk1.8.0_141\jre\bin\zip.dll
0x75790000 - 0x76ad8000 	C:\WINDOWS\System32\SHELL32.dll
0x75700000 - 0x7578c000 	C:\WINDOWS\System32\shcore.dll
0x74cd0000 - 0x75257000 	C:\WINDOWS\System32\windows.storage.dll
0x76ae0000 - 0x76b25000 	C:\WINDOWS\System32\shlwapi.dll
0x76cd0000 - 0x76cde000 	C:\WINDOWS\System32\kernel.appcore.dll
0x74ab0000 - 0x74af5000 	C:\WINDOWS\System32\powrprof.dll
0x748c0000 - 0x748d0000 	C:\WINDOWS\System32\profapi.dll
0x6d370000 - 0x6d4b5000 	C:\Program Files (x86)\Java\jdk1.8.0_141\jre\bin\awt.dll
0x75570000 - 0x75606000 	C:\WINDOWS\System32\OLEAUT32.dll
0x71dd0000 - 0x71e48000 	C:\WINDOWS\system32\uxtheme.dll
0x772f0000 - 0x77436000 	C:\WINDOWS\System32\MSCTF.dll
0x72a80000 - 0x72aa3000 	C:\WINDOWS\system32\dwmapi.dll
0x740b0000 - 0x741a3000 	C:\WINDOWS\System32\ole32.dll
0x6d330000 - 0x6d369000 	C:\Program Files (x86)\Java\jdk1.8.0_141\jre\bin\fontmanager.dll
0x6d560000 - 0x6d63f000 	C:\WINDOWS\system32\opengl32.dll
0x6d530000 - 0x6d555000 	C:\WINDOWS\SYSTEM32\GLU32.dll
0x74470000 - 0x744f3000 	C:\WINDOWS\System32\clbcatq.dll
0x71270000 - 0x713e2000 	C:\WINDOWS\SYSTEM32\WindowsCodecs.dll
0x6d1a0000 - 0x6d1e3000 	C:\WINDOWS\system32\dataexchange.dll
0x69c00000 - 0x69e52000 	C:\WINDOWS\system32\d3d11.dll
0x69b10000 - 0x69bfb000 	C:\WINDOWS\system32\dcomp.dll
0x69a80000 - 0x69b0a000 	C:\WINDOWS\system32\dxgi.dll
0x60e80000 - 0x60fb6000 	C:\WINDOWS\system32\twinapi.appcore.dll
0x73c00000 - 0x73c18000 	C:\WINDOWS\system32\bcrypt.dll
0x6da60000 - 0x6da76000 	C:\Program Files (x86)\Java\jdk1.8.0_141\jre\bin\net.dll
0x722d0000 - 0x7231e000 	C:\WINDOWS\system32\mswsock.dll
0x71a10000 - 0x71a1f000 	C:\Program Files (x86)\Java\jdk1.8.0_141\jre\bin\nio.dll
0x6d1f0000 - 0x6d222000 	C:\Program Files (x86)\Java\jdk1.8.0_141\jre\bin\t2k.dll
0x6d2c0000 - 0x6d327000 	C:\WINDOWS\System32\TextInputFramework.dll
0x6d230000 - 0x6d2bf000 	C:\WINDOWS\System32\CoreMessaging.dll
0x69e60000 - 0x6a087000 	C:\WINDOWS\System32\CoreUIComponents.dll
0x71410000 - 0x71420000 	C:\WINDOWS\SYSTEM32\usermgrcli.dll
0x6e070000 - 0x6e141000 	C:\WINDOWS\SYSTEM32\wintypes.dll
0x72070000 - 0x72098000 	C:\WINDOWS\SYSTEM32\ntmarta.dll
0x693a0000 - 0x6945e000 	C:\Users\jaydutt\AppData\Local\Temp\javacpp18059260308176\msvcr100.dll
0x69330000 - 0x69399000 	C:\Users\jaydutt\AppData\Local\Temp\javacpp18059260308176\msvcp100.dll
0x18040000 - 0x18f76000 	C:\Users\jaydutt\AppData\Local\Temp\javacpp18059260308176\opencv_ffmpeg248.dll
0x68510000 - 0x68716000 	C:\Users\jaydutt\AppData\Local\Temp\javacpp18059260308176\opencv_core248.dll
0x682a0000 - 0x6850b000 	C:\Users\jaydutt\AppData\Local\Temp\javacpp18059260308176\opencv_imgproc248.dll
0x68090000 - 0x68297000 	C:\Users\jaydutt\AppData\Local\Temp\javacpp18059260308176\opencv_highgui248.dll
0x69310000 - 0x6932b000 	C:\WINDOWS\SYSTEM32\AVIFIL32.dll
0x692e0000 - 0x69302000 	C:\WINDOWS\SYSTEM32\MSVFW32.dll
0x692c0000 - 0x692d4000 	C:\WINDOWS\SYSTEM32\AVICAP32.dll
0x692a0000 - 0x692b8000 	C:\WINDOWS\SYSTEM32\MSACM32.dll
0x67fe0000 - 0x68084000 	C:\Users\jaydutt\AppData\Local\Temp\javacpp18059260308176\opencv_objdetect248.dll
0x69260000 - 0x6929c000 	C:\Users\jaydutt\AppData\Local\Temp\javacpp18059260308176\jniopencv_objdetect.dll
0x67f60000 - 0x67fd5000 	C:\Users\jaydutt\AppData\Local\Temp\javacpp18059260308176\jniopencv_core.dll
0x67ee0000 - 0x67f5c000 	C:\Users\jaydutt\AppData\Local\Temp\javacpp18059260308176\opencv_flann248.dll
0x67e20000 - 0x67ed2000 	C:\Users\jaydutt\AppData\Local\Temp\javacpp18059260308176\opencv_features2d248.dll
0x67d50000 - 0x67e14000 	C:\Users\jaydutt\AppData\Local\Temp\javacpp18059260308176\opencv_calib3d248.dll
0x67cf0000 - 0x67d4d000 	C:\Users\jaydutt\AppData\Local\Temp\javacpp18059260308176\opencv_video248.dll
0x67960000 - 0x679e0000 	C:\Users\jaydutt\AppData\Local\Temp\javacpp18059260308176\opencv_ml248.dll
0x67840000 - 0x6795c000 	C:\Users\jaydutt\AppData\Local\Temp\javacpp18059260308176\opencv_contrib248.dll
0x677f0000 - 0x67837000 	C:\Users\jaydutt\AppData\Local\Temp\javacpp18059260308176\jniopencv_contrib.dll
0x69250000 - 0x6925f000 	C:\Users\jaydutt\AppData\Local\Temp\javacpp18059260308176\jniopencv_highgui.dll
0x677b0000 - 0x677e9000 	C:\Users\jaydutt\AppData\Local\Temp\javacpp18059260308176\jniopencv_imgproc.dll
0x67790000 - 0x677a5000 	C:\Windows\System32\devenum.dll
0x76ed0000 - 0x772ea000 	C:\WINDOWS\System32\setupapi.dll
0x72db0000 - 0x72dd2000 	C:\WINDOWS\SYSTEM32\DEVOBJ.dll
0x76c80000 - 0x76cc4000 	C:\WINDOWS\System32\WINTRUST.dll
0x76b30000 - 0x76b3e000 	C:\WINDOWS\System32\MSASN1.dll
0x77440000 - 0x775bd000 	C:\WINDOWS\System32\CRYPT32.dll
0x69240000 - 0x69249000 	C:\WINDOWS\SYSTEM32\msdmo.dll
0x67750000 - 0x6778a000 	C:\Windows\System32\qcap.dll
0x66940000 - 0x66ae3000 	C:\Windows\System32\quartz.dll
0x66d20000 - 0x66d55000 	C:\Windows\System32\mfksproxy.dll
0x66d00000 - 0x66d18000 	C:\Windows\System32\ATL.DLL
0x66cd0000 - 0x66cfc000 	C:\Windows\System32\MFSENSORGROUP.dll
0x667d0000 - 0x66935000 	C:\Windows\System32\MFPlat.DLL
0x66ca0000 - 0x66cca000 	C:\Windows\System32\RTWorkQ.DLL
0x66790000 - 0x667cc000 	C:\Windows\System32\ksproxy.ax
0x66620000 - 0x66782000 	C:\Windows\System32\d3d9.dll
0x66c90000 - 0x66c97000 	C:\Windows\System32\ksuser.dll
0x711b0000 - 0x71214000 	C:\WINDOWS\SYSTEM32\policymanager.dll
0x6d4c0000 - 0x6d526000 	C:\Windows\System32\msvcp110_win.dll
0x67ce0000 - 0x67cec000 	C:\Windows\System32\vidcap.ax
0x67cc0000 - 0x67ce0000 	C:\Windows\System32\kswdmcap.ax
0x72910000 - 0x72a3d000 	C:\Windows\System32\MFC42.dll
0x73e20000 - 0x73f7d000 	C:\WINDOWS\SYSTEM32\dbghelp.dll
0x67c30000 - 0x67cbe000 	C:\Windows\System32\qedit.dll
0x747d0000 - 0x748bf000 	C:\WINDOWS\System32\COMDLG32.dll
0x71be0000 - 0x71d46000 	C:\WINDOWS\WinSxS\x86_microsoft.windows.gdiplus_6595b64144ccf1df_1.1.15063.608_none_9e9d5d4256d15def\gdiplus.dll
0x72cc0000 - 0x72dad000 	C:\Windows\System32\DDRAW.dll
0x72320000 - 0x72327000 	C:\Windows\System32\DCIMAN32.dll
0x59c80000 - 0x5d38e000 	C:\WINDOWS\System32\DriverStore\FileRepository\ki124164.inf_amd64_85b60d2b8c3af983\igdumdim32.dll

VM Arguments:
jvm_args: -Dfile.encoding=UTF-8 -Djava.library.path=C:\opencv\build\java\x86 -Djava.security.policy=applet.policy -Djavacpp.platform.dependencies=true 
java_command: LOGIN
java_class_path (initial): C:\Program Files (x86)\NetBeans 8.2\java\modules\ext\AbsoluteLayout.jar;C:\javamail1_4_7\javamail-1.4.7\mail.jar;C:\Users\jaydutt\ui\lib\jcommon-1.0.23.jar;C:\Users\jaydutt\ui\lib\jfreechart-1.0.19.jar;C:\activation-2.2.1.jar;C:\activation-1.1.jar;C:\core-3.3.0.jar;C:\javase-3.3.0.jar;C:\Program Files (x86)\NetBeans 8.2\java\modules\ext\eclipselink\eclipselink.jar;C:\Program Files (x86)\NetBeans 8.2\java\modules\ext\eclipselink\javax.persistence_2.1.0.v201304241213.jar;C:\Program Files (x86)\NetBeans 8.2\java\modules\ext\eclipselink\org.eclipse.persistence.jpa.jpql_2.5.2.v20140319-9ad6abd.jar;C:\opencv\build\java\opencv-310.jar;C:\opencv\build\java\opencv-249.jar;C:\opencv\build\java\opencv-340.jar;C:\javacv-cppjars\ffmpeg-2.1.1-windows-x86.jar;C:\javacv-cppjars\ffmpeg-2.1.1-windows-x86_64.jar;C:\javacv-cppjars\opencv-2.4.8-windows-x86.jar;C:\javacv-cppjars\opencv-2.4.8-windows-x86_64.jar;C:\javacv-bin\javacpp.jar;C:\javacv-bin\javacv.jar;C:\javacv-bin\libfreenect-windows-x86.jar;C:\javacv-bin\libfreenect-windows-x86_64.jar;C:\javacv-bin\libfreenect2-windows-x86_64.jar;C:\jar_files\artoolkitplus-2.3.1-1.4.jar;C:\jar_files\ffmpeg-3.4.1-1.4.jar;C:\jar_files\flandmark-1.07-1.4.jar;C:\jar_files\flycapture-2.11.3.121-1.4.jar;C:\jar_files\javacpp-1.4.jar;C:\jar_files\javacv-1.4.jar;C:\jar_files\libdc1394-2.2.5-1.4.jar;C:\jar_files\libfreenect-0.5.3-1.4.jar;C:\jar_files\libfreenect2-0.2.0-1.4.jar;C:\jar_files\librealsense-1.12.1-1.4.jar;C:\jar_files\opencv-3.4.0-1.4.jar;C:\jar_files\videoinput-0.200-1.4.jar;C:\Users\jaydutt\ui\build\classes
Launcher Type: SUN_STANDARD

Environment Variables:
JAVA_HOME=C:\Program Files\Java\jdk1.8.0_161
PATH=C:\Program Files (x86)\Intel\iCLS Client\;C:\ProgramData\Oracle\Java\javapath;C:\Program Files\Intel\iCLS Client\;C:\windows\system32;C:\windows;C:\windows\System32\Wbem;C:\windows\System32\WindowsPowerShell\v1.0\;C:\Program Files (x86)\NVIDIA Corporation\PhysX\Common;C:\Program Files (x86)\Java\jre1.8.0_141;C:\Program Files (x86)\Java\jdk1.8.0_141/bin;C:\Program Files\Intel\WiFi\bin\;C:\Program Files\Common Files\Intel\WirelessCommon\;C:\WINDOWS\system32;C:\WINDOWS;C:\WINDOWS\System32\Wbem;C:\WINDOWS\System32\WindowsPowerShell\v1.0\;C:\Users\jaydutt\AppData\Local\Microsoft\WindowsApps;C:\adb;C:\Program Files (x86)\Intel\Intel(R) Management Engine Components\DAL;C:\Program Files\Intel\Intel(R) Management Engine Components\DAL;C:\Program Files (x86)\Intel\Intel(R) Management Engine Components\IPT;C:\Program Files\Intel\Intel(R) Management Engine Components\IPT;C:\sqlight\sqlite-tools-win32-x86-3220000;C:\Program Files\Java\jdk1.8.0_161;C:\Program Files\Java\jre1.8.0_161;C:\opencv\build\x86\vc10\bin;C:\opencv\build\java;C:\Users\jaydutt\AppData\Local\Microsoft\WindowsApps;C:\Users\jaydutt\AppData\Local\GitHubDesktop\bin
USERNAME=jaydutt
OS=Windows_NT
PROCESSOR_IDENTIFIER=Intel64 Family 6 Model 158 Stepping 9, GenuineIntel



---------------  S Y S T E M  ---------------

OS: Windows 10.0 , 64 bit Build 15063 (10.0.15063.296)

CPU:total 8 (initial active 8) (4 cores per cpu, 2 threads per core) family 6 model 158 stepping 9, cmov, cx8, fxsr, mmx, sse, sse2, sse3, ssse3, sse4.1, sse4.2, popcnt, avx, avx2, aes, clmul, erms, 3dnowpref, lzcnt, ht, tsc, tscinvbit, bmi1, bmi2, adx

Memory: 4k page, physical 16659684k(13325904k free), swap 33436900k(29878200k free)

vm_info: Java HotSpot(TM) Client VM (25.141-b15) for windows-x86 JRE (1.8.0_141-b15), built on Jul 12 2017 04:25:45 by "java_re" with MS VC++ 10.0 (VS2010)

time: Fri Mar 16 14:09:00 2018
elapsed time: 9 seconds (0d 0h 0m 9s)

