#
# A fatal error has been detected by the Java Runtime Environment:
#
#  EXCEPTION_ACCESS_VIOLATION (0xc0000005) at pc=0x5d04a260, pid=10356, tid=0x000004b8
#
# JRE version: Java(TM) SE Runtime Environment (8.0_141-b15) (build 1.8.0_141-b15)
# Java VM: Java HotSpot(TM) Client VM (25.141-b15 mixed mode, sharing windows-x86 )
# Problematic frame:
# C  [opencv_contrib248.dll+0x3a260]
#
# Failed to write core dump. Minidumps are not enabled by default on client versions of Windows
#
# If you would like to submit a bug report, please visit:
#   http://bugreport.java.com/bugreport/crash.jsp
# The crash happened outside the Java Virtual Machine in native code.
# See problematic frame for where to report the bug.
#

---------------  T H R E A D  ---------------

Current thread (0x16274400):  JavaThread "AWT-EventQueue-0" [_thread_in_native, id=1208, stack(0x17030000,0x17080000)]

siginfo: ExceptionCode=0xc0000005, reading address 0x189bb000

Registers:
EAX=0x00000280, EBX=0x00000002, ECX=0x189a4830, EDX=0x189baffe
ESP=0x1707df88, EBP=0x1707e08c, ESI=0x0000024e, EDI=0x00016580
EIP=0x5d04a260, EFLAGS=0x00010202

Top of Stack: (sp=0x1707df88)
0x1707df88:   a0c63f2c 1707e1ac 1707e348 00000008
0x1707df98:   5fe94dbc c0020006 1707dfdc 00000001
0x1707dfa8:   00000001 00000000 c0000000 00000000
0x1707dfb8:   00000000 00000000 40000000 00000000
0x1707dfc8:   80000000 3f800000 80000000 41000000
0x1707dfd8:   00000000 00000000 00000000 00000002
0x1707dfe8:   00000002 00000002 00000930 40000000
0x1707dff8:   80000000 0000008d 0000008f 0000008f 

Instructions: (pc=0x5d04a260)
0x5d04a240:   8b 45 e4 8b 00 8b 95 38 ff ff ff 8b 4d c8 8b 9d
0x5d04a250:   60 ff ff ff 03 d7 0f af f8 0f af d0 03 d1 03 d6
0x5d04a260:   0f b6 1c 1a 0f 57 c0 f3 0f 2a c3 8b 9d 5c ff ff
0x5d04a270:   ff 0f b6 14 1a f3 0f 59 85 4c ff ff ff 0f 57 c9 


Register to memory mapping:

EAX=0x00000280 is an unknown value
EBX=0x00000002 is an unknown value
ECX=0x189a4830 is an unknown value
EDX=0x189baffe is an unknown value
ESP=0x1707df88 is pointing into the stack for thread: 0x16274400
EBP=0x1707e08c is pointing into the stack for thread: 0x16274400
ESI=0x0000024e is an unknown value
EDI=0x00016580 is an unknown value


Stack: [0x17030000,0x17080000],  sp=0x1707df88,  free space=311k
Native frames: (J=compiled Java code, j=interpreted, Vv=VM code, C=native code)
C  [opencv_contrib248.dll+0x3a260]
C  [opencv_contrib248.dll+0x3e792]
C  [opencv_contrib248.dll+0x3f30b]
C  [opencv_contrib248.dll+0x45207]
C  [opencv_contrib248.dll+0x45432]
C  [jniopencv_contrib.dll+0x1122d]
j  com.googlecode.javacv.cpp.opencv_contrib$FaceRecognizer.train(Lcom/googlecode/javacv/cpp/opencv_core$MatVector;[I)V+0
j  FaceRecognition.train()Z+204
j  FaceCapture.<init>(Ljavax/swing/JLabel;Ljavax/swing/JLabel;)V+29
j  LOGIN.jPanel2MouseClicked(Ljava/awt/event/MouseEvent;)V+13
j  LOGIN.access$000(LLOGIN;Ljava/awt/event/MouseEvent;)V+2
j  LOGIN$1.mouseClicked(Ljava/awt/event/MouseEvent;)V+5
j  java.awt.Component.processMouseEvent(Ljava/awt/event/MouseEvent;)V+74
j  javax.swing.JComponent.processMouseEvent(Ljava/awt/event/MouseEvent;)V+23
j  java.awt.Component.processEvent(Ljava/awt/AWTEvent;)V+81
j  java.awt.Container.processEvent(Ljava/awt/AWTEvent;)V+18
j  java.awt.Component.dispatchEventImpl(Ljava/awt/AWTEvent;)V+589
j  java.awt.Container.dispatchEventImpl(Ljava/awt/AWTEvent;)V+42
j  java.awt.Component.dispatchEvent(Ljava/awt/AWTEvent;)V+2
j  java.awt.LightweightDispatcher.retargetMouseEvent(Ljava/awt/Component;ILjava/awt/event/MouseEvent;)V+327
j  java.awt.LightweightDispatcher.processMouseEvent(Ljava/awt/event/MouseEvent;)Z+171
j  java.awt.LightweightDispatcher.dispatchEvent(Ljava/awt/AWTEvent;)Z+50
j  java.awt.Container.dispatchEventImpl(Ljava/awt/AWTEvent;)V+12
j  java.awt.Window.dispatchEventImpl(Ljava/awt/AWTEvent;)V+19
j  java.awt.Component.dispatchEvent(Ljava/awt/AWTEvent;)V+2
j  java.awt.EventQueue.dispatchEventImpl(Ljava/awt/AWTEvent;Ljava/lang/Object;)V+41
j  java.awt.EventQueue.access$500(Ljava/awt/EventQueue;Ljava/awt/AWTEvent;Ljava/lang/Object;)V+3
j  java.awt.EventQueue$3.run()Ljava/lang/Void;+32
j  java.awt.EventQueue$3.run()Ljava/lang/Object;+1
v  ~StubRoutines::call_stub
V  [jvm.dll+0x15af45]
V  [jvm.dll+0x2213ae]
V  [jvm.dll+0x15afde]
V  [jvm.dll+0x10b2cf]
C  [java.dll+0x102f]
j  java.security.ProtectionDomain$JavaSecurityAccessImpl.doIntersectionPrivilege(Ljava/security/PrivilegedAction;Ljava/security/AccessControlContext;Ljava/security/AccessControlContext;)Ljava/lang/Object;+18
j  java.security.ProtectionDomain$JavaSecurityAccessImpl.doIntersectionPrivilege(Ljava/security/PrivilegedAction;Ljava/security/AccessControlContext;)Ljava/lang/Object;+6
j  java.awt.EventQueue$4.run()Ljava/lang/Void;+11
j  java.awt.EventQueue$4.run()Ljava/lang/Object;+1
v  ~StubRoutines::call_stub
V  [jvm.dll+0x15af45]
V  [jvm.dll+0x2213ae]
V  [jvm.dll+0x15afde]
V  [jvm.dll+0x10b2cf]
C  [java.dll+0x102f]
j  java.security.ProtectionDomain$JavaSecurityAccessImpl.doIntersectionPrivilege(Ljava/security/PrivilegedAction;Ljava/security/AccessControlContext;Ljava/security/AccessControlContext;)Ljava/lang/Object;+18
j  java.awt.EventQueue.dispatchEvent(Ljava/awt/AWTEvent;)V+73
j  java.awt.EventDispatchThread.pumpOneEventForFilters(I)V+245
j  java.awt.EventDispatchThread.pumpEventsForFilter(ILjava/awt/Conditional;Ljava/awt/EventFilter;)V+35
j  java.awt.EventDispatchThread.pumpEventsForHierarchy(ILjava/awt/Conditional;Ljava/awt/Component;)V+11
j  java.awt.EventDispatchThread.pumpEvents(ILjava/awt/Conditional;)V+4
j  java.awt.EventDispatchThread.pumpEvents(Ljava/awt/Conditional;)V+3
j  java.awt.EventDispatchThread.run()V+9
v  ~StubRoutines::call_stub
V  [jvm.dll+0x15af45]
V  [jvm.dll+0x2213ae]
V  [jvm.dll+0x15afde]
V  [jvm.dll+0x15b166]
V  [jvm.dll+0x15b1d7]
V  [jvm.dll+0xff36f]
V  [jvm.dll+0x17dc30]
V  [jvm.dll+0x17e4aa]
V  [jvm.dll+0x1c2ec6]
C  [msvcr100.dll+0x5c556]
C  [msvcr100.dll+0x5c600]
C  [KERNEL32.DLL+0x18744]
C  [ntdll.dll+0x6582d]
C  [ntdll.dll+0x657fd]
C  0x00000000

Java frames: (J=compiled Java code, j=interpreted, Vv=VM code)
j  com.googlecode.javacv.cpp.opencv_contrib$FaceRecognizer.train(Lcom/googlecode/javacv/cpp/opencv_core$MatVector;[I)V+0
j  FaceRecognition.train()Z+204
j  FaceCapture.<init>(Ljavax/swing/JLabel;Ljavax/swing/JLabel;)V+29
j  LOGIN.jPanel2MouseClicked(Ljava/awt/event/MouseEvent;)V+13
j  LOGIN.access$000(LLOGIN;Ljava/awt/event/MouseEvent;)V+2
j  LOGIN$1.mouseClicked(Ljava/awt/event/MouseEvent;)V+5
j  java.awt.Component.processMouseEvent(Ljava/awt/event/MouseEvent;)V+74
j  javax.swing.JComponent.processMouseEvent(Ljava/awt/event/MouseEvent;)V+23
j  java.awt.Component.processEvent(Ljava/awt/AWTEvent;)V+81
j  java.awt.Container.processEvent(Ljava/awt/AWTEvent;)V+18
j  java.awt.Component.dispatchEventImpl(Ljava/awt/AWTEvent;)V+589
j  java.awt.Container.dispatchEventImpl(Ljava/awt/AWTEvent;)V+42
j  java.awt.Component.dispatchEvent(Ljava/awt/AWTEvent;)V+2
j  java.awt.LightweightDispatcher.retargetMouseEvent(Ljava/awt/Component;ILjava/awt/event/MouseEvent;)V+327
j  java.awt.LightweightDispatcher.processMouseEvent(Ljava/awt/event/MouseEvent;)Z+171
j  java.awt.LightweightDispatcher.dispatchEvent(Ljava/awt/AWTEvent;)Z+50
j  java.awt.Container.dispatchEventImpl(Ljava/awt/AWTEvent;)V+12
j  java.awt.Window.dispatchEventImpl(Ljava/awt/AWTEvent;)V+19
j  java.awt.Component.dispatchEvent(Ljava/awt/AWTEvent;)V+2
j  java.awt.EventQueue.dispatchEventImpl(Ljava/awt/AWTEvent;Ljava/lang/Object;)V+41
j  java.awt.EventQueue.access$500(Ljava/awt/EventQueue;Ljava/awt/AWTEvent;Ljava/lang/Object;)V+3
j  java.awt.EventQueue$3.run()Ljava/lang/Void;+32
j  java.awt.EventQueue$3.run()Ljava/lang/Object;+1
v  ~StubRoutines::call_stub
j  java.security.AccessController.doPrivileged(Ljava/security/PrivilegedAction;Ljava/security/AccessControlContext;)Ljava/lang/Object;+0
j  java.security.ProtectionDomain$JavaSecurityAccessImpl.doIntersectionPrivilege(Ljava/security/PrivilegedAction;Ljava/security/AccessControlContext;Ljava/security/AccessControlContext;)Ljava/lang/Object;+18
j  java.security.ProtectionDomain$JavaSecurityAccessImpl.doIntersectionPrivilege(Ljava/security/PrivilegedAction;Ljava/security/AccessControlContext;)Ljava/lang/Object;+6
j  java.awt.EventQueue$4.run()Ljava/lang/Void;+11
j  java.awt.EventQueue$4.run()Ljava/lang/Object;+1
v  ~StubRoutines::call_stub
j  java.security.AccessController.doPrivileged(Ljava/security/PrivilegedAction;Ljava/security/AccessControlContext;)Ljava/lang/Object;+0
j  java.security.ProtectionDomain$JavaSecurityAccessImpl.doIntersectionPrivilege(Ljava/security/PrivilegedAction;Ljava/security/AccessControlContext;Ljava/security/AccessControlContext;)Ljava/lang/Object;+18
j  java.awt.EventQueue.dispatchEvent(Ljava/awt/AWTEvent;)V+73
j  java.awt.EventDispatchThread.pumpOneEventForFilters(I)V+245
j  java.awt.EventDispatchThread.pumpEventsForFilter(ILjava/awt/Conditional;Ljava/awt/EventFilter;)V+35
j  java.awt.EventDispatchThread.pumpEventsForHierarchy(ILjava/awt/Conditional;Ljava/awt/Component;)V+11
j  java.awt.EventDispatchThread.pumpEvents(ILjava/awt/Conditional;)V+4
j  java.awt.EventDispatchThread.pumpEvents(Ljava/awt/Conditional;)V+3
j  java.awt.EventDispatchThread.run()V+9
v  ~StubRoutines::call_stub

---------------  P R O C E S S  ---------------

Java Threads: ( => current thread )
  0x16421000 JavaThread "Thread-3" [_thread_in_native, id=12072, stack(0x192a0000,0x192f0000)]
  0x163ea800 JavaThread "TimerQueue" daemon [_thread_blocked, id=2392, stack(0x181e0000,0x18230000)]
  0x00ddcc00 JavaThread "DestroyJavaVM" [_thread_blocked, id=5636, stack(0x00d80000,0x00dd0000)]
=>0x16274400 JavaThread "AWT-EventQueue-0" [_thread_in_native, id=1208, stack(0x17030000,0x17080000)]
  0x16252400 JavaThread "AWT-Windows" daemon [_thread_in_native, id=684, stack(0x166b0000,0x16700000)]
  0x1624f800 JavaThread "AWT-Shutdown" [_thread_blocked, id=1048, stack(0x16660000,0x166b0000)]
  0x1624e400 JavaThread "Java2D Disposer" daemon [_thread_blocked, id=11968, stack(0x16610000,0x16660000)]
  0x026a6400 JavaThread "Service Thread" daemon [_thread_blocked, id=4840, stack(0x15ca0000,0x15cf0000)]
  0x026a1000 JavaThread "C1 CompilerThread0" daemon [_thread_blocked, id=11288, stack(0x15c10000,0x15c60000)]
  0x0269f800 JavaThread "Attach Listener" daemon [_thread_blocked, id=11200, stack(0x15b80000,0x15bd0000)]
  0x0269d800 JavaThread "Signal Dispatcher" daemon [_thread_blocked, id=8156, stack(0x15af0000,0x15b40000)]
  0x02694800 JavaThread "Finalizer" daemon [_thread_blocked, id=5616, stack(0x15970000,0x159c0000)]
  0x02637c00 JavaThread "Reference Handler" daemon [_thread_blocked, id=7956, stack(0x15340000,0x15390000)]

Other Threads:
  0x02634400 VMThread [stack: 0x152b0000,0x15300000] [id=6796]
  0x026d5c00 WatcherThread [stack: 0x15d30000,0x15d80000] [id=3080]

VM state:not at safepoint (normal execution)

VM Mutex/Monitor currently owned by a thread: None

Heap:
 def new generation   total 4928K, used 2247K [0x04800000, 0x04d50000, 0x09d50000)
  eden space 4416K,  41% used [0x04800000, 0x049c8790, 0x04c50000)
  from space 512K,  82% used [0x04cd0000, 0x04d39508, 0x04d50000)
  to   space 512K,   0% used [0x04c50000, 0x04c50000, 0x04cd0000)
 tenured generation   total 10944K, used 5343K [0x09d50000, 0x0a800000, 0x14800000)
   the space 10944K,  48% used [0x09d50000, 0x0a287c10, 0x0a287e00, 0x0a800000)
 Metaspace       used 1881K, capacity 3322K, committed 3392K, reserved 4480K

Card table byte_map: [0x04710000,0x047a0000] byte_map_base: 0x046ec000

Polling page: 0x00c00000

CodeCache: size=32768Kb used=1228Kb max_used=1228Kb free=31539Kb
 bounds [0x02710000, 0x02848000, 0x04710000]
 total_blobs=650 nmethods=385 adapters=196
 compilation: enabled

Compilation events (10 events):
Event: 9.903 Thread 0x026a1000  381             java.nio.DirectByteBuffer::ix (10 bytes)
Event: 9.903 Thread 0x026a1000 nmethod 381 0x0283e2c8 code [0x0283e3c0, 0x0283e450]
Event: 9.903 Thread 0x026a1000  382             java.nio.HeapByteBuffer::put (16 bytes)
Event: 9.903 Thread 0x026a1000 nmethod 382 0x0283e488 code [0x0283e590, 0x0283e69c]
Event: 9.903 Thread 0x026a1000  384             java.nio.DirectByteBuffer::get (15 bytes)
Event: 9.904 Thread 0x026a1000 nmethod 384 0x0283e7c8 code [0x0283e8d0, 0x0283e9bc]
Event: 9.904 Thread 0x026a1000  385 %           com.googlecode.javacv.cpp.opencv_core$IplImage::flipCopyWithGamma @ 484 (608 bytes)
Event: 9.905 Thread 0x026a1000 nmethod 385% 0x0283ea88 code [0x0283edb0, 0x02840234]
Event: 9.907 Thread 0x026a1000  386             java.nio.Buffer::position (43 bytes)
Event: 9.907 Thread 0x026a1000 nmethod 386 0x028410c8 code [0x028411d0, 0x028412dc]

GC Heap History (10 events):
Event: 0.167 GC heap before
{Heap before GC invocations=0 (full 0):
 def new generation   total 4928K, used 4416K [0x04800000, 0x04d50000, 0x09d50000)
  eden space 4416K, 100% used [0x04800000, 0x04c50000, 0x04c50000)
  from space 512K,   0% used [0x04c50000, 0x04c50000, 0x04cd0000)
  to   space 512K,   0% used [0x04cd0000, 0x04cd0000, 0x04d50000)
 tenured generation   total 10944K, used 0K [0x09d50000, 0x0a800000, 0x14800000)
   the space 10944K,   0% used [0x09d50000, 0x09d50000, 0x09d50200, 0x0a800000)
 Metaspace       used 582K, capacity 2493K, committed 2496K, reserved 4480K
Event: 0.170 GC heap after
Heap after GC invocations=1 (full 0):
 def new generation   total 4928K, used 512K [0x04800000, 0x04d50000, 0x09d50000)
  eden space 4416K,   0% used [0x04800000, 0x04800000, 0x04c50000)
  from space 512K, 100% used [0x04cd0000, 0x04d50000, 0x04d50000)
  to   space 512K,   0% used [0x04c50000, 0x04c50000, 0x04cd0000)
 tenured generation   total 10944K, used 787K [0x09d50000, 0x0a800000, 0x14800000)
   the space 10944K,   7% used [0x09d50000, 0x09e14eb8, 0x09e15000, 0x0a800000)
 Metaspace       used 582K, capacity 2493K, committed 2496K, reserved 4480K
}
Event: 0.281 GC heap before
{Heap before GC invocations=1 (full 0):
 def new generation   total 4928K, used 3073K [0x04800000, 0x04d50000, 0x09d50000)
  eden space 4416K,  58% used [0x04800000, 0x04a805a8, 0x04c50000)
  from space 512K, 100% used [0x04cd0000, 0x04d50000, 0x04d50000)
  to   space 512K,   0% used [0x04c50000, 0x04c50000, 0x04cd0000)
 tenured generation   total 10944K, used 787K [0x09d50000, 0x0a800000, 0x14800000)
   the space 10944K,   7% used [0x09d50000, 0x09e14eb8, 0x09e15000, 0x0a800000)
 Metaspace       used 864K, capacity 2517K, committed 2624K, reserved 4480K
Event: 0.285 GC heap after
Heap after GC invocations=2 (full 0):
 def new generation   total 4928K, used 512K [0x04800000, 0x04d50000, 0x09d50000)
  eden space 4416K,   0% used [0x04800000, 0x04800000, 0x04c50000)
  from space 512K, 100% used [0x04c50000, 0x04cd0000, 0x04cd0000)
  to   space 512K,   0% used [0x04cd0000, 0x04cd0000, 0x04d50000)
 tenured generation   total 10944K, used 1907K [0x09d50000, 0x0a800000, 0x14800000)
   the space 10944K,  17% used [0x09d50000, 0x09f2cca8, 0x09f2ce00, 0x0a800000)
 Metaspace       used 864K, capacity 2517K, committed 2624K, reserved 4480K
}
Event: 8.996 GC heap before
{Heap before GC invocations=2 (full 0):
 def new generation   total 4928K, used 4925K [0x04800000, 0x04d50000, 0x09d50000)
  eden space 4416K,  99% used [0x04800000, 0x04c4f418, 0x04c50000)
  from space 512K, 100% used [0x04c50000, 0x04cd0000, 0x04cd0000)
  to   space 512K,   0% used [0x04cd0000, 0x04cd0000, 0x04d50000)
 tenured generation   total 10944K, used 1907K [0x09d50000, 0x0a800000, 0x14800000)
   the space 10944K,  17% used [0x09d50000, 0x09f2cca8, 0x09f2ce00, 0x0a800000)
 Metaspace       used 1175K, capacity 2645K, committed 2752K, reserved 4480K
Event: 8.999 GC heap after
Heap after GC invocations=3 (full 0):
 def new generation   total 4928K, used 296K [0x04800000, 0x04d50000, 0x09d50000)
  eden space 4416K,   0% used [0x04800000, 0x04800000, 0x04c50000)
  from space 512K,  57% used [0x04cd0000, 0x04d1a250, 0x04d50000)
  to   space 512K,   0% used [0x04c50000, 0x04c50000, 0x04cd0000)
 tenured generation   total 10944K, used 4997K [0x09d50000, 0x0a800000, 0x14800000)
   the space 10944K,  45% used [0x09d50000, 0x0a231508, 0x0a231600, 0x0a800000)
 Metaspace       used 1175K, capacity 2645K, committed 2752K, reserved 4480K
}
Event: 9.430 GC heap before
{Heap before GC invocations=3 (full 0):
 def new generation   total 4928K, used 4712K [0x04800000, 0x04d50000, 0x09d50000)
  eden space 4416K, 100% used [0x04800000, 0x04c50000, 0x04c50000)
  from space 512K,  57% used [0x04cd0000, 0x04d1a250, 0x04d50000)
  to   space 512K,   0% used [0x04c50000, 0x04c50000, 0x04cd0000)
 tenured generation   total 10944K, used 4997K [0x09d50000, 0x0a800000, 0x14800000)
   the space 10944K,  45% used [0x09d50000, 0x0a231508, 0x0a231600, 0x0a800000)
 Metaspace       used 1660K, capacity 3125K, committed 3136K, reserved 4480K
Event: 9.431 GC heap after
Heap after GC invocations=4 (full 0):
 def new generation   total 4928K, used 512K [0x04800000, 0x04d50000, 0x09d50000)
  eden space 4416K,   0% used [0x04800000, 0x04800000, 0x04c50000)
  from space 512K, 100% used [0x04c50000, 0x04cd0000, 0x04cd0000)
  to   space 512K,   0% used [0x04cd0000, 0x04cd0000, 0x04d50000)
 tenured generation   total 10944K, used 5208K [0x09d50000, 0x0a800000, 0x14800000)
   the space 10944K,  47% used [0x09d50000, 0x0a266108, 0x0a266200, 0x0a800000)
 Metaspace       used 1660K, capacity 3125K, committed 3136K, reserved 4480K
}
Event: 9.899 GC heap before
{Heap before GC invocations=4 (full 0):
 def new generation   total 4928K, used 4127K [0x04800000, 0x04d50000, 0x09d50000)
  eden space 4416K,  81% used [0x04800000, 0x04b87f80, 0x04c50000)
  from space 512K, 100% used [0x04c50000, 0x04cd0000, 0x04cd0000)
  to   space 512K,   0% used [0x04cd0000, 0x04cd0000, 0x04d50000)
 tenured generation   total 10944K, used 5208K [0x09d50000, 0x0a800000, 0x14800000)
   the space 10944K,  47% used [0x09d50000, 0x0a266108, 0x0a266200, 0x0a800000)
 Metaspace       used 1879K, capacity 3320K, committed 3392K, reserved 4480K
Event: 9.901 GC heap after
Heap after GC invocations=5 (full 0):
 def new generation   total 4928K, used 421K [0x04800000, 0x04d50000, 0x09d50000)
  eden space 4416K,   0% used [0x04800000, 0x04800000, 0x04c50000)
  from space 512K,  82% used [0x04cd0000, 0x04d39508, 0x04d50000)
  to   space 512K,   0% used [0x04c50000, 0x04c50000, 0x04cd0000)
 tenured generation   total 10944K, used 5343K [0x09d50000, 0x0a800000, 0x14800000)
   the space 10944K,  48% used [0x09d50000, 0x0a287c10, 0x0a287e00, 0x0a800000)
 Metaspace       used 1879K, capacity 3320K, committed 3392K, reserved 4480K
}

Deoptimization events (0 events):
No events

Internal exceptions (10 events):
Event: 0.154 Thread 0x00ddcc00 Exception <a 'java/lang/ClassNotFoundException': ToolBar> (0x04baf198) thrown at [C:\workspace\8-2-build-windows-i586-cygwin\jdk8u141\9370\hotspot\src\share\vm\classfile\systemDictionary.cpp, line 210]
Event: 0.154 Thread 0x00ddcc00 Exception <a 'java/lang/ClassNotFoundException': ToggleButton> (0x04baf6e0) thrown at [C:\workspace\8-2-build-windows-i586-cygwin\jdk8u141\9370\hotspot\src\share\vm\classfile\systemDictionary.cpp, line 210]
Event: 0.154 Thread 0x00ddcc00 Exception <a 'java/lang/ClassNotFoundException': javax/swing/JToolBarSeparator> (0x04bafae8) thrown at [C:\workspace\8-2-build-windows-i586-cygwin\jdk8u141\9370\hotspot\src\share\vm\classfile\systemDictionary.cpp, line 210]
Event: 0.154 Thread 0x00ddcc00 Exception <a 'java/lang/ClassNotFoundException': ToolBarSeparator> (0x04baff40) thrown at [C:\workspace\8-2-build-windows-i586-cygwin\jdk8u141\9370\hotspot\src\share\vm\classfile\systemDictionary.cpp, line 210]
Event: 0.154 Thread 0x00ddcc00 Exception <a 'java/lang/ClassNotFoundException': ToolTip> (0x04bb05e8) thrown at [C:\workspace\8-2-build-windows-i586-cygwin\jdk8u141\9370\hotspot\src\share\vm\classfile\systemDictionary.cpp, line 210]
Event: 0.154 Thread 0x00ddcc00 Exception <a 'java/lang/ClassNotFoundException': Tree> (0x04bb10d0) thrown at [C:\workspace\8-2-build-windows-i586-cygwin\jdk8u141\9370\hotspot\src\share\vm\classfile\systemDictionary.cpp, line 210]
Event: 0.154 Thread 0x00ddcc00 Exception <a 'java/lang/ClassNotFoundException': Tree> (0x04bb1770) thrown at [C:\workspace\8-2-build-windows-i586-cygwin\jdk8u141\9370\hotspot\src\share\vm\classfile\systemDictionary.cpp, line 210]
Event: 0.154 Thread 0x00ddcc00 Exception <a 'java/lang/ClassNotFoundException': javax/swing/JTreeCell> (0x04bb1aa8) thrown at [C:\workspace\8-2-build-windows-i586-cygwin\jdk8u141\9370\hotspot\src\share\vm\classfile\systemDictionary.cpp, line 210]
Event: 0.154 Thread 0x00ddcc00 Exception <a 'java/lang/ClassNotFoundException': TreeCell> (0x04bb1ef0) thrown at [C:\workspace\8-2-build-windows-i586-cygwin\jdk8u141\9370\hotspot\src\share\vm\classfile\systemDictionary.cpp, line 210]
Event: 0.154 Thread 0x00ddcc00 Exception <a 'java/lang/ClassNotFoundException': RootPane> (0x04bb2868) thrown at [C:\workspace\8-2-build-windows-i586-cygwin\jdk8u141\9370\hotspot\src\share\vm\classfile\systemDictionary.cpp, line 210]

Events (10 events):
Event: 9.902 Executing VM operation: RevokeBias
Event: 9.902 Executing VM operation: RevokeBias done
Event: 9.902 Executing VM operation: RevokeBias
Event: 9.902 Executing VM operation: RevokeBias done
Event: 9.902 Executing VM operation: BulkRevokeBias
Event: 9.902 Executing VM operation: BulkRevokeBias done
Event: 9.903 Executing VM operation: RevokeBias
Event: 9.903 Executing VM operation: RevokeBias done
Event: 9.903 Executing VM operation: RevokeBias
Event: 9.903 Executing VM operation: RevokeBias done


Dynamic libraries:
0x000b0000 - 0x000e3000 	C:\Program Files (x86)\Java\jdk1.8.0_141\bin\java.exe
0x779e0000 - 0x77b6e000 	C:\WINDOWS\SYSTEM32\ntdll.dll
0x77220000 - 0x772f0000 	C:\WINDOWS\System32\KERNEL32.DLL
0x74800000 - 0x749c2000 	C:\WINDOWS\System32\KERNELBASE.dll
0x72b90000 - 0x72c23000 	C:\WINDOWS\SYSTEM32\apphelp.dll
0x776e0000 - 0x77757000 	C:\WINDOWS\System32\ADVAPI32.dll
0x75380000 - 0x7543d000 	C:\WINDOWS\System32\msvcrt.dll
0x775a0000 - 0x775e1000 	C:\WINDOWS\System32\sechost.dll
0x749d0000 - 0x74a90000 	C:\WINDOWS\System32\RPCRT4.dll
0x744b0000 - 0x744d0000 	C:\WINDOWS\System32\SspiCli.dll
0x744a0000 - 0x744aa000 	C:\WINDOWS\System32\CRYPTBASE.dll
0x74a90000 - 0x74ae7000 	C:\WINDOWS\System32\bcryptPrimitives.dll
0x755a0000 - 0x756dc000 	C:\WINDOWS\System32\USER32.dll
0x74af0000 - 0x74b06000 	C:\WINDOWS\System32\win32u.dll
0x77800000 - 0x77821000 	C:\WINDOWS\System32\GDI32.dll
0x772f0000 - 0x77448000 	C:\WINDOWS\System32\gdi32full.dll
0x752a0000 - 0x75319000 	C:\WINDOWS\System32\msvcp_win.dll
0x75180000 - 0x75298000 	C:\WINDOWS\System32\ucrtbase.dll
0x72df0000 - 0x72ffe000 	C:\WINDOWS\WinSxS\x86_microsoft.windows.common-controls_6595b64144ccf1df_6.0.15063.483_none_6dad63fefc436da8\COMCTL32.dll
0x76a30000 - 0x76c68000 	C:\WINDOWS\System32\combase.dll
0x77840000 - 0x77865000 	C:\WINDOWS\System32\IMM32.DLL
0x6dd00000 - 0x6ddbf000 	C:\Program Files (x86)\Java\jdk1.8.0_141\jre\bin\msvcr100.dll
0x6cf90000 - 0x6d35e000 	C:\Program Files (x86)\Java\jdk1.8.0_141\jre\bin\client\jvm.dll
0x74be0000 - 0x74be6000 	C:\WINDOWS\System32\PSAPI.DLL
0x73a60000 - 0x73a84000 	C:\WINDOWS\SYSTEM32\WINMM.dll
0x74210000 - 0x74218000 	C:\WINDOWS\SYSTEM32\VERSION.dll
0x734e0000 - 0x734e8000 	C:\WINDOWS\SYSTEM32\WSOCK32.dll
0x74b70000 - 0x74bd7000 	C:\WINDOWS\System32\WS2_32.dll
0x73480000 - 0x734a3000 	C:\WINDOWS\SYSTEM32\winmmbase.dll
0x77090000 - 0x770c9000 	C:\WINDOWS\System32\cfgmgr32.dll
0x6df80000 - 0x6df8c000 	C:\Program Files (x86)\Java\jdk1.8.0_141\jre\bin\verify.dll
0x6dca0000 - 0x6dcc1000 	C:\Program Files (x86)\Java\jdk1.8.0_141\jre\bin\java.dll
0x6df60000 - 0x6df73000 	C:\Program Files (x86)\Java\jdk1.8.0_141\jre\bin\zip.dll
0x756e0000 - 0x76a28000 	C:\WINDOWS\System32\SHELL32.dll
0x775f0000 - 0x7767c000 	C:\WINDOWS\System32\shcore.dll
0x74bf0000 - 0x75177000 	C:\WINDOWS\System32\windows.storage.dll
0x77540000 - 0x77585000 	C:\WINDOWS\System32\shlwapi.dll
0x777f0000 - 0x777fe000 	C:\WINDOWS\System32\kernel.appcore.dll
0x75540000 - 0x75585000 	C:\WINDOWS\System32\powrprof.dll
0x75590000 - 0x755a0000 	C:\WINDOWS\System32\profapi.dll
0x6db40000 - 0x6dc85000 	C:\Program Files (x86)\Java\jdk1.8.0_141\jre\bin\awt.dll
0x744f0000 - 0x74586000 	C:\WINDOWS\System32\OLEAUT32.dll
0x72300000 - 0x72378000 	C:\WINDOWS\system32\uxtheme.dll
0x770d0000 - 0x77216000 	C:\WINDOWS\System32\MSCTF.dll
0x72810000 - 0x72833000 	C:\WINDOWS\system32\dwmapi.dll
0x75440000 - 0x75533000 	C:\WINDOWS\System32\ole32.dll
0x6ce40000 - 0x6ce79000 	C:\Program Files (x86)\Java\jdk1.8.0_141\jre\bin\fontmanager.dll
0x6ceb0000 - 0x6cf8f000 	C:\WINDOWS\system32\opengl32.dll
0x6ce80000 - 0x6cea5000 	C:\WINDOWS\SYSTEM32\GLU32.dll
0x77450000 - 0x774d3000 	C:\WINDOWS\System32\clbcatq.dll
0x6d9b0000 - 0x6db22000 	C:\WINDOWS\SYSTEM32\WindowsCodecs.dll
0x6ca50000 - 0x6ca93000 	C:\WINDOWS\system32\dataexchange.dll
0x6c700000 - 0x6c952000 	C:\WINDOWS\system32\d3d11.dll
0x6c960000 - 0x6ca4b000 	C:\WINDOWS\system32\dcomp.dll
0x6c670000 - 0x6c6fa000 	C:\WINDOWS\system32\dxgi.dll
0x6e210000 - 0x6e346000 	C:\WINDOWS\system32\twinapi.appcore.dll
0x74030000 - 0x74048000 	C:\WINDOWS\system32\bcrypt.dll
0x6dce0000 - 0x6dcf6000 	C:\Program Files (x86)\Java\jdk1.8.0_141\jre\bin\net.dll
0x72b40000 - 0x72b8e000 	C:\WINDOWS\system32\mswsock.dll
0x6dc90000 - 0x6dc9f000 	C:\Program Files (x86)\Java\jdk1.8.0_141\jre\bin\nio.dll
0x6cad0000 - 0x6cb02000 	C:\Program Files (x86)\Java\jdk1.8.0_141\jre\bin\t2k.dll
0x6cdd0000 - 0x6ce37000 	C:\WINDOWS\System32\TextInputFramework.dll
0x6cba0000 - 0x6cdc7000 	C:\WINDOWS\System32\CoreUIComponents.dll
0x6cb10000 - 0x6cb9f000 	C:\WINDOWS\System32\CoreMessaging.dll
0x72dc0000 - 0x72de8000 	C:\WINDOWS\SYSTEM32\ntmarta.dll
0x6e5f0000 - 0x6e6c1000 	C:\WINDOWS\SYSTEM32\wintypes.dll
0x6db30000 - 0x6db40000 	C:\WINDOWS\SYSTEM32\usermgrcli.dll
0x5ff80000 - 0x6003e000 	C:\Users\jaydutt\AppData\Local\Temp\javacpp3832768058572\msvcr100.dll
0x5ff10000 - 0x5ff79000 	C:\Users\jaydutt\AppData\Local\Temp\javacpp3832768058572\msvcp100.dll
0x70fc0000 - 0x71ef6000 	C:\Users\jaydutt\AppData\Local\Temp\javacpp3832768058572\opencv_ffmpeg248.dll
0x5fd00000 - 0x5ff06000 	C:\Users\jaydutt\AppData\Local\Temp\javacpp3832768058572\opencv_core248.dll
0x5fa90000 - 0x5fcfb000 	C:\Users\jaydutt\AppData\Local\Temp\javacpp3832768058572\opencv_imgproc248.dll
0x5f880000 - 0x5fa87000 	C:\Users\jaydutt\AppData\Local\Temp\javacpp3832768058572\opencv_highgui248.dll
0x5f860000 - 0x5f87b000 	C:\WINDOWS\SYSTEM32\AVIFIL32.dll
0x5f830000 - 0x5f852000 	C:\WINDOWS\SYSTEM32\MSVFW32.dll
0x5f810000 - 0x5f824000 	C:\WINDOWS\SYSTEM32\AVICAP32.dll
0x5f7f0000 - 0x5f808000 	C:\WINDOWS\SYSTEM32\MSACM32.dll
0x5f740000 - 0x5f7e4000 	C:\Users\jaydutt\AppData\Local\Temp\javacpp3832768058572\opencv_objdetect248.dll
0x5f700000 - 0x5f73c000 	C:\Users\jaydutt\AppData\Local\Temp\javacpp3832768058572\jniopencv_objdetect.dll
0x5f680000 - 0x5f6f5000 	C:\Users\jaydutt\AppData\Local\Temp\javacpp3832768058572\jniopencv_core.dll
0x5f600000 - 0x5f67c000 	C:\Users\jaydutt\AppData\Local\Temp\javacpp3832768058572\opencv_flann248.dll
0x5f540000 - 0x5f5f2000 	C:\Users\jaydutt\AppData\Local\Temp\javacpp3832768058572\opencv_features2d248.dll
0x5d210000 - 0x5d2d4000 	C:\Users\jaydutt\AppData\Local\Temp\javacpp3832768058572\opencv_calib3d248.dll
0x5d1b0000 - 0x5d20d000 	C:\Users\jaydutt\AppData\Local\Temp\javacpp3832768058572\opencv_video248.dll
0x5d130000 - 0x5d1b0000 	C:\Users\jaydutt\AppData\Local\Temp\javacpp3832768058572\opencv_ml248.dll
0x5d010000 - 0x5d12c000 	C:\Users\jaydutt\AppData\Local\Temp\javacpp3832768058572\opencv_contrib248.dll
0x5cfc0000 - 0x5d007000 	C:\Users\jaydutt\AppData\Local\Temp\javacpp3832768058572\jniopencv_contrib.dll
0x5f530000 - 0x5f53f000 	C:\Users\jaydutt\AppData\Local\Temp\javacpp3832768058572\jniopencv_highgui.dll
0x5cf80000 - 0x5cfb9000 	C:\Users\jaydutt\AppData\Local\Temp\javacpp3832768058572\jniopencv_imgproc.dll
0x5cf60000 - 0x5cf75000 	C:\Windows\System32\devenum.dll
0x76c70000 - 0x7708a000 	C:\WINDOWS\System32\setupapi.dll
0x73450000 - 0x73472000 	C:\WINDOWS\SYSTEM32\DEVOBJ.dll
0x75330000 - 0x75374000 	C:\WINDOWS\System32\WINTRUST.dll
0x75320000 - 0x7532e000 	C:\WINDOWS\System32\MSASN1.dll
0x74590000 - 0x7470d000 	C:\WINDOWS\System32\CRYPT32.dll
0x5f520000 - 0x5f529000 	C:\WINDOWS\SYSTEM32\msdmo.dll
0x5cf20000 - 0x5cf5a000 	C:\Windows\System32\qcap.dll
0x5cd70000 - 0x5cf13000 	C:\Windows\System32\quartz.dll
0x5cd30000 - 0x5cd65000 	C:\Windows\System32\mfksproxy.dll
0x5cce0000 - 0x5ccf8000 	C:\Windows\System32\ATL.DLL
0x5cd00000 - 0x5cd2c000 	C:\Windows\System32\MFSENSORGROUP.dll
0x5caa0000 - 0x5cc05000 	C:\Windows\System32\MFPlat.DLL
0x5ccb0000 - 0x5ccda000 	C:\Windows\System32\RTWorkQ.DLL
0x5ca60000 - 0x5ca9c000 	C:\Windows\System32\ksproxy.ax
0x5ca50000 - 0x5ca57000 	C:\Windows\System32\ksuser.dll
0x64bf0000 - 0x64d52000 	C:\Windows\System32\d3d9.dll
0x6d8d0000 - 0x6d934000 	C:\WINDOWS\SYSTEM32\policymanager.dll
0x6d860000 - 0x6d8c6000 	C:\Windows\System32\msvcp110_win.dll
0x5ca40000 - 0x5ca4c000 	C:\Windows\System32\vidcap.ax
0x5ca20000 - 0x5ca40000 	C:\Windows\System32\kswdmcap.ax
0x73580000 - 0x736ad000 	C:\Windows\System32\MFC42.dll
0x5c990000 - 0x5ca1e000 	C:\Windows\System32\qedit.dll
0x74710000 - 0x747ff000 	C:\WINDOWS\System32\COMDLG32.dll
0x720b0000 - 0x72216000 	C:\WINDOWS\WinSxS\x86_microsoft.windows.gdiplus_6595b64144ccf1df_1.1.15063.608_none_9e9d5d4256d15def\gdiplus.dll
0x72840000 - 0x7292d000 	C:\Windows\System32\DDRAW.dll
0x72380000 - 0x72387000 	C:\Windows\System32\DCIMAN32.dll
0x5c920000 - 0x5c98d000 	C:\WINDOWS\SYSTEM32\D3DIM700.DLL
0x65f00000 - 0x65f59000 	C:\WINDOWS\SYSTEM32\MMDevAPI.DLL
0x19990000 - 0x19af4000 	C:\WINDOWS\SYSTEM32\PROPSYS.dll
0x5c8e0000 - 0x5c919000 	C:\WINDOWS\SYSTEM32\wdmaud.drv
0x5c8d0000 - 0x5c8d9000 	C:\WINDOWS\SYSTEM32\AVRT.dll
0x5c7f0000 - 0x5c8c7000 	C:\WINDOWS\SYSTEM32\AUDIOSES.DLL
0x5c7e0000 - 0x5c7ea000 	C:\WINDOWS\SYSTEM32\msacm32.drv
0x5c7d0000 - 0x5c7d8000 	C:\WINDOWS\SYSTEM32\midimap.dll
0x5c7b0000 - 0x5c7c1000 	C:\WINDOWS\SYSTEM32\vfwwdm32.dll
0x5c7a0000 - 0x5c7aa000 	C:\WINDOWS\SYSTEM32\msyuv.dll
0x74250000 - 0x743ad000 	C:\WINDOWS\SYSTEM32\dbghelp.dll

VM Arguments:
jvm_args: -Dfile.encoding=UTF-8 -Djava.library.path=C:\opencv\build\java\x86 -Djava.security.policy=applet.policy -Djavacpp.platform.dependencies=true 
java_command: LOGIN
java_class_path (initial): C:\Program Files (x86)\NetBeans 8.2\java\modules\ext\AbsoluteLayout.jar;C:\javamail1_4_7\javamail-1.4.7\mail.jar;C:\Users\jaydutt\ui\lib\jcommon-1.0.23.jar;C:\Users\jaydutt\ui\lib\jfreechart-1.0.19.jar;C:\activation-2.2.1.jar;C:\activation-1.1.jar;C:\core-3.3.0.jar;C:\javase-3.3.0.jar;C:\Program Files (x86)\NetBeans 8.2\java\modules\ext\eclipselink\eclipselink.jar;C:\Program Files (x86)\NetBeans 8.2\java\modules\ext\eclipselink\javax.persistence_2.1.0.v201304241213.jar;C:\Program Files (x86)\NetBeans 8.2\java\modules\ext\eclipselink\org.eclipse.persistence.jpa.jpql_2.5.2.v20140319-9ad6abd.jar;C:\opencv\build\java\opencv-310.jar;C:\opencv\build\java\opencv-249.jar;C:\opencv\build\java\opencv-340.jar;C:\javacv-cppjars\ffmpeg-2.1.1-windows-x86.jar;C:\javacv-cppjars\ffmpeg-2.1.1-windows-x86_64.jar;C:\javacv-cppjars\opencv-2.4.8-windows-x86.jar;C:\javacv-cppjars\opencv-2.4.8-windows-x86_64.jar;C:\javacv-bin\javacpp.jar;C:\javacv-bin\javacv.jar;C:\javacv-bin\libfreenect-windows-x86.jar;C:\javacv-bin\libfreenect-windows-x86_64.jar;C:\javacv-bin\libfreenect2-windows-x86_64.jar;C:\jar_files\artoolkitplus-2.3.1-1.4.jar;C:\jar_files\ffmpeg-3.4.1-1.4.jar;C:\jar_files\flandmark-1.07-1.4.jar;C:\jar_files\flycapture-2.11.3.121-1.4.jar;C:\jar_files\javacpp-1.4.jar;C:\jar_files\javacv-1.4.jar;C:\jar_files\libdc1394-2.2.5-1.4.jar;C:\jar_files\libfreenect-0.5.3-1.4.jar;C:\jar_files\libfreenect2-0.2.0-1.4.jar;C:\jar_files\librealsense-1.12.1-1.4.jar;C:\jar_files\opencv-3.4.0-1.4.jar;C:\jar_files\videoinput-0.200-1.4.jar;C:\Users\jaydutt\ui\build\classes
Launcher Type: SUN_STANDARD

Environment Variables:
JAVA_HOME=C:\Program Files\Java\jdk1.8.0_161
PATH=C:\Program Files (x86)\Intel\iCLS Client\;C:\ProgramData\Oracle\Java\javapath;C:\Program Files\Intel\iCLS Client\;C:\windows\system32;C:\windows;C:\windows\System32\Wbem;C:\windows\System32\WindowsPowerShell\v1.0\;C:\Program Files (x86)\NVIDIA Corporation\PhysX\Common;C:\Program Files (x86)\Java\jre1.8.0_141;C:\Program Files (x86)\Java\jdk1.8.0_141/bin;C:\Program Files\Intel\WiFi\bin\;C:\Program Files\Common Files\Intel\WirelessCommon\;C:\WINDOWS\system32;C:\WINDOWS;C:\WINDOWS\System32\Wbem;C:\WINDOWS\System32\WindowsPowerShell\v1.0\;C:\Users\jaydutt\AppData\Local\Microsoft\WindowsApps;C:\adb;C:\Program Files (x86)\Intel\Intel(R) Management Engine Components\DAL;C:\Program Files\Intel\Intel(R) Management Engine Components\DAL;C:\Program Files (x86)\Intel\Intel(R) Management Engine Components\IPT;C:\Program Files\Intel\Intel(R) Management Engine Components\IPT;C:\sqlight\sqlite-tools-win32-x86-3220000;C:\Program Files\Java\jdk1.8.0_161;C:\Program Files\Java\jre1.8.0_161;C:\opencv\build\x86\vc10\bin;C:\opencv\build\java;C:\Users\jaydutt\AppData\Local\Microsoft\WindowsApps;C:\Users\jaydutt\AppData\Local\GitHubDesktop\bin
USERNAME=jaydutt
OS=Windows_NT
PROCESSOR_IDENTIFIER=Intel64 Family 6 Model 158 Stepping 9, GenuineIntel



---------------  S Y S T E M  ---------------

OS: Windows 10.0 , 64 bit Build 15063 (10.0.15063.296)

CPU:total 8 (initial active 8) (4 cores per cpu, 2 threads per core) family 6 model 158 stepping 9, cmov, cx8, fxsr, mmx, sse, sse2, sse3, ssse3, sse4.1, sse4.2, popcnt, avx, avx2, aes, clmul, erms, 3dnowpref, lzcnt, ht, tsc, tscinvbit, bmi1, bmi2, adx

Memory: 4k page, physical 16659684k(13161952k free), swap 33436900k(30102640k free)

vm_info: Java HotSpot(TM) Client VM (25.141-b15) for windows-x86 JRE (1.8.0_141-b15), built on Jul 12 2017 04:25:45 by "java_re" with MS VC++ 10.0 (VS2010)

time: Fri Mar 16 15:54:37 2018
elapsed time: 9 seconds (0d 0h 0m 9s)

