#
# A fatal error has been detected by the Java Runtime Environment:
#
#  EXCEPTION_ACCESS_VIOLATION (0xc0000005) at pc=0x63af4b2f, pid=17988, tid=0x000041ec
#
# JRE version: Java(TM) SE Runtime Environment (8.0_141-b15) (build 1.8.0_141-b15)
# Java VM: Java HotSpot(TM) Client VM (25.141-b15 mixed mode, sharing windows-x86 )
# Problematic frame:
# C  [kswdmcap.ax+0x4b2f]
#
# Failed to write core dump. Minidumps are not enabled by default on client versions of Windows
#
# If you would like to submit a bug report, please visit:
#   http://bugreport.java.com/bugreport/crash.jsp
# The crash happened outside the Java Virtual Machine in native code.
# See problematic frame for where to report the bug.
#

---------------  T H R E A D  ---------------

Current thread (0x15cc3000):  JavaThread "Thread-4" [_thread_in_native, id=16876, stack(0x19290000,0x192e0000)]

siginfo: ExceptionCode=0xc0000005, reading address 0x00000034

Registers:
EAX=0x00000000, EBX=0x001a1424, ECX=0x00000004, EDX=0x001a13f8
ESP=0x192df4e0, EBP=0x192df534, ESI=0x00000000, EDI=0x0000079c
EIP=0x63af4b2f, EFLAGS=0x00010246

Top of Stack: (sp=0x192df4e0)
0x192df4e0:   63af1100 63b36330 192df590 00000000
0x192df4f0:   00000000 00000000 00000048 001a13f8
0x192df500:   00000000 00000000 173118a8 77e32dfe
0x192df510:   00000000 00000000 0000079c 001a14e8
0x192df520:   192df53c 001a1424 77987d77 000e0000
0x192df530:   00000012 192df540 63af7083 001a13f8
0x192df540:   192df578 63b42863 17312e60 0000079c
0x192df550:   00000000 001a13f8 173118a8 173119d4 

Instructions: (pc=0x63af4b2f)
0x63af4b0f:   33 c9 89 5c 24 44 8b 04 8b be a0 37 af 63 3b 04
0x63af4b1f:   8e 8b 74 24 20 75 15 41 83 f9 04 75 e9 8b 42 44
0x63af4b2f:   8b 48 34 89 4c 24 28 8b 48 38 eb 2a 33 c9 8b 04
0x63af4b3f:   8b be 90 37 af 63 3b 04 8e 8b 74 24 20 0f 85 30 


Register to memory mapping:

EAX=0x00000000 is an unknown value
EBX=0x001a1424 is an unknown value
ECX=0x00000004 is an unknown value
EDX=0x001a13f8 is an unknown value
ESP=0x192df4e0 is pointing into the stack for thread: 0x15cc3000
EBP=0x192df534 is pointing into the stack for thread: 0x15cc3000
ESI=0x00000000 is an unknown value
EDI=0x0000079c is an unknown value


Stack: [0x19290000,0x192e0000],  sp=0x192df4e0,  free space=317k
Native frames: (J=compiled Java code, j=interpreted, Vv=VM code, C=native code)
C  [kswdmcap.ax+0x4b2f]
C  [kswdmcap.ax+0x7083]
C  [ksproxy.ax+0x12863]
C  [ksproxy.ax+0x13805]
C  [opencv_highgui248.dll+0x12abd]
C  [opencv_highgui248.dll+0x156cb]
C  [opencv_highgui248.dll+0x15cab]
C  [opencv_highgui248.dll+0x1613c]
C  [opencv_highgui248.dll+0x14736]
C  [opencv_highgui248.dll+0x1194]
C  [jniopencv_highgui.dll+0x597d]
j  com.googlecode.javacv.cpp.opencv_highgui.cvCreateCameraCapture(I)Lcom/googlecode/javacv/cpp/opencv_highgui$CvCapture;+0
j  FaceCapture.run()V+1
j  java.lang.Thread.run()V+11
v  ~StubRoutines::call_stub
V  [jvm.dll+0x15af45]
V  [jvm.dll+0x2213ae]
V  [jvm.dll+0x15afde]
V  [jvm.dll+0x15b166]
V  [jvm.dll+0x15b1d7]
V  [jvm.dll+0xff36f]
V  [jvm.dll+0x17dc30]
V  [jvm.dll+0x17e4aa]
V  [jvm.dll+0x1c2ec6]
C  [msvcr100.dll+0x5c556]
C  [msvcr100.dll+0x5c600]
C  [KERNEL32.DLL+0x18744]
C  [ntdll.dll+0x6582d]
C  [ntdll.dll+0x657fd]
C  0x00000000

Java frames: (J=compiled Java code, j=interpreted, Vv=VM code)
j  com.googlecode.javacv.cpp.opencv_highgui.cvCreateCameraCapture(I)Lcom/googlecode/javacv/cpp/opencv_highgui$CvCapture;+0
j  FaceCapture.run()V+1
j  java.lang.Thread.run()V+11
v  ~StubRoutines::call_stub

---------------  P R O C E S S  ---------------

Java Threads: ( => current thread )
=>0x15cc3000 JavaThread "Thread-4" [_thread_in_native, id=16876, stack(0x19290000,0x192e0000)]
  0x15f29c00 JavaThread "Thread-3" [_thread_in_native, id=8536, stack(0x18d50000,0x18da0000)]
  0x15d4b800 JavaThread "TimerQueue" daemon [_thread_blocked, id=6128, stack(0x17c40000,0x17c90000)]
  0x0097cc00 JavaThread "DestroyJavaVM" [_thread_blocked, id=21080, stack(0x02300000,0x02350000)]
  0x15bd8400 JavaThread "AWT-EventQueue-0" [_thread_blocked, id=21280, stack(0x16b80000,0x16bd0000)]
  0x15bb4c00 JavaThread "AWT-Windows" daemon [_thread_in_native, id=15836, stack(0x16210000,0x16260000)]
  0x15bb2000 JavaThread "AWT-Shutdown" [_thread_blocked, id=9180, stack(0x15fb0000,0x16000000)]
  0x15bb1000 JavaThread "Java2D Disposer" daemon [_thread_blocked, id=6528, stack(0x15390000,0x153e0000)]
  0x0070e800 JavaThread "Service Thread" daemon [_thread_blocked, id=7724, stack(0x15270000,0x152c0000)]
  0x00701000 JavaThread "C1 CompilerThread0" daemon [_thread_blocked, id=18852, stack(0x14770000,0x147c0000)]
  0x006ff800 JavaThread "Attach Listener" daemon [_thread_blocked, id=20928, stack(0x146e0000,0x14730000)]
  0x006fd800 JavaThread "Signal Dispatcher" daemon [_thread_blocked, id=2416, stack(0x14650000,0x146a0000)]
  0x006f4800 JavaThread "Finalizer" daemon [_thread_blocked, id=13212, stack(0x144d0000,0x14520000)]
  0x00697c00 JavaThread "Reference Handler" daemon [_thread_blocked, id=10932, stack(0x14440000,0x14490000)]

Other Threads:
  0x00694400 VMThread [stack: 0x04390000,0x043e0000] [id=19712]
  0x00736800 WatcherThread [stack: 0x15300000,0x15350000] [id=17392]

VM state:not at safepoint (normal execution)

VM Mutex/Monitor currently owned by a thread: None

Heap:
 def new generation   total 4928K, used 3997K [0x04400000, 0x04950000, 0x09950000)
  eden space 4416K,  78% used [0x04400000, 0x047674d8, 0x04850000)
  from space 512K, 100% used [0x04850000, 0x048d0000, 0x048d0000)
  to   space 512K,   0% used [0x048d0000, 0x048d0000, 0x04950000)
 tenured generation   total 10944K, used 5204K [0x09950000, 0x0a400000, 0x14400000)
   the space 10944K,  47% used [0x09950000, 0x09e652f8, 0x09e65400, 0x0a400000)
 Metaspace       used 1875K, capacity 3320K, committed 3392K, reserved 4480K

Card table byte_map: [0x00820000,0x008b0000] byte_map_base: 0x007fe000

Polling page: 0x000d0000

CodeCache: size=32768Kb used=1222Kb max_used=1222Kb free=31545Kb
 bounds [0x02350000, 0x02488000, 0x04350000]
 total_blobs=659 nmethods=394 adapters=196
 compilation: enabled

Compilation events (10 events):
Event: 8.177 Thread 0x00701000  392             com.googlecode.javacpp.Loader$ClassProperties::get (30 bytes)
Event: 8.177 Thread 0x00701000 nmethod 392 0x0247ce48 code [0x0247cf80, 0x0247d170]
Event: 8.177 Thread 0x00701000  393             sun.reflect.annotation.AnnotationInvocationHandler::cloneArray (170 bytes)
Event: 8.177 Thread 0x00701000 nmethod 393 0x0247d3c8 code [0x0247d580, 0x0247d90c]
Event: 8.189 Thread 0x00701000  394             java.io.WinNTFileSystem::normalizePrefix (132 bytes)
Event: 8.190 Thread 0x00701000 nmethod 394 0x0247f408 code [0x0247f5f0, 0x02480444]
Event: 8.190 Thread 0x00701000  395  s          java.lang.StringBuffer::append (13 bytes)
Event: 8.190 Thread 0x00701000 nmethod 395 0x02481388 code [0x02481490, 0x0248167c]
Event: 8.532 Thread 0x00701000  396             java.lang.ref.SoftReference::get (29 bytes)
Event: 8.532 Thread 0x00701000 nmethod 396 0x02481708 code [0x02481800, 0x024818c0]

GC Heap History (8 events):
Event: 0.312 GC heap before
{Heap before GC invocations=0 (full 0):
 def new generation   total 4928K, used 4416K [0x04400000, 0x04950000, 0x09950000)
  eden space 4416K, 100% used [0x04400000, 0x04850000, 0x04850000)
  from space 512K,   0% used [0x04850000, 0x04850000, 0x048d0000)
  to   space 512K,   0% used [0x048d0000, 0x048d0000, 0x04950000)
 tenured generation   total 10944K, used 0K [0x09950000, 0x0a400000, 0x14400000)
   the space 10944K,   0% used [0x09950000, 0x09950000, 0x09950200, 0x0a400000)
 Metaspace       used 582K, capacity 2493K, committed 2496K, reserved 4480K
Event: 0.315 GC heap after
Heap after GC invocations=1 (full 0):
 def new generation   total 4928K, used 512K [0x04400000, 0x04950000, 0x09950000)
  eden space 4416K,   0% used [0x04400000, 0x04400000, 0x04850000)
  from space 512K, 100% used [0x048d0000, 0x04950000, 0x04950000)
  to   space 512K,   0% used [0x04850000, 0x04850000, 0x048d0000)
 tenured generation   total 10944K, used 788K [0x09950000, 0x0a400000, 0x14400000)
   the space 10944K,   7% used [0x09950000, 0x09a15050, 0x09a15200, 0x0a400000)
 Metaspace       used 582K, capacity 2493K, committed 2496K, reserved 4480K
}
Event: 0.495 GC heap before
{Heap before GC invocations=1 (full 0):
 def new generation   total 4928K, used 3069K [0x04400000, 0x04950000, 0x09950000)
  eden space 4416K,  57% used [0x04400000, 0x0467f548, 0x04850000)
  from space 512K, 100% used [0x048d0000, 0x04950000, 0x04950000)
  to   space 512K,   0% used [0x04850000, 0x04850000, 0x048d0000)
 tenured generation   total 10944K, used 788K [0x09950000, 0x0a400000, 0x14400000)
   the space 10944K,   7% used [0x09950000, 0x09a15050, 0x09a15200, 0x0a400000)
 Metaspace       used 864K, capacity 2517K, committed 2624K, reserved 4480K
Event: 0.499 GC heap after
Heap after GC invocations=2 (full 0):
 def new generation   total 4928K, used 512K [0x04400000, 0x04950000, 0x09950000)
  eden space 4416K,   0% used [0x04400000, 0x04400000, 0x04850000)
  from space 512K, 100% used [0x04850000, 0x048d0000, 0x048d0000)
  to   space 512K,   0% used [0x048d0000, 0x048d0000, 0x04950000)
 tenured generation   total 10944K, used 1907K [0x09950000, 0x0a400000, 0x14400000)
   the space 10944K,  17% used [0x09950000, 0x09b2ce78, 0x09b2d000, 0x0a400000)
 Metaspace       used 864K, capacity 2517K, committed 2624K, reserved 4480K
}
Event: 7.441 GC heap before
{Heap before GC invocations=2 (full 0):
 def new generation   total 4928K, used 4928K [0x04400000, 0x04950000, 0x09950000)
  eden space 4416K, 100% used [0x04400000, 0x04850000, 0x04850000)
  from space 512K, 100% used [0x04850000, 0x048d0000, 0x048d0000)
  to   space 512K,   0% used [0x048d0000, 0x048d0000, 0x04950000)
 tenured generation   total 10944K, used 1907K [0x09950000, 0x0a400000, 0x14400000)
   the space 10944K,  17% used [0x09950000, 0x09b2ce78, 0x09b2d000, 0x0a400000)
 Metaspace       used 1175K, capacity 2645K, committed 2752K, reserved 4480K
Event: 7.444 GC heap after
Heap after GC invocations=3 (full 0):
 def new generation   total 4928K, used 268K [0x04400000, 0x04950000, 0x09950000)
  eden space 4416K,   0% used [0x04400000, 0x04400000, 0x04850000)
  from space 512K,  52% used [0x048d0000, 0x049132c0, 0x04950000)
  to   space 512K,   0% used [0x04850000, 0x04850000, 0x048d0000)
 tenured generation   total 10944K, used 4997K [0x09950000, 0x0a400000, 0x14400000)
   the space 10944K,  45% used [0x09950000, 0x09e316d8, 0x09e31800, 0x0a400000)
 Metaspace       used 1175K, capacity 2645K, committed 2752K, reserved 4480K
}
Event: 7.951 GC heap before
{Heap before GC invocations=3 (full 0):
 def new generation   total 4928K, used 4684K [0x04400000, 0x04950000, 0x09950000)
  eden space 4416K, 100% used [0x04400000, 0x04850000, 0x04850000)
  from space 512K,  52% used [0x048d0000, 0x049132c0, 0x04950000)
  to   space 512K,   0% used [0x04850000, 0x04850000, 0x048d0000)
 tenured generation   total 10944K, used 4997K [0x09950000, 0x0a400000, 0x14400000)
   the space 10944K,  45% used [0x09950000, 0x09e316d8, 0x09e31800, 0x0a400000)
 Metaspace       used 1660K, capacity 3125K, committed 3136K, reserved 4480K
Event: 7.952 GC heap after
Heap after GC invocations=4 (full 0):
 def new generation   total 4928K, used 512K [0x04400000, 0x04950000, 0x09950000)
  eden space 4416K,   0% used [0x04400000, 0x04400000, 0x04850000)
  from space 512K, 100% used [0x04850000, 0x048d0000, 0x048d0000)
  to   space 512K,   0% used [0x048d0000, 0x048d0000, 0x04950000)
 tenured generation   total 10944K, used 5204K [0x09950000, 0x0a400000, 0x14400000)
   the space 10944K,  47% used [0x09950000, 0x09e652f8, 0x09e65400, 0x0a400000)
 Metaspace       used 1660K, capacity 3125K, committed 3136K, reserved 4480K
}

Deoptimization events (0 events):
No events

Internal exceptions (10 events):
Event: 0.274 Thread 0x0097cc00 Exception <a 'java/lang/ClassNotFoundException': ToolBar> (0x047ae948) thrown at [C:\workspace\8-2-build-windows-i586-cygwin\jdk8u141\9370\hotspot\src\share\vm\classfile\systemDictionary.cpp, line 210]
Event: 0.275 Thread 0x0097cc00 Exception <a 'java/lang/ClassNotFoundException': ToggleButton> (0x047aee90) thrown at [C:\workspace\8-2-build-windows-i586-cygwin\jdk8u141\9370\hotspot\src\share\vm\classfile\systemDictionary.cpp, line 210]
Event: 0.275 Thread 0x0097cc00 Exception <a 'java/lang/ClassNotFoundException': javax/swing/JToolBarSeparator> (0x047af298) thrown at [C:\workspace\8-2-build-windows-i586-cygwin\jdk8u141\9370\hotspot\src\share\vm\classfile\systemDictionary.cpp, line 210]
Event: 0.275 Thread 0x0097cc00 Exception <a 'java/lang/ClassNotFoundException': ToolBarSeparator> (0x047af6f0) thrown at [C:\workspace\8-2-build-windows-i586-cygwin\jdk8u141\9370\hotspot\src\share\vm\classfile\systemDictionary.cpp, line 210]
Event: 0.275 Thread 0x0097cc00 Exception <a 'java/lang/ClassNotFoundException': ToolTip> (0x047afd98) thrown at [C:\workspace\8-2-build-windows-i586-cygwin\jdk8u141\9370\hotspot\src\share\vm\classfile\systemDictionary.cpp, line 210]
Event: 0.275 Thread 0x0097cc00 Exception <a 'java/lang/ClassNotFoundException': Tree> (0x047b0880) thrown at [C:\workspace\8-2-build-windows-i586-cygwin\jdk8u141\9370\hotspot\src\share\vm\classfile\systemDictionary.cpp, line 210]
Event: 0.275 Thread 0x0097cc00 Exception <a 'java/lang/ClassNotFoundException': Tree> (0x047b0f20) thrown at [C:\workspace\8-2-build-windows-i586-cygwin\jdk8u141\9370\hotspot\src\share\vm\classfile\systemDictionary.cpp, line 210]
Event: 0.275 Thread 0x0097cc00 Exception <a 'java/lang/ClassNotFoundException': javax/swing/JTreeCell> (0x047b1258) thrown at [C:\workspace\8-2-build-windows-i586-cygwin\jdk8u141\9370\hotspot\src\share\vm\classfile\systemDictionary.cpp, line 210]
Event: 0.275 Thread 0x0097cc00 Exception <a 'java/lang/ClassNotFoundException': TreeCell> (0x047b16a0) thrown at [C:\workspace\8-2-build-windows-i586-cygwin\jdk8u141\9370\hotspot\src\share\vm\classfile\systemDictionary.cpp, line 210]
Event: 0.276 Thread 0x0097cc00 Exception <a 'java/lang/ClassNotFoundException': RootPane> (0x047b2018) thrown at [C:\workspace\8-2-build-windows-i586-cygwin\jdk8u141\9370\hotspot\src\share\vm\classfile\systemDictionary.cpp, line 210]

Events (10 events):
Event: 8.199 loading class com/googlecode/javacv/cpp/opencv_imgproc$CvDistanceFunction
Event: 8.199 loading class com/googlecode/javacv/cpp/opencv_imgproc$CvDistanceFunction done
Event: 8.199 loading class com/googlecode/javacv/cpp/opencv_imgproc$CvFeatureTree
Event: 8.199 loading class com/googlecode/javacv/cpp/opencv_imgproc$CvFeatureTree done
Event: 8.199 loading class com/googlecode/javacv/cpp/opencv_imgproc$CvContourScanner
Event: 8.199 loading class com/googlecode/javacv/cpp/opencv_imgproc$CvContourScanner done
Event: 8.200 loading class java/nio/FloatBuffer
Event: 8.200 loading class java/nio/FloatBuffer done
Event: 8.364 Thread 0x15f29c00 Thread added: 0x15f29c00
Event: 8.531 Thread 0x15cc3000 Thread added: 0x15cc3000


Dynamic libraries:
0x00c20000 - 0x00c53000 	C:\Program Files (x86)\Java\jdk1.8.0_141\bin\java.exe
0x77df0000 - 0x77f7e000 	C:\WINDOWS\SYSTEM32\ntdll.dll
0x76060000 - 0x76130000 	C:\WINDOWS\System32\KERNEL32.DLL
0x75370000 - 0x75532000 	C:\WINDOWS\System32\KERNELBASE.dll
0x73d10000 - 0x73da3000 	C:\WINDOWS\SYSTEM32\apphelp.dll
0x75ec0000 - 0x75f37000 	C:\WINDOWS\System32\ADVAPI32.dll
0x74f50000 - 0x7500d000 	C:\WINDOWS\System32\msvcrt.dll
0x75d60000 - 0x75da1000 	C:\WINDOWS\System32\sechost.dll
0x77bb0000 - 0x77c70000 	C:\WINDOWS\System32\RPCRT4.dll
0x75310000 - 0x75330000 	C:\WINDOWS\System32\SspiCli.dll
0x75300000 - 0x7530a000 	C:\WINDOWS\System32\CRYPTBASE.dll
0x74e00000 - 0x74e57000 	C:\WINDOWS\System32\bcryptPrimitives.dll
0x776b0000 - 0x777ec000 	C:\WINDOWS\System32\USER32.dll
0x75570000 - 0x75586000 	C:\WINDOWS\System32\win32u.dll
0x75e10000 - 0x75e31000 	C:\WINDOWS\System32\GDI32.dll
0x75010000 - 0x75168000 	C:\WINDOWS\System32\gdi32full.dll
0x777f0000 - 0x77869000 	C:\WINDOWS\System32\msvcp_win.dll
0x75f40000 - 0x76058000 	C:\WINDOWS\System32\ucrtbase.dll
0x731f0000 - 0x733fe000 	C:\WINDOWS\WinSxS\x86_microsoft.windows.common-controls_6595b64144ccf1df_6.0.15063.483_none_6dad63fefc436da8\COMCTL32.dll
0x77910000 - 0x77b48000 	C:\WINDOWS\System32\combase.dll
0x75540000 - 0x75565000 	C:\WINDOWS\System32\IMM32.DLL
0x65610000 - 0x656cf000 	C:\Program Files (x86)\Java\jdk1.8.0_141\jre\bin\msvcr100.dll
0x656d0000 - 0x65a9e000 	C:\Program Files (x86)\Java\jdk1.8.0_141\jre\bin\client\jvm.dll
0x75d40000 - 0x75d46000 	C:\WINDOWS\System32\PSAPI.DLL
0x73550000 - 0x73558000 	C:\WINDOWS\SYSTEM32\WSOCK32.dll
0x756e0000 - 0x75747000 	C:\WINDOWS\System32\WS2_32.dll
0x746c0000 - 0x746c8000 	C:\WINDOWS\SYSTEM32\VERSION.dll
0x73c50000 - 0x73c74000 	C:\WINDOWS\SYSTEM32\WINMM.dll
0x73520000 - 0x73543000 	C:\WINDOWS\SYSTEM32\winmmbase.dll
0x75330000 - 0x75369000 	C:\WINDOWS\System32\cfgmgr32.dll
0x6f2c0000 - 0x6f2cc000 	C:\Program Files (x86)\Java\jdk1.8.0_141\jre\bin\verify.dll
0x6d4b0000 - 0x6d4d1000 	C:\Program Files (x86)\Java\jdk1.8.0_141\jre\bin\java.dll
0x6ea90000 - 0x6eaa3000 	C:\Program Files (x86)\Java\jdk1.8.0_141\jre\bin\zip.dll
0x762b0000 - 0x775f8000 	C:\WINDOWS\System32\SHELL32.dll
0x77880000 - 0x7790c000 	C:\WINDOWS\System32\shcore.dll
0x757b0000 - 0x75d37000 	C:\WINDOWS\System32\windows.storage.dll
0x75750000 - 0x75795000 	C:\WINDOWS\System32\shlwapi.dll
0x76130000 - 0x7613e000 	C:\WINDOWS\System32\kernel.appcore.dll
0x77660000 - 0x776a5000 	C:\WINDOWS\System32\powrprof.dll
0x75d50000 - 0x75d60000 	C:\WINDOWS\System32\profapi.dll
0x651e0000 - 0x65325000 	C:\Program Files (x86)\Java\jdk1.8.0_141\jre\bin\awt.dll
0x747b0000 - 0x74846000 	C:\WINDOWS\System32\OLEAUT32.dll
0x725e0000 - 0x72658000 	C:\WINDOWS\system32\uxtheme.dll
0x75590000 - 0x756d6000 	C:\WINDOWS\System32\MSCTF.dll
0x73190000 - 0x731b3000 	C:\WINDOWS\system32\dwmapi.dll
0x74850000 - 0x74943000 	C:\WINDOWS\System32\ole32.dll
0x67000000 - 0x67039000 	C:\Program Files (x86)\Java\jdk1.8.0_141\jre\bin\fontmanager.dll
0x65100000 - 0x651df000 	C:\WINDOWS\system32\opengl32.dll
0x6d300000 - 0x6d325000 	C:\WINDOWS\SYSTEM32\GLU32.dll
0x74950000 - 0x749d3000 	C:\WINDOWS\System32\clbcatq.dll
0x6d330000 - 0x6d4a2000 	C:\WINDOWS\SYSTEM32\WindowsCodecs.dll
0x655c0000 - 0x65603000 	C:\WINDOWS\system32\dataexchange.dll
0x64ea0000 - 0x650f2000 	C:\WINDOWS\system32\d3d11.dll
0x64db0000 - 0x64e9b000 	C:\WINDOWS\system32\dcomp.dll
0x64d20000 - 0x64daa000 	C:\WINDOWS\system32\dxgi.dll
0x6e550000 - 0x6e686000 	C:\WINDOWS\system32\twinapi.appcore.dll
0x743e0000 - 0x743f8000 	C:\WINDOWS\system32\bcrypt.dll
0x6e690000 - 0x6e6a6000 	C:\Program Files (x86)\Java\jdk1.8.0_141\jre\bin\net.dll
0x72830000 - 0x7287e000 	C:\WINDOWS\system32\mswsock.dll
0x6efb0000 - 0x6efbf000 	C:\Program Files (x86)\Java\jdk1.8.0_141\jre\bin\nio.dll
0x66cd0000 - 0x66d02000 	C:\Program Files (x86)\Java\jdk1.8.0_141\jre\bin\t2k.dll
0x67040000 - 0x670a7000 	C:\WINDOWS\System32\TextInputFramework.dll
0x65330000 - 0x65557000 	C:\WINDOWS\System32\CoreUIComponents.dll
0x66580000 - 0x6660f000 	C:\WINDOWS\System32\CoreMessaging.dll
0x6e6f0000 - 0x6e700000 	C:\WINDOWS\SYSTEM32\usermgrcli.dll
0x72800000 - 0x72828000 	C:\WINDOWS\SYSTEM32\ntmarta.dll
0x6e9b0000 - 0x6ea81000 	C:\WINDOWS\SYSTEM32\wintypes.dll
0x64c60000 - 0x64d1e000 	C:\Users\jaydutt\AppData\Local\Temp\javacpp365286946878166\msvcr100.dll
0x64bf0000 - 0x64c59000 	C:\Users\jaydutt\AppData\Local\Temp\javacpp365286946878166\msvcp100.dll
0x70fc0000 - 0x71ef6000 	C:\Users\jaydutt\AppData\Local\Temp\javacpp365286946878166\opencv_ffmpeg248.dll
0x649e0000 - 0x64be6000 	C:\Users\jaydutt\AppData\Local\Temp\javacpp365286946878166\opencv_core248.dll
0x64770000 - 0x649db000 	C:\Users\jaydutt\AppData\Local\Temp\javacpp365286946878166\opencv_imgproc248.dll
0x64560000 - 0x64767000 	C:\Users\jaydutt\AppData\Local\Temp\javacpp365286946878166\opencv_highgui248.dll
0x66ca0000 - 0x66cc2000 	C:\WINDOWS\SYSTEM32\MSVFW32.dll
0x66ac0000 - 0x66ad4000 	C:\WINDOWS\SYSTEM32\AVICAP32.dll
0x66560000 - 0x6657b000 	C:\WINDOWS\SYSTEM32\AVIFIL32.dll
0x66540000 - 0x66558000 	C:\WINDOWS\SYSTEM32\MSACM32.dll
0x644b0000 - 0x64554000 	C:\Users\jaydutt\AppData\Local\Temp\javacpp365286946878166\opencv_objdetect248.dll
0x65580000 - 0x655bc000 	C:\Users\jaydutt\AppData\Local\Temp\javacpp365286946878166\jniopencv_objdetect.dll
0x64430000 - 0x644a5000 	C:\Users\jaydutt\AppData\Local\Temp\javacpp365286946878166\jniopencv_core.dll
0x643b0000 - 0x6442c000 	C:\Users\jaydutt\AppData\Local\Temp\javacpp365286946878166\opencv_flann248.dll
0x642f0000 - 0x643a2000 	C:\Users\jaydutt\AppData\Local\Temp\javacpp365286946878166\opencv_features2d248.dll
0x64220000 - 0x642e4000 	C:\Users\jaydutt\AppData\Local\Temp\javacpp365286946878166\opencv_calib3d248.dll
0x641c0000 - 0x6421d000 	C:\Users\jaydutt\AppData\Local\Temp\javacpp365286946878166\opencv_video248.dll
0x64140000 - 0x641c0000 	C:\Users\jaydutt\AppData\Local\Temp\javacpp365286946878166\opencv_ml248.dll
0x64020000 - 0x6413c000 	C:\Users\jaydutt\AppData\Local\Temp\javacpp365286946878166\opencv_contrib248.dll
0x63fd0000 - 0x64017000 	C:\Users\jaydutt\AppData\Local\Temp\javacpp365286946878166\jniopencv_contrib.dll
0x6d2f0000 - 0x6d2ff000 	C:\Users\jaydutt\AppData\Local\Temp\javacpp365286946878166\jniopencv_highgui.dll
0x63f90000 - 0x63fc9000 	C:\Users\jaydutt\AppData\Local\Temp\javacpp365286946878166\jniopencv_imgproc.dll
0x65560000 - 0x65575000 	C:\Windows\System32\devenum.dll
0x749e0000 - 0x74dfa000 	C:\WINDOWS\System32\setupapi.dll
0x734f0000 - 0x73512000 	C:\WINDOWS\SYSTEM32\DEVOBJ.dll
0x77610000 - 0x77654000 	C:\WINDOWS\System32\WINTRUST.dll
0x77600000 - 0x7760e000 	C:\WINDOWS\System32\MSASN1.dll
0x77c70000 - 0x77ded000 	C:\WINDOWS\System32\CRYPT32.dll
0x670b0000 - 0x670b9000 	C:\WINDOWS\SYSTEM32\msdmo.dll
0x63f50000 - 0x63f8a000 	C:\Windows\System32\qcap.dll
0x63da0000 - 0x63f43000 	C:\Windows\System32\quartz.dll
0x63d60000 - 0x63d95000 	C:\Windows\System32\mfksproxy.dll
0x63d40000 - 0x63d58000 	C:\Windows\System32\ATL.DLL
0x63d10000 - 0x63d3c000 	C:\Windows\System32\MFSENSORGROUP.dll
0x63ba0000 - 0x63d05000 	C:\Windows\System32\MFPlat.DLL
0x63b70000 - 0x63b9a000 	C:\Windows\System32\RTWorkQ.DLL
0x63b30000 - 0x63b6c000 	C:\Windows\System32\ksproxy.ax
0x67e50000 - 0x67fb2000 	C:\Windows\System32\d3d9.dll
0x66ab0000 - 0x66ab7000 	C:\Windows\System32\ksuser.dll
0x6e380000 - 0x6e3e4000 	C:\WINDOWS\SYSTEM32\policymanager.dll
0x6e310000 - 0x6e376000 	C:\Windows\System32\msvcp110_win.dll
0x664b0000 - 0x664bc000 	C:\Windows\System32\vidcap.ax
0x63af0000 - 0x63b10000 	C:\Windows\System32\kswdmcap.ax
0x73060000 - 0x7318d000 	C:\Windows\System32\MFC42.dll
0x63a60000 - 0x63aee000 	C:\Windows\System32\qedit.dll
0x74e60000 - 0x74f4f000 	C:\WINDOWS\System32\COMDLG32.dll
0x197e0000 - 0x19946000 	C:\WINDOWS\WinSxS\x86_microsoft.windows.gdiplus_6595b64144ccf1df_1.1.15063.608_none_9e9d5d4256d15def\gdiplus.dll
0x74530000 - 0x7468d000 	C:\WINDOWS\SYSTEM32\dbghelp.dll
0x73400000 - 0x734ed000 	C:\Windows\System32\DDRAW.dll
0x728e0000 - 0x728e7000 	C:\Windows\System32\DCIMAN32.dll
0x639f0000 - 0x63a5d000 	C:\WINDOWS\SYSTEM32\D3DIM700.DLL

VM Arguments:
jvm_args: -Dfile.encoding=UTF-8 -Djava.library.path=C:\opencv\build\java\x86 -Djava.security.policy=applet.policy -Djavacpp.platform.dependencies=true 
java_command: LOGIN
java_class_path (initial): C:\Program Files (x86)\NetBeans 8.2\java\modules\ext\AbsoluteLayout.jar;C:\javamail1_4_7\javamail-1.4.7\mail.jar;C:\Users\jaydutt\ui\lib\jcommon-1.0.23.jar;C:\Users\jaydutt\ui\lib\jfreechart-1.0.19.jar;C:\activation-2.2.1.jar;C:\activation-1.1.jar;C:\core-3.3.0.jar;C:\javase-3.3.0.jar;C:\Program Files (x86)\NetBeans 8.2\java\modules\ext\eclipselink\eclipselink.jar;C:\Program Files (x86)\NetBeans 8.2\java\modules\ext\eclipselink\javax.persistence_2.1.0.v201304241213.jar;C:\Program Files (x86)\NetBeans 8.2\java\modules\ext\eclipselink\org.eclipse.persistence.jpa.jpql_2.5.2.v20140319-9ad6abd.jar;C:\opencv\build\java\opencv-310.jar;C:\opencv\build\java\opencv-249.jar;C:\opencv\build\java\opencv-340.jar;C:\javacv-cppjars\ffmpeg-2.1.1-windows-x86.jar;C:\javacv-cppjars\ffmpeg-2.1.1-windows-x86_64.jar;C:\javacv-cppjars\opencv-2.4.8-windows-x86.jar;C:\javacv-cppjars\opencv-2.4.8-windows-x86_64.jar;C:\javacv-bin\javacpp.jar;C:\javacv-bin\javacv.jar;C:\javacv-bin\libfreenect-windows-x86.jar;C:\javacv-bin\libfreenect-windows-x86_64.jar;C:\javacv-bin\libfreenect2-windows-x86_64.jar;C:\jar_files\artoolkitplus-2.3.1-1.4.jar;C:\jar_files\ffmpeg-3.4.1-1.4.jar;C:\jar_files\flandmark-1.07-1.4.jar;C:\jar_files\flycapture-2.11.3.121-1.4.jar;C:\jar_files\javacpp-1.4.jar;C:\jar_files\javacv-1.4.jar;C:\jar_files\libdc1394-2.2.5-1.4.jar;C:\jar_files\libfreenect-0.5.3-1.4.jar;C:\jar_files\libfreenect2-0.2.0-1.4.jar;C:\jar_files\librealsense-1.12.1-1.4.jar;C:\jar_files\opencv-3.4.0-1.4.jar;C:\jar_files\videoinput-0.200-1.4.jar;C:\Users\jaydutt\ui\build\classes
Launcher Type: SUN_STANDARD

Environment Variables:
JAVA_HOME=C:\Program Files\Java\jdk1.8.0_161
PATH=C:\Program Files (x86)\Intel\iCLS Client\;C:\ProgramData\Oracle\Java\javapath;C:\Program Files\Intel\iCLS Client\;C:\windows\system32;C:\windows;C:\windows\System32\Wbem;C:\windows\System32\WindowsPowerShell\v1.0\;C:\Program Files (x86)\NVIDIA Corporation\PhysX\Common;C:\Program Files (x86)\Java\jre1.8.0_141;C:\Program Files (x86)\Java\jdk1.8.0_141/bin;C:\Program Files\Intel\WiFi\bin\;C:\Program Files\Common Files\Intel\WirelessCommon\;C:\WINDOWS\system32;C:\WINDOWS;C:\WINDOWS\System32\Wbem;C:\WINDOWS\System32\WindowsPowerShell\v1.0\;C:\Users\jaydutt\AppData\Local\Microsoft\WindowsApps;C:\adb;C:\Program Files (x86)\Intel\Intel(R) Management Engine Components\DAL;C:\Program Files\Intel\Intel(R) Management Engine Components\DAL;C:\Program Files (x86)\Intel\Intel(R) Management Engine Components\IPT;C:\Program Files\Intel\Intel(R) Management Engine Components\IPT;C:\sqlight\sqlite-tools-win32-x86-3220000;C:\Program Files\Java\jdk1.8.0_161;C:\Program Files\Java\jre1.8.0_161;C:\opencv\build\x86\vc10\bin;C:\opencv\build\java;C:\Users\jaydutt\AppData\Local\Microsoft\WindowsApps;C:\Users\jaydutt\AppData\Local\GitHubDesktop\bin
USERNAME=jaydutt
OS=Windows_NT
PROCESSOR_IDENTIFIER=Intel64 Family 6 Model 158 Stepping 9, GenuineIntel



---------------  S Y S T E M  ---------------

OS: Windows 10.0 , 64 bit Build 15063 (10.0.15063.296)

CPU:total 8 (initial active 8) (4 cores per cpu, 2 threads per core) family 6 model 158 stepping 9, cmov, cx8, fxsr, mmx, sse, sse2, sse3, ssse3, sse4.1, sse4.2, popcnt, avx, avx2, aes, clmul, erms, 3dnowpref, lzcnt, ht, tsc, tscinvbit, bmi1, bmi2, adx

Memory: 4k page, physical 16659684k(13137296k free), swap 33436900k(29435912k free)

vm_info: Java HotSpot(TM) Client VM (25.141-b15) for windows-x86 JRE (1.8.0_141-b15), built on Jul 12 2017 04:25:45 by "java_re" with MS VC++ 10.0 (VS2010)

time: Wed Mar 28 18:43:18 2018
elapsed time: 8 seconds (0d 0h 0m 8s)

