#
# A fatal error has been detected by the Java Runtime Environment:
#
#  EXCEPTION_ACCESS_VIOLATION (0xc0000005) at pc=0x5cd6542a, pid=12888, tid=0x000006e0
#
# JRE version: Java(TM) SE Runtime Environment (8.0_141-b15) (build 1.8.0_141-b15)
# Java VM: Java HotSpot(TM) Client VM (25.141-b15 mixed mode windows-x86 )
# Problematic frame:
# C  [opencv_highgui248.dll+0x1542a]
#
# Failed to write core dump. Minidumps are not enabled by default on client versions of Windows
#
# If you would like to submit a bug report, please visit:
#   http://bugreport.java.com/bugreport/crash.jsp
# The crash happened outside the Java Virtual Machine in native code.
# See problematic frame for where to report the bug.
#

---------------  T H R E A D  ---------------

Current thread (0x19380400):  JavaThread "Thread-4" [_thread_in_native, id=1760, stack(0x19290000,0x192e0000)]

siginfo: ExceptionCode=0xc0000005, reading address 0x00000000

Registers:
EAX=0x00000000, EBX=0x15de7064, ECX=0x0123ecc0, EDX=0x177dcc54
ESP=0x192df204, EBP=0x192df294, ESI=0x15de6ee0, EDI=0x5cf40848
EIP=0x5cd6542a, EFLAGS=0x00010246

Top of Stack: (sp=0x192df204)
0x192df204:   15dd3e10 5cf40838 00000000 192df25c
0x192df214:   74c270d5 01230000 00000000 74c270f4
0x192df224:   7c22341b 00000001 0123ec50 00000000
0x192df234:   15de6f10 00000000 5cf40838 0123ec88
0x192df244:   192df224 192df260 192df2e4 74c3c8c0
0x192df254:   11c7b277 fffffffe 74c270f4 5cb25aeb
0x192df264:   0123ec50 00000000 5cb25e35 0123ec50
0x192df274:   00000000 192df29c 5cd62bba 0123ec50 

Instructions: (pc=0x5cd6542a)
0x5cd6540a:   00 74 15 8d 86 84 00 00 00 50 68 10 91 e6 5c ff
0x5cd6541a:   15 c0 72 e6 5c 83 c4 08 8b 46 28 8b 55 a0 8b 12
0x5cd6542a:   8b 08 53 52 50 8b 41 0c ff d0 8b 46 24 8d 55 98
0x5cd6543a:   52 8b 55 a0 8b 12 68 14 82 e6 5c 52 68 e4 83 e6 


Register to memory mapping:

EAX=0x00000000 is an unknown value
EBX=0x15de7064 is an unknown value
ECX=0x0123ecc0 is an unknown value
EDX=0x177dcc54 is an unknown value
ESP=0x192df204 is pointing into the stack for thread: 0x19380400
EBP=0x192df294 is pointing into the stack for thread: 0x19380400
ESI=0x15de6ee0 is an unknown value
EDI=0x5cf40848 is an unknown value


Stack: [0x19290000,0x192e0000],  sp=0x192df204,  free space=316k
Native frames: (J=compiled Java code, j=interpreted, Vv=VM code, C=native code)
C  [opencv_highgui248.dll+0x1542a]
C  [opencv_highgui248.dll+0x15cab]
C  [opencv_highgui248.dll+0x1613c]
C  [opencv_highgui248.dll+0x14736]
C  [opencv_highgui248.dll+0x1194]
C  [jniopencv_highgui.dll+0x597d]
j  com.googlecode.javacv.cpp.opencv_highgui.cvCreateCameraCapture(I)Lcom/googlecode/javacv/cpp/opencv_highgui$CvCapture;+0
j  FaceCapture.run()V+1
j  java.lang.Thread.run()V+11
v  ~StubRoutines::call_stub
V  [jvm.dll+0x15af45]
V  [jvm.dll+0x2213ae]
V  [jvm.dll+0x15afde]
V  [jvm.dll+0x15b166]
V  [jvm.dll+0x15b1d7]
V  [jvm.dll+0xff36f]
V  [jvm.dll+0x17dc30]
V  [jvm.dll+0x17e4aa]
V  [jvm.dll+0x1c2ec6]
C  [msvcr100.dll+0x5c556]
C  [msvcr100.dll+0x5c600]
C  [KERNEL32.DLL+0x18744]
C  [ntdll.dll+0x6582d]
C  [ntdll.dll+0x657fd]
C  0x00000000

Java frames: (J=compiled Java code, j=interpreted, Vv=VM code)
j  com.googlecode.javacv.cpp.opencv_highgui.cvCreateCameraCapture(I)Lcom/googlecode/javacv/cpp/opencv_highgui$CvCapture;+0
j  FaceCapture.run()V+1
j  java.lang.Thread.run()V+11
v  ~StubRoutines::call_stub

---------------  P R O C E S S  ---------------

Java Threads: ( => current thread )
=>0x19380400 JavaThread "Thread-4" [_thread_in_native, id=1760, stack(0x19290000,0x192e0000)]
  0x15ea2c00 JavaThread "Thread-3" [_thread_in_native, id=11356, stack(0x181a0000,0x181f0000)]
  0x15f4d000 JavaThread "TimerQueue" daemon [_thread_blocked, id=8448, stack(0x18110000,0x18160000)]
  0x02d1cc00 JavaThread "DestroyJavaVM" [_thread_blocked, id=4660, stack(0x02c90000,0x02ce0000)]
  0x15d4ec00 JavaThread "AWT-EventQueue-0" [_thread_blocked, id=7440, stack(0x16c80000,0x16cd0000)]
  0x15cdb400 JavaThread "AWT-Windows" daemon [_thread_in_native, id=7408, stack(0x161e0000,0x16230000)]
  0x15cd8800 JavaThread "AWT-Shutdown" [_thread_blocked, id=7828, stack(0x16150000,0x161a0000)]
  0x15cd7c00 JavaThread "Java2D Disposer" daemon [_thread_blocked, id=7224, stack(0x160c0000,0x16110000)]
  0x15500000 JavaThread "Service Thread" daemon [_thread_blocked, id=6940, stack(0x15ab0000,0x15b00000)]
  0x154eb000 JavaThread "C1 CompilerThread0" daemon [_thread_blocked, id=5820, stack(0x15a20000,0x15a70000)]
  0x154e9800 JavaThread "Attach Listener" daemon [_thread_blocked, id=5804, stack(0x15990000,0x159e0000)]
  0x154e7800 JavaThread "Signal Dispatcher" daemon [_thread_blocked, id=11656, stack(0x15900000,0x15950000)]
  0x154ca000 JavaThread "Finalizer" daemon [_thread_blocked, id=4576, stack(0x15780000,0x157d0000)]
  0x154b4400 JavaThread "Reference Handler" daemon [_thread_blocked, id=4724, stack(0x156f0000,0x15740000)]

Other Threads:
  0x02e1d800 VMThread [stack: 0x15460000,0x154b0000] [id=4656]
  0x15513c00 WatcherThread [stack: 0x15b40000,0x15b90000] [id=3164]

VM state:not at safepoint (normal execution)

VM Mutex/Monitor currently owned by a thread: None

Heap:
 def new generation   total 4928K, used 1134K [0x05000000, 0x05550000, 0x0a550000)
  eden space 4416K,  14% used [0x05000000, 0x0509b910, 0x05450000)
  from space 512K,  99% used [0x05450000, 0x054cfff8, 0x054d0000)
  to   space 512K,   0% used [0x054d0000, 0x054d0000, 0x05550000)
 tenured generation   total 10944K, used 5186K [0x0a550000, 0x0b000000, 0x15000000)
   the space 10944K,  47% used [0x0a550000, 0x0aa609b8, 0x0aa60a00, 0x0b000000)
 Metaspace       used 8464K, capacity 8671K, committed 8832K, reserved 9600K

Card table byte_map: [0x04ea0000,0x04f30000] byte_map_base: 0x04e78000

Polling page: 0x02ce0000

CodeCache: size=32768Kb used=1171Kb max_used=1182Kb free=31597Kb
 bounds [0x02e20000, 0x02f48000, 0x04e20000]
 total_blobs=595 nmethods=353 adapters=173
 compilation: enabled

Compilation events (10 events):
Event: 6.680 Thread 0x154eb000  351             java.util.LinkedList$Node::<init> (20 bytes)
Event: 6.680 Thread 0x154eb000 nmethod 351 0x02f08e08 code [0x02f08f00, 0x02f08fb0]
Event: 6.681 Thread 0x154eb000  352             java.util.Arrays::copyOf (19 bytes)
Event: 6.681 Thread 0x154eb000 nmethod 352 0x02f08ac8 code [0x02f08bd0, 0x02f08d3c]
Event: 6.682 Thread 0x154eb000  353             java.nio.Buffer::checkIndex (22 bytes)
Event: 6.682 Thread 0x154eb000 nmethod 353 0x02f08848 code [0x02f08950, 0x02f08a2c]
Event: 6.682 Thread 0x154eb000  354             java.nio.DirectLongBufferU::ix (10 bytes)
Event: 6.682 Thread 0x154eb000 nmethod 354 0x02f08648 code [0x02f08740, 0x02f087f0]
Event: 6.682 Thread 0x154eb000  355             java.util.LinkedList::indexOf (73 bytes)
Event: 6.682 Thread 0x154eb000 nmethod 355 0x02f082c8 code [0x02f083e0, 0x02f0852c]

GC Heap History (8 events):
Event: 0.215 GC heap before
{Heap before GC invocations=0 (full 0):
 def new generation   total 4928K, used 4416K [0x05000000, 0x05550000, 0x0a550000)
  eden space 4416K, 100% used [0x05000000, 0x05450000, 0x05450000)
  from space 512K,   0% used [0x05450000, 0x05450000, 0x054d0000)
  to   space 512K,   0% used [0x054d0000, 0x054d0000, 0x05550000)
 tenured generation   total 10944K, used 0K [0x0a550000, 0x0b000000, 0x15000000)
   the space 10944K,   0% used [0x0a550000, 0x0a550000, 0x0a550200, 0x0b000000)
 Metaspace       used 5297K, capacity 5479K, committed 5504K, reserved 5504K
Event: 0.218 GC heap after
Heap after GC invocations=1 (full 0):
 def new generation   total 4928K, used 512K [0x05000000, 0x05550000, 0x0a550000)
  eden space 4416K,   0% used [0x05000000, 0x05000000, 0x05450000)
  from space 512K, 100% used [0x054d0000, 0x05550000, 0x05550000)
  to   space 512K,   0% used [0x05450000, 0x05450000, 0x054d0000)
 tenured generation   total 10944K, used 787K [0x0a550000, 0x0b000000, 0x15000000)
   the space 10944K,   7% used [0x0a550000, 0x0a614f48, 0x0a615000, 0x0b000000)
 Metaspace       used 5297K, capacity 5479K, committed 5504K, reserved 5504K
}
Event: 0.363 GC heap before
{Heap before GC invocations=1 (full 0):
 def new generation   total 4928K, used 3021K [0x05000000, 0x05550000, 0x0a550000)
  eden space 4416K,  56% used [0x05000000, 0x052734e8, 0x05450000)
  from space 512K, 100% used [0x054d0000, 0x05550000, 0x05550000)
  to   space 512K,   0% used [0x05450000, 0x05450000, 0x054d0000)
 tenured generation   total 10944K, used 787K [0x0a550000, 0x0b000000, 0x15000000)
   the space 10944K,   7% used [0x0a550000, 0x0a614f48, 0x0a615000, 0x0b000000)
 Metaspace       used 7448K, capacity 7647K, committed 7808K, reserved 8576K
Event: 0.367 GC heap after
Heap after GC invocations=2 (full 0):
 def new generation   total 4928K, used 512K [0x05000000, 0x05550000, 0x0a550000)
  eden space 4416K,   0% used [0x05000000, 0x05000000, 0x05450000)
  from space 512K, 100% used [0x05450000, 0x054d0000, 0x054d0000)
  to   space 512K,   0% used [0x054d0000, 0x054d0000, 0x05550000)
 tenured generation   total 10944K, used 1904K [0x0a550000, 0x0b000000, 0x15000000)
   the space 10944K,  17% used [0x0a550000, 0x0a72c270, 0x0a72c400, 0x0b000000)
 Metaspace       used 7448K, capacity 7647K, committed 7808K, reserved 8576K
}
Event: 6.217 GC heap before
{Heap before GC invocations=2 (full 0):
 def new generation   total 4928K, used 4928K [0x05000000, 0x05550000, 0x0a550000)
  eden space 4416K, 100% used [0x05000000, 0x05450000, 0x05450000)
  from space 512K, 100% used [0x05450000, 0x054d0000, 0x054d0000)
  to   space 512K,   0% used [0x054d0000, 0x054d0000, 0x05550000)
 tenured generation   total 10944K, used 1904K [0x0a550000, 0x0b000000, 0x15000000)
   the space 10944K,  17% used [0x0a550000, 0x0a72c270, 0x0a72c400, 0x0b000000)
 Metaspace       used 7949K, capacity 8127K, committed 8192K, reserved 8576K
Event: 6.220 GC heap after
Heap after GC invocations=3 (full 0):
 def new generation   total 4928K, used 315K [0x05000000, 0x05550000, 0x0a550000)
  eden space 4416K,   0% used [0x05000000, 0x05000000, 0x05450000)
  from space 512K,  61% used [0x054d0000, 0x0551ece8, 0x05550000)
  to   space 512K,   0% used [0x05450000, 0x05450000, 0x054d0000)
 tenured generation   total 10944K, used 4994K [0x0a550000, 0x0b000000, 0x15000000)
   the space 10944K,  45% used [0x0a550000, 0x0aa30ab8, 0x0aa30c00, 0x0b000000)
 Metaspace       used 7949K, capacity 8127K, committed 8192K, reserved 8576K
}
Event: 6.665 GC heap before
{Heap before GC invocations=3 (full 0):
 def new generation   total 4928K, used 4731K [0x05000000, 0x05550000, 0x0a550000)
  eden space 4416K,  99% used [0x05000000, 0x0544ffe0, 0x05450000)
  from space 512K,  61% used [0x054d0000, 0x0551ece8, 0x05550000)
  to   space 512K,   0% used [0x05450000, 0x05450000, 0x054d0000)
 tenured generation   total 10944K, used 4994K [0x0a550000, 0x0b000000, 0x15000000)
   the space 10944K,  45% used [0x0a550000, 0x0aa30ab8, 0x0aa30c00, 0x0b000000)
 Metaspace       used 8456K, capacity 8639K, committed 8704K, reserved 9600K
Event: 6.667 GC heap after
Heap after GC invocations=4 (full 0):
 def new generation   total 4928K, used 511K [0x05000000, 0x05550000, 0x0a550000)
  eden space 4416K,   0% used [0x05000000, 0x05000000, 0x05450000)
  from space 512K,  99% used [0x05450000, 0x054cfff8, 0x054d0000)
  to   space 512K,   0% used [0x054d0000, 0x054d0000, 0x05550000)
 tenured generation   total 10944K, used 5186K [0x0a550000, 0x0b000000, 0x15000000)
   the space 10944K,  47% used [0x0a550000, 0x0aa609b8, 0x0aa60a00, 0x0b000000)
 Metaspace       used 8456K, capacity 8639K, committed 8704K, reserved 9600K
}

Deoptimization events (0 events):
No events

Internal exceptions (10 events):
Event: 0.198 Thread 0x02d1cc00 Exception <a 'java/lang/ClassNotFoundException': ToolBar> (0x053ae3b0) thrown at [C:\workspace\8-2-build-windows-i586-cygwin\jdk8u141\9370\hotspot\src\share\vm\classfile\systemDictionary.cpp, line 210]
Event: 0.198 Thread 0x02d1cc00 Exception <a 'java/lang/ClassNotFoundException': ToggleButton> (0x053ae908) thrown at [C:\workspace\8-2-build-windows-i586-cygwin\jdk8u141\9370\hotspot\src\share\vm\classfile\systemDictionary.cpp, line 210]
Event: 0.198 Thread 0x02d1cc00 Exception <a 'java/lang/ClassNotFoundException': javax/swing/JToolBarSeparator> (0x053aed10) thrown at [C:\workspace\8-2-build-windows-i586-cygwin\jdk8u141\9370\hotspot\src\share\vm\classfile\systemDictionary.cpp, line 210]
Event: 0.198 Thread 0x02d1cc00 Exception <a 'java/lang/ClassNotFoundException': ToolBarSeparator> (0x053af168) thrown at [C:\workspace\8-2-build-windows-i586-cygwin\jdk8u141\9370\hotspot\src\share\vm\classfile\systemDictionary.cpp, line 210]
Event: 0.198 Thread 0x02d1cc00 Exception <a 'java/lang/ClassNotFoundException': ToolTip> (0x053af810) thrown at [C:\workspace\8-2-build-windows-i586-cygwin\jdk8u141\9370\hotspot\src\share\vm\classfile\systemDictionary.cpp, line 210]
Event: 0.199 Thread 0x02d1cc00 Exception <a 'java/lang/ClassNotFoundException': Tree> (0x053b02f8) thrown at [C:\workspace\8-2-build-windows-i586-cygwin\jdk8u141\9370\hotspot\src\share\vm\classfile\systemDictionary.cpp, line 210]
Event: 0.199 Thread 0x02d1cc00 Exception <a 'java/lang/ClassNotFoundException': Tree> (0x053b0998) thrown at [C:\workspace\8-2-build-windows-i586-cygwin\jdk8u141\9370\hotspot\src\share\vm\classfile\systemDictionary.cpp, line 210]
Event: 0.199 Thread 0x02d1cc00 Exception <a 'java/lang/ClassNotFoundException': javax/swing/JTreeCell> (0x053b0cd0) thrown at [C:\workspace\8-2-build-windows-i586-cygwin\jdk8u141\9370\hotspot\src\share\vm\classfile\systemDictionary.cpp, line 210]
Event: 0.199 Thread 0x02d1cc00 Exception <a 'java/lang/ClassNotFoundException': TreeCell> (0x053b1118) thrown at [C:\workspace\8-2-build-windows-i586-cygwin\jdk8u141\9370\hotspot\src\share\vm\classfile\systemDictionary.cpp, line 210]
Event: 0.199 Thread 0x02d1cc00 Exception <a 'java/lang/ClassNotFoundException': RootPane> (0x053b1a90) thrown at [C:\workspace\8-2-build-windows-i586-cygwin\jdk8u141\9370\hotspot\src\share\vm\classfile\systemDictionary.cpp, line 210]

Events (10 events):
Event: 6.678 loading class com/googlecode/javacv/cpp/opencv_highgui$CvTrackbarCallback2
Event: 6.678 loading class com/googlecode/javacv/cpp/opencv_highgui$CvTrackbarCallback2 done
Event: 6.682 Executing VM operation: RevokeBias
Event: 6.682 Executing VM operation: RevokeBias done
Event: 6.682 Executing VM operation: RevokeBias
Event: 6.682 Executing VM operation: RevokeBias done
Event: 6.682 loading class com/googlecode/javacv/cpp/opencv_highgui$CvTrackbarCallback
Event: 6.682 loading class com/googlecode/javacv/cpp/opencv_highgui$CvTrackbarCallback done
Event: 6.685 Executing VM operation: RevokeBias
Event: 6.685 Executing VM operation: RevokeBias done


Dynamic libraries:
0x00bc0000 - 0x00bf3000 	C:\Program Files (x86)\Java\jdk1.8.0_141\bin\java.exe
0x774c0000 - 0x7764e000 	C:\WINDOWS\SYSTEM32\ntdll.dll
0x76b50000 - 0x76c20000 	C:\WINDOWS\System32\KERNEL32.DLL
0x76810000 - 0x769d2000 	C:\WINDOWS\System32\KERNELBASE.dll
0x73ee0000 - 0x73f73000 	C:\WINDOWS\SYSTEM32\apphelp.dll
0x76cc0000 - 0x76d37000 	C:\WINDOWS\System32\ADVAPI32.dll
0x74be0000 - 0x74c9d000 	C:\WINDOWS\System32\msvcrt.dll
0x76d40000 - 0x76d81000 	C:\WINDOWS\System32\sechost.dll
0x761a0000 - 0x76260000 	C:\WINDOWS\System32\RPCRT4.dll
0x73f90000 - 0x73fb0000 	C:\WINDOWS\System32\SspiCli.dll
0x73f80000 - 0x73f8a000 	C:\WINDOWS\System32\CRYPTBASE.dll
0x76040000 - 0x76097000 	C:\WINDOWS\System32\bcryptPrimitives.dll
0x74870000 - 0x749ac000 	C:\WINDOWS\System32\USER32.dll
0x76260000 - 0x76276000 	C:\WINDOWS\System32\win32u.dll
0x74050000 - 0x74071000 	C:\WINDOWS\System32\GDI32.dll
0x740e0000 - 0x74238000 	C:\WINDOWS\System32\gdi32full.dll
0x747f0000 - 0x74869000 	C:\WINDOWS\System32\msvcp_win.dll
0x74370000 - 0x74488000 	C:\WINDOWS\System32\ucrtbase.dll
0x72590000 - 0x7279e000 	C:\WINDOWS\WinSxS\x86_microsoft.windows.common-controls_6595b64144ccf1df_6.0.15063.483_none_6dad63fefc436da8\COMCTL32.dll
0x76d90000 - 0x76fc8000 	C:\WINDOWS\System32\combase.dll
0x73fb0000 - 0x73fd5000 	C:\WINDOWS\System32\IMM32.DLL
0x711e0000 - 0x7129f000 	C:\Program Files (x86)\Java\jdk1.8.0_141\jre\bin\msvcr100.dll
0x70bf0000 - 0x70fbe000 	C:\Program Files (x86)\Java\jdk1.8.0_141\jre\bin\client\jvm.dll
0x76a40000 - 0x76a46000 	C:\WINDOWS\System32\PSAPI.DLL
0x72eb0000 - 0x72eb8000 	C:\WINDOWS\SYSTEM32\WSOCK32.dll
0x74600000 - 0x74667000 	C:\WINDOWS\System32\WS2_32.dll
0x73dc0000 - 0x73dc8000 	C:\WINDOWS\SYSTEM32\VERSION.dll
0x73390000 - 0x733b4000 	C:\WINDOWS\SYSTEM32\WINMM.dll
0x73090000 - 0x730b3000 	C:\WINDOWS\SYSTEM32\winmmbase.dll
0x74240000 - 0x74279000 	C:\WINDOWS\System32\cfgmgr32.dll
0x71e70000 - 0x71e7c000 	C:\Program Files (x86)\Java\jdk1.8.0_141\jre\bin\verify.dll
0x711b0000 - 0x711d1000 	C:\Program Files (x86)\Java\jdk1.8.0_141\jre\bin\java.dll
0x71d10000 - 0x71d23000 	C:\Program Files (x86)\Java\jdk1.8.0_141\jre\bin\zip.dll
0x74ca0000 - 0x75fe8000 	C:\WINDOWS\System32\SHELL32.dll
0x74290000 - 0x7431c000 	C:\WINDOWS\System32\shcore.dll
0x76280000 - 0x76807000 	C:\WINDOWS\System32\windows.storage.dll
0x74a40000 - 0x74a85000 	C:\WINDOWS\System32\shlwapi.dll
0x77090000 - 0x7709e000 	C:\WINDOWS\System32\kernel.appcore.dll
0x74320000 - 0x74365000 	C:\WINDOWS\System32\powrprof.dll
0x76c20000 - 0x76c30000 	C:\WINDOWS\System32\profapi.dll
0x70aa0000 - 0x70be5000 	C:\Program Files (x86)\Java\jdk1.8.0_141\jre\bin\awt.dll
0x76ff0000 - 0x77086000 	C:\WINDOWS\System32\OLEAUT32.dll
0x71d60000 - 0x71dd8000 	C:\WINDOWS\system32\uxtheme.dll
0x74a90000 - 0x74bd6000 	C:\WINDOWS\System32\MSCTF.dll
0x72bc0000 - 0x72be3000 	C:\WINDOWS\system32\dwmapi.dll
0x76a50000 - 0x76b43000 	C:\WINDOWS\System32\ole32.dll
0x70980000 - 0x709b9000 	C:\Program Files (x86)\Java\jdk1.8.0_141\jre\bin\fontmanager.dll
0x709c0000 - 0x70a9f000 	C:\WINDOWS\system32\opengl32.dll
0x71160000 - 0x71185000 	C:\WINDOWS\SYSTEM32\GLU32.dll
0x76c30000 - 0x76cb3000 	C:\WINDOWS\System32\clbcatq.dll
0x703a0000 - 0x70512000 	C:\WINDOWS\SYSTEM32\WindowsCodecs.dll
0x70350000 - 0x70393000 	C:\WINDOWS\system32\dataexchange.dll
0x700f0000 - 0x70342000 	C:\WINDOWS\system32\d3d11.dll
0x70000000 - 0x700eb000 	C:\WINDOWS\system32\dcomp.dll
0x6ff70000 - 0x6fffa000 	C:\WINDOWS\system32\dxgi.dll
0x6fe30000 - 0x6ff66000 	C:\WINDOWS\system32\twinapi.appcore.dll
0x73a70000 - 0x73a88000 	C:\WINDOWS\system32\bcrypt.dll
0x71190000 - 0x711a6000 	C:\Program Files (x86)\Java\jdk1.8.0_141\jre\bin\net.dll
0x71f00000 - 0x71f4e000 	C:\WINDOWS\system32\mswsock.dll
0x719e0000 - 0x719ef000 	C:\Program Files (x86)\Java\jdk1.8.0_141\jre\bin\nio.dll
0x70530000 - 0x70562000 	C:\Program Files (x86)\Java\jdk1.8.0_141\jre\bin\t2k.dll
0x70910000 - 0x70977000 	C:\WINDOWS\System32\TextInputFramework.dll
0x70650000 - 0x706df000 	C:\WINDOWS\System32\CoreMessaging.dll
0x706e0000 - 0x70907000 	C:\WINDOWS\System32\CoreUIComponents.dll
0x72170000 - 0x72198000 	C:\WINDOWS\SYSTEM32\ntmarta.dll
0x71150000 - 0x71160000 	C:\WINDOWS\SYSTEM32\usermgrcli.dll
0x70570000 - 0x70641000 	C:\WINDOWS\SYSTEM32\wintypes.dll
0x5d450000 - 0x5d50e000 	C:\Users\jaydutt\AppData\Local\Temp\javacpp2060404447027\msvcr100.dll
0x5d3e0000 - 0x5d449000 	C:\Users\jaydutt\AppData\Local\Temp\javacpp2060404447027\msvcp100.dll
0x18250000 - 0x19186000 	C:\Users\jaydutt\AppData\Local\Temp\javacpp2060404447027\opencv_ffmpeg248.dll
0x5d1d0000 - 0x5d3d6000 	C:\Users\jaydutt\AppData\Local\Temp\javacpp2060404447027\opencv_core248.dll
0x5cf60000 - 0x5d1cb000 	C:\Users\jaydutt\AppData\Local\Temp\javacpp2060404447027\opencv_imgproc248.dll
0x5cd50000 - 0x5cf57000 	C:\Users\jaydutt\AppData\Local\Temp\javacpp2060404447027\opencv_highgui248.dll
0x5cd20000 - 0x5cd42000 	C:\WINDOWS\SYSTEM32\MSVFW32.dll
0x5cd00000 - 0x5cd14000 	C:\WINDOWS\SYSTEM32\AVICAP32.dll
0x5cce0000 - 0x5ccfb000 	C:\WINDOWS\SYSTEM32\AVIFIL32.dll
0x5ccc0000 - 0x5ccd8000 	C:\WINDOWS\SYSTEM32\MSACM32.dll
0x5cc10000 - 0x5ccb4000 	C:\Users\jaydutt\AppData\Local\Temp\javacpp2060404447027\opencv_objdetect248.dll
0x5cbd0000 - 0x5cc0c000 	C:\Users\jaydutt\AppData\Local\Temp\javacpp2060404447027\jniopencv_objdetect.dll
0x5cb50000 - 0x5cbc5000 	C:\Users\jaydutt\AppData\Local\Temp\javacpp2060404447027\jniopencv_core.dll
0x5cb40000 - 0x5cb4f000 	C:\Users\jaydutt\AppData\Local\Temp\javacpp2060404447027\jniopencv_highgui.dll
0x5cb20000 - 0x5cb35000 	C:\Windows\System32\devenum.dll
0x770a0000 - 0x774ba000 	C:\WINDOWS\System32\setupapi.dll
0x727a0000 - 0x727c2000 	C:\WINDOWS\SYSTEM32\DEVOBJ.dll
0x75ff0000 - 0x76034000 	C:\WINDOWS\System32\WINTRUST.dll
0x760a0000 - 0x760ae000 	C:\WINDOWS\System32\MSASN1.dll
0x74670000 - 0x747ed000 	C:\WINDOWS\System32\CRYPT32.dll
0x5cb10000 - 0x5cb19000 	C:\WINDOWS\SYSTEM32\msdmo.dll
0x5cad0000 - 0x5cb0a000 	C:\Windows\System32\qcap.dll
0x5c920000 - 0x5cac3000 	C:\Windows\System32\quartz.dll
0x72410000 - 0x72417000 	C:\WINDOWS\SYSTEM32\DCIMAN32.DLL
0x5c8e0000 - 0x5c915000 	C:\Windows\System32\mfksproxy.dll
0x5c8c0000 - 0x5c8d8000 	C:\Windows\System32\ATL.DLL
0x5c890000 - 0x5c8bc000 	C:\Windows\System32\MFSENSORGROUP.dll
0x5c720000 - 0x5c885000 	C:\Windows\System32\MFPlat.DLL
0x5c6f0000 - 0x5c71a000 	C:\Windows\System32\RTWorkQ.DLL
0x65e80000 - 0x65ed9000 	C:\WINDOWS\SYSTEM32\MMDevAPI.DLL
0x71860000 - 0x719c4000 	C:\WINDOWS\SYSTEM32\PROPSYS.dll
0x5c6b0000 - 0x5c6e9000 	C:\WINDOWS\SYSTEM32\wdmaud.drv
0x5c6a0000 - 0x5c6a9000 	C:\WINDOWS\SYSTEM32\AVRT.dll
0x5c690000 - 0x5c697000 	C:\WINDOWS\SYSTEM32\ksuser.dll
0x5c650000 - 0x5c68c000 	C:\Windows\System32\ksproxy.ax
0x65a30000 - 0x65b92000 	C:\Windows\System32\d3d9.dll
0x6bb40000 - 0x6bba4000 	C:\WINDOWS\SYSTEM32\policymanager.dll
0x6bad0000 - 0x6bb36000 	C:\Windows\System32\msvcp110_win.dll
0x5c570000 - 0x5c647000 	C:\WINDOWS\SYSTEM32\AUDIOSES.DLL
0x5c560000 - 0x5c56a000 	C:\WINDOWS\SYSTEM32\msacm32.drv
0x5c550000 - 0x5c558000 	C:\WINDOWS\SYSTEM32\midimap.dll
0x5c530000 - 0x5c541000 	C:\WINDOWS\SYSTEM32\vfwwdm32.dll
0x5c520000 - 0x5c52c000 	C:\Windows\System32\vidcap.ax
0x5c500000 - 0x5c520000 	C:\Windows\System32\kswdmcap.ax
0x72460000 - 0x7258d000 	C:\Windows\System32\MFC42.dll
0x73c60000 - 0x73dbd000 	C:\WINDOWS\SYSTEM32\dbghelp.dll

VM Arguments:
jvm_args: -Dfile.encoding=UTF-8 -Djava.library.path=C:\opencv\build\java\x86 -Djava.security.policy=applet.policy -Djavacpp.platform.dependencies=true 
java_command: LOGIN
java_class_path (initial): C:\Program Files (x86)\NetBeans 8.2\java\modules\ext\AbsoluteLayout.jar;C:\javamail1_4_7\javamail-1.4.7\mail.jar;C:\Users\jaydutt\ui\lib\jcommon-1.0.23.jar;C:\Users\jaydutt\ui\lib\jfreechart-1.0.19.jar;C:\activation-2.2.1.jar;C:\activation-1.1.jar;C:\core-3.3.0.jar;C:\javase-3.3.0.jar;C:\Program Files (x86)\NetBeans 8.2\java\modules\ext\eclipselink\eclipselink.jar;C:\Program Files (x86)\NetBeans 8.2\java\modules\ext\eclipselink\javax.persistence_2.1.0.v201304241213.jar;C:\Program Files (x86)\NetBeans 8.2\java\modules\ext\eclipselink\org.eclipse.persistence.jpa.jpql_2.5.2.v20140319-9ad6abd.jar;C:\opencv\build\java\opencv-310.jar;C:\opencv\build\java\opencv-249.jar;C:\opencv\build\java\opencv-340.jar;C:\javacv-cppjars\ffmpeg-2.1.1-windows-x86.jar;C:\javacv-cppjars\ffmpeg-2.1.1-windows-x86_64.jar;C:\javacv-cppjars\opencv-2.4.8-windows-x86.jar;C:\javacv-cppjars\opencv-2.4.8-windows-x86_64.jar;C:\javacv-bin\javacpp.jar;C:\javacv-bin\javacv.jar;C:\javacv-bin\libfreenect-windows-x86.jar;C:\javacv-bin\libfreenect-windows-x86_64.jar;C:\javacv-bin\libfreenect2-windows-x86_64.jar;C:\jar_files\artoolkitplus-2.3.1-1.4.jar;C:\jar_files\ffmpeg-3.4.1-1.4.jar;C:\jar_files\flandmark-1.07-1.4.jar;C:\jar_files\flycapture-2.11.3.121-1.4.jar;C:\jar_files\javacpp-1.4.jar;C:\jar_files\javacv-1.4.jar;C:\jar_files\libdc1394-2.2.5-1.4.jar;C:\jar_files\libfreenect-0.5.3-1.4.jar;C:\jar_files\libfreenect2-0.2.0-1.4.jar;C:\jar_files\librealsense-1.12.1-1.4.jar;C:\jar_files\opencv-3.4.0-1.4.jar;C:\jar_files\videoinput-0.200-1.4.jar;C:\Users\jaydutt\ui\build\classes
Launcher Type: SUN_STANDARD

Environment Variables:
JAVA_HOME=C:\Program Files\Java\jdk1.8.0_161
PATH=C:\Program Files (x86)\Intel\iCLS Client\;C:\ProgramData\Oracle\Java\javapath;C:\Program Files\Intel\iCLS Client\;C:\windows\system32;C:\windows;C:\windows\System32\Wbem;C:\windows\System32\WindowsPowerShell\v1.0\;C:\Program Files (x86)\NVIDIA Corporation\PhysX\Common;C:\Program Files (x86)\Java\jre1.8.0_141;C:\Program Files (x86)\Java\jdk1.8.0_141/bin;C:\Program Files\Intel\WiFi\bin\;C:\Program Files\Common Files\Intel\WirelessCommon\;C:\WINDOWS\system32;C:\WINDOWS;C:\WINDOWS\System32\Wbem;C:\WINDOWS\System32\WindowsPowerShell\v1.0\;C:\Users\jaydutt\AppData\Local\Microsoft\WindowsApps;C:\adb;C:\Program Files (x86)\Intel\Intel(R) Management Engine Components\DAL;C:\Program Files\Intel\Intel(R) Management Engine Components\DAL;C:\Program Files (x86)\Intel\Intel(R) Management Engine Components\IPT;C:\Program Files\Intel\Intel(R) Management Engine Components\IPT;C:\sqlight\sqlite-tools-win32-x86-3220000;C:\Program Files\Java\jdk1.8.0_161;C:\Program Files\Java\jre1.8.0_161;C:\opencv\build\x86\vc10\bin;C:\Users\jaydutt\AppData\Local\Microsoft\WindowsApps;C:\Users\jaydutt\AppData\Local\GitHubDesktop\bin
USERNAME=jaydutt
OS=Windows_NT
PROCESSOR_IDENTIFIER=Intel64 Family 6 Model 158 Stepping 9, GenuineIntel



---------------  S Y S T E M  ---------------

OS: Windows 10.0 , 64 bit Build 15063 (10.0.15063.296)

CPU:total 8 (initial active 8) (4 cores per cpu, 2 threads per core) family 6 model 158 stepping 9, cmov, cx8, fxsr, mmx, sse, sse2, sse3, ssse3, sse4.1, sse4.2, popcnt, avx, avx2, aes, clmul, erms, 3dnowpref, lzcnt, ht, tsc, tscinvbit, bmi1, bmi2, adx

Memory: 4k page, physical 16659684k(12684296k free), swap 33436900k(29526576k free)

vm_info: Java HotSpot(TM) Client VM (25.141-b15) for windows-x86 JRE (1.8.0_141-b15), built on Jul 12 2017 04:25:45 by "java_re" with MS VC++ 10.0 (VS2010)

time: Sat Mar 10 19:50:02 2018
elapsed time: 6 seconds (0d 0h 0m 6s)

