#
# A fatal error has been detected by the Java Runtime Environment:
#
#  EXCEPTION_ACCESS_VIOLATION (0xc0000005) at pc=0x5f736ab9, pid=1020, tid=0x00001798
#
# JRE version: Java(TM) SE Runtime Environment (8.0_141-b15) (build 1.8.0_141-b15)
# Java VM: Java HotSpot(TM) Client VM (25.141-b15 mixed mode, sharing windows-x86 )
# Problematic frame:
# C  [opencv_objdetect248.dll+0x26ab9]
#
# Failed to write core dump. Minidumps are not enabled by default on client versions of Windows
#
# If you would like to submit a bug report, please visit:
#   http://bugreport.java.com/bugreport/crash.jsp
# The crash happened outside the Java Virtual Machine in native code.
# See problematic frame for where to report the bug.
#

---------------  T H R E A D  ---------------

Current thread (0x1653b400):  JavaThread "Thread-3" [_thread_in_native, id=6040, stack(0x19210000,0x19260000)]

siginfo: ExceptionCode=0xc0000005, reading address 0x19e6c598

Registers:
EAX=0x544d614b, EBX=0x1925e9d4, ECX=0x18b0ee74, EDX=0x18b08a68
ESP=0x1925e89c, EBP=0x1925e9c0, ESI=0x0003f3bc, EDI=0x19d6f6a8
EIP=0x5f736ab9, EFLAGS=0x00010a16

Top of Stack: (sp=0x1925e89c)
0x1925e89c:   5fca9ae5 1a21de58 1925ef4c 01000280
0x1925e8ac:   00000000 18b08760 00000003 18b087f8
0x1925e8bc:   00000016 00000000 00000280 000001e0
0x1925e8cc:   00000001 1925eb18 5fb913f5 183eeee0
0x1925e8dc:   00000280 19bf1040 00000a04 00000000
0x1925e8ec:   00000000 00000000 00000000 00000280
0x1925e8fc:   000001e0 00000001 3f716a5d 1925edec
0x1925e90c:   1925ed98 5fb915b2 1925edec 00000281 

Instructions: (pc=0x5f736ab9)
0x5f736a99:   c0 f2 0f 59 c5 f2 0f 10 d8 66 0f 28 c3 0f 57 db
0x5f736aa9:   f3 0f 2a d8 8b 41 0c 8b 04 b0 2b 04 b7 8b 79 04
0x5f736ab9:   2b 04 b7 8b 39 03 04 b7 f3 0f 59 59 24 0f 57 e4
0x5f736ac9:   f3 0f 2a e0 f3 0f 59 61 10 8b 02 f3 0f 58 dc 66 


Register to memory mapping:

EAX=0x544d614b is an unknown value
EBX=0x1925e9d4 is pointing into the stack for thread: 0x1653b400
ECX=0x18b0ee74 is an unknown value
EDX=0x18b08a68 is an unknown value
ESP=0x1925e89c is pointing into the stack for thread: 0x1653b400
EBP=0x1925e9c0 is pointing into the stack for thread: 0x1653b400
ESI=0x0003f3bc is an unknown value
EDI=0x19d6f6a8 is an unknown value


Stack: [0x19210000,0x19260000],  sp=0x1925e89c,  free space=314k
Native frames: (J=compiled Java code, j=interpreted, Vv=VM code, C=native code)
C  [opencv_objdetect248.dll+0x26ab9]
C  [opencv_objdetect248.dll+0x2bcdc]
C  [opencv_core248.dll+0x128be1]
C  [opencv_core248.dll+0x129508]
C  [msvcr100.dll+0x54db0]
C  [opencv_core248.dll+0x129270]
C  [opencv_core248.dll+0x129769]
C  [opencv_core248.dll+0x1299ee]
C  [opencv_objdetect248.dll+0x2d546]
C  [opencv_objdetect248.dll+0x2df51]
C  [jniopencv_objdetect.dll+0x19f43]
j  com.googlecode.javacv.cpp.opencv_objdetect.cvHaarDetectObjects(Lcom/googlecode/javacv/cpp/opencv_core$CvArr;Lcom/googlecode/javacv/cpp/opencv_objdetect$CvHaarClassifierCascade;Lcom/googlecode/javacv/cpp/opencv_core$CvMemStorage;DIILcom/googlecode/javacv/cpp/opencv_core$CvSize;Lcom/googlecode/javacv/cpp/opencv_core$CvSize;)Lcom/googlecode/javacv/cpp/opencv_core$CvSeq;+0
J 776 C1 FaceCapture.detect(Lcom/googlecode/javacv/cpp/opencv_core$IplImage;)Lcom/googlecode/javacv/cpp/opencv_core$IplImage; (110 bytes) @ 0x027c7570 [0x027c7490+0xe0]
j  FaceCapture.run()V+28
j  java.lang.Thread.run()V+11
v  ~StubRoutines::call_stub
V  [jvm.dll+0x15af45]
V  [jvm.dll+0x2213ae]
V  [jvm.dll+0x15afde]
V  [jvm.dll+0x15b166]
V  [jvm.dll+0x15b1d7]
V  [jvm.dll+0xff36f]
V  [jvm.dll+0x17dc30]
V  [jvm.dll+0x17e4aa]
V  [jvm.dll+0x1c2ec6]
C  [msvcr100.dll+0x5c556]
C  [msvcr100.dll+0x5c600]
C  [KERNEL32.DLL+0x18744]
C  [ntdll.dll+0x6582d]
C  [ntdll.dll+0x657fd]
C  0x00000000

Java frames: (J=compiled Java code, j=interpreted, Vv=VM code)
j  com.googlecode.javacv.cpp.opencv_objdetect.cvHaarDetectObjects(Lcom/googlecode/javacv/cpp/opencv_core$CvArr;Lcom/googlecode/javacv/cpp/opencv_objdetect$CvHaarClassifierCascade;Lcom/googlecode/javacv/cpp/opencv_core$CvMemStorage;DIILcom/googlecode/javacv/cpp/opencv_core$CvSize;Lcom/googlecode/javacv/cpp/opencv_core$CvSize;)Lcom/googlecode/javacv/cpp/opencv_core$CvSeq;+0
J 776 C1 FaceCapture.detect(Lcom/googlecode/javacv/cpp/opencv_core$IplImage;)Lcom/googlecode/javacv/cpp/opencv_core$IplImage; (110 bytes) @ 0x027c7570 [0x027c7490+0xe0]
j  FaceCapture.run()V+28
j  java.lang.Thread.run()V+11
v  ~StubRoutines::call_stub

---------------  P R O C E S S  ---------------

Java Threads: ( => current thread )
  0x16607400 JavaThread "Thread-4" [_thread_in_native, id=9916, stack(0x1fd60000,0x1fdb0000)]
=>0x1653b400 JavaThread "Thread-3" [_thread_in_native, id=6040, stack(0x19210000,0x19260000)]
  0x1640c400 JavaThread "TimerQueue" daemon [_thread_blocked, id=10164, stack(0x18150000,0x181a0000)]
  0x0250cc00 JavaThread "DestroyJavaVM" [_thread_blocked, id=12104, stack(0x02470000,0x024c0000)]
  0x1627e000 JavaThread "AWT-EventQueue-0" [_thread_blocked, id=9100, stack(0x167b0000,0x16800000)]
  0x1625bc00 JavaThread "AWT-Windows" daemon [_thread_in_native, id=7924, stack(0x16650000,0x166a0000)]
  0x16259400 JavaThread "AWT-Shutdown" [_thread_blocked, id=1664, stack(0x161a0000,0x161f0000)]
  0x16258400 JavaThread "Java2D Disposer" daemon [_thread_blocked, id=8612, stack(0x16110000,0x16160000)]
  0x025be400 JavaThread "Service Thread" daemon [_thread_blocked, id=2984, stack(0x15c10000,0x15c60000)]
  0x025a1000 JavaThread "C1 CompilerThread0" daemon [_thread_blocked, id=9376, stack(0x15b80000,0x15bd0000)]
  0x0259f800 JavaThread "Attach Listener" daemon [_thread_blocked, id=10012, stack(0x15af0000,0x15b40000)]
  0x0259d800 JavaThread "Signal Dispatcher" daemon [_thread_blocked, id=3536, stack(0x15a60000,0x15ab0000)]
  0x02594800 JavaThread "Finalizer" daemon [_thread_blocked, id=2896, stack(0x15350000,0x153a0000)]
  0x02537c00 JavaThread "Reference Handler" daemon [_thread_blocked, id=9080, stack(0x152c0000,0x15310000)]

Other Threads:
  0x02534400 VMThread [stack: 0x15270000,0x152c0000] [id=6620]
  0x025dec00 WatcherThread [stack: 0x15ca0000,0x15cf0000] [id=5608]

VM state:not at safepoint (normal execution)

VM Mutex/Monitor currently owned by a thread: None

Heap:
 def new generation   total 4992K, used 2822K [0x04800000, 0x04d60000, 0x09d50000)
  eden space 4480K,  62% used [0x04800000, 0x04abd470, 0x04c60000)
  from space 512K,   3% used [0x04ce0000, 0x04ce43d0, 0x04d60000)
  to   space 512K,   0% used [0x04c60000, 0x04c60000, 0x04ce0000)
 tenured generation   total 10944K, used 9546K [0x09d50000, 0x0a800000, 0x14800000)
   the space 10944K,  87% used [0x09d50000, 0x0a6a2ae8, 0x0a6a2c00, 0x0a800000)
 Metaspace       used 1882K, capacity 3307K, committed 3392K, reserved 4480K

Card table byte_map: [0x04690000,0x04720000] byte_map_base: 0x0466c000

Polling page: 0x024c0000

CodeCache: size=32768Kb used=1827Kb max_used=1827Kb free=30940Kb
 bounds [0x02610000, 0x027e0000, 0x04610000]
 total_blobs=1091 nmethods=825 adapters=196
 compilation: enabled

Compilation events (10 events):
Event: 66.188 Thread 0x025a1000  824             java.awt.Component::checkImage (82 bytes)
Event: 66.189 Thread 0x025a1000 nmethod 824 0x027d7f88 code [0x027d80e0, 0x027d82f8]
Event: 67.249 Thread 0x025a1000  825             java.util.concurrent.locks.AbstractQueuedSynchronizer$ConditionObject::addConditionWaiter (64 bytes)
Event: 67.249 Thread 0x025a1000 nmethod 825 0x027d8448 code [0x027d8550, 0x027d86dc]
Event: 69.291 Thread 0x025a1000  826             java.awt.EventDispatchThread$1::evaluate (2 bytes)
Event: 69.291 Thread 0x025a1000 nmethod 826 0x027d87c8 code [0x027d88c0, 0x027d8940]
Event: 70.472 Thread 0x025a1000  827             sun.awt.EventQueueItem::<init> (10 bytes)
Event: 70.472 Thread 0x025a1000 nmethod 827 0x027d8988 code [0x027d8a80, 0x027d8b10]
Event: 71.270 Thread 0x025a1000  828             java.util.concurrent.locks.ReentrantLock$Sync::isHeldExclusively (16 bytes)
Event: 71.270 Thread 0x025a1000 nmethod 828 0x027d8b48 code [0x027d8c40, 0x027d8ce0]

GC Heap History (10 events):
Event: 70.982 GC heap before
{Heap before GC invocations=394 (full 77):
 def new generation   total 4992K, used 3735K [0x04800000, 0x04d60000, 0x09d50000)
  eden space 4480K,  83% used [0x04800000, 0x04ba4e88, 0x04c60000)
  from space 512K,   0% used [0x04c60000, 0x04c60fc0, 0x04ce0000)
  to   space 512K,   0% used [0x04ce0000, 0x04ce0000, 0x04d60000)
 tenured generation   total 10944K, used 8646K [0x09d50000, 0x0a800000, 0x14800000)
   the space 10944K,  79% used [0x09d50000, 0x0a5c1ae8, 0x0a5c1c00, 0x0a800000)
 Metaspace       used 1882K, capacity 3307K, committed 3392K, reserved 4480K
Event: 70.983 GC heap after
Heap after GC invocations=395 (full 77):
 def new generation   total 4992K, used 16K [0x04800000, 0x04d60000, 0x09d50000)
  eden space 4480K,   0% used [0x04800000, 0x04800000, 0x04c60000)
  from space 512K,   3% used [0x04ce0000, 0x04ce4140, 0x04d60000)
  to   space 512K,   0% used [0x04c60000, 0x04c60000, 0x04ce0000)
 tenured generation   total 10944K, used 9546K [0x09d50000, 0x0a800000, 0x14800000)
   the space 10944K,  87% used [0x09d50000, 0x0a6a2af8, 0x0a6a2c00, 0x0a800000)
 Metaspace       used 1882K, capacity 3307K, committed 3392K, reserved 4480K
}
Event: 71.144 GC heap before
{Heap before GC invocations=395 (full 77):
 def new generation   total 4992K, used 3725K [0x04800000, 0x04d60000, 0x09d50000)
  eden space 4480K,  82% used [0x04800000, 0x04b9f5c0, 0x04c60000)
  from space 512K,   3% used [0x04ce0000, 0x04ce4140, 0x04d60000)
  to   space 512K,   0% used [0x04c60000, 0x04c60000, 0x04ce0000)
 tenured generation   total 10944K, used 9546K [0x09d50000, 0x0a800000, 0x14800000)
   the space 10944K,  87% used [0x09d50000, 0x0a6a2af8, 0x0a6a2c00, 0x0a800000)
 Metaspace       used 1882K, capacity 3307K, committed 3392K, reserved 4480K
Event: 71.145 GC heap after
Heap after GC invocations=396 (full 77):
 def new generation   total 4992K, used 16K [0x04800000, 0x04d60000, 0x09d50000)
  eden space 4480K,   0% used [0x04800000, 0x04800000, 0x04c60000)
  from space 512K,   3% used [0x04c60000, 0x04c64140, 0x04ce0000)
  to   space 512K,   0% used [0x04ce0000, 0x04ce0000, 0x04d60000)
 tenured generation   total 10944K, used 10446K [0x09d50000, 0x0a800000, 0x14800000)
   the space 10944K,  95% used [0x09d50000, 0x0a783b08, 0x0a783c00, 0x0a800000)
 Metaspace       used 1882K, capacity 3307K, committed 3392K, reserved 4480K
}
Event: 71.312 GC heap before
{Heap before GC invocations=396 (full 77):
 def new generation   total 4992K, used 3725K [0x04800000, 0x04d60000, 0x09d50000)
  eden space 4480K,  82% used [0x04800000, 0x04b9f620, 0x04c60000)
  from space 512K,   3% used [0x04c60000, 0x04c64140, 0x04ce0000)
  to   space 512K,   0% used [0x04ce0000, 0x04ce0000, 0x04d60000)
 tenured generation   total 10944K, used 10446K [0x09d50000, 0x0a800000, 0x14800000)
   the space 10944K,  95% used [0x09d50000, 0x0a783b08, 0x0a783c00, 0x0a800000)
 Metaspace       used 1882K, capacity 3307K, committed 3392K, reserved 4480K
Event: 71.320 GC heap after
Heap after GC invocations=397 (full 78):
 def new generation   total 4992K, used 0K [0x04800000, 0x04d60000, 0x09d50000)
  eden space 4480K,   0% used [0x04800000, 0x04800000, 0x04c60000)
  from space 512K,   0% used [0x04ce0000, 0x04ce0000, 0x04d60000)
  to   space 512K,   0% used [0x04c60000, 0x04c60000, 0x04ce0000)
 tenured generation   total 10944K, used 5946K [0x09d50000, 0x0a800000, 0x14800000)
   the space 10944K,  54% used [0x09d50000, 0x0a31eaa8, 0x0a31ec00, 0x0a800000)
 Metaspace       used 1882K, capacity 3307K, committed 3392K, reserved 4480K
}
Event: 71.481 GC heap before
{Heap before GC invocations=397 (full 78):
 def new generation   total 4992K, used 3731K [0x04800000, 0x04d60000, 0x09d50000)
  eden space 4480K,  83% used [0x04800000, 0x04ba4ed8, 0x04c60000)
  from space 512K,   0% used [0x04ce0000, 0x04ce0000, 0x04d60000)
  to   space 512K,   0% used [0x04c60000, 0x04c60000, 0x04ce0000)
 tenured generation   total 10944K, used 5946K [0x09d50000, 0x0a800000, 0x14800000)
   the space 10944K,  54% used [0x09d50000, 0x0a31eaa8, 0x0a31ec00, 0x0a800000)
 Metaspace       used 1882K, capacity 3307K, committed 3392K, reserved 4480K
Event: 71.481 GC heap after
Heap after GC invocations=398 (full 78):
 def new generation   total 4992K, used 16K [0x04800000, 0x04d60000, 0x09d50000)
  eden space 4480K,   0% used [0x04800000, 0x04800000, 0x04c60000)
  from space 512K,   3% used [0x04c60000, 0x04c64278, 0x04ce0000)
  to   space 512K,   0% used [0x04ce0000, 0x04ce0000, 0x04d60000)
 tenured generation   total 10944K, used 8646K [0x09d50000, 0x0a800000, 0x14800000)
   the space 10944K,  79% used [0x09d50000, 0x0a5c1ad8, 0x0a5c1c00, 0x0a800000)
 Metaspace       used 1882K, capacity 3307K, committed 3392K, reserved 4480K
}
Event: 71.645 GC heap before
{Heap before GC invocations=398 (full 78):
 def new generation   total 4992K, used 3726K [0x04800000, 0x04d60000, 0x09d50000)
  eden space 4480K,  82% used [0x04800000, 0x04b9f5e8, 0x04c60000)
  from space 512K,   3% used [0x04c60000, 0x04c64278, 0x04ce0000)
  to   space 512K,   0% used [0x04ce0000, 0x04ce0000, 0x04d60000)
 tenured generation   total 10944K, used 8646K [0x09d50000, 0x0a800000, 0x14800000)
   the space 10944K,  79% used [0x09d50000, 0x0a5c1ad8, 0x0a5c1c00, 0x0a800000)
 Metaspace       used 1882K, capacity 3307K, committed 3392K, reserved 4480K
Event: 71.646 GC heap after
Heap after GC invocations=399 (full 78):
 def new generation   total 4992K, used 16K [0x04800000, 0x04d60000, 0x09d50000)
  eden space 4480K,   0% used [0x04800000, 0x04800000, 0x04c60000)
  from space 512K,   3% used [0x04ce0000, 0x04ce43d0, 0x04d60000)
  to   space 512K,   0% used [0x04c60000, 0x04c60000, 0x04ce0000)
 tenured generation   total 10944K, used 9546K [0x09d50000, 0x0a800000, 0x14800000)
   the space 10944K,  87% used [0x09d50000, 0x0a6a2ae8, 0x0a6a2c00, 0x0a800000)
 Metaspace       used 1882K, capacity 3307K, committed 3392K, reserved 4480K
}

Deoptimization events (0 events):
No events

Internal exceptions (10 events):
Event: 0.159 Thread 0x0250cc00 Exception <a 'java/lang/ClassNotFoundException': ToolBar> (0x04baf198) thrown at [C:\workspace\8-2-build-windows-i586-cygwin\jdk8u141\9370\hotspot\src\share\vm\classfile\systemDictionary.cpp, line 210]
Event: 0.159 Thread 0x0250cc00 Exception <a 'java/lang/ClassNotFoundException': ToggleButton> (0x04baf6e0) thrown at [C:\workspace\8-2-build-windows-i586-cygwin\jdk8u141\9370\hotspot\src\share\vm\classfile\systemDictionary.cpp, line 210]
Event: 0.159 Thread 0x0250cc00 Exception <a 'java/lang/ClassNotFoundException': javax/swing/JToolBarSeparator> (0x04bafae8) thrown at [C:\workspace\8-2-build-windows-i586-cygwin\jdk8u141\9370\hotspot\src\share\vm\classfile\systemDictionary.cpp, line 210]
Event: 0.159 Thread 0x0250cc00 Exception <a 'java/lang/ClassNotFoundException': ToolBarSeparator> (0x04baff40) thrown at [C:\workspace\8-2-build-windows-i586-cygwin\jdk8u141\9370\hotspot\src\share\vm\classfile\systemDictionary.cpp, line 210]
Event: 0.159 Thread 0x0250cc00 Exception <a 'java/lang/ClassNotFoundException': ToolTip> (0x04bb05e8) thrown at [C:\workspace\8-2-build-windows-i586-cygwin\jdk8u141\9370\hotspot\src\share\vm\classfile\systemDictionary.cpp, line 210]
Event: 0.159 Thread 0x0250cc00 Exception <a 'java/lang/ClassNotFoundException': Tree> (0x04bb10d0) thrown at [C:\workspace\8-2-build-windows-i586-cygwin\jdk8u141\9370\hotspot\src\share\vm\classfile\systemDictionary.cpp, line 210]
Event: 0.159 Thread 0x0250cc00 Exception <a 'java/lang/ClassNotFoundException': Tree> (0x04bb1770) thrown at [C:\workspace\8-2-build-windows-i586-cygwin\jdk8u141\9370\hotspot\src\share\vm\classfile\systemDictionary.cpp, line 210]
Event: 0.159 Thread 0x0250cc00 Exception <a 'java/lang/ClassNotFoundException': javax/swing/JTreeCell> (0x04bb1aa8) thrown at [C:\workspace\8-2-build-windows-i586-cygwin\jdk8u141\9370\hotspot\src\share\vm\classfile\systemDictionary.cpp, line 210]
Event: 0.159 Thread 0x0250cc00 Exception <a 'java/lang/ClassNotFoundException': TreeCell> (0x04bb1ef0) thrown at [C:\workspace\8-2-build-windows-i586-cygwin\jdk8u141\9370\hotspot\src\share\vm\classfile\systemDictionary.cpp, line 210]
Event: 0.159 Thread 0x0250cc00 Exception <a 'java/lang/ClassNotFoundException': RootPane> (0x04bb2868) thrown at [C:\workspace\8-2-build-windows-i586-cygwin\jdk8u141\9370\hotspot\src\share\vm\classfile\systemDictionary.cpp, line 210]

Events (10 events):
Event: 70.982 Executing VM operation: GenCollectForAllocation
Event: 70.983 Executing VM operation: GenCollectForAllocation done
Event: 71.144 Executing VM operation: GenCollectForAllocation
Event: 71.145 Executing VM operation: GenCollectForAllocation done
Event: 71.312 Executing VM operation: GenCollectForAllocation
Event: 71.320 Executing VM operation: GenCollectForAllocation done
Event: 71.481 Executing VM operation: GenCollectForAllocation
Event: 71.482 Executing VM operation: GenCollectForAllocation done
Event: 71.645 Executing VM operation: GenCollectForAllocation
Event: 71.646 Executing VM operation: GenCollectForAllocation done


Dynamic libraries:
0x000b0000 - 0x000e3000 	C:\Program Files (x86)\Java\jdk1.8.0_141\bin\java.exe
0x779e0000 - 0x77b6e000 	C:\WINDOWS\SYSTEM32\ntdll.dll
0x77220000 - 0x772f0000 	C:\WINDOWS\System32\KERNEL32.DLL
0x74800000 - 0x749c2000 	C:\WINDOWS\System32\KERNELBASE.dll
0x72b90000 - 0x72c23000 	C:\WINDOWS\SYSTEM32\apphelp.dll
0x776e0000 - 0x77757000 	C:\WINDOWS\System32\ADVAPI32.dll
0x75380000 - 0x7543d000 	C:\WINDOWS\System32\msvcrt.dll
0x775a0000 - 0x775e1000 	C:\WINDOWS\System32\sechost.dll
0x749d0000 - 0x74a90000 	C:\WINDOWS\System32\RPCRT4.dll
0x744b0000 - 0x744d0000 	C:\WINDOWS\System32\SspiCli.dll
0x744a0000 - 0x744aa000 	C:\WINDOWS\System32\CRYPTBASE.dll
0x74a90000 - 0x74ae7000 	C:\WINDOWS\System32\bcryptPrimitives.dll
0x755a0000 - 0x756dc000 	C:\WINDOWS\System32\USER32.dll
0x74af0000 - 0x74b06000 	C:\WINDOWS\System32\win32u.dll
0x77800000 - 0x77821000 	C:\WINDOWS\System32\GDI32.dll
0x772f0000 - 0x77448000 	C:\WINDOWS\System32\gdi32full.dll
0x752a0000 - 0x75319000 	C:\WINDOWS\System32\msvcp_win.dll
0x75180000 - 0x75298000 	C:\WINDOWS\System32\ucrtbase.dll
0x72df0000 - 0x72ffe000 	C:\WINDOWS\WinSxS\x86_microsoft.windows.common-controls_6595b64144ccf1df_6.0.15063.483_none_6dad63fefc436da8\COMCTL32.dll
0x76a30000 - 0x76c68000 	C:\WINDOWS\System32\combase.dll
0x77840000 - 0x77865000 	C:\WINDOWS\System32\IMM32.DLL
0x6dd00000 - 0x6ddbf000 	C:\Program Files (x86)\Java\jdk1.8.0_141\jre\bin\msvcr100.dll
0x6cf90000 - 0x6d35e000 	C:\Program Files (x86)\Java\jdk1.8.0_141\jre\bin\client\jvm.dll
0x74be0000 - 0x74be6000 	C:\WINDOWS\System32\PSAPI.DLL
0x73a60000 - 0x73a84000 	C:\WINDOWS\SYSTEM32\WINMM.dll
0x74210000 - 0x74218000 	C:\WINDOWS\SYSTEM32\VERSION.dll
0x734e0000 - 0x734e8000 	C:\WINDOWS\SYSTEM32\WSOCK32.dll
0x74b70000 - 0x74bd7000 	C:\WINDOWS\System32\WS2_32.dll
0x73480000 - 0x734a3000 	C:\WINDOWS\SYSTEM32\winmmbase.dll
0x77090000 - 0x770c9000 	C:\WINDOWS\System32\cfgmgr32.dll
0x6df80000 - 0x6df8c000 	C:\Program Files (x86)\Java\jdk1.8.0_141\jre\bin\verify.dll
0x6dca0000 - 0x6dcc1000 	C:\Program Files (x86)\Java\jdk1.8.0_141\jre\bin\java.dll
0x6df60000 - 0x6df73000 	C:\Program Files (x86)\Java\jdk1.8.0_141\jre\bin\zip.dll
0x756e0000 - 0x76a28000 	C:\WINDOWS\System32\SHELL32.dll
0x775f0000 - 0x7767c000 	C:\WINDOWS\System32\shcore.dll
0x74bf0000 - 0x75177000 	C:\WINDOWS\System32\windows.storage.dll
0x77540000 - 0x77585000 	C:\WINDOWS\System32\shlwapi.dll
0x777f0000 - 0x777fe000 	C:\WINDOWS\System32\kernel.appcore.dll
0x75540000 - 0x75585000 	C:\WINDOWS\System32\powrprof.dll
0x75590000 - 0x755a0000 	C:\WINDOWS\System32\profapi.dll
0x6db40000 - 0x6dc85000 	C:\Program Files (x86)\Java\jdk1.8.0_141\jre\bin\awt.dll
0x744f0000 - 0x74586000 	C:\WINDOWS\System32\OLEAUT32.dll
0x72300000 - 0x72378000 	C:\WINDOWS\system32\uxtheme.dll
0x770d0000 - 0x77216000 	C:\WINDOWS\System32\MSCTF.dll
0x72810000 - 0x72833000 	C:\WINDOWS\system32\dwmapi.dll
0x75440000 - 0x75533000 	C:\WINDOWS\System32\ole32.dll
0x6ce40000 - 0x6ce79000 	C:\Program Files (x86)\Java\jdk1.8.0_141\jre\bin\fontmanager.dll
0x6ceb0000 - 0x6cf8f000 	C:\WINDOWS\system32\opengl32.dll
0x6ce80000 - 0x6cea5000 	C:\WINDOWS\SYSTEM32\GLU32.dll
0x77450000 - 0x774d3000 	C:\WINDOWS\System32\clbcatq.dll
0x6d9b0000 - 0x6db22000 	C:\WINDOWS\SYSTEM32\WindowsCodecs.dll
0x6ca50000 - 0x6ca93000 	C:\WINDOWS\system32\dataexchange.dll
0x6c7f0000 - 0x6ca42000 	C:\WINDOWS\system32\d3d11.dll
0x6c700000 - 0x6c7eb000 	C:\WINDOWS\system32\dcomp.dll
0x6c670000 - 0x6c6fa000 	C:\WINDOWS\system32\dxgi.dll
0x6e210000 - 0x6e346000 	C:\WINDOWS\system32\twinapi.appcore.dll
0x74030000 - 0x74048000 	C:\WINDOWS\system32\bcrypt.dll
0x6dce0000 - 0x6dcf6000 	C:\Program Files (x86)\Java\jdk1.8.0_141\jre\bin\net.dll
0x72b40000 - 0x72b8e000 	C:\WINDOWS\system32\mswsock.dll
0x6dc90000 - 0x6dc9f000 	C:\Program Files (x86)\Java\jdk1.8.0_141\jre\bin\nio.dll
0x6cad0000 - 0x6cb02000 	C:\Program Files (x86)\Java\jdk1.8.0_141\jre\bin\t2k.dll
0x6cdd0000 - 0x6ce37000 	C:\WINDOWS\System32\TextInputFramework.dll
0x6cb10000 - 0x6cb9f000 	C:\WINDOWS\System32\CoreMessaging.dll
0x6cba0000 - 0x6cdc7000 	C:\WINDOWS\System32\CoreUIComponents.dll
0x72dc0000 - 0x72de8000 	C:\WINDOWS\SYSTEM32\ntmarta.dll
0x6db30000 - 0x6db40000 	C:\WINDOWS\SYSTEM32\usermgrcli.dll
0x6e5f0000 - 0x6e6c1000 	C:\WINDOWS\SYSTEM32\wintypes.dll
0x5fec0000 - 0x5ff7e000 	C:\Users\jaydutt\AppData\Local\Temp\javacpp2679522771232\msvcr100.dll
0x5ffd0000 - 0x60039000 	C:\Users\jaydutt\AppData\Local\Temp\javacpp2679522771232\msvcp100.dll
0x70fc0000 - 0x71ef6000 	C:\Users\jaydutt\AppData\Local\Temp\javacpp2679522771232\opencv_ffmpeg248.dll
0x5fcb0000 - 0x5feb6000 	C:\Users\jaydutt\AppData\Local\Temp\javacpp2679522771232\opencv_core248.dll
0x5fa40000 - 0x5fcab000 	C:\Users\jaydutt\AppData\Local\Temp\javacpp2679522771232\opencv_imgproc248.dll
0x5f830000 - 0x5fa37000 	C:\Users\jaydutt\AppData\Local\Temp\javacpp2679522771232\opencv_highgui248.dll
0x5ffb0000 - 0x5ffcb000 	C:\WINDOWS\SYSTEM32\AVIFIL32.dll
0x5f810000 - 0x5f824000 	C:\WINDOWS\SYSTEM32\AVICAP32.dll
0x5f7e0000 - 0x5f802000 	C:\WINDOWS\SYSTEM32\MSVFW32.dll
0x5f7c0000 - 0x5f7d8000 	C:\WINDOWS\SYSTEM32\MSACM32.dll
0x5f710000 - 0x5f7b4000 	C:\Users\jaydutt\AppData\Local\Temp\javacpp2679522771232\opencv_objdetect248.dll
0x5f6d0000 - 0x5f70c000 	C:\Users\jaydutt\AppData\Local\Temp\javacpp2679522771232\jniopencv_objdetect.dll
0x5f650000 - 0x5f6c5000 	C:\Users\jaydutt\AppData\Local\Temp\javacpp2679522771232\jniopencv_core.dll
0x5f5d0000 - 0x5f64c000 	C:\Users\jaydutt\AppData\Local\Temp\javacpp2679522771232\opencv_flann248.dll
0x5d220000 - 0x5d2d2000 	C:\Users\jaydutt\AppData\Local\Temp\javacpp2679522771232\opencv_features2d248.dll
0x5d150000 - 0x5d214000 	C:\Users\jaydutt\AppData\Local\Temp\javacpp2679522771232\opencv_calib3d248.dll
0x5f570000 - 0x5f5cd000 	C:\Users\jaydutt\AppData\Local\Temp\javacpp2679522771232\opencv_video248.dll
0x5d0d0000 - 0x5d150000 	C:\Users\jaydutt\AppData\Local\Temp\javacpp2679522771232\opencv_ml248.dll
0x5cfb0000 - 0x5d0cc000 	C:\Users\jaydutt\AppData\Local\Temp\javacpp2679522771232\opencv_contrib248.dll
0x5f520000 - 0x5f567000 	C:\Users\jaydutt\AppData\Local\Temp\javacpp2679522771232\jniopencv_contrib.dll
0x5cfa0000 - 0x5cfaf000 	C:\Users\jaydutt\AppData\Local\Temp\javacpp2679522771232\jniopencv_highgui.dll
0x5cf60000 - 0x5cf99000 	C:\Users\jaydutt\AppData\Local\Temp\javacpp2679522771232\jniopencv_imgproc.dll
0x5cf40000 - 0x5cf55000 	C:\Windows\System32\devenum.dll
0x76c70000 - 0x7708a000 	C:\WINDOWS\System32\setupapi.dll
0x73450000 - 0x73472000 	C:\WINDOWS\SYSTEM32\DEVOBJ.dll
0x75330000 - 0x75374000 	C:\WINDOWS\System32\WINTRUST.dll
0x75320000 - 0x7532e000 	C:\WINDOWS\System32\MSASN1.dll
0x74590000 - 0x7470d000 	C:\WINDOWS\System32\CRYPT32.dll
0x5cf30000 - 0x5cf39000 	C:\WINDOWS\SYSTEM32\msdmo.dll
0x5cef0000 - 0x5cf2a000 	C:\Windows\System32\qcap.dll
0x5cd40000 - 0x5cee3000 	C:\Windows\System32\quartz.dll
0x5cd00000 - 0x5cd35000 	C:\Windows\System32\mfksproxy.dll
0x5cce0000 - 0x5ccf8000 	C:\Windows\System32\ATL.DLL
0x5ccb0000 - 0x5ccdc000 	C:\Windows\System32\MFSENSORGROUP.dll
0x5bf80000 - 0x5c0e5000 	C:\Windows\System32\MFPlat.DLL
0x5bf50000 - 0x5bf7a000 	C:\Windows\System32\RTWorkQ.DLL
0x5bf10000 - 0x5bf4c000 	C:\Windows\System32\ksproxy.ax
0x5bf00000 - 0x5bf07000 	C:\Windows\System32\ksuser.dll
0x64bf0000 - 0x64d52000 	C:\Windows\System32\d3d9.dll
0x6d8d0000 - 0x6d934000 	C:\WINDOWS\SYSTEM32\policymanager.dll
0x6d860000 - 0x6d8c6000 	C:\Windows\System32\msvcp110_win.dll
0x5bef0000 - 0x5befc000 	C:\Windows\System32\vidcap.ax
0x5bed0000 - 0x5bef0000 	C:\Windows\System32\kswdmcap.ax
0x73580000 - 0x736ad000 	C:\Windows\System32\MFC42.dll
0x5b990000 - 0x5ba1e000 	C:\Windows\System32\qedit.dll
0x74710000 - 0x747ff000 	C:\WINDOWS\System32\COMDLG32.dll
0x720b0000 - 0x72216000 	C:\WINDOWS\WinSxS\x86_microsoft.windows.gdiplus_6595b64144ccf1df_1.1.15063.608_none_9e9d5d4256d15def\gdiplus.dll
0x72840000 - 0x7292d000 	C:\Windows\System32\DDRAW.dll
0x72380000 - 0x72387000 	C:\Windows\System32\DCIMAN32.dll
0x5be60000 - 0x5becd000 	C:\WINDOWS\SYSTEM32\D3DIM700.DLL
0x5b980000 - 0x5b98a000 	C:\WINDOWS\SYSTEM32\msyuv.dll
0x74250000 - 0x743ad000 	C:\WINDOWS\SYSTEM32\dbghelp.dll

VM Arguments:
jvm_args: -Dfile.encoding=UTF-8 -Djava.library.path=C:\opencv\build\java\x86 -Djava.security.policy=applet.policy -Djavacpp.platform.dependencies=true 
java_command: LOGIN
java_class_path (initial): C:\Program Files (x86)\NetBeans 8.2\java\modules\ext\AbsoluteLayout.jar;C:\javamail1_4_7\javamail-1.4.7\mail.jar;C:\Users\jaydutt\ui\lib\jcommon-1.0.23.jar;C:\Users\jaydutt\ui\lib\jfreechart-1.0.19.jar;C:\activation-2.2.1.jar;C:\activation-1.1.jar;C:\core-3.3.0.jar;C:\javase-3.3.0.jar;C:\Program Files (x86)\NetBeans 8.2\java\modules\ext\eclipselink\eclipselink.jar;C:\Program Files (x86)\NetBeans 8.2\java\modules\ext\eclipselink\javax.persistence_2.1.0.v201304241213.jar;C:\Program Files (x86)\NetBeans 8.2\java\modules\ext\eclipselink\org.eclipse.persistence.jpa.jpql_2.5.2.v20140319-9ad6abd.jar;C:\opencv\build\java\opencv-310.jar;C:\opencv\build\java\opencv-249.jar;C:\opencv\build\java\opencv-340.jar;C:\javacv-cppjars\ffmpeg-2.1.1-windows-x86.jar;C:\javacv-cppjars\ffmpeg-2.1.1-windows-x86_64.jar;C:\javacv-cppjars\opencv-2.4.8-windows-x86.jar;C:\javacv-cppjars\opencv-2.4.8-windows-x86_64.jar;C:\javacv-bin\javacpp.jar;C:\javacv-bin\javacv.jar;C:\javacv-bin\libfreenect-windows-x86.jar;C:\javacv-bin\libfreenect-windows-x86_64.jar;C:\javacv-bin\libfreenect2-windows-x86_64.jar;C:\jar_files\artoolkitplus-2.3.1-1.4.jar;C:\jar_files\ffmpeg-3.4.1-1.4.jar;C:\jar_files\flandmark-1.07-1.4.jar;C:\jar_files\flycapture-2.11.3.121-1.4.jar;C:\jar_files\javacpp-1.4.jar;C:\jar_files\javacv-1.4.jar;C:\jar_files\libdc1394-2.2.5-1.4.jar;C:\jar_files\libfreenect-0.5.3-1.4.jar;C:\jar_files\libfreenect2-0.2.0-1.4.jar;C:\jar_files\librealsense-1.12.1-1.4.jar;C:\jar_files\opencv-3.4.0-1.4.jar;C:\jar_files\videoinput-0.200-1.4.jar;C:\Users\jaydutt\ui\build\classes
Launcher Type: SUN_STANDARD

Environment Variables:
JAVA_HOME=C:\Program Files\Java\jdk1.8.0_161
PATH=C:\Program Files (x86)\Intel\iCLS Client\;C:\ProgramData\Oracle\Java\javapath;C:\Program Files\Intel\iCLS Client\;C:\windows\system32;C:\windows;C:\windows\System32\Wbem;C:\windows\System32\WindowsPowerShell\v1.0\;C:\Program Files (x86)\NVIDIA Corporation\PhysX\Common;C:\Program Files (x86)\Java\jre1.8.0_141;C:\Program Files (x86)\Java\jdk1.8.0_141/bin;C:\Program Files\Intel\WiFi\bin\;C:\Program Files\Common Files\Intel\WirelessCommon\;C:\WINDOWS\system32;C:\WINDOWS;C:\WINDOWS\System32\Wbem;C:\WINDOWS\System32\WindowsPowerShell\v1.0\;C:\Users\jaydutt\AppData\Local\Microsoft\WindowsApps;C:\adb;C:\Program Files (x86)\Intel\Intel(R) Management Engine Components\DAL;C:\Program Files\Intel\Intel(R) Management Engine Components\DAL;C:\Program Files (x86)\Intel\Intel(R) Management Engine Components\IPT;C:\Program Files\Intel\Intel(R) Management Engine Components\IPT;C:\sqlight\sqlite-tools-win32-x86-3220000;C:\Program Files\Java\jdk1.8.0_161;C:\Program Files\Java\jre1.8.0_161;C:\opencv\build\x86\vc10\bin;C:\opencv\build\java;C:\Users\jaydutt\AppData\Local\Microsoft\WindowsApps;C:\Users\jaydutt\AppData\Local\GitHubDesktop\bin
USERNAME=jaydutt
OS=Windows_NT
PROCESSOR_IDENTIFIER=Intel64 Family 6 Model 158 Stepping 9, GenuineIntel



---------------  S Y S T E M  ---------------

OS: Windows 10.0 , 64 bit Build 15063 (10.0.15063.296)

CPU:total 8 (initial active 8) (4 cores per cpu, 2 threads per core) family 6 model 158 stepping 9, cmov, cx8, fxsr, mmx, sse, sse2, sse3, ssse3, sse4.1, sse4.2, popcnt, avx, avx2, aes, clmul, erms, 3dnowpref, lzcnt, ht, tsc, tscinvbit, bmi1, bmi2, adx

Memory: 4k page, physical 16659684k(12311608k free), swap 33436900k(29186608k free)

vm_info: Java HotSpot(TM) Client VM (25.141-b15) for windows-x86 JRE (1.8.0_141-b15), built on Jul 12 2017 04:25:45 by "java_re" with MS VC++ 10.0 (VS2010)

time: Fri Mar 16 15:36:28 2018
elapsed time: 71 seconds (0d 0h 1m 11s)

