#
# A fatal error has been detected by the Java Runtime Environment:
#
#  EXCEPTION_ACCESS_VIOLATION (0xc0000005) at pc=0x62bd542a, pid=5828, tid=0x00003d0c
#
# JRE version: Java(TM) SE Runtime Environment (8.0_141-b15) (build 1.8.0_141-b15)
# Java VM: Java HotSpot(TM) Client VM (25.141-b15 mixed mode, sharing windows-x86 )
# Problematic frame:
# C  [opencv_highgui248.dll+0x1542a]
#
# Failed to write core dump. Minidumps are not enabled by default on client versions of Windows
#
# If you would like to submit a bug report, please visit:
#   http://bugreport.java.com/bugreport/crash.jsp
# The crash happened outside the Java Virtual Machine in native code.
# See problematic frame for where to report the bug.
#

---------------  T H R E A D  ---------------

Current thread (0x16ad2400):  JavaThread "Thread-2" [_thread_in_native, id=15628, stack(0x15f40000,0x15f90000)]

siginfo: ExceptionCode=0xc0000005, reading address 0x00000000

Registers:
EAX=0x00000000, EBX=0x16a527b4, ECX=0x008aec88, EDX=0x173ebcd4
ESP=0x15f8f5a4, EBP=0x15f8f634, ESI=0x16a52630, EDI=0x62db0848
EIP=0x62bd542a, EFLAGS=0x00010246

Top of Stack: (sp=0x15f8f5a4)
0x15f8f5a4:   16a3cc78 62db0838 00000000 15f8f5fc
0x15f8f5b4:   743a70d5 008a0000 00000000 743a70f4
0x15f8f5c4:   d3def75b 00000001 008aec18 00000000
0x15f8f5d4:   16a52660 00000000 62db0838 008aeb38
0x15f8f5e4:   15f8f5c4 15f8f600 15f8f684 743bc8c0
0x15f8f5f4:   b2667697 fffffffe 743a70f4 62ba5aeb
0x15f8f604:   008aec18 00000000 62ba5e35 008aec18
0x15f8f614:   00000000 15f8f63c 62bd2bba 008aec18 

Instructions: (pc=0x62bd542a)
0x62bd540a:   00 74 15 8d 86 84 00 00 00 50 68 10 91 cd 62 ff
0x62bd541a:   15 c0 72 cd 62 83 c4 08 8b 46 28 8b 55 a0 8b 12
0x62bd542a:   8b 08 53 52 50 8b 41 0c ff d0 8b 46 24 8d 55 98
0x62bd543a:   52 8b 55 a0 8b 12 68 14 82 cd 62 52 68 e4 83 cd 


Register to memory mapping:

EAX=0x00000000 is an unknown value
EBX=0x16a527b4 is an unknown value
ECX=0x008aec88 is an unknown value
EDX=0x173ebcd4 is an unknown value
ESP=0x15f8f5a4 is pointing into the stack for thread: 0x16ad2400
EBP=0x15f8f634 is pointing into the stack for thread: 0x16ad2400
ESI=0x16a52630 is an unknown value
EDI=0x62db0848 is an unknown value


Stack: [0x15f40000,0x15f90000],  sp=0x15f8f5a4,  free space=317k
Native frames: (J=compiled Java code, j=interpreted, Vv=VM code, C=native code)
C  [opencv_highgui248.dll+0x1542a]
C  [opencv_highgui248.dll+0x15cab]
C  [opencv_highgui248.dll+0x1613c]
C  [opencv_highgui248.dll+0x14736]
C  [opencv_highgui248.dll+0x1194]
C  [jniopencv_highgui.dll+0x597d]
j  com.googlecode.javacv.cpp.opencv_highgui.cvCreateCameraCapture(I)Lcom/googlecode/javacv/cpp/opencv_highgui$CvCapture;+0
j  FaceCapture.run()V+1
j  java.lang.Thread.run()V+11
v  ~StubRoutines::call_stub
V  [jvm.dll+0x15af45]
V  [jvm.dll+0x2213ae]
V  [jvm.dll+0x15afde]
V  [jvm.dll+0x15b166]
V  [jvm.dll+0x15b1d7]
V  [jvm.dll+0xff36f]
V  [jvm.dll+0x17dc30]
V  [jvm.dll+0x17e4aa]
V  [jvm.dll+0x1c2ec6]
C  [msvcr100.dll+0x5c556]
C  [msvcr100.dll+0x5c600]
C  [KERNEL32.DLL+0x18744]
C  [ntdll.dll+0x6582d]
C  [ntdll.dll+0x657fd]
C  0x00000000

Java frames: (J=compiled Java code, j=interpreted, Vv=VM code)
j  com.googlecode.javacv.cpp.opencv_highgui.cvCreateCameraCapture(I)Lcom/googlecode/javacv/cpp/opencv_highgui$CvCapture;+0
j  FaceCapture.run()V+1
j  java.lang.Thread.run()V+11
v  ~StubRoutines::call_stub

---------------  P R O C E S S  ---------------

Java Threads: ( => current thread )
  0x16a50c00 JavaThread "Thread-4" [_thread_in_native, id=16284, stack(0x17db0000,0x17e00000)]
=>0x16ad2400 JavaThread "Thread-2" [_thread_in_native, id=15628, stack(0x15f40000,0x15f90000)]
  0x16b48400 JavaThread "TimerQueue" daemon [_thread_blocked, id=2244, stack(0x17d20000,0x17d70000)]
  0x0216c800 JavaThread "DestroyJavaVM" [_thread_blocked, id=8236, stack(0x02050000,0x020a0000)]
  0x15b43c00 JavaThread "AWT-EventQueue-0" [_thread_blocked, id=5304, stack(0x15e90000,0x15ee0000)]
  0x15b27c00 JavaThread "AWT-Windows" daemon [_thread_in_native, id=12960, stack(0x15d30000,0x15d80000)]
  0x15b25400 JavaThread "AWT-Shutdown" [_thread_blocked, id=17164, stack(0x15ca0000,0x15cf0000)]
  0x15b24c00 JavaThread "Java2D Disposer" daemon [_thread_blocked, id=6244, stack(0x15390000,0x153e0000)]
  0x02247c00 JavaThread "Service Thread" daemon [_thread_blocked, id=13684, stack(0x15270000,0x152c0000)]
  0x02231c00 JavaThread "C1 CompilerThread0" daemon [_thread_blocked, id=2268, stack(0x14770000,0x147c0000)]
  0x02230400 JavaThread "Attach Listener" daemon [_thread_blocked, id=10180, stack(0x146e0000,0x14730000)]
  0x0222e400 JavaThread "Signal Dispatcher" daemon [_thread_blocked, id=10564, stack(0x14650000,0x146a0000)]
  0x02224400 JavaThread "Finalizer" daemon [_thread_blocked, id=16432, stack(0x144d0000,0x14520000)]
  0x021c7400 JavaThread "Reference Handler" daemon [_thread_blocked, id=1268, stack(0x14440000,0x14490000)]

Other Threads:
  0x021c3000 VMThread [stack: 0x04390000,0x043e0000] [id=10084]
  0x02268400 WatcherThread [stack: 0x15300000,0x15350000] [id=14328]

VM state:not at safepoint (normal execution)

VM Mutex/Monitor currently owned by a thread: None

Heap:
 def new generation   total 4928K, used 1799K [0x04400000, 0x04950000, 0x09950000)
  eden space 4416K,  33% used [0x04400000, 0x0456db10, 0x04850000)
  from space 512K,  65% used [0x048d0000, 0x04924100, 0x04950000)
  to   space 512K,   0% used [0x04850000, 0x04850000, 0x048d0000)
 tenured generation   total 10944K, used 4907K [0x09950000, 0x0a400000, 0x14400000)
   the space 10944K,  44% used [0x09950000, 0x09e1af48, 0x09e1b000, 0x0a400000)
 Metaspace       used 1296K, capacity 2775K, committed 2880K, reserved 4480K

Card table byte_map: [0x042a0000,0x04330000] byte_map_base: 0x0427e000

Polling page: 0x00790000

CodeCache: size=32768Kb used=1089Kb max_used=1089Kb free=31678Kb
 bounds [0x022a0000, 0x023b8000, 0x042a0000]
 total_blobs=518 nmethods=286 adapters=163
 compilation: enabled

Compilation events (10 events):
Event: 6.518 Thread 0x02231c00  282             java.net.URI$Parser::scan (73 bytes)
Event: 6.519 Thread 0x02231c00 nmethod 282 0x023ad808 code [0x023ad930, 0x023adb34]
Event: 6.522 Thread 0x02231c00  283             java.util.LinkedList$ListItr::hasNext (20 bytes)
Event: 6.522 Thread 0x02231c00 nmethod 283 0x023ade48 code [0x023adf40, 0x023adfe0]
Event: 6.524 Thread 0x02231c00  284             java.net.URI::quote (208 bytes)
Event: 6.525 Thread 0x02231c00 nmethod 284 0x023ae048 code [0x023ae250, 0x023af1e4]
Event: 6.525 Thread 0x02231c00  285             sun.misc.URLClassPath::findResource (47 bytes)
Event: 6.525 Thread 0x02231c00 nmethod 285 0x023b00c8 code [0x023b01f0, 0x023b0314]
Event: 6.525 Thread 0x02231c00  286             sun.misc.URLClassPath$JarLoader::findResource (18 bytes)
Event: 6.525 Thread 0x02231c00 nmethod 286 0x023b0408 code [0x023b0520, 0x023b05e8]

GC Heap History (6 events):
Event: 0.182 GC heap before
{Heap before GC invocations=0 (full 0):
 def new generation   total 4928K, used 4416K [0x04400000, 0x04950000, 0x09950000)
  eden space 4416K, 100% used [0x04400000, 0x04850000, 0x04850000)
  from space 512K,   0% used [0x04850000, 0x04850000, 0x048d0000)
  to   space 512K,   0% used [0x048d0000, 0x048d0000, 0x04950000)
 tenured generation   total 10944K, used 0K [0x09950000, 0x0a400000, 0x14400000)
   the space 10944K,   0% used [0x09950000, 0x09950000, 0x09950200, 0x0a400000)
 Metaspace       used 765K, capacity 2504K, committed 2624K, reserved 4480K
Event: 0.186 GC heap after
Heap after GC invocations=1 (full 0):
 def new generation   total 4928K, used 512K [0x04400000, 0x04950000, 0x09950000)
  eden space 4416K,   0% used [0x04400000, 0x04400000, 0x04850000)
  from space 512K, 100% used [0x048d0000, 0x04950000, 0x04950000)
  to   space 512K,   0% used [0x04850000, 0x04850000, 0x048d0000)
 tenured generation   total 10944K, used 940K [0x09950000, 0x0a400000, 0x14400000)
   the space 10944K,   8% used [0x09950000, 0x09a3b3a8, 0x09a3b400, 0x0a400000)
 Metaspace       used 765K, capacity 2504K, committed 2624K, reserved 4480K
}
Event: 0.296 GC heap before
{Heap before GC invocations=1 (full 0):
 def new generation   total 4928K, used 2482K [0x04400000, 0x04950000, 0x09950000)
  eden space 4416K,  44% used [0x04400000, 0x045ec8d0, 0x04850000)
  from space 512K, 100% used [0x048d0000, 0x04950000, 0x04950000)
  to   space 512K,   0% used [0x04850000, 0x04850000, 0x048d0000)
 tenured generation   total 10944K, used 940K [0x09950000, 0x0a400000, 0x14400000)
   the space 10944K,   8% used [0x09950000, 0x09a3b3a8, 0x09a3b400, 0x0a400000)
 Metaspace       used 864K, capacity 2519K, committed 2624K, reserved 4480K
Event: 0.299 GC heap after
Heap after GC invocations=2 (full 0):
 def new generation   total 4928K, used 512K [0x04400000, 0x04950000, 0x09950000)
  eden space 4416K,   0% used [0x04400000, 0x04400000, 0x04850000)
  from space 512K, 100% used [0x04850000, 0x048d0000, 0x048d0000)
  to   space 512K,   0% used [0x048d0000, 0x048d0000, 0x04950000)
 tenured generation   total 10944K, used 1819K [0x09950000, 0x0a400000, 0x14400000)
   the space 10944K,  16% used [0x09950000, 0x09b16cd8, 0x09b16e00, 0x0a400000)
 Metaspace       used 864K, capacity 2519K, committed 2624K, reserved 4480K
}
Event: 6.158 GC heap before
{Heap before GC invocations=2 (full 0):
 def new generation   total 4928K, used 4860K [0x04400000, 0x04950000, 0x09950000)
  eden space 4416K,  98% used [0x04400000, 0x0483f140, 0x04850000)
  from space 512K, 100% used [0x04850000, 0x048d0000, 0x048d0000)
  to   space 512K,   0% used [0x048d0000, 0x048d0000, 0x04950000)
 tenured generation   total 10944K, used 1819K [0x09950000, 0x0a400000, 0x14400000)
   the space 10944K,  16% used [0x09950000, 0x09b16cd8, 0x09b16e00, 0x0a400000)
 Metaspace       used 1160K, capacity 2647K, committed 2752K, reserved 4480K
Event: 6.161 GC heap after
Heap after GC invocations=3 (full 0):
 def new generation   total 4928K, used 336K [0x04400000, 0x04950000, 0x09950000)
  eden space 4416K,   0% used [0x04400000, 0x04400000, 0x04850000)
  from space 512K,  65% used [0x048d0000, 0x04924100, 0x04950000)
  to   space 512K,   0% used [0x04850000, 0x04850000, 0x048d0000)
 tenured generation   total 10944K, used 4907K [0x09950000, 0x0a400000, 0x14400000)
   the space 10944K,  44% used [0x09950000, 0x09e1af48, 0x09e1b000, 0x0a400000)
 Metaspace       used 1160K, capacity 2647K, committed 2752K, reserved 4480K
}

Deoptimization events (0 events):
No events

Internal exceptions (10 events):
Event: 0.152 Thread 0x0216c800 Exception <a 'java/lang/ClassNotFoundException': ToolBar> (0x04725398) thrown at [C:\workspace\8-2-build-windows-i586-cygwin\jdk8u141\9370\hotspot\src\share\vm\classfile\systemDictionary.cpp, line 210]
Event: 0.152 Thread 0x0216c800 Exception <a 'java/lang/ClassNotFoundException': ToggleButton> (0x047258e0) thrown at [C:\workspace\8-2-build-windows-i586-cygwin\jdk8u141\9370\hotspot\src\share\vm\classfile\systemDictionary.cpp, line 210]
Event: 0.152 Thread 0x0216c800 Exception <a 'java/lang/ClassNotFoundException': javax/swing/JToolBarSeparator> (0x04725ce8) thrown at [C:\workspace\8-2-build-windows-i586-cygwin\jdk8u141\9370\hotspot\src\share\vm\classfile\systemDictionary.cpp, line 210]
Event: 0.152 Thread 0x0216c800 Exception <a 'java/lang/ClassNotFoundException': ToolBarSeparator> (0x04726140) thrown at [C:\workspace\8-2-build-windows-i586-cygwin\jdk8u141\9370\hotspot\src\share\vm\classfile\systemDictionary.cpp, line 210]
Event: 0.152 Thread 0x0216c800 Exception <a 'java/lang/ClassNotFoundException': ToolTip> (0x047267e8) thrown at [C:\workspace\8-2-build-windows-i586-cygwin\jdk8u141\9370\hotspot\src\share\vm\classfile\systemDictionary.cpp, line 210]
Event: 0.152 Thread 0x0216c800 Exception <a 'java/lang/ClassNotFoundException': Tree> (0x047272d0) thrown at [C:\workspace\8-2-build-windows-i586-cygwin\jdk8u141\9370\hotspot\src\share\vm\classfile\systemDictionary.cpp, line 210]
Event: 0.152 Thread 0x0216c800 Exception <a 'java/lang/ClassNotFoundException': Tree> (0x04727970) thrown at [C:\workspace\8-2-build-windows-i586-cygwin\jdk8u141\9370\hotspot\src\share\vm\classfile\systemDictionary.cpp, line 210]
Event: 0.152 Thread 0x0216c800 Exception <a 'java/lang/ClassNotFoundException': javax/swing/JTreeCell> (0x04727ca8) thrown at [C:\workspace\8-2-build-windows-i586-cygwin\jdk8u141\9370\hotspot\src\share\vm\classfile\systemDictionary.cpp, line 210]
Event: 0.152 Thread 0x0216c800 Exception <a 'java/lang/ClassNotFoundException': TreeCell> (0x047280f0) thrown at [C:\workspace\8-2-build-windows-i586-cygwin\jdk8u141\9370\hotspot\src\share\vm\classfile\systemDictionary.cpp, line 210]
Event: 0.152 Thread 0x0216c800 Exception <a 'java/lang/ClassNotFoundException': RootPane> (0x04728a68) thrown at [C:\workspace\8-2-build-windows-i586-cygwin\jdk8u141\9370\hotspot\src\share\vm\classfile\systemDictionary.cpp, line 210]

Events (10 events):
Event: 6.513 loading class com/googlecode/javacv/cpp/opencv_highgui$CvVideoWriter
Event: 6.513 loading class com/googlecode/javacv/cpp/opencv_highgui$CvVideoWriter done
Event: 6.513 loading class com/googlecode/javacv/cpp/opencv_highgui$CvCapture
Event: 6.513 loading class com/googlecode/javacv/cpp/opencv_highgui$CvCapture done
Event: 6.517 loading class com/googlecode/javacv/cpp/opencv_highgui$CvMouseCallback
Event: 6.517 loading class com/googlecode/javacv/cpp/opencv_highgui$CvMouseCallback done
Event: 6.520 loading class com/googlecode/javacv/cpp/opencv_highgui$CvTrackbarCallback2
Event: 6.520 loading class com/googlecode/javacv/cpp/opencv_highgui$CvTrackbarCallback2 done
Event: 6.524 loading class com/googlecode/javacv/cpp/opencv_highgui$CvTrackbarCallback
Event: 6.524 loading class com/googlecode/javacv/cpp/opencv_highgui$CvTrackbarCallback done


Dynamic libraries:
0x00290000 - 0x002c3000 	C:\Program Files (x86)\Java\jdk1.8.0_141\bin\java.exe
0x777e0000 - 0x7796e000 	C:\WINDOWS\SYSTEM32\ntdll.dll
0x76f10000 - 0x76fe0000 	C:\WINDOWS\System32\KERNEL32.DLL
0x77190000 - 0x77352000 	C:\WINDOWS\System32\KERNELBASE.dll
0x73f70000 - 0x74003000 	C:\WINDOWS\SYSTEM32\apphelp.dll
0x767f0000 - 0x76867000 	C:\WINDOWS\System32\ADVAPI32.dll
0x74360000 - 0x7441d000 	C:\WINDOWS\System32\msvcrt.dll
0x774b0000 - 0x774f1000 	C:\WINDOWS\System32\sechost.dll
0x76ff0000 - 0x770b0000 	C:\WINDOWS\System32\RPCRT4.dll
0x742b0000 - 0x742d0000 	C:\WINDOWS\System32\SspiCli.dll
0x742a0000 - 0x742aa000 	C:\WINDOWS\System32\CRYPTBASE.dll
0x75ee0000 - 0x75f37000 	C:\WINDOWS\System32\bcryptPrimitives.dll
0x77530000 - 0x7766c000 	C:\WINDOWS\System32\USER32.dll
0x773f0000 - 0x77406000 	C:\WINDOWS\System32\win32u.dll
0x77500000 - 0x77521000 	C:\WINDOWS\System32\GDI32.dll
0x76b90000 - 0x76ce8000 	C:\WINDOWS\System32\gdi32full.dll
0x76710000 - 0x76789000 	C:\WINDOWS\System32\msvcp_win.dll
0x76df0000 - 0x76f08000 	C:\WINDOWS\System32\ucrtbase.dll
0x728b0000 - 0x72abe000 	C:\WINDOWS\WinSxS\x86_microsoft.windows.common-controls_6595b64144ccf1df_6.0.15063.483_none_6dad63fefc436da8\COMCTL32.dll
0x764d0000 - 0x76708000 	C:\WINDOWS\System32\combase.dll
0x76d40000 - 0x76d65000 	C:\WINDOWS\System32\IMM32.DLL
0x71620000 - 0x716df000 	C:\Program Files (x86)\Java\jdk1.8.0_141\jre\bin\msvcr100.dll
0x66eb0000 - 0x6727e000 	C:\Program Files (x86)\Java\jdk1.8.0_141\jre\bin\client\jvm.dll
0x77410000 - 0x77416000 	C:\WINDOWS\System32\PSAPI.DLL
0x738d0000 - 0x738d8000 	C:\WINDOWS\SYSTEM32\VERSION.dll
0x73470000 - 0x73494000 	C:\WINDOWS\SYSTEM32\WINMM.dll
0x73240000 - 0x73248000 	C:\WINDOWS\SYSTEM32\WSOCK32.dll
0x76b20000 - 0x76b87000 	C:\WINDOWS\System32\WS2_32.dll
0x73210000 - 0x73233000 	C:\WINDOWS\SYSTEM32\winmmbase.dll
0x77360000 - 0x77399000 	C:\WINDOWS\System32\cfgmgr32.dll
0x720c0000 - 0x720cc000 	C:\Program Files (x86)\Java\jdk1.8.0_141\jre\bin\verify.dll
0x70d60000 - 0x70d81000 	C:\Program Files (x86)\Java\jdk1.8.0_141\jre\bin\java.dll
0x70d40000 - 0x70d53000 	C:\Program Files (x86)\Java\jdk1.8.0_141\jre\bin\zip.dll
0x744d0000 - 0x75818000 	C:\WINDOWS\System32\SHELL32.dll
0x77420000 - 0x774ac000 	C:\WINDOWS\System32\shcore.dll
0x75f40000 - 0x764c7000 	C:\WINDOWS\System32\windows.storage.dll
0x76cf0000 - 0x76d35000 	C:\WINDOWS\System32\shlwapi.dll
0x76fe0000 - 0x76fee000 	C:\WINDOWS\System32\kernel.appcore.dll
0x773a0000 - 0x773e5000 	C:\WINDOWS\System32\powrprof.dll
0x744c0000 - 0x744d0000 	C:\WINDOWS\System32\profapi.dll
0x67e20000 - 0x67f65000 	C:\Program Files (x86)\Java\jdk1.8.0_141\jre\bin\awt.dll
0x74420000 - 0x744b6000 	C:\WINDOWS\System32\OLEAUT32.dll
0x720e0000 - 0x72158000 	C:\WINDOWS\system32\uxtheme.dll
0x75970000 - 0x75ab6000 	C:\WINDOWS\System32\MSCTF.dll
0x730c0000 - 0x730e3000 	C:\WINDOWS\system32\dwmapi.dll
0x768a0000 - 0x76993000 	C:\WINDOWS\System32\ole32.dll
0x6ed40000 - 0x6ed79000 	C:\Program Files (x86)\Java\jdk1.8.0_141\jre\bin\fontmanager.dll
0x67d40000 - 0x67e1f000 	C:\WINDOWS\system32\opengl32.dll
0x70cf0000 - 0x70d15000 	C:\WINDOWS\SYSTEM32\GLU32.dll
0x742d0000 - 0x74353000 	C:\WINDOWS\System32\clbcatq.dll
0x6e0a0000 - 0x6e212000 	C:\WINDOWS\SYSTEM32\WindowsCodecs.dll
0x66cf0000 - 0x66d33000 	C:\WINDOWS\system32\dataexchange.dll
0x64b30000 - 0x64d82000 	C:\WINDOWS\system32\d3d11.dll
0x64a40000 - 0x64b2b000 	C:\WINDOWS\system32\dcomp.dll
0x649b0000 - 0x64a3a000 	C:\WINDOWS\system32\dxgi.dll
0x6e2b0000 - 0x6e3e6000 	C:\WINDOWS\system32\twinapi.appcore.dll
0x737f0000 - 0x73808000 	C:\WINDOWS\system32\bcrypt.dll
0x70d20000 - 0x70d36000 	C:\Program Files (x86)\Java\jdk1.8.0_141\jre\bin\net.dll
0x72330000 - 0x7237e000 	C:\WINDOWS\system32\mswsock.dll
0x71b30000 - 0x71b3f000 	C:\Program Files (x86)\Java\jdk1.8.0_141\jre\bin\nio.dll
0x6e060000 - 0x6e092000 	C:\Program Files (x86)\Java\jdk1.8.0_141\jre\bin\t2k.dll
0x66e40000 - 0x66ea7000 	C:\WINDOWS\System32\TextInputFramework.dll
0x66280000 - 0x664a7000 	C:\WINDOWS\System32\CoreUIComponents.dll
0x665e0000 - 0x6666f000 	C:\WINDOWS\System32\CoreMessaging.dll
0x71a60000 - 0x71a70000 	C:\WINDOWS\SYSTEM32\usermgrcli.dll
0x6e710000 - 0x6e7e1000 	C:\WINDOWS\SYSTEM32\wintypes.dll
0x72290000 - 0x722b8000 	C:\WINDOWS\SYSTEM32\ntmarta.dll
0x63250000 - 0x6330e000 	C:\Users\jaydutt\AppData\Local\Temp\javacpp116335845786228\msvcr100.dll
0x669b0000 - 0x66a19000 	C:\Users\jaydutt\AppData\Local\Temp\javacpp116335845786228\msvcp100.dll
0x17ea0000 - 0x18dd6000 	C:\Users\jaydutt\AppData\Local\Temp\javacpp116335845786228\opencv_ffmpeg248.dll
0x63040000 - 0x63246000 	C:\Users\jaydutt\AppData\Local\Temp\javacpp116335845786228\opencv_core248.dll
0x62dd0000 - 0x6303b000 	C:\Users\jaydutt\AppData\Local\Temp\javacpp116335845786228\opencv_imgproc248.dll
0x62bc0000 - 0x62dc7000 	C:\Users\jaydutt\AppData\Local\Temp\javacpp116335845786228\opencv_highgui248.dll
0x63e30000 - 0x63e52000 	C:\WINDOWS\SYSTEM32\MSVFW32.dll
0x67300000 - 0x6731b000 	C:\WINDOWS\SYSTEM32\AVIFIL32.dll
0x66e20000 - 0x66e34000 	C:\WINDOWS\SYSTEM32\AVICAP32.dll
0x66260000 - 0x66278000 	C:\WINDOWS\SYSTEM32\MSACM32.dll
0x6fbe0000 - 0x6fbef000 	C:\Users\jaydutt\AppData\Local\Temp\javacpp116335845786228\jniopencv_highgui.dll
0x62ba0000 - 0x62bb5000 	C:\Windows\System32\devenum.dll
0x75ac0000 - 0x75eda000 	C:\WINDOWS\System32\setupapi.dll
0x730f0000 - 0x73112000 	C:\WINDOWS\SYSTEM32\DEVOBJ.dll
0x77140000 - 0x77184000 	C:\WINDOWS\System32\WINTRUST.dll
0x76890000 - 0x7689e000 	C:\WINDOWS\System32\MSASN1.dll
0x769a0000 - 0x76b1d000 	C:\WINDOWS\System32\CRYPT32.dll
0x6e3f0000 - 0x6e3f9000 	C:\WINDOWS\SYSTEM32\msdmo.dll
0x62b60000 - 0x62b9a000 	C:\Windows\System32\qcap.dll
0x62990000 - 0x62b33000 	C:\Windows\System32\quartz.dll
0x72890000 - 0x72897000 	C:\WINDOWS\SYSTEM32\DCIMAN32.DLL
0x61490000 - 0x614c5000 	C:\Windows\System32\mfksproxy.dll
0x62b40000 - 0x62b58000 	C:\Windows\System32\ATL.DLL
0x61410000 - 0x6143c000 	C:\Windows\System32\MFSENSORGROUP.dll
0x63e60000 - 0x63fc5000 	C:\Windows\System32\MFPlat.DLL
0x67d10000 - 0x67d3a000 	C:\Windows\System32\RTWorkQ.DLL
0x68ab0000 - 0x68b09000 	C:\WINDOWS\SYSTEM32\MMDevAPI.DLL
0x71bd0000 - 0x71d34000 	C:\WINDOWS\SYSTEM32\PROPSYS.dll
0x613d0000 - 0x6140c000 	C:\Windows\System32\ksproxy.ax
0x6e040000 - 0x6e047000 	C:\Windows\System32\ksuser.dll
0x68b10000 - 0x68c72000 	C:\Windows\System32\d3d9.dll
0x61390000 - 0x613c9000 	C:\WINDOWS\SYSTEM32\wdmaud.drv
0x6e010000 - 0x6e019000 	C:\WINDOWS\SYSTEM32\AVRT.dll
0x6e400000 - 0x6e464000 	C:\WINDOWS\SYSTEM32\policymanager.dll
0x6dd40000 - 0x6dda6000 	C:\Windows\System32\msvcp110_win.dll
0x5b490000 - 0x5b567000 	C:\WINDOWS\SYSTEM32\AUDIOSES.DLL
0x68630000 - 0x6863a000 	C:\WINDOWS\SYSTEM32\msacm32.drv
0x66ce0000 - 0x66ce8000 	C:\WINDOWS\SYSTEM32\midimap.dll
0x62970000 - 0x62981000 	C:\WINDOWS\SYSTEM32\vfwwdm32.dll
0x665d0000 - 0x665dc000 	C:\Windows\System32\vidcap.ax
0x61370000 - 0x61390000 	C:\Windows\System32\kswdmcap.ax
0x72730000 - 0x7285d000 	C:\Windows\System32\MFC42.dll
0x74010000 - 0x7416d000 	C:\WINDOWS\SYSTEM32\dbghelp.dll

VM Arguments:
jvm_args: -Dfile.encoding=UTF-8 -Djava.library.path=C:\opencv\build\java\x86 -Djava.security.policy=applet.policy 
java_command: LOGIN
java_class_path (initial): C:\Program Files (x86)\NetBeans 8.2\java\modules\ext\AbsoluteLayout.jar;C:\javamail1_4_7\javamail-1.4.7\mail.jar;C:\Users\jaydutt\ui\lib\jcommon-1.0.23.jar;C:\Users\jaydutt\ui\lib\jfreechart-1.0.19.jar;C:\activation-2.2.1.jar;C:\activation-1.1.jar;C:\core-3.3.0.jar;C:\javase-3.3.0.jar;C:\Program Files (x86)\NetBeans 8.2\java\modules\ext\eclipselink\eclipselink.jar;C:\Program Files (x86)\NetBeans 8.2\java\modules\ext\eclipselink\javax.persistence_2.1.0.v201304241213.jar;C:\Program Files (x86)\NetBeans 8.2\java\modules\ext\eclipselink\org.eclipse.persistence.jpa.jpql_2.5.2.v20140319-9ad6abd.jar;C:\opencv\build\java\opencv-310.jar;C:\opencv\build\java\opencv-249.jar;C:\opencv\build\java\opencv-340.jar;C:\javacv-cppjars\ffmpeg-2.1.1-windows-x86.jar;C:\javacv-cppjars\ffmpeg-2.1.1-windows-x86_64.jar;C:\javacv-cppjars\opencv-2.4.8-windows-x86.jar;C:\javacv-cppjars\opencv-2.4.8-windows-x86_64.jar;C:\javacv-bin\javacpp.jar;C:\javacv-bin\javacv.jar;C:\javacv-bin\libfreenect-windows-x86.jar;C:\javacv-bin\libfreenect-windows-x86_64.jar;C:\javacv-bin\libfreenect2-windows-x86_64.jar;C:\Users\jaydutt\ui\build\classes
Launcher Type: SUN_STANDARD

Environment Variables:
JAVA_HOME=C:\Program Files\Java\jdk1.8.0_161
PATH=C:\Program Files (x86)\Intel\iCLS Client\;C:\ProgramData\Oracle\Java\javapath;C:\Program Files\Intel\iCLS Client\;C:\windows\system32;C:\windows;C:\windows\System32\Wbem;C:\windows\System32\WindowsPowerShell\v1.0\;C:\Program Files (x86)\NVIDIA Corporation\PhysX\Common;C:\Program Files (x86)\Java\jre1.8.0_141;C:\Program Files (x86)\Java\jdk1.8.0_141/bin;C:\Program Files\Intel\WiFi\bin\;C:\Program Files\Common Files\Intel\WirelessCommon\;C:\WINDOWS\system32;C:\WINDOWS;C:\WINDOWS\System32\Wbem;C:\WINDOWS\System32\WindowsPowerShell\v1.0\;C:\Users\jaydutt\AppData\Local\Microsoft\WindowsApps;C:\adb;C:\Program Files (x86)\Intel\Intel(R) Management Engine Components\DAL;C:\Program Files\Intel\Intel(R) Management Engine Components\DAL;C:\Program Files (x86)\Intel\Intel(R) Management Engine Components\IPT;C:\Program Files\Intel\Intel(R) Management Engine Components\IPT;C:\sqlight\sqlite-tools-win32-x86-3220000;C:\Program Files\Java\jdk1.8.0_161;C:\Program Files\Java\jre1.8.0_161;C:\opencv\build\x86\vc10\bin;C:\Users\jaydutt\AppData\Local\Microsoft\WindowsApps;C:\Users\jaydutt\AppData\Local\GitHubDesktop\bin
USERNAME=jaydutt
OS=Windows_NT
PROCESSOR_IDENTIFIER=Intel64 Family 6 Model 158 Stepping 9, GenuineIntel



---------------  S Y S T E M  ---------------

OS: Windows 10.0 , 64 bit Build 15063 (10.0.15063.296)

CPU:total 8 (initial active 8) (4 cores per cpu, 2 threads per core) family 6 model 158 stepping 9, cmov, cx8, fxsr, mmx, sse, sse2, sse3, ssse3, sse4.1, sse4.2, popcnt, avx, avx2, aes, clmul, erms, 3dnowpref, lzcnt, ht, tsc, tscinvbit, bmi1, bmi2, adx

Memory: 4k page, physical 16659684k(10899200k free), swap 33436900k(27664728k free)

vm_info: Java HotSpot(TM) Client VM (25.141-b15) for windows-x86 JRE (1.8.0_141-b15), built on Jul 12 2017 04:25:45 by "java_re" with MS VC++ 10.0 (VS2010)

time: Fri Mar 09 21:04:29 2018
elapsed time: 6 seconds (0d 0h 0m 6s)

