#
# A fatal error has been detected by the Java Runtime Environment:
#
#  EXCEPTION_ACCESS_VIOLATION (0xc0000005) at pc=0x5c2c4e9a, pid=6420, tid=0x00001080
#
# JRE version: Java(TM) SE Runtime Environment (8.0_141-b15) (build 1.8.0_141-b15)
# Java VM: Java HotSpot(TM) Client VM (25.141-b15 mixed mode, sharing windows-x86 )
# Problematic frame:
# C  [quartz.dll+0x74e9a]
#
# Failed to write core dump. Minidumps are not enabled by default on client versions of Windows
#
# If you would like to submit a bug report, please visit:
#   http://bugreport.java.com/bugreport/crash.jsp
# The crash happened outside the Java Virtual Machine in native code.
# See problematic frame for where to report the bug.
#

---------------  T H R E A D  ---------------

Current thread (0x15d63c00):  JavaThread "Thread-4" [_thread_in_native, id=4224, stack(0x19440000,0x19490000)]

siginfo: ExceptionCode=0xc0000005, reading address 0x00000000

Registers:
EAX=0x00000000, EBX=0x00000000, ECX=0x43711813, EDX=0x1948f3f8
ESP=0x1948f3e4, EBP=0x1948f418, ESI=0x00000000, EDI=0x174510d8
EIP=0x5c2c4e9a, EFLAGS=0x00010246

Top of Stack: (sp=0x1948f3e4)
0x1948f3e4:   1948f3f8 15c55848 1745112c 0004027e
0x1948f3f4:   00000000 00000000 00000000 0004027e
0x1948f404:   1948f41c 5c2bdb20 00000000 17451174
0x1948f414:   5a39ebe7 1948f434 5c2c4d07 00000000
0x1948f424:   00000000 00000000 15c55810 17451174
0x1948f434:   1948f444 5c2d3c79 1745112c 00000000
0x1948f444:   1948f4e4 5ca15a8d 174516d4 00000000
0x1948f454:   18442028 5cbf0838 00000000 1948f4ac 

Instructions: (pc=0x5c2c4e9a)
0x5c2c4e7a:   74 06 56 e8 af 3f 00 00 83 7f 5c 00 74 7e 8b 47
0x5c2c4e8a:   60 8d 54 24 10 83 64 24 10 00 83 64 24 14 00 52
0x5c2c4e9a:   8b 08 50 8b 71 0c 8b ce ff 15 78 16 3d 5c ff d6
0x5c2c4eaa:   8b 4d 08 8d 54 24 20 83 64 24 20 00 83 64 24 24 


Register to memory mapping:

EAX=0x00000000 is an unknown value
EBX=0x00000000 is an unknown value
ECX=0x43711813 is an unknown value
EDX=0x1948f3f8 is pointing into the stack for thread: 0x15d63c00
ESP=0x1948f3e4 is pointing into the stack for thread: 0x15d63c00
EBP=0x1948f418 is pointing into the stack for thread: 0x15d63c00
ESI=0x00000000 is an unknown value
EDI=0x174510d8 is an unknown value


Stack: [0x19440000,0x19490000],  sp=0x1948f3e4,  free space=316k
Native frames: (J=compiled Java code, j=interpreted, Vv=VM code, C=native code)
C  [quartz.dll+0x74e9a]
C  [quartz.dll+0x74d07]
C  [quartz.dll+0x83c79]
C  [opencv_highgui248.dll+0x15a8d]
C  [opencv_highgui248.dll+0x15cab]
C  [opencv_highgui248.dll+0x1613c]
C  [opencv_highgui248.dll+0x14736]
C  [opencv_highgui248.dll+0x1194]
C  [jniopencv_highgui.dll+0x597d]
j  com.googlecode.javacv.cpp.opencv_highgui.cvCreateCameraCapture(I)Lcom/googlecode/javacv/cpp/opencv_highgui$CvCapture;+0
j  FaceCapture.run()V+1
j  java.lang.Thread.run()V+11
v  ~StubRoutines::call_stub
V  [jvm.dll+0x15af45]
V  [jvm.dll+0x2213ae]
V  [jvm.dll+0x15afde]
V  [jvm.dll+0x15b166]
V  [jvm.dll+0x15b1d7]
V  [jvm.dll+0xff36f]
V  [jvm.dll+0x17dc30]
V  [jvm.dll+0x17e4aa]
V  [jvm.dll+0x1c2ec6]
C  [msvcr100.dll+0x5c556]
C  [msvcr100.dll+0x5c600]
C  [KERNEL32.DLL+0x18744]
C  [ntdll.dll+0x6582d]
C  [ntdll.dll+0x657fd]
C  0x00000000

Java frames: (J=compiled Java code, j=interpreted, Vv=VM code)
j  com.googlecode.javacv.cpp.opencv_highgui.cvCreateCameraCapture(I)Lcom/googlecode/javacv/cpp/opencv_highgui$CvCapture;+0
j  FaceCapture.run()V+1
j  java.lang.Thread.run()V+11
v  ~StubRoutines::call_stub

---------------  P R O C E S S  ---------------

Java Threads: ( => current thread )
=>0x15d63c00 JavaThread "Thread-4" [_thread_in_native, id=4224, stack(0x19440000,0x19490000)]
  0x15d63400 JavaThread "Thread-3" [_thread_in_native, id=4892, stack(0x18e60000,0x18eb0000)]
  0x15d54800 JavaThread "TimerQueue" daemon [_thread_blocked, id=1488, stack(0x17d80000,0x17dd0000)]
  0x0224cc00 JavaThread "DestroyJavaVM" [_thread_blocked, id=10744, stack(0x020b0000,0x02100000)]
  0x15bde400 JavaThread "AWT-EventQueue-0" [_thread_blocked, id=7552, stack(0x16400000,0x16450000)]
  0x15bbb800 JavaThread "AWT-Windows" daemon [_thread_in_native, id=7580, stack(0x162a0000,0x162f0000)]
  0x15bb8800 JavaThread "AWT-Shutdown" [_thread_blocked, id=7588, stack(0x16210000,0x16260000)]
  0x15bb7800 JavaThread "Java2D Disposer" daemon [_thread_blocked, id=8720, stack(0x15fb0000,0x16000000)]
  0x021bdc00 JavaThread "Service Thread" daemon [_thread_blocked, id=10000, stack(0x15300000,0x15350000)]
  0x021a1000 JavaThread "C1 CompilerThread0" daemon [_thread_blocked, id=2768, stack(0x15270000,0x152c0000)]
  0x0219f800 JavaThread "Attach Listener" daemon [_thread_blocked, id=10200, stack(0x14750000,0x147a0000)]
  0x0219d800 JavaThread "Signal Dispatcher" daemon [_thread_blocked, id=10168, stack(0x146c0000,0x14710000)]
  0x02194800 JavaThread "Finalizer" daemon [_thread_blocked, id=1020, stack(0x14540000,0x14590000)]
  0x02137c00 JavaThread "Reference Handler" daemon [_thread_blocked, id=10764, stack(0x144b0000,0x14500000)]

Other Threads:
  0x02134400 VMThread [stack: 0x14460000,0x144b0000] [id=2612]
  0x021ddc00 WatcherThread [stack: 0x15390000,0x153e0000] [id=9976]

VM state:not at safepoint (normal execution)

VM Mutex/Monitor currently owned by a thread: None

Heap:
 def new generation   total 4928K, used 3975K [0x04400000, 0x04950000, 0x09950000)
  eden space 4416K,  78% used [0x04400000, 0x04761fc0, 0x04850000)
  from space 512K, 100% used [0x04850000, 0x048d0000, 0x048d0000)
  to   space 512K,   0% used [0x048d0000, 0x048d0000, 0x04950000)
 tenured generation   total 10944K, used 5218K [0x09950000, 0x0a400000, 0x14400000)
   the space 10944K,  47% used [0x09950000, 0x09e68908, 0x09e68a00, 0x0a400000)
 Metaspace       used 1877K, capacity 3322K, committed 3392K, reserved 4480K

Card table byte_map: [0x04330000,0x043c0000] byte_map_base: 0x0430e000

Polling page: 0x008e0000

CodeCache: size=32768Kb used=1208Kb max_used=1208Kb free=31560Kb
 bounds [0x022b0000, 0x023e0000, 0x042b0000]
 total_blobs=644 nmethods=379 adapters=196
 compilation: enabled

Compilation events (10 events):
Event: 7.197 Thread 0x021a1000  377             sun.reflect.annotation.AnnotationInvocationHandler::cloneArray (170 bytes)
Event: 7.197 Thread 0x021a1000 nmethod 377 0x023d99c8 code [0x023d9b80, 0x023d9f0c]
Event: 7.197 Thread 0x021a1000  378             java.util.LinkedList::linkLast (59 bytes)
Event: 7.197 Thread 0x021a1000 nmethod 378 0x023da1c8 code [0x023da2c0, 0x023da400]
Event: 7.207 Thread 0x021a1000  379             java.io.WinNTFileSystem::normalizePrefix (132 bytes)
Event: 7.209 Thread 0x021a1000 nmethod 379 0x023dbb88 code [0x023dbd70, 0x023dcbc4]
Event: 7.209 Thread 0x021a1000  380  s          java.lang.StringBuffer::append (13 bytes)
Event: 7.209 Thread 0x021a1000 nmethod 380 0x023ddb08 code [0x023ddc10, 0x023dddfc]
Event: 7.544 Thread 0x021a1000  381             java.awt.Component::getParent (5 bytes)
Event: 7.544 Thread 0x021a1000 nmethod 381 0x023dde88 code [0x023ddf80, 0x023de000]

GC Heap History (8 events):
Event: 0.167 GC heap before
{Heap before GC invocations=0 (full 0):
 def new generation   total 4928K, used 4416K [0x04400000, 0x04950000, 0x09950000)
  eden space 4416K, 100% used [0x04400000, 0x04850000, 0x04850000)
  from space 512K,   0% used [0x04850000, 0x04850000, 0x048d0000)
  to   space 512K,   0% used [0x048d0000, 0x048d0000, 0x04950000)
 tenured generation   total 10944K, used 0K [0x09950000, 0x0a400000, 0x14400000)
   the space 10944K,   0% used [0x09950000, 0x09950000, 0x09950200, 0x0a400000)
 Metaspace       used 582K, capacity 2495K, committed 2496K, reserved 4480K
Event: 0.170 GC heap after
Heap after GC invocations=1 (full 0):
 def new generation   total 4928K, used 512K [0x04400000, 0x04950000, 0x09950000)
  eden space 4416K,   0% used [0x04400000, 0x04400000, 0x04850000)
  from space 512K, 100% used [0x048d0000, 0x04950000, 0x04950000)
  to   space 512K,   0% used [0x04850000, 0x04850000, 0x048d0000)
 tenured generation   total 10944K, used 787K [0x09950000, 0x0a400000, 0x14400000)
   the space 10944K,   7% used [0x09950000, 0x09a14ea8, 0x09a15000, 0x0a400000)
 Metaspace       used 582K, capacity 2495K, committed 2496K, reserved 4480K
}
Event: 0.294 GC heap before
{Heap before GC invocations=1 (full 0):
 def new generation   total 4928K, used 3070K [0x04400000, 0x04950000, 0x09950000)
  eden space 4416K,  57% used [0x04400000, 0x0467fb48, 0x04850000)
  from space 512K, 100% used [0x048d0000, 0x04950000, 0x04950000)
  to   space 512K,   0% used [0x04850000, 0x04850000, 0x048d0000)
 tenured generation   total 10944K, used 787K [0x09950000, 0x0a400000, 0x14400000)
   the space 10944K,   7% used [0x09950000, 0x09a14ea8, 0x09a15000, 0x0a400000)
 Metaspace       used 864K, capacity 2519K, committed 2624K, reserved 4480K
Event: 0.298 GC heap after
Heap after GC invocations=2 (full 0):
 def new generation   total 4928K, used 512K [0x04400000, 0x04950000, 0x09950000)
  eden space 4416K,   0% used [0x04400000, 0x04400000, 0x04850000)
  from space 512K, 100% used [0x04850000, 0x048d0000, 0x048d0000)
  to   space 512K,   0% used [0x048d0000, 0x048d0000, 0x04950000)
 tenured generation   total 10944K, used 1906K [0x09950000, 0x0a400000, 0x14400000)
   the space 10944K,  17% used [0x09950000, 0x09b2c958, 0x09b2ca00, 0x0a400000)
 Metaspace       used 864K, capacity 2519K, committed 2624K, reserved 4480K
}
Event: 6.584 GC heap before
{Heap before GC invocations=2 (full 0):
 def new generation   total 4928K, used 4928K [0x04400000, 0x04950000, 0x09950000)
  eden space 4416K, 100% used [0x04400000, 0x04850000, 0x04850000)
  from space 512K, 100% used [0x04850000, 0x048d0000, 0x048d0000)
  to   space 512K,   0% used [0x048d0000, 0x048d0000, 0x04950000)
 tenured generation   total 10944K, used 1906K [0x09950000, 0x0a400000, 0x14400000)
   the space 10944K,  17% used [0x09950000, 0x09b2c958, 0x09b2ca00, 0x0a400000)
 Metaspace       used 1192K, capacity 2679K, committed 2752K, reserved 4480K
Event: 6.587 GC heap after
Heap after GC invocations=3 (full 0):
 def new generation   total 4928K, used 308K [0x04400000, 0x04950000, 0x09950000)
  eden space 4416K,   0% used [0x04400000, 0x04400000, 0x04850000)
  from space 512K,  60% used [0x048d0000, 0x0491d378, 0x04950000)
  to   space 512K,   0% used [0x04850000, 0x04850000, 0x048d0000)
 tenured generation   total 10944K, used 4996K [0x09950000, 0x0a400000, 0x14400000)
   the space 10944K,  45% used [0x09950000, 0x09e311a0, 0x09e31200, 0x0a400000)
 Metaspace       used 1192K, capacity 2679K, committed 2752K, reserved 4480K
}
Event: 7.005 GC heap before
{Heap before GC invocations=3 (full 0):
 def new generation   total 4928K, used 4724K [0x04400000, 0x04950000, 0x09950000)
  eden space 4416K, 100% used [0x04400000, 0x04850000, 0x04850000)
  from space 512K,  60% used [0x048d0000, 0x0491d378, 0x04950000)
  to   space 512K,   0% used [0x04850000, 0x04850000, 0x048d0000)
 tenured generation   total 10944K, used 4996K [0x09950000, 0x0a400000, 0x14400000)
   the space 10944K,  45% used [0x09950000, 0x09e311a0, 0x09e31200, 0x0a400000)
 Metaspace       used 1671K, capacity 3127K, committed 3136K, reserved 4480K
Event: 7.006 GC heap after
Heap after GC invocations=4 (full 0):
 def new generation   total 4928K, used 512K [0x04400000, 0x04950000, 0x09950000)
  eden space 4416K,   0% used [0x04400000, 0x04400000, 0x04850000)
  from space 512K, 100% used [0x04850000, 0x048d0000, 0x048d0000)
  to   space 512K,   0% used [0x048d0000, 0x048d0000, 0x04950000)
 tenured generation   total 10944K, used 5218K [0x09950000, 0x0a400000, 0x14400000)
   the space 10944K,  47% used [0x09950000, 0x09e68908, 0x09e68a00, 0x0a400000)
 Metaspace       used 1671K, capacity 3127K, committed 3136K, reserved 4480K
}

Deoptimization events (0 events):
No events

Internal exceptions (10 events):
Event: 0.155 Thread 0x0224cc00 Exception <a 'java/lang/ClassNotFoundException': ToolBar> (0x047af198) thrown at [C:\workspace\8-2-build-windows-i586-cygwin\jdk8u141\9370\hotspot\src\share\vm\classfile\systemDictionary.cpp, line 210]
Event: 0.155 Thread 0x0224cc00 Exception <a 'java/lang/ClassNotFoundException': ToggleButton> (0x047af6e0) thrown at [C:\workspace\8-2-build-windows-i586-cygwin\jdk8u141\9370\hotspot\src\share\vm\classfile\systemDictionary.cpp, line 210]
Event: 0.155 Thread 0x0224cc00 Exception <a 'java/lang/ClassNotFoundException': javax/swing/JToolBarSeparator> (0x047afae8) thrown at [C:\workspace\8-2-build-windows-i586-cygwin\jdk8u141\9370\hotspot\src\share\vm\classfile\systemDictionary.cpp, line 210]
Event: 0.155 Thread 0x0224cc00 Exception <a 'java/lang/ClassNotFoundException': ToolBarSeparator> (0x047aff40) thrown at [C:\workspace\8-2-build-windows-i586-cygwin\jdk8u141\9370\hotspot\src\share\vm\classfile\systemDictionary.cpp, line 210]
Event: 0.155 Thread 0x0224cc00 Exception <a 'java/lang/ClassNotFoundException': ToolTip> (0x047b05e8) thrown at [C:\workspace\8-2-build-windows-i586-cygwin\jdk8u141\9370\hotspot\src\share\vm\classfile\systemDictionary.cpp, line 210]
Event: 0.155 Thread 0x0224cc00 Exception <a 'java/lang/ClassNotFoundException': Tree> (0x047b10d0) thrown at [C:\workspace\8-2-build-windows-i586-cygwin\jdk8u141\9370\hotspot\src\share\vm\classfile\systemDictionary.cpp, line 210]
Event: 0.155 Thread 0x0224cc00 Exception <a 'java/lang/ClassNotFoundException': Tree> (0x047b1770) thrown at [C:\workspace\8-2-build-windows-i586-cygwin\jdk8u141\9370\hotspot\src\share\vm\classfile\systemDictionary.cpp, line 210]
Event: 0.155 Thread 0x0224cc00 Exception <a 'java/lang/ClassNotFoundException': javax/swing/JTreeCell> (0x047b1aa8) thrown at [C:\workspace\8-2-build-windows-i586-cygwin\jdk8u141\9370\hotspot\src\share\vm\classfile\systemDictionary.cpp, line 210]
Event: 0.155 Thread 0x0224cc00 Exception <a 'java/lang/ClassNotFoundException': TreeCell> (0x047b1ef0) thrown at [C:\workspace\8-2-build-windows-i586-cygwin\jdk8u141\9370\hotspot\src\share\vm\classfile\systemDictionary.cpp, line 210]
Event: 0.155 Thread 0x0224cc00 Exception <a 'java/lang/ClassNotFoundException': RootPane> (0x047b2868) thrown at [C:\workspace\8-2-build-windows-i586-cygwin\jdk8u141\9370\hotspot\src\share\vm\classfile\systemDictionary.cpp, line 210]

Events (10 events):
Event: 7.217 loading class com/googlecode/javacv/cpp/opencv_imgproc$CvDistanceFunction
Event: 7.217 loading class com/googlecode/javacv/cpp/opencv_imgproc$CvDistanceFunction done
Event: 7.217 loading class com/googlecode/javacv/cpp/opencv_imgproc$CvFeatureTree
Event: 7.217 loading class com/googlecode/javacv/cpp/opencv_imgproc$CvFeatureTree done
Event: 7.218 loading class com/googlecode/javacv/cpp/opencv_imgproc$CvContourScanner
Event: 7.218 loading class com/googlecode/javacv/cpp/opencv_imgproc$CvContourScanner done
Event: 7.219 loading class java/nio/FloatBuffer
Event: 7.219 loading class java/nio/FloatBuffer done
Event: 7.377 Thread 0x15d63400 Thread added: 0x15d63400
Event: 7.544 Thread 0x15d63c00 Thread added: 0x15d63c00


Dynamic libraries:
0x000b0000 - 0x000e3000 	C:\Program Files (x86)\Java\jdk1.8.0_141\bin\java.exe
0x779e0000 - 0x77b6e000 	C:\WINDOWS\SYSTEM32\ntdll.dll
0x77220000 - 0x772f0000 	C:\WINDOWS\System32\KERNEL32.DLL
0x74800000 - 0x749c2000 	C:\WINDOWS\System32\KERNELBASE.dll
0x72b90000 - 0x72c23000 	C:\WINDOWS\SYSTEM32\apphelp.dll
0x776e0000 - 0x77757000 	C:\WINDOWS\System32\ADVAPI32.dll
0x75380000 - 0x7543d000 	C:\WINDOWS\System32\msvcrt.dll
0x775a0000 - 0x775e1000 	C:\WINDOWS\System32\sechost.dll
0x749d0000 - 0x74a90000 	C:\WINDOWS\System32\RPCRT4.dll
0x744b0000 - 0x744d0000 	C:\WINDOWS\System32\SspiCli.dll
0x744a0000 - 0x744aa000 	C:\WINDOWS\System32\CRYPTBASE.dll
0x74a90000 - 0x74ae7000 	C:\WINDOWS\System32\bcryptPrimitives.dll
0x755a0000 - 0x756dc000 	C:\WINDOWS\System32\USER32.dll
0x74af0000 - 0x74b06000 	C:\WINDOWS\System32\win32u.dll
0x77800000 - 0x77821000 	C:\WINDOWS\System32\GDI32.dll
0x772f0000 - 0x77448000 	C:\WINDOWS\System32\gdi32full.dll
0x752a0000 - 0x75319000 	C:\WINDOWS\System32\msvcp_win.dll
0x75180000 - 0x75298000 	C:\WINDOWS\System32\ucrtbase.dll
0x72df0000 - 0x72ffe000 	C:\WINDOWS\WinSxS\x86_microsoft.windows.common-controls_6595b64144ccf1df_6.0.15063.483_none_6dad63fefc436da8\COMCTL32.dll
0x76a30000 - 0x76c68000 	C:\WINDOWS\System32\combase.dll
0x77840000 - 0x77865000 	C:\WINDOWS\System32\IMM32.DLL
0x6dd00000 - 0x6ddbf000 	C:\Program Files (x86)\Java\jdk1.8.0_141\jre\bin\msvcr100.dll
0x6cf90000 - 0x6d35e000 	C:\Program Files (x86)\Java\jdk1.8.0_141\jre\bin\client\jvm.dll
0x74be0000 - 0x74be6000 	C:\WINDOWS\System32\PSAPI.DLL
0x734e0000 - 0x734e8000 	C:\WINDOWS\SYSTEM32\WSOCK32.dll
0x74b70000 - 0x74bd7000 	C:\WINDOWS\System32\WS2_32.dll
0x73a60000 - 0x73a84000 	C:\WINDOWS\SYSTEM32\WINMM.dll
0x74210000 - 0x74218000 	C:\WINDOWS\SYSTEM32\VERSION.dll
0x73480000 - 0x734a3000 	C:\WINDOWS\SYSTEM32\winmmbase.dll
0x77090000 - 0x770c9000 	C:\WINDOWS\System32\cfgmgr32.dll
0x6df80000 - 0x6df8c000 	C:\Program Files (x86)\Java\jdk1.8.0_141\jre\bin\verify.dll
0x6dca0000 - 0x6dcc1000 	C:\Program Files (x86)\Java\jdk1.8.0_141\jre\bin\java.dll
0x6df60000 - 0x6df73000 	C:\Program Files (x86)\Java\jdk1.8.0_141\jre\bin\zip.dll
0x756e0000 - 0x76a28000 	C:\WINDOWS\System32\SHELL32.dll
0x775f0000 - 0x7767c000 	C:\WINDOWS\System32\shcore.dll
0x74bf0000 - 0x75177000 	C:\WINDOWS\System32\windows.storage.dll
0x77540000 - 0x77585000 	C:\WINDOWS\System32\shlwapi.dll
0x777f0000 - 0x777fe000 	C:\WINDOWS\System32\kernel.appcore.dll
0x75540000 - 0x75585000 	C:\WINDOWS\System32\powrprof.dll
0x75590000 - 0x755a0000 	C:\WINDOWS\System32\profapi.dll
0x6db40000 - 0x6dc85000 	C:\Program Files (x86)\Java\jdk1.8.0_141\jre\bin\awt.dll
0x744f0000 - 0x74586000 	C:\WINDOWS\System32\OLEAUT32.dll
0x72300000 - 0x72378000 	C:\WINDOWS\system32\uxtheme.dll
0x770d0000 - 0x77216000 	C:\WINDOWS\System32\MSCTF.dll
0x72810000 - 0x72833000 	C:\WINDOWS\system32\dwmapi.dll
0x75440000 - 0x75533000 	C:\WINDOWS\System32\ole32.dll
0x6ce40000 - 0x6ce79000 	C:\Program Files (x86)\Java\jdk1.8.0_141\jre\bin\fontmanager.dll
0x6ceb0000 - 0x6cf8f000 	C:\WINDOWS\system32\opengl32.dll
0x6ce80000 - 0x6cea5000 	C:\WINDOWS\SYSTEM32\GLU32.dll
0x77450000 - 0x774d3000 	C:\WINDOWS\System32\clbcatq.dll
0x6d9b0000 - 0x6db22000 	C:\WINDOWS\SYSTEM32\WindowsCodecs.dll
0x6ca50000 - 0x6ca93000 	C:\WINDOWS\system32\dataexchange.dll
0x6c700000 - 0x6c952000 	C:\WINDOWS\system32\d3d11.dll
0x6c960000 - 0x6ca4b000 	C:\WINDOWS\system32\dcomp.dll
0x6c670000 - 0x6c6fa000 	C:\WINDOWS\system32\dxgi.dll
0x6e210000 - 0x6e346000 	C:\WINDOWS\system32\twinapi.appcore.dll
0x74030000 - 0x74048000 	C:\WINDOWS\system32\bcrypt.dll
0x6dce0000 - 0x6dcf6000 	C:\Program Files (x86)\Java\jdk1.8.0_141\jre\bin\net.dll
0x72b40000 - 0x72b8e000 	C:\WINDOWS\system32\mswsock.dll
0x6dc90000 - 0x6dc9f000 	C:\Program Files (x86)\Java\jdk1.8.0_141\jre\bin\nio.dll
0x6cad0000 - 0x6cb02000 	C:\Program Files (x86)\Java\jdk1.8.0_141\jre\bin\t2k.dll
0x6cdd0000 - 0x6ce37000 	C:\WINDOWS\System32\TextInputFramework.dll
0x6cba0000 - 0x6cdc7000 	C:\WINDOWS\System32\CoreUIComponents.dll
0x6cb10000 - 0x6cb9f000 	C:\WINDOWS\System32\CoreMessaging.dll
0x72dc0000 - 0x72de8000 	C:\WINDOWS\SYSTEM32\ntmarta.dll
0x6db30000 - 0x6db40000 	C:\WINDOWS\SYSTEM32\usermgrcli.dll
0x6e5f0000 - 0x6e6c1000 	C:\WINDOWS\SYSTEM32\wintypes.dll
0x5d2b0000 - 0x5d36e000 	C:\Users\jaydutt\AppData\Local\Temp\javacpp227876385572\msvcr100.dll
0x5d240000 - 0x5d2a9000 	C:\Users\jaydutt\AppData\Local\Temp\javacpp227876385572\msvcp100.dll
0x70fc0000 - 0x71ef6000 	C:\Users\jaydutt\AppData\Local\Temp\javacpp227876385572\opencv_ffmpeg248.dll
0x5d030000 - 0x5d236000 	C:\Users\jaydutt\AppData\Local\Temp\javacpp227876385572\opencv_core248.dll
0x5cdc0000 - 0x5d02b000 	C:\Users\jaydutt\AppData\Local\Temp\javacpp227876385572\opencv_imgproc248.dll
0x5ca00000 - 0x5cc07000 	C:\Users\jaydutt\AppData\Local\Temp\javacpp227876385572\opencv_highgui248.dll
0x5cda0000 - 0x5cdbb000 	C:\WINDOWS\SYSTEM32\AVIFIL32.dll
0x5cd80000 - 0x5cd94000 	C:\WINDOWS\SYSTEM32\AVICAP32.dll
0x5cd50000 - 0x5cd72000 	C:\WINDOWS\SYSTEM32\MSVFW32.dll
0x5cd30000 - 0x5cd48000 	C:\WINDOWS\SYSTEM32\MSACM32.dll
0x5c950000 - 0x5c9f4000 	C:\Users\jaydutt\AppData\Local\Temp\javacpp227876385572\opencv_objdetect248.dll
0x5ccf0000 - 0x5cd2c000 	C:\Users\jaydutt\AppData\Local\Temp\javacpp227876385572\jniopencv_objdetect.dll
0x5c8d0000 - 0x5c945000 	C:\Users\jaydutt\AppData\Local\Temp\javacpp227876385572\jniopencv_core.dll
0x5c850000 - 0x5c8cc000 	C:\Users\jaydutt\AppData\Local\Temp\javacpp227876385572\opencv_flann248.dll
0x5c790000 - 0x5c842000 	C:\Users\jaydutt\AppData\Local\Temp\javacpp227876385572\opencv_features2d248.dll
0x5c6c0000 - 0x5c784000 	C:\Users\jaydutt\AppData\Local\Temp\javacpp227876385572\opencv_calib3d248.dll
0x5c660000 - 0x5c6bd000 	C:\Users\jaydutt\AppData\Local\Temp\javacpp227876385572\opencv_video248.dll
0x5c5e0000 - 0x5c660000 	C:\Users\jaydutt\AppData\Local\Temp\javacpp227876385572\opencv_ml248.dll
0x5c4c0000 - 0x5c5dc000 	C:\Users\jaydutt\AppData\Local\Temp\javacpp227876385572\opencv_contrib248.dll
0x5c470000 - 0x5c4b7000 	C:\Users\jaydutt\AppData\Local\Temp\javacpp227876385572\jniopencv_contrib.dll
0x64d60000 - 0x64d6f000 	C:\Users\jaydutt\AppData\Local\Temp\javacpp227876385572\jniopencv_highgui.dll
0x5ccb0000 - 0x5cce9000 	C:\Users\jaydutt\AppData\Local\Temp\javacpp227876385572\jniopencv_imgproc.dll
0x5c450000 - 0x5c465000 	C:\Windows\System32\devenum.dll
0x76c70000 - 0x7708a000 	C:\WINDOWS\System32\setupapi.dll
0x73450000 - 0x73472000 	C:\WINDOWS\SYSTEM32\DEVOBJ.dll
0x75330000 - 0x75374000 	C:\WINDOWS\System32\WINTRUST.dll
0x75320000 - 0x7532e000 	C:\WINDOWS\System32\MSASN1.dll
0x74590000 - 0x7470d000 	C:\WINDOWS\System32\CRYPT32.dll
0x5c440000 - 0x5c449000 	C:\WINDOWS\SYSTEM32\msdmo.dll
0x5c400000 - 0x5c43a000 	C:\Windows\System32\qcap.dll
0x5c250000 - 0x5c3f3000 	C:\Windows\System32\quartz.dll
0x5c210000 - 0x5c245000 	C:\Windows\System32\mfksproxy.dll
0x5c1c0000 - 0x5c1d8000 	C:\Windows\System32\ATL.DLL
0x5c1e0000 - 0x5c20c000 	C:\Windows\System32\MFSENSORGROUP.dll
0x5c050000 - 0x5c1b5000 	C:\Windows\System32\MFPlat.DLL
0x5c020000 - 0x5c04a000 	C:\Windows\System32\RTWorkQ.DLL
0x5bfe0000 - 0x5c01c000 	C:\Windows\System32\ksproxy.ax
0x64bf0000 - 0x64d52000 	C:\Windows\System32\d3d9.dll
0x5bfd0000 - 0x5bfd7000 	C:\Windows\System32\ksuser.dll
0x6d8d0000 - 0x6d934000 	C:\WINDOWS\SYSTEM32\policymanager.dll
0x6d860000 - 0x6d8c6000 	C:\Windows\System32\msvcp110_win.dll
0x5bfc0000 - 0x5bfcc000 	C:\Windows\System32\vidcap.ax
0x5bfa0000 - 0x5bfc0000 	C:\Windows\System32\kswdmcap.ax
0x73580000 - 0x736ad000 	C:\Windows\System32\MFC42.dll
0x5bf10000 - 0x5bf9e000 	C:\Windows\System32\qedit.dll
0x74710000 - 0x747ff000 	C:\WINDOWS\System32\COMDLG32.dll
0x720b0000 - 0x72216000 	C:\WINDOWS\WinSxS\x86_microsoft.windows.gdiplus_6595b64144ccf1df_1.1.15063.608_none_9e9d5d4256d15def\gdiplus.dll
0x72840000 - 0x7292d000 	C:\Windows\System32\DDRAW.dll
0x72380000 - 0x72387000 	C:\Windows\System32\DCIMAN32.dll
0x5abe0000 - 0x5ac4d000 	C:\WINDOWS\SYSTEM32\D3DIM700.DLL
0x5bf00000 - 0x5bf0a000 	C:\WINDOWS\SYSTEM32\msyuv.dll
0x74250000 - 0x743ad000 	C:\WINDOWS\SYSTEM32\dbghelp.dll

VM Arguments:
jvm_args: -Dfile.encoding=UTF-8 -Djava.library.path=C:\opencv\build\java\x86 -Djava.security.policy=applet.policy -Djavacpp.platform.dependencies=true 
java_command: LOGIN
java_class_path (initial): C:\Program Files (x86)\NetBeans 8.2\java\modules\ext\AbsoluteLayout.jar;C:\javamail1_4_7\javamail-1.4.7\mail.jar;C:\Users\jaydutt\ui\lib\jcommon-1.0.23.jar;C:\Users\jaydutt\ui\lib\jfreechart-1.0.19.jar;C:\activation-2.2.1.jar;C:\activation-1.1.jar;C:\core-3.3.0.jar;C:\javase-3.3.0.jar;C:\Program Files (x86)\NetBeans 8.2\java\modules\ext\eclipselink\eclipselink.jar;C:\Program Files (x86)\NetBeans 8.2\java\modules\ext\eclipselink\javax.persistence_2.1.0.v201304241213.jar;C:\Program Files (x86)\NetBeans 8.2\java\modules\ext\eclipselink\org.eclipse.persistence.jpa.jpql_2.5.2.v20140319-9ad6abd.jar;C:\opencv\build\java\opencv-310.jar;C:\opencv\build\java\opencv-249.jar;C:\opencv\build\java\opencv-340.jar;C:\javacv-cppjars\ffmpeg-2.1.1-windows-x86.jar;C:\javacv-cppjars\ffmpeg-2.1.1-windows-x86_64.jar;C:\javacv-cppjars\opencv-2.4.8-windows-x86.jar;C:\javacv-cppjars\opencv-2.4.8-windows-x86_64.jar;C:\javacv-bin\javacpp.jar;C:\javacv-bin\javacv.jar;C:\javacv-bin\libfreenect-windows-x86.jar;C:\javacv-bin\libfreenect-windows-x86_64.jar;C:\javacv-bin\libfreenect2-windows-x86_64.jar;C:\jar_files\artoolkitplus-2.3.1-1.4.jar;C:\jar_files\ffmpeg-3.4.1-1.4.jar;C:\jar_files\flandmark-1.07-1.4.jar;C:\jar_files\flycapture-2.11.3.121-1.4.jar;C:\jar_files\javacpp-1.4.jar;C:\jar_files\javacv-1.4.jar;C:\jar_files\libdc1394-2.2.5-1.4.jar;C:\jar_files\libfreenect-0.5.3-1.4.jar;C:\jar_files\libfreenect2-0.2.0-1.4.jar;C:\jar_files\librealsense-1.12.1-1.4.jar;C:\jar_files\opencv-3.4.0-1.4.jar;C:\jar_files\videoinput-0.200-1.4.jar;C:\Users\jaydutt\ui\build\classes
Launcher Type: SUN_STANDARD

Environment Variables:
JAVA_HOME=C:\Program Files\Java\jdk1.8.0_161
PATH=C:\Program Files (x86)\Intel\iCLS Client\;C:\ProgramData\Oracle\Java\javapath;C:\Program Files\Intel\iCLS Client\;C:\windows\system32;C:\windows;C:\windows\System32\Wbem;C:\windows\System32\WindowsPowerShell\v1.0\;C:\Program Files (x86)\NVIDIA Corporation\PhysX\Common;C:\Program Files (x86)\Java\jre1.8.0_141;C:\Program Files (x86)\Java\jdk1.8.0_141/bin;C:\Program Files\Intel\WiFi\bin\;C:\Program Files\Common Files\Intel\WirelessCommon\;C:\WINDOWS\system32;C:\WINDOWS;C:\WINDOWS\System32\Wbem;C:\WINDOWS\System32\WindowsPowerShell\v1.0\;C:\Users\jaydutt\AppData\Local\Microsoft\WindowsApps;C:\adb;C:\Program Files (x86)\Intel\Intel(R) Management Engine Components\DAL;C:\Program Files\Intel\Intel(R) Management Engine Components\DAL;C:\Program Files (x86)\Intel\Intel(R) Management Engine Components\IPT;C:\Program Files\Intel\Intel(R) Management Engine Components\IPT;C:\sqlight\sqlite-tools-win32-x86-3220000;C:\Program Files\Java\jdk1.8.0_161;C:\Program Files\Java\jre1.8.0_161;C:\opencv\build\x86\vc10\bin;C:\opencv\build\java;C:\Users\jaydutt\AppData\Local\Microsoft\WindowsApps;C:\Users\jaydutt\AppData\Local\GitHubDesktop\bin
USERNAME=jaydutt
OS=Windows_NT
PROCESSOR_IDENTIFIER=Intel64 Family 6 Model 158 Stepping 9, GenuineIntel



---------------  S Y S T E M  ---------------

OS: Windows 10.0 , 64 bit Build 15063 (10.0.15063.296)

CPU:total 8 (initial active 8) (4 cores per cpu, 2 threads per core) family 6 model 158 stepping 9, cmov, cx8, fxsr, mmx, sse, sse2, sse3, ssse3, sse4.1, sse4.2, popcnt, avx, avx2, aes, clmul, erms, 3dnowpref, lzcnt, ht, tsc, tscinvbit, bmi1, bmi2, adx

Memory: 4k page, physical 16659684k(13311520k free), swap 33436900k(30283620k free)

vm_info: Java HotSpot(TM) Client VM (25.141-b15) for windows-x86 JRE (1.8.0_141-b15), built on Jul 12 2017 04:25:45 by "java_re" with MS VC++ 10.0 (VS2010)

time: Fri Mar 16 14:54:33 2018
elapsed time: 7 seconds (0d 0h 0m 7s)

