#
# A fatal error has been detected by the Java Runtime Environment:
#
#  EXCEPTION_ACCESS_VIOLATION (0xc0000005) at pc=0x67924e9a, pid=5980, tid=0x00003020
#
# JRE version: Java(TM) SE Runtime Environment (8.0_141-b15) (build 1.8.0_141-b15)
# Java VM: Java HotSpot(TM) Client VM (25.141-b15 mixed mode windows-x86 )
# Problematic frame:
# C  [quartz.dll+0x74e9a]
#
# Failed to write core dump. Minidumps are not enabled by default on client versions of Windows
#
# If you would like to submit a bug report, please visit:
#   http://bugreport.java.com/bugreport/crash.jsp
# The crash happened outside the Java Virtual Machine in native code.
# See problematic frame for where to report the bug.
#

---------------  T H R E A D  ---------------

Current thread (0x195f5000):  JavaThread "Thread-4" [_thread_in_native, id=12320, stack(0x207a0000,0x207f0000)]

siginfo: ExceptionCode=0xc0000005, reading address 0x00000000

Registers:
EAX=0x00000000, EBX=0x00000000, ECX=0x43d879b5, EDX=0x207ef428
ESP=0x207ef414, EBP=0x207ef448, ESI=0x00000000, EDI=0x173010d8
EIP=0x67924e9a, EFLAGS=0x00010246

Top of Stack: (sp=0x207ef414)
0x207ef414:   207ef428 1599fef0 1730112c 0004027e
0x207ef424:   00000000 00000000 00000000 0004027e
0x207ef434:   207ef44c 6791db20 00000000 17301174
0x207ef444:   63a68d91 207ef464 67924d07 00000000
0x207ef454:   00000000 00000000 1599feb8 17301174
0x207ef464:   207ef474 67933c79 1730112c 00000000
0x207ef474:   207ef514 680a5a8d 173016d4 00000000
0x207ef484:   1951cfd0 68280838 00000000 207ef4dc 

Instructions: (pc=0x67924e9a)
0x67924e7a:   74 06 56 e8 af 3f 00 00 83 7f 5c 00 74 7e 8b 47
0x67924e8a:   60 8d 54 24 10 83 64 24 10 00 83 64 24 14 00 52
0x67924e9a:   8b 08 50 8b 71 0c 8b ce ff 15 78 16 a3 67 ff d6
0x67924eaa:   8b 4d 08 8d 54 24 20 83 64 24 20 00 83 64 24 24 


Register to memory mapping:

EAX=0x00000000 is an unknown value
EBX=0x00000000 is an unknown value
ECX=0x43d879b5 is an unknown value
EDX=0x207ef428 is pointing into the stack for thread: 0x195f5000
ESP=0x207ef414 is pointing into the stack for thread: 0x195f5000
EBP=0x207ef448 is pointing into the stack for thread: 0x195f5000
ESI=0x00000000 is an unknown value
EDI=0x173010d8 is an unknown value


Stack: [0x207a0000,0x207f0000],  sp=0x207ef414,  free space=317k
Native frames: (J=compiled Java code, j=interpreted, Vv=VM code, C=native code)
C  [quartz.dll+0x74e9a]
C  [quartz.dll+0x74d07]
C  [quartz.dll+0x83c79]
C  [opencv_highgui248.dll+0x15a8d]
C  [opencv_highgui248.dll+0x15cab]
C  [opencv_highgui248.dll+0x1613c]
C  [opencv_highgui248.dll+0x14736]
C  [opencv_highgui248.dll+0x1194]
C  [jniopencv_highgui.dll+0x597d]
j  com.googlecode.javacv.cpp.opencv_highgui.cvCreateCameraCapture(I)Lcom/googlecode/javacv/cpp/opencv_highgui$CvCapture;+0
j  FaceCapture.run()V+1
j  java.lang.Thread.run()V+11
v  ~StubRoutines::call_stub
V  [jvm.dll+0x15af45]
V  [jvm.dll+0x2213ae]
V  [jvm.dll+0x15afde]
V  [jvm.dll+0x15b166]
V  [jvm.dll+0x15b1d7]
V  [jvm.dll+0xff36f]
V  [jvm.dll+0x17dc30]
V  [jvm.dll+0x17e4aa]
V  [jvm.dll+0x1c2ec6]
C  [msvcr100.dll+0x5c556]
C  [msvcr100.dll+0x5c600]
C  [KERNEL32.DLL+0x18744]
C  [ntdll.dll+0x6582d]
C  [ntdll.dll+0x657fd]
C  0x00000000

Java frames: (J=compiled Java code, j=interpreted, Vv=VM code)
j  com.googlecode.javacv.cpp.opencv_highgui.cvCreateCameraCapture(I)Lcom/googlecode/javacv/cpp/opencv_highgui$CvCapture;+0
j  FaceCapture.run()V+1
j  java.lang.Thread.run()V+11
v  ~StubRoutines::call_stub

---------------  P R O C E S S  ---------------

Java Threads: ( => current thread )
=>0x195f5000 JavaThread "Thread-4" [_thread_in_native, id=12320, stack(0x207a0000,0x207f0000)]
  0x19575000 JavaThread "Thread-3" [_thread_in_native, id=11076, stack(0x19d80000,0x19dd0000)]
  0x15ab5800 JavaThread "TimerQueue" daemon [_thread_blocked, id=10060, stack(0x17c30000,0x17c80000)]
  0x0296cc00 JavaThread "DestroyJavaVM" [_thread_blocked, id=11320, stack(0x02820000,0x02870000)]
  0x158a0800 JavaThread "AWT-EventQueue-0" [_thread_blocked, id=9236, stack(0x15eb0000,0x15f00000)]
  0x15842c00 JavaThread "AWT-Windows" daemon [_thread_in_native, id=4092, stack(0x15d50000,0x15da0000)]
  0x15840000 JavaThread "AWT-Shutdown" [_thread_blocked, id=9896, stack(0x15cc0000,0x15d10000)]
  0x1583f400 JavaThread "Java2D Disposer" daemon [_thread_blocked, id=10684, stack(0x15c30000,0x15c80000)]
  0x150b5c00 JavaThread "Service Thread" daemon [_thread_blocked, id=11848, stack(0x15620000,0x15670000)]
  0x1509b000 JavaThread "C1 CompilerThread0" daemon [_thread_blocked, id=11836, stack(0x15590000,0x155e0000)]
  0x15099c00 JavaThread "Attach Listener" daemon [_thread_blocked, id=8552, stack(0x15500000,0x15550000)]
  0x15097800 JavaThread "Signal Dispatcher" daemon [_thread_blocked, id=12656, stack(0x15470000,0x154c0000)]
  0x1507a000 JavaThread "Finalizer" daemon [_thread_blocked, id=10192, stack(0x152f0000,0x15340000)]
  0x15064400 JavaThread "Reference Handler" daemon [_thread_blocked, id=11432, stack(0x15260000,0x152b0000)]

Other Threads:
  0x02a7d800 VMThread [stack: 0x04b50000,0x04ba0000] [id=10672]
  0x15091c00 WatcherThread [stack: 0x156b0000,0x15700000] [id=1356]

VM state:not at safepoint (normal execution)

VM Mutex/Monitor currently owned by a thread: None

Heap:
 def new generation   total 4928K, used 4100K [0x04c00000, 0x05150000, 0x0a150000)
  eden space 4416K,  81% used [0x04c00000, 0x04f81070, 0x05050000)
  from space 512K, 100% used [0x05050000, 0x050d0000, 0x050d0000)
  to   space 512K,   0% used [0x050d0000, 0x050d0000, 0x05150000)
 tenured generation   total 10944K, used 5203K [0x0a150000, 0x0ac00000, 0x14c00000)
   the space 10944K,  47% used [0x0a150000, 0x0a664e50, 0x0a665000, 0x0ac00000)
 Metaspace       used 8679K, capacity 8866K, committed 8960K, reserved 9600K

Card table byte_map: [0x04a80000,0x04b10000] byte_map_base: 0x04a5a000

Polling page: 0x00f10000

CodeCache: size=32768Kb used=1205Kb max_used=1205Kb free=31562Kb
 bounds [0x02a80000, 0x02bb0000, 0x04a80000]
 total_blobs=637 nmethods=374 adapters=194
 compilation: enabled

Compilation events (10 events):
Event: 11.154 Thread 0x1509b000  372             com.googlecode.javacpp.Loader$ClassProperties::get (30 bytes)
Event: 11.155 Thread 0x1509b000 nmethod 372 0x02ba8a08 code [0x02ba8b40, 0x02ba8d30]
Event: 11.155 Thread 0x1509b000  373             sun.reflect.annotation.AnnotationInvocationHandler::cloneArray (170 bytes)
Event: 11.155 Thread 0x1509b000 nmethod 373 0x02ba8f88 code [0x02ba9140, 0x02ba94cc]
Event: 11.166 Thread 0x1509b000  374             java.io.WinNTFileSystem::normalizePrefix (132 bytes)
Event: 11.167 Thread 0x1509b000 nmethod 374 0x02baafc8 code [0x02bab1b0, 0x02bac004]
Event: 11.167 Thread 0x1509b000  375  s          java.lang.StringBuffer::append (13 bytes)
Event: 11.167 Thread 0x1509b000 nmethod 375 0x02bacf48 code [0x02bad050, 0x02bad23c]
Event: 11.175 Thread 0x1509b000  376             java.lang.ref.SoftReference::get (29 bytes)
Event: 11.175 Thread 0x1509b000 nmethod 376 0x02bad2c8 code [0x02bad3c0, 0x02bad480]

GC Heap History (8 events):
Event: 0.261 GC heap before
{Heap before GC invocations=0 (full 0):
 def new generation   total 4928K, used 4416K [0x04c00000, 0x05150000, 0x0a150000)
  eden space 4416K, 100% used [0x04c00000, 0x05050000, 0x05050000)
  from space 512K,   0% used [0x05050000, 0x05050000, 0x050d0000)
  to   space 512K,   0% used [0x050d0000, 0x050d0000, 0x05150000)
 tenured generation   total 10944K, used 0K [0x0a150000, 0x0ac00000, 0x14c00000)
   the space 10944K,   0% used [0x0a150000, 0x0a150000, 0x0a150200, 0x0ac00000)
 Metaspace       used 5297K, capacity 5479K, committed 5504K, reserved 5504K
Event: 0.264 GC heap after
Heap after GC invocations=1 (full 0):
 def new generation   total 4928K, used 512K [0x04c00000, 0x05150000, 0x0a150000)
  eden space 4416K,   0% used [0x04c00000, 0x04c00000, 0x05050000)
  from space 512K, 100% used [0x050d0000, 0x05150000, 0x05150000)
  to   space 512K,   0% used [0x05050000, 0x05050000, 0x050d0000)
 tenured generation   total 10944K, used 787K [0x0a150000, 0x0ac00000, 0x14c00000)
   the space 10944K,   7% used [0x0a150000, 0x0a214eb0, 0x0a215000, 0x0ac00000)
 Metaspace       used 5297K, capacity 5479K, committed 5504K, reserved 5504K
}
Event: 0.416 GC heap before
{Heap before GC invocations=1 (full 0):
 def new generation   total 4928K, used 3026K [0x04c00000, 0x05150000, 0x0a150000)
  eden space 4416K,  56% used [0x04c00000, 0x04e74b58, 0x05050000)
  from space 512K, 100% used [0x050d0000, 0x05150000, 0x05150000)
  to   space 512K,   0% used [0x05050000, 0x05050000, 0x050d0000)
 tenured generation   total 10944K, used 787K [0x0a150000, 0x0ac00000, 0x14c00000)
   the space 10944K,   7% used [0x0a150000, 0x0a214eb0, 0x0a215000, 0x0ac00000)
 Metaspace       used 7448K, capacity 7647K, committed 7808K, reserved 8576K
Event: 0.421 GC heap after
Heap after GC invocations=2 (full 0):
 def new generation   total 4928K, used 512K [0x04c00000, 0x05150000, 0x0a150000)
  eden space 4416K,   0% used [0x04c00000, 0x04c00000, 0x05050000)
  from space 512K, 100% used [0x05050000, 0x050d0000, 0x050d0000)
  to   space 512K,   0% used [0x050d0000, 0x050d0000, 0x05150000)
 tenured generation   total 10944K, used 1904K [0x0a150000, 0x0ac00000, 0x14c00000)
   the space 10944K,  17% used [0x0a150000, 0x0a32c240, 0x0a32c400, 0x0ac00000)
 Metaspace       used 7448K, capacity 7647K, committed 7808K, reserved 8576K
}
Event: 10.450 GC heap before
{Heap before GC invocations=2 (full 0):
 def new generation   total 4928K, used 4928K [0x04c00000, 0x05150000, 0x0a150000)
  eden space 4416K, 100% used [0x04c00000, 0x05050000, 0x05050000)
  from space 512K, 100% used [0x05050000, 0x050d0000, 0x050d0000)
  to   space 512K,   0% used [0x050d0000, 0x050d0000, 0x05150000)
 tenured generation   total 10944K, used 1904K [0x0a150000, 0x0ac00000, 0x14c00000)
   the space 10944K,  17% used [0x0a150000, 0x0a32c240, 0x0a32c400, 0x0ac00000)
 Metaspace       used 7933K, capacity 8095K, committed 8192K, reserved 8576K
Event: 10.454 GC heap after
Heap after GC invocations=3 (full 0):
 def new generation   total 4928K, used 269K [0x04c00000, 0x05150000, 0x0a150000)
  eden space 4416K,   0% used [0x04c00000, 0x04c00000, 0x05050000)
  from space 512K,  52% used [0x050d0000, 0x051135c8, 0x05150000)
  to   space 512K,   0% used [0x05050000, 0x05050000, 0x050d0000)
 tenured generation   total 10944K, used 4994K [0x0a150000, 0x0ac00000, 0x14c00000)
   the space 10944K,  45% used [0x0a150000, 0x0a630aa0, 0x0a630c00, 0x0ac00000)
 Metaspace       used 7933K, capacity 8095K, committed 8192K, reserved 8576K
}
Event: 10.992 GC heap before
{Heap before GC invocations=3 (full 0):
 def new generation   total 4928K, used 4685K [0x04c00000, 0x05150000, 0x0a150000)
  eden space 4416K, 100% used [0x04c00000, 0x05050000, 0x05050000)
  from space 512K,  52% used [0x050d0000, 0x051135c8, 0x05150000)
  to   space 512K,   0% used [0x05050000, 0x05050000, 0x050d0000)
 tenured generation   total 10944K, used 4994K [0x0a150000, 0x0ac00000, 0x14c00000)
   the space 10944K,  45% used [0x0a150000, 0x0a630aa0, 0x0a630c00, 0x0ac00000)
 Metaspace       used 8465K, capacity 8671K, committed 8832K, reserved 9600K
Event: 10.993 GC heap after
Heap after GC invocations=4 (full 0):
 def new generation   total 4928K, used 512K [0x04c00000, 0x05150000, 0x0a150000)
  eden space 4416K,   0% used [0x04c00000, 0x04c00000, 0x05050000)
  from space 512K, 100% used [0x05050000, 0x050d0000, 0x050d0000)
  to   space 512K,   0% used [0x050d0000, 0x050d0000, 0x05150000)
 tenured generation   total 10944K, used 5203K [0x0a150000, 0x0ac00000, 0x14c00000)
   the space 10944K,  47% used [0x0a150000, 0x0a664e50, 0x0a665000, 0x0ac00000)
 Metaspace       used 8465K, capacity 8671K, committed 8832K, reserved 9600K
}

Deoptimization events (0 events):
No events

Internal exceptions (10 events):
Event: 0.240 Thread 0x0296cc00 Exception <a 'java/lang/ClassNotFoundException': ToolBar> (0x04fae3f0) thrown at [C:\workspace\8-2-build-windows-i586-cygwin\jdk8u141\9370\hotspot\src\share\vm\classfile\systemDictionary.cpp, line 210]
Event: 0.240 Thread 0x0296cc00 Exception <a 'java/lang/ClassNotFoundException': ToggleButton> (0x04fae948) thrown at [C:\workspace\8-2-build-windows-i586-cygwin\jdk8u141\9370\hotspot\src\share\vm\classfile\systemDictionary.cpp, line 210]
Event: 0.240 Thread 0x0296cc00 Exception <a 'java/lang/ClassNotFoundException': javax/swing/JToolBarSeparator> (0x04faed50) thrown at [C:\workspace\8-2-build-windows-i586-cygwin\jdk8u141\9370\hotspot\src\share\vm\classfile\systemDictionary.cpp, line 210]
Event: 0.240 Thread 0x0296cc00 Exception <a 'java/lang/ClassNotFoundException': ToolBarSeparator> (0x04faf1a8) thrown at [C:\workspace\8-2-build-windows-i586-cygwin\jdk8u141\9370\hotspot\src\share\vm\classfile\systemDictionary.cpp, line 210]
Event: 0.240 Thread 0x0296cc00 Exception <a 'java/lang/ClassNotFoundException': ToolTip> (0x04faf850) thrown at [C:\workspace\8-2-build-windows-i586-cygwin\jdk8u141\9370\hotspot\src\share\vm\classfile\systemDictionary.cpp, line 210]
Event: 0.241 Thread 0x0296cc00 Exception <a 'java/lang/ClassNotFoundException': Tree> (0x04fb0338) thrown at [C:\workspace\8-2-build-windows-i586-cygwin\jdk8u141\9370\hotspot\src\share\vm\classfile\systemDictionary.cpp, line 210]
Event: 0.241 Thread 0x0296cc00 Exception <a 'java/lang/ClassNotFoundException': Tree> (0x04fb09d8) thrown at [C:\workspace\8-2-build-windows-i586-cygwin\jdk8u141\9370\hotspot\src\share\vm\classfile\systemDictionary.cpp, line 210]
Event: 0.241 Thread 0x0296cc00 Exception <a 'java/lang/ClassNotFoundException': javax/swing/JTreeCell> (0x04fb0d10) thrown at [C:\workspace\8-2-build-windows-i586-cygwin\jdk8u141\9370\hotspot\src\share\vm\classfile\systemDictionary.cpp, line 210]
Event: 0.241 Thread 0x0296cc00 Exception <a 'java/lang/ClassNotFoundException': TreeCell> (0x04fb1158) thrown at [C:\workspace\8-2-build-windows-i586-cygwin\jdk8u141\9370\hotspot\src\share\vm\classfile\systemDictionary.cpp, line 210]
Event: 0.241 Thread 0x0296cc00 Exception <a 'java/lang/ClassNotFoundException': RootPane> (0x04fb1ad0) thrown at [C:\workspace\8-2-build-windows-i586-cygwin\jdk8u141\9370\hotspot\src\share\vm\classfile\systemDictionary.cpp, line 210]

Events (10 events):
Event: 11.176 loading class com/googlecode/javacv/cpp/opencv_imgproc$CvDistanceFunction
Event: 11.176 loading class com/googlecode/javacv/cpp/opencv_imgproc$CvDistanceFunction done
Event: 11.176 loading class com/googlecode/javacv/cpp/opencv_imgproc$CvFeatureTree
Event: 11.176 loading class com/googlecode/javacv/cpp/opencv_imgproc$CvFeatureTree done
Event: 11.176 loading class com/googlecode/javacv/cpp/opencv_imgproc$CvContourScanner
Event: 11.176 loading class com/googlecode/javacv/cpp/opencv_imgproc$CvContourScanner done
Event: 11.177 loading class java/nio/FloatBuffer
Event: 11.177 loading class java/nio/FloatBuffer done
Event: 11.336 Thread 0x19575000 Thread added: 0x19575000
Event: 11.506 Thread 0x195f5000 Thread added: 0x195f5000


Dynamic libraries:
0x00080000 - 0x000b3000 	C:\Program Files (x86)\Java\jdk1.8.0_141\bin\java.exe
0x775c0000 - 0x7774e000 	C:\WINDOWS\SYSTEM32\ntdll.dll
0x75620000 - 0x756f0000 	C:\WINDOWS\System32\KERNEL32.DLL
0x753a0000 - 0x75562000 	C:\WINDOWS\System32\KERNELBASE.dll
0x73f80000 - 0x74013000 	C:\WINDOWS\SYSTEM32\apphelp.dll
0x74720000 - 0x74797000 	C:\WINDOWS\System32\ADVAPI32.dll
0x749f0000 - 0x74aad000 	C:\WINDOWS\System32\msvcrt.dll
0x74660000 - 0x746a1000 	C:\WINDOWS\System32\sechost.dll
0x75260000 - 0x75320000 	C:\WINDOWS\System32\RPCRT4.dll
0x74090000 - 0x740b0000 	C:\WINDOWS\System32\SspiCli.dll
0x74080000 - 0x7408a000 	C:\WINDOWS\System32\CRYPTBASE.dll
0x76e50000 - 0x76ea7000 	C:\WINDOWS\System32\bcryptPrimitives.dll
0x74b00000 - 0x74c3c000 	C:\WINDOWS\System32\USER32.dll
0x75320000 - 0x75336000 	C:\WINDOWS\System32\win32u.dll
0x76b40000 - 0x76b61000 	C:\WINDOWS\System32\GDI32.dll
0x74500000 - 0x74658000 	C:\WINDOWS\System32\gdi32full.dll
0x743f0000 - 0x74469000 	C:\WINDOWS\System32\msvcp_win.dll
0x748d0000 - 0x749e8000 	C:\WINDOWS\System32\ucrtbase.dll
0x72ab0000 - 0x72cbe000 	C:\WINDOWS\WinSxS\x86_microsoft.windows.common-controls_6595b64144ccf1df_6.0.15063.483_none_6dad63fefc436da8\COMCTL32.dll
0x741b0000 - 0x743e8000 	C:\WINDOWS\System32\combase.dll
0x747a0000 - 0x747c5000 	C:\WINDOWS\System32\IMM32.DLL
0x6d640000 - 0x6d6ff000 	C:\Program Files (x86)\Java\jdk1.8.0_141\jre\bin\msvcr100.dll
0x6a090000 - 0x6a45e000 	C:\Program Files (x86)\Java\jdk1.8.0_141\jre\bin\client\jvm.dll
0x74710000 - 0x74716000 	C:\WINDOWS\System32\PSAPI.DLL
0x72e10000 - 0x72e18000 	C:\WINDOWS\SYSTEM32\WSOCK32.dll
0x76c10000 - 0x76c77000 	C:\WINDOWS\System32\WS2_32.dll
0x73e10000 - 0x73e18000 	C:\WINDOWS\SYSTEM32\VERSION.dll
0x733a0000 - 0x733c4000 	C:\WINDOWS\SYSTEM32\WINMM.dll
0x72de0000 - 0x72e03000 	C:\WINDOWS\SYSTEM32\winmmbase.dll
0x76bd0000 - 0x76c09000 	C:\WINDOWS\System32\cfgmgr32.dll
0x71e50000 - 0x71e5c000 	C:\Program Files (x86)\Java\jdk1.8.0_141\jre\bin\verify.dll
0x71180000 - 0x711a1000 	C:\Program Files (x86)\Java\jdk1.8.0_141\jre\bin\java.dll
0x71030000 - 0x71043000 	C:\Program Files (x86)\Java\jdk1.8.0_141\jre\bin\zip.dll
0x75790000 - 0x76ad8000 	C:\WINDOWS\System32\SHELL32.dll
0x75700000 - 0x7578c000 	C:\WINDOWS\System32\shcore.dll
0x74cd0000 - 0x75257000 	C:\WINDOWS\System32\windows.storage.dll
0x76ae0000 - 0x76b25000 	C:\WINDOWS\System32\shlwapi.dll
0x76cd0000 - 0x76cde000 	C:\WINDOWS\System32\kernel.appcore.dll
0x74ab0000 - 0x74af5000 	C:\WINDOWS\System32\powrprof.dll
0x748c0000 - 0x748d0000 	C:\WINDOWS\System32\profapi.dll
0x6d370000 - 0x6d4b5000 	C:\Program Files (x86)\Java\jdk1.8.0_141\jre\bin\awt.dll
0x75570000 - 0x75606000 	C:\WINDOWS\System32\OLEAUT32.dll
0x71dd0000 - 0x71e48000 	C:\WINDOWS\system32\uxtheme.dll
0x772f0000 - 0x77436000 	C:\WINDOWS\System32\MSCTF.dll
0x72a80000 - 0x72aa3000 	C:\WINDOWS\system32\dwmapi.dll
0x740b0000 - 0x741a3000 	C:\WINDOWS\System32\ole32.dll
0x6d330000 - 0x6d369000 	C:\Program Files (x86)\Java\jdk1.8.0_141\jre\bin\fontmanager.dll
0x6d560000 - 0x6d63f000 	C:\WINDOWS\system32\opengl32.dll
0x6d530000 - 0x6d555000 	C:\WINDOWS\SYSTEM32\GLU32.dll
0x74470000 - 0x744f3000 	C:\WINDOWS\System32\clbcatq.dll
0x71270000 - 0x713e2000 	C:\WINDOWS\SYSTEM32\WindowsCodecs.dll
0x6d1a0000 - 0x6d1e3000 	C:\WINDOWS\system32\dataexchange.dll
0x69c00000 - 0x69e52000 	C:\WINDOWS\system32\d3d11.dll
0x69b10000 - 0x69bfb000 	C:\WINDOWS\system32\dcomp.dll
0x69a80000 - 0x69b0a000 	C:\WINDOWS\system32\dxgi.dll
0x60e80000 - 0x60fb6000 	C:\WINDOWS\system32\twinapi.appcore.dll
0x73c00000 - 0x73c18000 	C:\WINDOWS\system32\bcrypt.dll
0x6da60000 - 0x6da76000 	C:\Program Files (x86)\Java\jdk1.8.0_141\jre\bin\net.dll
0x722d0000 - 0x7231e000 	C:\WINDOWS\system32\mswsock.dll
0x71a10000 - 0x71a1f000 	C:\Program Files (x86)\Java\jdk1.8.0_141\jre\bin\nio.dll
0x6d1f0000 - 0x6d222000 	C:\Program Files (x86)\Java\jdk1.8.0_141\jre\bin\t2k.dll
0x6d2c0000 - 0x6d327000 	C:\WINDOWS\System32\TextInputFramework.dll
0x69e60000 - 0x6a087000 	C:\WINDOWS\System32\CoreUIComponents.dll
0x6d230000 - 0x6d2bf000 	C:\WINDOWS\System32\CoreMessaging.dll
0x72070000 - 0x72098000 	C:\WINDOWS\SYSTEM32\ntmarta.dll
0x6e070000 - 0x6e141000 	C:\WINDOWS\SYSTEM32\wintypes.dll
0x71410000 - 0x71420000 	C:\WINDOWS\SYSTEM32\usermgrcli.dll
0x693a0000 - 0x6945e000 	C:\Users\jaydutt\AppData\Local\Temp\javacpp18073638267123\msvcr100.dll
0x69330000 - 0x69399000 	C:\Users\jaydutt\AppData\Local\Temp\javacpp18073638267123\msvcp100.dll
0x17de0000 - 0x18d16000 	C:\Users\jaydutt\AppData\Local\Temp\javacpp18073638267123\opencv_ffmpeg248.dll
0x68510000 - 0x68716000 	C:\Users\jaydutt\AppData\Local\Temp\javacpp18073638267123\opencv_core248.dll
0x682a0000 - 0x6850b000 	C:\Users\jaydutt\AppData\Local\Temp\javacpp18073638267123\opencv_imgproc248.dll
0x68090000 - 0x68297000 	C:\Users\jaydutt\AppData\Local\Temp\javacpp18073638267123\opencv_highgui248.dll
0x69310000 - 0x6932b000 	C:\WINDOWS\SYSTEM32\AVIFIL32.dll
0x692f0000 - 0x69304000 	C:\WINDOWS\SYSTEM32\AVICAP32.dll
0x692c0000 - 0x692e2000 	C:\WINDOWS\SYSTEM32\MSVFW32.dll
0x692a0000 - 0x692b8000 	C:\WINDOWS\SYSTEM32\MSACM32.dll
0x67fe0000 - 0x68084000 	C:\Users\jaydutt\AppData\Local\Temp\javacpp18073638267123\opencv_objdetect248.dll
0x69260000 - 0x6929c000 	C:\Users\jaydutt\AppData\Local\Temp\javacpp18073638267123\jniopencv_objdetect.dll
0x67f60000 - 0x67fd5000 	C:\Users\jaydutt\AppData\Local\Temp\javacpp18073638267123\jniopencv_core.dll
0x67ee0000 - 0x67f5c000 	C:\Users\jaydutt\AppData\Local\Temp\javacpp18073638267123\opencv_flann248.dll
0x67e20000 - 0x67ed2000 	C:\Users\jaydutt\AppData\Local\Temp\javacpp18073638267123\opencv_features2d248.dll
0x67d50000 - 0x67e14000 	C:\Users\jaydutt\AppData\Local\Temp\javacpp18073638267123\opencv_calib3d248.dll
0x67cf0000 - 0x67d4d000 	C:\Users\jaydutt\AppData\Local\Temp\javacpp18073638267123\opencv_video248.dll
0x67c70000 - 0x67cf0000 	C:\Users\jaydutt\AppData\Local\Temp\javacpp18073638267123\opencv_ml248.dll
0x67b50000 - 0x67c6c000 	C:\Users\jaydutt\AppData\Local\Temp\javacpp18073638267123\opencv_contrib248.dll
0x67b00000 - 0x67b47000 	C:\Users\jaydutt\AppData\Local\Temp\javacpp18073638267123\jniopencv_contrib.dll
0x69250000 - 0x6925f000 	C:\Users\jaydutt\AppData\Local\Temp\javacpp18073638267123\jniopencv_highgui.dll
0x67ac0000 - 0x67af9000 	C:\Users\jaydutt\AppData\Local\Temp\javacpp18073638267123\jniopencv_imgproc.dll
0x67aa0000 - 0x67ab5000 	C:\Windows\System32\devenum.dll
0x76ed0000 - 0x772ea000 	C:\WINDOWS\System32\setupapi.dll
0x72db0000 - 0x72dd2000 	C:\WINDOWS\SYSTEM32\DEVOBJ.dll
0x76c80000 - 0x76cc4000 	C:\WINDOWS\System32\WINTRUST.dll
0x76b30000 - 0x76b3e000 	C:\WINDOWS\System32\MSASN1.dll
0x77440000 - 0x775bd000 	C:\WINDOWS\System32\CRYPT32.dll
0x69240000 - 0x69249000 	C:\WINDOWS\SYSTEM32\msdmo.dll
0x67a60000 - 0x67a9a000 	C:\Windows\System32\qcap.dll
0x678b0000 - 0x67a53000 	C:\Windows\System32\quartz.dll
0x67870000 - 0x678a5000 	C:\Windows\System32\mfksproxy.dll
0x67850000 - 0x67868000 	C:\Windows\System32\ATL.DLL
0x67820000 - 0x6784c000 	C:\Windows\System32\MFSENSORGROUP.dll
0x66980000 - 0x66ae5000 	C:\Windows\System32\MFPlat.DLL
0x677f0000 - 0x6781a000 	C:\Windows\System32\RTWorkQ.DLL
0x677b0000 - 0x677ec000 	C:\Windows\System32\ksproxy.ax
0x677a0000 - 0x677a7000 	C:\Windows\System32\ksuser.dll
0x66810000 - 0x66972000 	C:\Windows\System32\d3d9.dll
0x711b0000 - 0x71214000 	C:\WINDOWS\SYSTEM32\policymanager.dll
0x6d4c0000 - 0x6d526000 	C:\Windows\System32\msvcp110_win.dll
0x67790000 - 0x6779c000 	C:\Windows\System32\vidcap.ax
0x67770000 - 0x67790000 	C:\Windows\System32\kswdmcap.ax
0x72910000 - 0x72a3d000 	C:\Windows\System32\MFC42.dll
0x66cd0000 - 0x66d5e000 	C:\Windows\System32\qedit.dll
0x747d0000 - 0x748bf000 	C:\WINDOWS\System32\COMDLG32.dll
0x71be0000 - 0x71d46000 	C:\WINDOWS\WinSxS\x86_microsoft.windows.gdiplus_6595b64144ccf1df_1.1.15063.608_none_9e9d5d4256d15def\gdiplus.dll
0x72cc0000 - 0x72dad000 	C:\Windows\System32\DDRAW.dll
0x72320000 - 0x72327000 	C:\Windows\System32\DCIMAN32.dll
0x654e0000 - 0x6554d000 	C:\WINDOWS\SYSTEM32\D3DIM700.DLL
0x67760000 - 0x6776a000 	C:\WINDOWS\SYSTEM32\msyuv.dll
0x73e20000 - 0x73f7d000 	C:\WINDOWS\SYSTEM32\dbghelp.dll

VM Arguments:
jvm_args: -Dfile.encoding=UTF-8 -Djava.library.path=C:\opencv\build\java\x86 -Djava.security.policy=applet.policy -Djavacpp.platform.dependencies=true 
java_command: LOGIN
java_class_path (initial): C:\Program Files (x86)\NetBeans 8.2\java\modules\ext\AbsoluteLayout.jar;C:\javamail1_4_7\javamail-1.4.7\mail.jar;C:\Users\jaydutt\ui\lib\jcommon-1.0.23.jar;C:\Users\jaydutt\ui\lib\jfreechart-1.0.19.jar;C:\activation-2.2.1.jar;C:\activation-1.1.jar;C:\core-3.3.0.jar;C:\javase-3.3.0.jar;C:\Program Files (x86)\NetBeans 8.2\java\modules\ext\eclipselink\eclipselink.jar;C:\Program Files (x86)\NetBeans 8.2\java\modules\ext\eclipselink\javax.persistence_2.1.0.v201304241213.jar;C:\Program Files (x86)\NetBeans 8.2\java\modules\ext\eclipselink\org.eclipse.persistence.jpa.jpql_2.5.2.v20140319-9ad6abd.jar;C:\opencv\build\java\opencv-310.jar;C:\opencv\build\java\opencv-249.jar;C:\opencv\build\java\opencv-340.jar;C:\javacv-cppjars\ffmpeg-2.1.1-windows-x86.jar;C:\javacv-cppjars\ffmpeg-2.1.1-windows-x86_64.jar;C:\javacv-cppjars\opencv-2.4.8-windows-x86.jar;C:\javacv-cppjars\opencv-2.4.8-windows-x86_64.jar;C:\javacv-bin\javacpp.jar;C:\javacv-bin\javacv.jar;C:\javacv-bin\libfreenect-windows-x86.jar;C:\javacv-bin\libfreenect-windows-x86_64.jar;C:\javacv-bin\libfreenect2-windows-x86_64.jar;C:\jar_files\artoolkitplus-2.3.1-1.4.jar;C:\jar_files\ffmpeg-3.4.1-1.4.jar;C:\jar_files\flandmark-1.07-1.4.jar;C:\jar_files\flycapture-2.11.3.121-1.4.jar;C:\jar_files\javacpp-1.4.jar;C:\jar_files\javacv-1.4.jar;C:\jar_files\libdc1394-2.2.5-1.4.jar;C:\jar_files\libfreenect-0.5.3-1.4.jar;C:\jar_files\libfreenect2-0.2.0-1.4.jar;C:\jar_files\librealsense-1.12.1-1.4.jar;C:\jar_files\opencv-3.4.0-1.4.jar;C:\jar_files\videoinput-0.200-1.4.jar;C:\Users\jaydutt\ui\build\classes
Launcher Type: SUN_STANDARD

Environment Variables:
JAVA_HOME=C:\Program Files\Java\jdk1.8.0_161
PATH=C:\Program Files (x86)\Intel\iCLS Client\;C:\ProgramData\Oracle\Java\javapath;C:\Program Files\Intel\iCLS Client\;C:\windows\system32;C:\windows;C:\windows\System32\Wbem;C:\windows\System32\WindowsPowerShell\v1.0\;C:\Program Files (x86)\NVIDIA Corporation\PhysX\Common;C:\Program Files (x86)\Java\jre1.8.0_141;C:\Program Files (x86)\Java\jdk1.8.0_141/bin;C:\Program Files\Intel\WiFi\bin\;C:\Program Files\Common Files\Intel\WirelessCommon\;C:\WINDOWS\system32;C:\WINDOWS;C:\WINDOWS\System32\Wbem;C:\WINDOWS\System32\WindowsPowerShell\v1.0\;C:\Users\jaydutt\AppData\Local\Microsoft\WindowsApps;C:\adb;C:\Program Files (x86)\Intel\Intel(R) Management Engine Components\DAL;C:\Program Files\Intel\Intel(R) Management Engine Components\DAL;C:\Program Files (x86)\Intel\Intel(R) Management Engine Components\IPT;C:\Program Files\Intel\Intel(R) Management Engine Components\IPT;C:\sqlight\sqlite-tools-win32-x86-3220000;C:\Program Files\Java\jdk1.8.0_161;C:\Program Files\Java\jre1.8.0_161;C:\opencv\build\x86\vc10\bin;C:\opencv\build\java;C:\Users\jaydutt\AppData\Local\Microsoft\WindowsApps;C:\Users\jaydutt\AppData\Local\GitHubDesktop\bin
USERNAME=jaydutt
OS=Windows_NT
PROCESSOR_IDENTIFIER=Intel64 Family 6 Model 158 Stepping 9, GenuineIntel



---------------  S Y S T E M  ---------------

OS: Windows 10.0 , 64 bit Build 15063 (10.0.15063.296)

CPU:total 8 (initial active 8) (4 cores per cpu, 2 threads per core) family 6 model 158 stepping 9, cmov, cx8, fxsr, mmx, sse, sse2, sse3, ssse3, sse4.1, sse4.2, popcnt, avx, avx2, aes, clmul, erms, 3dnowpref, lzcnt, ht, tsc, tscinvbit, bmi1, bmi2, adx

Memory: 4k page, physical 16659684k(13307764k free), swap 33436900k(29885100k free)

vm_info: Java HotSpot(TM) Client VM (25.141-b15) for windows-x86 JRE (1.8.0_141-b15), built on Jul 12 2017 04:25:45 by "java_re" with MS VC++ 10.0 (VS2010)

time: Fri Mar 16 14:09:15 2018
elapsed time: 11 seconds (0d 0h 0m 11s)

