#
# A fatal error has been detected by the Java Runtime Environment:
#
#  EXCEPTION_ACCESS_VIOLATION (0xc0000005) at pc=0x66286b77, pid=9616, tid=0x00002908
#
# JRE version: Java(TM) SE Runtime Environment (8.0_141-b15) (build 1.8.0_141-b15)
# Java VM: Java HotSpot(TM) Client VM (25.141-b15 mixed mode, sharing windows-x86 )
# Problematic frame:
# C  [opencv_objdetect248.dll+0x26b77]
#
# Failed to write core dump. Minidumps are not enabled by default on client versions of Windows
#
# If you would like to submit a bug report, please visit:
#   http://bugreport.java.com/bugreport/crash.jsp
# The crash happened outside the Java Virtual Machine in native code.
# See problematic frame for where to report the bug.
#

---------------  T H R E A D  ---------------

Current thread (0x16315800):  JavaThread "Thread-4" [_thread_in_native, id=10504, stack(0x19800000,0x19850000)]

siginfo: ExceptionCode=0xc0000005, reading address 0x20989014

Registers:
EAX=0x20885a44, EBX=0x1984eaa4, ECX=0x18859bd4, EDX=0x1885182c
ESP=0x1984e96c, EBP=0x1984ea90, ESI=0x00040d74, EDI=0x208859d8
EIP=0x66286b77, EFLAGS=0x00010202

Top of Stack: (sp=0x1984e96c)
0x1984e96c:   ea2e4394 20e53e58 1984f01c 01000280
0x1984e97c:   00000005 18850f90 00000025 188510b4
0x1984e98c:   00000016 00000000 00000280 000001e0
0x1984e99c:   00000001 1984ebe8 63af13f5 188acfc0
0x1984e9ac:   00000280 21161040 00000a04 00000000
0x1984e9bc:   00000000 00000000 00000000 00000280
0x1984e9cc:   000001e0 00000001 f23ee977 1984eebc
0x1984e9dc:   1984ee68 63af15b2 1984eebc 00000281 

Instructions: (pc=0x66286b77)
0x66286b57:   cd f2 0f 10 d1 66 0f 28 ca f3 0f 10 10 0f 5a d2
0x66286b67:   66 0f 57 e4 f2 0f 10 e2 f3 0f 10 50 04 8b 41 0c
0x66286b77:   8b 04 b0 2b 04 b7 8b 79 04 2b 04 b7 8b 39 03 04
0x66286b87:   b7 8b 79 1c 66 0f 57 db 0f 5a d2 f2 0f 10 da 66 


Register to memory mapping:

EAX=0x20885a44 is an unknown value
EBX=0x1984eaa4 is pointing into the stack for thread: 0x16315800
ECX=0x18859bd4 is an unknown value
EDX=0x1885182c is an unknown value
ESP=0x1984e96c is pointing into the stack for thread: 0x16315800
EBP=0x1984ea90 is pointing into the stack for thread: 0x16315800
ESI=0x00040d74 is an unknown value
EDI=0x208859d8 is an unknown value


Stack: [0x19800000,0x19850000],  sp=0x1984e96c,  free space=314k
Native frames: (J=compiled Java code, j=interpreted, Vv=VM code, C=native code)
C  [opencv_objdetect248.dll+0x26b77]
C  [opencv_objdetect248.dll+0x2bcdc]
C  [opencv_core248.dll+0x128be1]
C  [opencv_core248.dll+0x129508]
C  [msvcr100.dll+0x54db0]
C  [opencv_core248.dll+0x129270]
C  [opencv_core248.dll+0x129769]
C  [opencv_core248.dll+0x1299ee]
C  [opencv_objdetect248.dll+0x2d546]
C  [opencv_objdetect248.dll+0x2df51]
C  [jniopencv_objdetect.dll+0x19f43]
j  com.googlecode.javacv.cpp.opencv_objdetect.cvHaarDetectObjects(Lcom/googlecode/javacv/cpp/opencv_core$CvArr;Lcom/googlecode/javacv/cpp/opencv_objdetect$CvHaarClassifierCascade;Lcom/googlecode/javacv/cpp/opencv_core$CvMemStorage;DIILcom/googlecode/javacv/cpp/opencv_core$CvSize;Lcom/googlecode/javacv/cpp/opencv_core$CvSize;)Lcom/googlecode/javacv/cpp/opencv_core$CvSeq;+0
j  com.googlecode.javacv.cpp.opencv_objdetect.cvHaarDetectObjects(Lcom/googlecode/javacv/cpp/opencv_core$CvArr;Lcom/googlecode/javacv/cpp/opencv_objdetect$CvHaarClassifierCascade;Lcom/googlecode/javacv/cpp/opencv_core$CvMemStorage;DII)Lcom/googlecode/javacv/cpp/opencv_core$CvSeq;+14
j  FaceCapture.detect(Lcom/googlecode/javacv/cpp/opencv_core$IplImage;)V+52
j  FaceCapture.run()V+28
j  java.lang.Thread.run()V+11
v  ~StubRoutines::call_stub
V  [jvm.dll+0x15af45]
V  [jvm.dll+0x2213ae]
V  [jvm.dll+0x15afde]
V  [jvm.dll+0x15b166]
V  [jvm.dll+0x15b1d7]
V  [jvm.dll+0xff36f]
V  [jvm.dll+0x17dc30]
V  [jvm.dll+0x17e4aa]
V  [jvm.dll+0x1c2ec6]
C  [msvcr100.dll+0x5c556]
C  [msvcr100.dll+0x5c600]
C  [KERNEL32.DLL+0x18744]
C  [ntdll.dll+0x6582d]
C  [ntdll.dll+0x657fd]
C  0x00000000

Java frames: (J=compiled Java code, j=interpreted, Vv=VM code)
j  com.googlecode.javacv.cpp.opencv_objdetect.cvHaarDetectObjects(Lcom/googlecode/javacv/cpp/opencv_core$CvArr;Lcom/googlecode/javacv/cpp/opencv_objdetect$CvHaarClassifierCascade;Lcom/googlecode/javacv/cpp/opencv_core$CvMemStorage;DIILcom/googlecode/javacv/cpp/opencv_core$CvSize;Lcom/googlecode/javacv/cpp/opencv_core$CvSize;)Lcom/googlecode/javacv/cpp/opencv_core$CvSeq;+0
j  com.googlecode.javacv.cpp.opencv_objdetect.cvHaarDetectObjects(Lcom/googlecode/javacv/cpp/opencv_core$CvArr;Lcom/googlecode/javacv/cpp/opencv_objdetect$CvHaarClassifierCascade;Lcom/googlecode/javacv/cpp/opencv_core$CvMemStorage;DII)Lcom/googlecode/javacv/cpp/opencv_core$CvSeq;+14
j  FaceCapture.detect(Lcom/googlecode/javacv/cpp/opencv_core$IplImage;)V+52
j  FaceCapture.run()V+28
j  java.lang.Thread.run()V+11
v  ~StubRoutines::call_stub

---------------  P R O C E S S  ---------------

Java Threads: ( => current thread )
=>0x16315800 JavaThread "Thread-4" [_thread_in_native, id=10504, stack(0x19800000,0x19850000)]
  0x16315000 JavaThread "Thread-3" [_thread_in_native, id=2444, stack(0x19230000,0x19280000)]
  0x163f2000 JavaThread "TimerQueue" daemon [_thread_blocked, id=20992, stack(0x18120000,0x18170000)]
  0x00d5cc00 JavaThread "DestroyJavaVM" [_thread_blocked, id=14528, stack(0x00ce0000,0x00d30000)]
  0x1627dc00 JavaThread "AWT-EventQueue-0" [_thread_blocked, id=10404, stack(0x16fe0000,0x17030000)]
  0x1625c000 JavaThread "AWT-Windows" daemon [_thread_in_native, id=12856, stack(0x16650000,0x166a0000)]
  0x16259800 JavaThread "AWT-Shutdown" [_thread_blocked, id=13040, stack(0x161a0000,0x161f0000)]
  0x16258800 JavaThread "Java2D Disposer" daemon [_thread_blocked, id=128, stack(0x16110000,0x16160000)]
  0x02626000 JavaThread "Service Thread" daemon [_thread_blocked, id=7784, stack(0x15c10000,0x15c60000)]
  0x02601000 JavaThread "C1 CompilerThread0" daemon [_thread_blocked, id=13664, stack(0x15b80000,0x15bd0000)]
  0x025ff800 JavaThread "Attach Listener" daemon [_thread_blocked, id=23024, stack(0x15af0000,0x15b40000)]
  0x025fd800 JavaThread "Signal Dispatcher" daemon [_thread_blocked, id=18608, stack(0x15a60000,0x15ab0000)]
  0x025f4800 JavaThread "Finalizer" daemon [_thread_blocked, id=18548, stack(0x15350000,0x153a0000)]
  0x02597c00 JavaThread "Reference Handler" daemon [_thread_blocked, id=22940, stack(0x152c0000,0x15310000)]

Other Threads:
  0x02594400 VMThread [stack: 0x15270000,0x152c0000] [id=6548]
  0x0263dc00 WatcherThread [stack: 0x15ca0000,0x15cf0000] [id=19784]

VM state:not at safepoint (normal execution)

VM Mutex/Monitor currently owned by a thread: None

Heap:
 def new generation   total 5632K, used 2907K [0x04800000, 0x04e10000, 0x09d50000)
  eden space 5056K,  57% used [0x04800000, 0x04ad6fb8, 0x04cf0000)
  from space 576K,   0% used [0x04cf0000, 0x04cf0000, 0x04d80000)
  to   space 576K,   0% used [0x04d80000, 0x04d80000, 0x04e10000)
 tenured generation   total 12320K, used 7390K [0x09d50000, 0x0a958000, 0x14800000)
   the space 12320K,  59% used [0x09d50000, 0x0a487bd0, 0x0a487c00, 0x0a958000)
 Metaspace       used 1899K, capacity 3322K, committed 3392K, reserved 4480K

Card table byte_map: [0x046f0000,0x04780000] byte_map_base: 0x046cc000

Polling page: 0x00b60000

CodeCache: size=32768Kb used=1308Kb max_used=1308Kb free=31459Kb
 bounds [0x02670000, 0x027b8000, 0x04670000]
 total_blobs=702 nmethods=437 adapters=196
 compilation: enabled

Compilation events (10 events):
Event: 8.055 Thread 0x02601000  435             sun.java2d.pipe.Region::dimAdd (20 bytes)
Event: 8.055 Thread 0x02601000 nmethod 435 0x027b5c88 code [0x027b5d80, 0x027b5e20]
Event: 8.117 Thread 0x02601000  436             javax.swing.plaf.nimbus.NimbusStyle$CacheKey::hashCode (27 bytes)
Event: 8.117 Thread 0x02601000 nmethod 436 0x027b5e88 code [0x027b5f90, 0x027b603c]
Event: 8.118 Thread 0x02601000  437             java.util.concurrent.ConcurrentLinkedQueue::poll (85 bytes)
Event: 8.119 Thread 0x02601000 nmethod 437 0x027b60c8 code [0x027b61d0, 0x027b63a0]
Event: 8.119 Thread 0x02601000  438             javax.swing.plaf.nimbus.NimbusStyle::getExtendedState (247 bytes)
Event: 8.119 Thread 0x02601000 nmethod 438 0x027b64c8 code [0x027b6640, 0x027b69f4]
Event: 8.120 Thread 0x02601000  439             javax.swing.plaf.nimbus.NimbusStyle::getValues (9 bytes)
Event: 8.120 Thread 0x02601000 nmethod 439 0x027b7048 code [0x027b7140, 0x027b71dc]

GC Heap History (10 events):
Event: 6.776 GC heap before
{Heap before GC invocations=3 (full 0):
 def new generation   total 4928K, used 4586K [0x04800000, 0x04d50000, 0x09d50000)
  eden space 4416K, 100% used [0x04800000, 0x04c50000, 0x04c50000)
  from space 512K,  33% used [0x04cd0000, 0x04cfab68, 0x04d50000)
  to   space 512K,   0% used [0x04c50000, 0x04c50000, 0x04cd0000)
 tenured generation   total 10944K, used 4997K [0x09d50000, 0x0a800000, 0x14800000)
   the space 10944K,  45% used [0x09d50000, 0x0a2314c0, 0x0a231600, 0x0a800000)
 Metaspace       used 1643K, capacity 3093K, committed 3136K, reserved 4480K
Event: 6.778 GC heap after
Heap after GC invocations=4 (full 0):
 def new generation   total 4928K, used 511K [0x04800000, 0x04d50000, 0x09d50000)
  eden space 4416K,   0% used [0x04800000, 0x04800000, 0x04c50000)
  from space 512K,  99% used [0x04c50000, 0x04ccfff8, 0x04cd0000)
  to   space 512K,   0% used [0x04cd0000, 0x04cd0000, 0x04d50000)
 tenured generation   total 10944K, used 5242K [0x09d50000, 0x0a800000, 0x14800000)
   the space 10944K,  47% used [0x09d50000, 0x0a26ea40, 0x0a26ec00, 0x0a800000)
 Metaspace       used 1643K, capacity 3093K, committed 3136K, reserved 4480K
}
Event: 7.750 GC heap before
{Heap before GC invocations=4 (full 0):
 def new generation   total 4928K, used 4733K [0x04800000, 0x04d50000, 0x09d50000)
  eden space 4416K,  95% used [0x04800000, 0x04c1f610, 0x04c50000)
  from space 512K,  99% used [0x04c50000, 0x04ccfff8, 0x04cd0000)
  to   space 512K,   0% used [0x04cd0000, 0x04cd0000, 0x04d50000)
 tenured generation   total 10944K, used 5242K [0x09d50000, 0x0a800000, 0x14800000)
   the space 10944K,  47% used [0x09d50000, 0x0a26ea40, 0x0a26ec00, 0x0a800000)
 Metaspace       used 1887K, capacity 3320K, committed 3392K, reserved 4480K
Event: 7.755 GC heap after
Heap after GC invocations=5 (full 0):
 def new generation   total 4928K, used 472K [0x04800000, 0x04d50000, 0x09d50000)
  eden space 4416K,   0% used [0x04800000, 0x04800000, 0x04c50000)
  from space 512K,  92% used [0x04cd0000, 0x04d46278, 0x04d50000)
  to   space 512K,   0% used [0x04c50000, 0x04c50000, 0x04cd0000)
 tenured generation   total 10944K, used 5482K [0x09d50000, 0x0a800000, 0x14800000)
   the space 10944K,  50% used [0x09d50000, 0x0a2aa980, 0x0a2aaa00, 0x0a800000)
 Metaspace       used 1887K, capacity 3320K, committed 3392K, reserved 4480K
}
Event: 7.923 GC heap before
{Heap before GC invocations=5 (full 0):
 def new generation   total 4928K, used 4274K [0x04800000, 0x04d50000, 0x09d50000)
  eden space 4416K,  86% used [0x04800000, 0x04bb6668, 0x04c50000)
  from space 512K,  92% used [0x04cd0000, 0x04d46278, 0x04d50000)
  to   space 512K,   0% used [0x04c50000, 0x04c50000, 0x04cd0000)
 tenured generation   total 10944K, used 6382K [0x09d50000, 0x0a800000, 0x14800000)
   the space 10944K,  58% used [0x09d50000, 0x0a38b990, 0x0a38ba00, 0x0a800000)
 Metaspace       used 1899K, capacity 3322K, committed 3392K, reserved 4480K
Event: 7.924 GC heap after
Heap after GC invocations=6 (full 0):
 def new generation   total 4928K, used 16K [0x04800000, 0x04d50000, 0x09d50000)
  eden space 4416K,   0% used [0x04800000, 0x04800000, 0x04c50000)
  from space 512K,   3% used [0x04c50000, 0x04c543e0, 0x04cd0000)
  to   space 512K,   0% used [0x04cd0000, 0x04cd0000, 0x04d50000)
 tenured generation   total 10944K, used 7375K [0x09d50000, 0x0a800000, 0x14800000)
   the space 10944K,  67% used [0x09d50000, 0x0a483f88, 0x0a484000, 0x0a800000)
 Metaspace       used 1899K, capacity 3322K, committed 3392K, reserved 4480K
}
Event: 8.052 GC heap before
{Heap before GC invocations=6 (full 0):
 def new generation   total 4928K, used 3724K [0x04800000, 0x04d50000, 0x09d50000)
  eden space 4416K,  83% used [0x04800000, 0x04b9efd8, 0x04c50000)
  from space 512K,   3% used [0x04c50000, 0x04c543e0, 0x04cd0000)
  to   space 512K,   0% used [0x04cd0000, 0x04cd0000, 0x04d50000)
 tenured generation   total 10944K, used 7375K [0x09d50000, 0x0a800000, 0x14800000)
   the space 10944K,  67% used [0x09d50000, 0x0a483f88, 0x0a484000, 0x0a800000)
 Metaspace       used 1899K, capacity 3322K, committed 3392K, reserved 4480K
Event: 8.054 GC heap after
Heap after GC invocations=7 (full 0):
 def new generation   total 4928K, used 29K [0x04800000, 0x04d50000, 0x09d50000)
  eden space 4416K,   0% used [0x04800000, 0x04800000, 0x04c50000)
  from space 512K,   5% used [0x04cd0000, 0x04cd7560, 0x04d50000)
  to   space 512K,   0% used [0x04c50000, 0x04c50000, 0x04cd0000)
 tenured generation   total 10944K, used 10075K [0x09d50000, 0x0a800000, 0x14800000)
   the space 10944K,  92% used [0x09d50000, 0x0a726fb8, 0x0a727000, 0x0a800000)
 Metaspace       used 1899K, capacity 3322K, committed 3392K, reserved 4480K
}
Event: 8.213 GC heap before
{Heap before GC invocations=7 (full 0):
 def new generation   total 4928K, used 3757K [0x04800000, 0x04d50000, 0x09d50000)
  eden space 4416K,  84% used [0x04800000, 0x04ba41e8, 0x04c50000)
  from space 512K,   5% used [0x04cd0000, 0x04cd7560, 0x04d50000)
  to   space 512K,   0% used [0x04c50000, 0x04c50000, 0x04cd0000)
 tenured generation   total 10944K, used 10075K [0x09d50000, 0x0a800000, 0x14800000)
   the space 10944K,  92% used [0x09d50000, 0x0a726fb8, 0x0a727000, 0x0a800000)
 Metaspace       used 1899K, capacity 3322K, committed 3392K, reserved 4480K
Event: 8.223 GC heap after
Heap after GC invocations=8 (full 1):
 def new generation   total 5632K, used 0K [0x04800000, 0x04e10000, 0x09d50000)
  eden space 5056K,   0% used [0x04800000, 0x04800000, 0x04cf0000)
  from space 576K,   0% used [0x04cf0000, 0x04cf0000, 0x04d80000)
  to   space 576K,   0% used [0x04d80000, 0x04d80000, 0x04e10000)
 tenured generation   total 12320K, used 7390K [0x09d50000, 0x0a958000, 0x14800000)
   the space 12320K,  59% used [0x09d50000, 0x0a487bd0, 0x0a487c00, 0x0a958000)
 Metaspace       used 1899K, capacity 3322K, committed 3392K, reserved 4480K
}

Deoptimization events (0 events):
No events

Internal exceptions (10 events):
Event: 0.180 Thread 0x00d5cc00 Exception <a 'java/lang/ClassNotFoundException': ToolBar> (0x04baf198) thrown at [C:\workspace\8-2-build-windows-i586-cygwin\jdk8u141\9370\hotspot\src\share\vm\classfile\systemDictionary.cpp, line 210]
Event: 0.180 Thread 0x00d5cc00 Exception <a 'java/lang/ClassNotFoundException': ToggleButton> (0x04baf6e0) thrown at [C:\workspace\8-2-build-windows-i586-cygwin\jdk8u141\9370\hotspot\src\share\vm\classfile\systemDictionary.cpp, line 210]
Event: 0.180 Thread 0x00d5cc00 Exception <a 'java/lang/ClassNotFoundException': javax/swing/JToolBarSeparator> (0x04bafae8) thrown at [C:\workspace\8-2-build-windows-i586-cygwin\jdk8u141\9370\hotspot\src\share\vm\classfile\systemDictionary.cpp, line 210]
Event: 0.180 Thread 0x00d5cc00 Exception <a 'java/lang/ClassNotFoundException': ToolBarSeparator> (0x04baff40) thrown at [C:\workspace\8-2-build-windows-i586-cygwin\jdk8u141\9370\hotspot\src\share\vm\classfile\systemDictionary.cpp, line 210]
Event: 0.180 Thread 0x00d5cc00 Exception <a 'java/lang/ClassNotFoundException': ToolTip> (0x04bb05e8) thrown at [C:\workspace\8-2-build-windows-i586-cygwin\jdk8u141\9370\hotspot\src\share\vm\classfile\systemDictionary.cpp, line 210]
Event: 0.180 Thread 0x00d5cc00 Exception <a 'java/lang/ClassNotFoundException': Tree> (0x04bb10d0) thrown at [C:\workspace\8-2-build-windows-i586-cygwin\jdk8u141\9370\hotspot\src\share\vm\classfile\systemDictionary.cpp, line 210]
Event: 0.180 Thread 0x00d5cc00 Exception <a 'java/lang/ClassNotFoundException': Tree> (0x04bb1770) thrown at [C:\workspace\8-2-build-windows-i586-cygwin\jdk8u141\9370\hotspot\src\share\vm\classfile\systemDictionary.cpp, line 210]
Event: 0.180 Thread 0x00d5cc00 Exception <a 'java/lang/ClassNotFoundException': javax/swing/JTreeCell> (0x04bb1aa8) thrown at [C:\workspace\8-2-build-windows-i586-cygwin\jdk8u141\9370\hotspot\src\share\vm\classfile\systemDictionary.cpp, line 210]
Event: 0.180 Thread 0x00d5cc00 Exception <a 'java/lang/ClassNotFoundException': TreeCell> (0x04bb1ef0) thrown at [C:\workspace\8-2-build-windows-i586-cygwin\jdk8u141\9370\hotspot\src\share\vm\classfile\systemDictionary.cpp, line 210]
Event: 0.181 Thread 0x00d5cc00 Exception <a 'java/lang/ClassNotFoundException': RootPane> (0x04bb2868) thrown at [C:\workspace\8-2-build-windows-i586-cygwin\jdk8u141\9370\hotspot\src\share\vm\classfile\systemDictionary.cpp, line 210]

Events (10 events):
Event: 7.855 Executing VM operation: RevokeBias
Event: 7.855 Executing VM operation: RevokeBias done
Event: 7.922 Executing VM operation: GenCollectForAllocation
Event: 7.922 Executing VM operation: GenCollectForAllocation done
Event: 7.922 Executing VM operation: GenCollectFull
Event: 7.924 Executing VM operation: GenCollectFull done
Event: 8.052 Executing VM operation: GenCollectForAllocation
Event: 8.054 Executing VM operation: GenCollectForAllocation done
Event: 8.213 Executing VM operation: GenCollectForAllocation
Event: 8.223 Executing VM operation: GenCollectForAllocation done


Dynamic libraries:
0x009a0000 - 0x009d3000 	C:\Program Files (x86)\Java\jdk1.8.0_141\bin\java.exe
0x77df0000 - 0x77f7e000 	C:\WINDOWS\SYSTEM32\ntdll.dll
0x76060000 - 0x76130000 	C:\WINDOWS\System32\KERNEL32.DLL
0x75370000 - 0x75532000 	C:\WINDOWS\System32\KERNELBASE.dll
0x73d10000 - 0x73da3000 	C:\WINDOWS\SYSTEM32\apphelp.dll
0x75ec0000 - 0x75f37000 	C:\WINDOWS\System32\ADVAPI32.dll
0x74f50000 - 0x7500d000 	C:\WINDOWS\System32\msvcrt.dll
0x75d60000 - 0x75da1000 	C:\WINDOWS\System32\sechost.dll
0x77bb0000 - 0x77c70000 	C:\WINDOWS\System32\RPCRT4.dll
0x75310000 - 0x75330000 	C:\WINDOWS\System32\SspiCli.dll
0x75300000 - 0x7530a000 	C:\WINDOWS\System32\CRYPTBASE.dll
0x74e00000 - 0x74e57000 	C:\WINDOWS\System32\bcryptPrimitives.dll
0x776b0000 - 0x777ec000 	C:\WINDOWS\System32\USER32.dll
0x75570000 - 0x75586000 	C:\WINDOWS\System32\win32u.dll
0x75e10000 - 0x75e31000 	C:\WINDOWS\System32\GDI32.dll
0x75010000 - 0x75168000 	C:\WINDOWS\System32\gdi32full.dll
0x777f0000 - 0x77869000 	C:\WINDOWS\System32\msvcp_win.dll
0x75f40000 - 0x76058000 	C:\WINDOWS\System32\ucrtbase.dll
0x731f0000 - 0x733fe000 	C:\WINDOWS\WinSxS\x86_microsoft.windows.common-controls_6595b64144ccf1df_6.0.15063.483_none_6dad63fefc436da8\COMCTL32.dll
0x77910000 - 0x77b48000 	C:\WINDOWS\System32\combase.dll
0x75540000 - 0x75565000 	C:\WINDOWS\System32\IMM32.DLL
0x6d410000 - 0x6d4cf000 	C:\Program Files (x86)\Java\jdk1.8.0_141\jre\bin\msvcr100.dll
0x6d4d0000 - 0x6d89e000 	C:\Program Files (x86)\Java\jdk1.8.0_141\jre\bin\client\jvm.dll
0x75d40000 - 0x75d46000 	C:\WINDOWS\System32\PSAPI.DLL
0x746c0000 - 0x746c8000 	C:\WINDOWS\SYSTEM32\VERSION.dll
0x73c50000 - 0x73c74000 	C:\WINDOWS\SYSTEM32\WINMM.dll
0x73550000 - 0x73558000 	C:\WINDOWS\SYSTEM32\WSOCK32.dll
0x756e0000 - 0x75747000 	C:\WINDOWS\System32\WS2_32.dll
0x73520000 - 0x73543000 	C:\WINDOWS\SYSTEM32\winmmbase.dll
0x75330000 - 0x75369000 	C:\WINDOWS\System32\cfgmgr32.dll
0x709b0000 - 0x709bc000 	C:\Program Files (x86)\Java\jdk1.8.0_141\jre\bin\verify.dll
0x6e310000 - 0x6e331000 	C:\Program Files (x86)\Java\jdk1.8.0_141\jre\bin\java.dll
0x6efd0000 - 0x6efe3000 	C:\Program Files (x86)\Java\jdk1.8.0_141\jre\bin\zip.dll
0x762b0000 - 0x775f8000 	C:\WINDOWS\System32\SHELL32.dll
0x77880000 - 0x7790c000 	C:\WINDOWS\System32\shcore.dll
0x757b0000 - 0x75d37000 	C:\WINDOWS\System32\windows.storage.dll
0x75750000 - 0x75795000 	C:\WINDOWS\System32\shlwapi.dll
0x76130000 - 0x7613e000 	C:\WINDOWS\System32\kernel.appcore.dll
0x77660000 - 0x776a5000 	C:\WINDOWS\System32\powrprof.dll
0x75d50000 - 0x75d60000 	C:\WINDOWS\System32\profapi.dll
0x6a5e0000 - 0x6a725000 	C:\Program Files (x86)\Java\jdk1.8.0_141\jre\bin\awt.dll
0x747b0000 - 0x74846000 	C:\WINDOWS\System32\OLEAUT32.dll
0x725e0000 - 0x72658000 	C:\WINDOWS\system32\uxtheme.dll
0x75590000 - 0x756d6000 	C:\WINDOWS\System32\MSCTF.dll
0x73190000 - 0x731b3000 	C:\WINDOWS\system32\dwmapi.dll
0x74850000 - 0x74943000 	C:\WINDOWS\System32\ole32.dll
0x6d2f0000 - 0x6d329000 	C:\Program Files (x86)\Java\jdk1.8.0_141\jre\bin\fontmanager.dll
0x6d330000 - 0x6d40f000 	C:\WINDOWS\system32\opengl32.dll
0x6de40000 - 0x6de65000 	C:\WINDOWS\SYSTEM32\GLU32.dll
0x74950000 - 0x749d3000 	C:\WINDOWS\System32\clbcatq.dll
0x6e390000 - 0x6e502000 	C:\WINDOWS\SYSTEM32\WindowsCodecs.dll
0x6a1f0000 - 0x6a233000 	C:\WINDOWS\system32\dataexchange.dll
0x69f90000 - 0x6a1e2000 	C:\WINDOWS\system32\d3d11.dll
0x69ea0000 - 0x69f8b000 	C:\WINDOWS\system32\dcomp.dll
0x69e10000 - 0x69e9a000 	C:\WINDOWS\system32\dxgi.dll
0x6e550000 - 0x6e686000 	C:\WINDOWS\system32\twinapi.appcore.dll
0x743e0000 - 0x743f8000 	C:\WINDOWS\system32\bcrypt.dll
0x6e1b0000 - 0x6e1c6000 	C:\Program Files (x86)\Java\jdk1.8.0_141\jre\bin\net.dll
0x72830000 - 0x7287e000 	C:\WINDOWS\system32\mswsock.dll
0x6e510000 - 0x6e51f000 	C:\Program Files (x86)\Java\jdk1.8.0_141\jre\bin\nio.dll
0x6a270000 - 0x6a2a2000 	C:\Program Files (x86)\Java\jdk1.8.0_141\jre\bin\t2k.dll
0x6a570000 - 0x6a5d7000 	C:\WINDOWS\System32\TextInputFramework.dll
0x6a2b0000 - 0x6a33f000 	C:\WINDOWS\System32\CoreMessaging.dll
0x6a340000 - 0x6a567000 	C:\WINDOWS\System32\CoreUIComponents.dll
0x72800000 - 0x72828000 	C:\WINDOWS\SYSTEM32\ntmarta.dll
0x6e9b0000 - 0x6ea81000 	C:\WINDOWS\SYSTEM32\wintypes.dll
0x6de90000 - 0x6dea0000 	C:\WINDOWS\SYSTEM32\usermgrcli.dll
0x66550000 - 0x6660e000 	C:\Users\jaydutt\AppData\Local\Temp\javacpp587305296382048\msvcr100.dll
0x67260000 - 0x672c9000 	C:\Users\jaydutt\AppData\Local\Temp\javacpp587305296382048\msvcp100.dll
0x70fc0000 - 0x71ef6000 	C:\Users\jaydutt\AppData\Local\Temp\javacpp587305296382048\opencv_ffmpeg248.dll
0x63c10000 - 0x63e16000 	C:\Users\jaydutt\AppData\Local\Temp\javacpp587305296382048\opencv_core248.dll
0x639a0000 - 0x63c0b000 	C:\Users\jaydutt\AppData\Local\Temp\javacpp587305296382048\opencv_imgproc248.dll
0x63790000 - 0x63997000 	C:\Users\jaydutt\AppData\Local\Temp\javacpp587305296382048\opencv_highgui248.dll
0x67e30000 - 0x67e4b000 	C:\WINDOWS\SYSTEM32\AVIFIL32.dll
0x67e00000 - 0x67e22000 	C:\WINDOWS\SYSTEM32\MSVFW32.dll
0x67030000 - 0x67044000 	C:\WINDOWS\SYSTEM32\AVICAP32.dll
0x67010000 - 0x67028000 	C:\WINDOWS\SYSTEM32\MSACM32.dll
0x66260000 - 0x66304000 	C:\Users\jaydutt\AppData\Local\Temp\javacpp587305296382048\opencv_objdetect248.dll
0x66fd0000 - 0x6700c000 	C:\Users\jaydutt\AppData\Local\Temp\javacpp587305296382048\jniopencv_objdetect.dll
0x661e0000 - 0x66255000 	C:\Users\jaydutt\AppData\Local\Temp\javacpp587305296382048\jniopencv_core.dll
0x63710000 - 0x6378c000 	C:\Users\jaydutt\AppData\Local\Temp\javacpp587305296382048\opencv_flann248.dll
0x63650000 - 0x63702000 	C:\Users\jaydutt\AppData\Local\Temp\javacpp587305296382048\opencv_features2d248.dll
0x63580000 - 0x63644000 	C:\Users\jaydutt\AppData\Local\Temp\javacpp587305296382048\opencv_calib3d248.dll
0x66cb0000 - 0x66d0d000 	C:\Users\jaydutt\AppData\Local\Temp\javacpp587305296382048\opencv_video248.dll
0x63500000 - 0x63580000 	C:\Users\jaydutt\AppData\Local\Temp\javacpp587305296382048\opencv_ml248.dll
0x633e0000 - 0x634fc000 	C:\Users\jaydutt\AppData\Local\Temp\javacpp587305296382048\opencv_contrib248.dll
0x63390000 - 0x633d7000 	C:\Users\jaydutt\AppData\Local\Temp\javacpp587305296382048\jniopencv_contrib.dll
0x67df0000 - 0x67dff000 	C:\Users\jaydutt\AppData\Local\Temp\javacpp587305296382048\jniopencv_highgui.dll
0x661a0000 - 0x661d9000 	C:\Users\jaydutt\AppData\Local\Temp\javacpp587305296382048\jniopencv_imgproc.dll
0x66ac0000 - 0x66ad5000 	C:\Windows\System32\devenum.dll
0x749e0000 - 0x74dfa000 	C:\WINDOWS\System32\setupapi.dll
0x734f0000 - 0x73512000 	C:\WINDOWS\SYSTEM32\DEVOBJ.dll
0x77610000 - 0x77654000 	C:\WINDOWS\System32\WINTRUST.dll
0x77600000 - 0x7760e000 	C:\WINDOWS\System32\MSASN1.dll
0x77c70000 - 0x77ded000 	C:\WINDOWS\System32\CRYPT32.dll
0x66ca0000 - 0x66ca9000 	C:\WINDOWS\SYSTEM32\msdmo.dll
0x63350000 - 0x6338a000 	C:\Windows\System32\qcap.dll
0x631a0000 - 0x63343000 	C:\Windows\System32\quartz.dll
0x63160000 - 0x63195000 	C:\Windows\System32\mfksproxy.dll
0x63140000 - 0x63158000 	C:\Windows\System32\ATL.DLL
0x63110000 - 0x6313c000 	C:\Windows\System32\MFSENSORGROUP.dll
0x62fa0000 - 0x63105000 	C:\Windows\System32\MFPlat.DLL
0x62f70000 - 0x62f9a000 	C:\Windows\System32\RTWorkQ.DLL
0x62f30000 - 0x62f6c000 	C:\Windows\System32\ksproxy.ax
0x682d0000 - 0x68432000 	C:\Windows\System32\d3d9.dll
0x66ab0000 - 0x66ab7000 	C:\Windows\System32\ksuser.dll
0x6e1d0000 - 0x6e234000 	C:\WINDOWS\SYSTEM32\policymanager.dll
0x6dea0000 - 0x6df06000 	C:\Windows\System32\msvcp110_win.dll
0x66540000 - 0x6654c000 	C:\Windows\System32\vidcap.ax
0x62f10000 - 0x62f30000 	C:\Windows\System32\kswdmcap.ax
0x73060000 - 0x7318d000 	C:\Windows\System32\MFC42.dll
0x62e80000 - 0x62f0e000 	C:\Windows\System32\qedit.dll
0x74e60000 - 0x74f4f000 	C:\WINDOWS\System32\COMDLG32.dll
0x19bd0000 - 0x19d36000 	C:\WINDOWS\WinSxS\x86_microsoft.windows.gdiplus_6595b64144ccf1df_1.1.15063.608_none_9e9d5d4256d15def\gdiplus.dll
0x73400000 - 0x734ed000 	C:\Windows\System32\DDRAW.dll
0x728e0000 - 0x728e7000 	C:\Windows\System32\DCIMAN32.dll
0x62e10000 - 0x62e7d000 	C:\WINDOWS\SYSTEM32\D3DIM700.DLL
0x664b0000 - 0x664ba000 	C:\WINDOWS\SYSTEM32\msyuv.dll
0x74530000 - 0x7468d000 	C:\WINDOWS\SYSTEM32\dbghelp.dll

VM Arguments:
jvm_args: -Dfile.encoding=UTF-8 -Djava.library.path=C:\opencv\build\java\x86 -Djava.security.policy=applet.policy -Djavacpp.platform.dependencies=true 
java_command: LOGIN
java_class_path (initial): C:\Program Files (x86)\NetBeans 8.2\java\modules\ext\AbsoluteLayout.jar;C:\javamail1_4_7\javamail-1.4.7\mail.jar;C:\Users\jaydutt\ui\lib\jcommon-1.0.23.jar;C:\Users\jaydutt\ui\lib\jfreechart-1.0.19.jar;C:\activation-2.2.1.jar;C:\activation-1.1.jar;C:\core-3.3.0.jar;C:\javase-3.3.0.jar;C:\Program Files (x86)\NetBeans 8.2\java\modules\ext\eclipselink\eclipselink.jar;C:\Program Files (x86)\NetBeans 8.2\java\modules\ext\eclipselink\javax.persistence_2.1.0.v201304241213.jar;C:\Program Files (x86)\NetBeans 8.2\java\modules\ext\eclipselink\org.eclipse.persistence.jpa.jpql_2.5.2.v20140319-9ad6abd.jar;C:\opencv\build\java\opencv-310.jar;C:\opencv\build\java\opencv-249.jar;C:\opencv\build\java\opencv-340.jar;C:\javacv-cppjars\ffmpeg-2.1.1-windows-x86.jar;C:\javacv-cppjars\ffmpeg-2.1.1-windows-x86_64.jar;C:\javacv-cppjars\opencv-2.4.8-windows-x86.jar;C:\javacv-cppjars\opencv-2.4.8-windows-x86_64.jar;C:\javacv-bin\javacpp.jar;C:\javacv-bin\javacv.jar;C:\javacv-bin\libfreenect-windows-x86.jar;C:\javacv-bin\libfreenect-windows-x86_64.jar;C:\javacv-bin\libfreenect2-windows-x86_64.jar;C:\jar_files\artoolkitplus-2.3.1-1.4.jar;C:\jar_files\ffmpeg-3.4.1-1.4.jar;C:\jar_files\flandmark-1.07-1.4.jar;C:\jar_files\flycapture-2.11.3.121-1.4.jar;C:\jar_files\javacpp-1.4.jar;C:\jar_files\javacv-1.4.jar;C:\jar_files\libdc1394-2.2.5-1.4.jar;C:\jar_files\libfreenect-0.5.3-1.4.jar;C:\jar_files\libfreenect2-0.2.0-1.4.jar;C:\jar_files\librealsense-1.12.1-1.4.jar;C:\jar_files\opencv-3.4.0-1.4.jar;C:\jar_files\videoinput-0.200-1.4.jar;C:\Users\jaydutt\ui\build\classes
Launcher Type: SUN_STANDARD

Environment Variables:
JAVA_HOME=C:\Program Files\Java\jdk1.8.0_161
PATH=C:\Program Files (x86)\Intel\iCLS Client\;C:\ProgramData\Oracle\Java\javapath;C:\Program Files\Intel\iCLS Client\;C:\windows\system32;C:\windows;C:\windows\System32\Wbem;C:\windows\System32\WindowsPowerShell\v1.0\;C:\Program Files (x86)\NVIDIA Corporation\PhysX\Common;C:\Program Files (x86)\Java\jre1.8.0_141;C:\Program Files (x86)\Java\jdk1.8.0_141/bin;C:\Program Files\Intel\WiFi\bin\;C:\Program Files\Common Files\Intel\WirelessCommon\;C:\WINDOWS\system32;C:\WINDOWS;C:\WINDOWS\System32\Wbem;C:\WINDOWS\System32\WindowsPowerShell\v1.0\;C:\Users\jaydutt\AppData\Local\Microsoft\WindowsApps;C:\adb;C:\Program Files (x86)\Intel\Intel(R) Management Engine Components\DAL;C:\Program Files\Intel\Intel(R) Management Engine Components\DAL;C:\Program Files (x86)\Intel\Intel(R) Management Engine Components\IPT;C:\Program Files\Intel\Intel(R) Management Engine Components\IPT;C:\sqlight\sqlite-tools-win32-x86-3220000;C:\Program Files\Java\jdk1.8.0_161;C:\Program Files\Java\jre1.8.0_161;C:\opencv\build\x86\vc10\bin;C:\opencv\build\java;C:\Users\jaydutt\AppData\Local\Microsoft\WindowsApps;C:\Users\jaydutt\AppData\Local\GitHubDesktop\bin
USERNAME=jaydutt
OS=Windows_NT
PROCESSOR_IDENTIFIER=Intel64 Family 6 Model 158 Stepping 9, GenuineIntel



---------------  S Y S T E M  ---------------

OS: Windows 10.0 , 64 bit Build 15063 (10.0.15063.296)

CPU:total 8 (initial active 8) (4 cores per cpu, 2 threads per core) family 6 model 158 stepping 9, cmov, cx8, fxsr, mmx, sse, sse2, sse3, ssse3, sse4.1, sse4.2, popcnt, avx, avx2, aes, clmul, erms, 3dnowpref, lzcnt, ht, tsc, tscinvbit, bmi1, bmi2, adx

Memory: 4k page, physical 16659684k(12740432k free), swap 33436900k(28908716k free)

vm_info: Java HotSpot(TM) Client VM (25.141-b15) for windows-x86 JRE (1.8.0_141-b15), built on Jul 12 2017 04:25:45 by "java_re" with MS VC++ 10.0 (VS2010)

time: Sat Mar 31 08:23:28 2018
elapsed time: 8 seconds (0d 0h 0m 8s)

