#
# A fatal error has been detected by the Java Runtime Environment:
#
#  EXCEPTION_ACCESS_VIOLATION (0xc0000005) at pc=0x66286b77, pid=15024, tid=0x00001134
#
# JRE version: Java(TM) SE Runtime Environment (8.0_141-b15) (build 1.8.0_141-b15)
# Java VM: Java HotSpot(TM) Client VM (25.141-b15 mixed mode, sharing windows-x86 )
# Problematic frame:
# C  [opencv_objdetect248.dll+0x26b77]
#
# Failed to write core dump. Minidumps are not enabled by default on client versions of Windows
#
# If you would like to submit a bug report, please visit:
#   http://bugreport.java.com/bugreport/crash.jsp
# The crash happened outside the Java Virtual Machine in native code.
# See problematic frame for where to report the bug.
#

---------------  T H R E A D  ---------------

Current thread (0x16345000):  JavaThread "Thread-4" [_thread_in_native, id=4404, stack(0x19770000,0x197c0000)]

siginfo: ExceptionCode=0xc0000005, reading address 0x20935c38

Registers:
EAX=0x20837138, EBX=0x197bea84, ECX=0x189dc024, EDX=0x189ca558
ESP=0x197be94c, EBP=0x197bea70, ESI=0x0003fac0, EDI=0x208370fc
EIP=0x66286b77, EFLAGS=0x00010206

Top of Stack: (sp=0x197be94c)
0x197be94c:   d2164f45 20ce3860 197beffc 01000280
0x197be95c:   0000000d 189c8210 0000005c 189c8414
0x197be96c:   00000016 00000000 00000280 000001e0
0x197be97c:   00000001 197bebc8 63af13f5 163f1fb0
0x197be98c:   00000280 210de040 00000a04 00000000
0x197be99c:   00000000 00000000 00000000 00000280
0x197be9ac:   000001e0 00000001 1cd9aaf3 197bee9c
0x197be9bc:   197bee48 63af15b2 197bee9c 00000281 

Instructions: (pc=0x66286b77)
0x66286b57:   cd f2 0f 10 d1 66 0f 28 ca f3 0f 10 10 0f 5a d2
0x66286b67:   66 0f 57 e4 f2 0f 10 e2 f3 0f 10 50 04 8b 41 0c
0x66286b77:   8b 04 b0 2b 04 b7 8b 79 04 2b 04 b7 8b 39 03 04
0x66286b87:   b7 8b 79 1c 66 0f 57 db 0f 5a d2 f2 0f 10 da 66 


Register to memory mapping:

EAX=0x20837138 is an unknown value
EBX=0x197bea84 is pointing into the stack for thread: 0x16345000
ECX=0x189dc024 is an unknown value
EDX=0x189ca558 is an unknown value
ESP=0x197be94c is pointing into the stack for thread: 0x16345000
EBP=0x197bea70 is pointing into the stack for thread: 0x16345000
ESI=0x0003fac0 is an unknown value
EDI=0x208370fc is an unknown value


Stack: [0x19770000,0x197c0000],  sp=0x197be94c,  free space=314k
Native frames: (J=compiled Java code, j=interpreted, Vv=VM code, C=native code)
C  [opencv_objdetect248.dll+0x26b77]
C  [opencv_objdetect248.dll+0x2bcdc]
C  [opencv_core248.dll+0x128be1]
C  [opencv_core248.dll+0x129508]
C  [msvcr100.dll+0x54db0]
C  [opencv_core248.dll+0x129270]
C  [opencv_core248.dll+0x129769]
C  [opencv_core248.dll+0x1299ee]
C  [opencv_objdetect248.dll+0x2d546]
C  [opencv_objdetect248.dll+0x2df51]
C  [jniopencv_objdetect.dll+0x19f43]
j  com.googlecode.javacv.cpp.opencv_objdetect.cvHaarDetectObjects(Lcom/googlecode/javacv/cpp/opencv_core$CvArr;Lcom/googlecode/javacv/cpp/opencv_objdetect$CvHaarClassifierCascade;Lcom/googlecode/javacv/cpp/opencv_core$CvMemStorage;DIILcom/googlecode/javacv/cpp/opencv_core$CvSize;Lcom/googlecode/javacv/cpp/opencv_core$CvSize;)Lcom/googlecode/javacv/cpp/opencv_core$CvSeq;+0
j  com.googlecode.javacv.cpp.opencv_objdetect.cvHaarDetectObjects(Lcom/googlecode/javacv/cpp/opencv_core$CvArr;Lcom/googlecode/javacv/cpp/opencv_objdetect$CvHaarClassifierCascade;Lcom/googlecode/javacv/cpp/opencv_core$CvMemStorage;DII)Lcom/googlecode/javacv/cpp/opencv_core$CvSeq;+14
j  FaceCapture.detect(Lcom/googlecode/javacv/cpp/opencv_core$IplImage;)V+14
j  FaceCapture.run()V+28
j  java.lang.Thread.run()V+11
v  ~StubRoutines::call_stub
V  [jvm.dll+0x15af45]
V  [jvm.dll+0x2213ae]
V  [jvm.dll+0x15afde]
V  [jvm.dll+0x15b166]
V  [jvm.dll+0x15b1d7]
V  [jvm.dll+0xff36f]
V  [jvm.dll+0x17dc30]
V  [jvm.dll+0x17e4aa]
V  [jvm.dll+0x1c2ec6]
C  [msvcr100.dll+0x5c556]
C  [msvcr100.dll+0x5c600]
C  [KERNEL32.DLL+0x18744]
C  [ntdll.dll+0x6582d]
C  [ntdll.dll+0x657fd]
C  0x00000000

Java frames: (J=compiled Java code, j=interpreted, Vv=VM code)
j  com.googlecode.javacv.cpp.opencv_objdetect.cvHaarDetectObjects(Lcom/googlecode/javacv/cpp/opencv_core$CvArr;Lcom/googlecode/javacv/cpp/opencv_objdetect$CvHaarClassifierCascade;Lcom/googlecode/javacv/cpp/opencv_core$CvMemStorage;DIILcom/googlecode/javacv/cpp/opencv_core$CvSize;Lcom/googlecode/javacv/cpp/opencv_core$CvSize;)Lcom/googlecode/javacv/cpp/opencv_core$CvSeq;+0
j  com.googlecode.javacv.cpp.opencv_objdetect.cvHaarDetectObjects(Lcom/googlecode/javacv/cpp/opencv_core$CvArr;Lcom/googlecode/javacv/cpp/opencv_objdetect$CvHaarClassifierCascade;Lcom/googlecode/javacv/cpp/opencv_core$CvMemStorage;DII)Lcom/googlecode/javacv/cpp/opencv_core$CvSeq;+14
j  FaceCapture.detect(Lcom/googlecode/javacv/cpp/opencv_core$IplImage;)V+14
j  FaceCapture.run()V+28
j  java.lang.Thread.run()V+11
v  ~StubRoutines::call_stub

---------------  P R O C E S S  ---------------

Java Threads: ( => current thread )
=>0x16345000 JavaThread "Thread-4" [_thread_in_native, id=4404, stack(0x19770000,0x197c0000)]
  0x16520400 JavaThread "Thread-3" [_thread_in_native, id=13352, stack(0x19180000,0x191d0000)]
  0x163ecc00 JavaThread "TimerQueue" daemon [_thread_blocked, id=2956, stack(0x18090000,0x180e0000)]
  0x025bcc00 JavaThread "DestroyJavaVM" [_thread_blocked, id=9948, stack(0x02400000,0x02450000)]
  0x16275c00 JavaThread "AWT-EventQueue-0" [_thread_blocked, id=22784, stack(0x16f20000,0x16f70000)]
  0x16253800 JavaThread "AWT-Windows" daemon [_thread_in_native, id=15068, stack(0x16160000,0x161b0000)]
  0x16250c00 JavaThread "AWT-Shutdown" [_thread_blocked, id=19680, stack(0x160d0000,0x16120000)]
  0x1624fc00 JavaThread "Java2D Disposer" daemon [_thread_blocked, id=20880, stack(0x15f70000,0x15fc0000)]
  0x024f7000 JavaThread "Service Thread" daemon [_thread_blocked, id=13652, stack(0x15b60000,0x15bb0000)]
  0x024e1000 JavaThread "C1 CompilerThread0" daemon [_thread_blocked, id=5564, stack(0x15ad0000,0x15b20000)]
  0x024df800 JavaThread "Attach Listener" daemon [_thread_blocked, id=9048, stack(0x15a40000,0x15a90000)]
  0x024dd800 JavaThread "Signal Dispatcher" daemon [_thread_blocked, id=21868, stack(0x159b0000,0x15a00000)]
  0x024d4800 JavaThread "Finalizer" daemon [_thread_blocked, id=16692, stack(0x152b0000,0x15300000)]
  0x02477c00 JavaThread "Reference Handler" daemon [_thread_blocked, id=18016, stack(0x047a0000,0x047f0000)]

Other Threads:
  0x02474400 VMThread [stack: 0x04710000,0x04760000] [id=22780]
  0x02515c00 WatcherThread [stack: 0x15bf0000,0x15c40000] [id=21180]

VM state:not at safepoint (normal execution)

VM Mutex/Monitor currently owned by a thread: None

Heap:
 def new generation   total 4928K, used 3314K [0x04800000, 0x04d50000, 0x09d50000)
  eden space 4416K,  65% used [0x04800000, 0x04acfa40, 0x04c50000)
  from space 512K,  85% used [0x04cd0000, 0x04d3cf88, 0x04d50000)
  to   space 512K,   0% used [0x04c50000, 0x04c50000, 0x04cd0000)
 tenured generation   total 10944K, used 5359K [0x09d50000, 0x0a800000, 0x14800000)
   the space 10944K,  48% used [0x09d50000, 0x0a28bc48, 0x0a28be00, 0x0a800000)
 Metaspace       used 1891K, capacity 3322K, committed 3392K, reserved 4480K

Card table byte_map: [0x04640000,0x046d0000] byte_map_base: 0x0461c000

Polling page: 0x00c20000

CodeCache: size=32768Kb used=1261Kb max_used=1261Kb free=31506Kb
 bounds [0x025c0000, 0x02700000, 0x045c0000]
 total_blobs=680 nmethods=415 adapters=196
 compilation: enabled

Compilation events (10 events):
Event: 7.372 Thread 0x024e1000  412             com.googlecode.javacv.cpp.opencv_core$IplImage::flipCopyWithGamma (608 bytes)
Event: 7.373 Thread 0x024e1000 nmethod 412 0x026f7d88 code [0x026f8090, 0x026f8fa4]
Event: 7.373 Thread 0x024e1000  413             java.nio.Buffer::position (43 bytes)
Event: 7.373 Thread 0x024e1000 nmethod 413 0x026f9bc8 code [0x026f9cd0, 0x026f9ddc]
Event: 7.379 Thread 0x024e1000  414             java.lang.ref.SoftReference::get (29 bytes)
Event: 7.379 Thread 0x024e1000 nmethod 414 0x026f9e48 code [0x026f9f40, 0x026fa000]
Event: 7.379 Thread 0x024e1000  415   !         sun.awt.PostEventQueue::flush (168 bytes)
Event: 7.379 Thread 0x024e1000 nmethod 415 0x026fa048 code [0x026fa1e0, 0x026fa984]
Event: 7.387 Thread 0x024e1000  416             sun.misc.SharedSecrets::getJavaLangAccess (4 bytes)
Event: 7.387 Thread 0x024e1000 nmethod 416 0x026fb008 code [0x026fb100, 0x026fb170]

GC Heap History (10 events):
Event: 0.184 GC heap before
{Heap before GC invocations=0 (full 0):
 def new generation   total 4928K, used 4416K [0x04800000, 0x04d50000, 0x09d50000)
  eden space 4416K, 100% used [0x04800000, 0x04c50000, 0x04c50000)
  from space 512K,   0% used [0x04c50000, 0x04c50000, 0x04cd0000)
  to   space 512K,   0% used [0x04cd0000, 0x04cd0000, 0x04d50000)
 tenured generation   total 10944K, used 0K [0x09d50000, 0x0a800000, 0x14800000)
   the space 10944K,   0% used [0x09d50000, 0x09d50000, 0x09d50200, 0x0a800000)
 Metaspace       used 582K, capacity 2493K, committed 2496K, reserved 4480K
Event: 0.187 GC heap after
Heap after GC invocations=1 (full 0):
 def new generation   total 4928K, used 512K [0x04800000, 0x04d50000, 0x09d50000)
  eden space 4416K,   0% used [0x04800000, 0x04800000, 0x04c50000)
  from space 512K, 100% used [0x04cd0000, 0x04d50000, 0x04d50000)
  to   space 512K,   0% used [0x04c50000, 0x04c50000, 0x04cd0000)
 tenured generation   total 10944K, used 787K [0x09d50000, 0x0a800000, 0x14800000)
   the space 10944K,   7% used [0x09d50000, 0x09e14ea8, 0x09e15000, 0x0a800000)
 Metaspace       used 582K, capacity 2493K, committed 2496K, reserved 4480K
}
Event: 0.335 GC heap before
{Heap before GC invocations=1 (full 0):
 def new generation   total 4928K, used 3108K [0x04800000, 0x04d50000, 0x09d50000)
  eden space 4416K,  58% used [0x04800000, 0x04a89070, 0x04c50000)
  from space 512K, 100% used [0x04cd0000, 0x04d50000, 0x04d50000)
  to   space 512K,   0% used [0x04c50000, 0x04c50000, 0x04cd0000)
 tenured generation   total 10944K, used 787K [0x09d50000, 0x0a800000, 0x14800000)
   the space 10944K,   7% used [0x09d50000, 0x09e14ea8, 0x09e15000, 0x0a800000)
 Metaspace       used 864K, capacity 2517K, committed 2624K, reserved 4480K
Event: 0.338 GC heap after
Heap after GC invocations=2 (full 0):
 def new generation   total 4928K, used 512K [0x04800000, 0x04d50000, 0x09d50000)
  eden space 4416K,   0% used [0x04800000, 0x04800000, 0x04c50000)
  from space 512K, 100% used [0x04c50000, 0x04cd0000, 0x04cd0000)
  to   space 512K,   0% used [0x04cd0000, 0x04cd0000, 0x04d50000)
 tenured generation   total 10944K, used 1907K [0x09d50000, 0x0a800000, 0x14800000)
   the space 10944K,  17% used [0x09d50000, 0x09f2cc68, 0x09f2ce00, 0x0a800000)
 Metaspace       used 864K, capacity 2517K, committed 2624K, reserved 4480K
}
Event: 5.871 GC heap before
{Heap before GC invocations=2 (full 0):
 def new generation   total 4928K, used 4918K [0x04800000, 0x04d50000, 0x09d50000)
  eden space 4416K,  99% used [0x04800000, 0x04c4d810, 0x04c50000)
  from space 512K, 100% used [0x04c50000, 0x04cd0000, 0x04cd0000)
  to   space 512K,   0% used [0x04cd0000, 0x04cd0000, 0x04d50000)
 tenured generation   total 10944K, used 1907K [0x09d50000, 0x0a800000, 0x14800000)
   the space 10944K,  17% used [0x09d50000, 0x09f2cc68, 0x09f2ce00, 0x0a800000)
 Metaspace       used 1175K, capacity 2645K, committed 2752K, reserved 4480K
Event: 5.874 GC heap after
Heap after GC invocations=3 (full 0):
 def new generation   total 4928K, used 268K [0x04800000, 0x04d50000, 0x09d50000)
  eden space 4416K,   0% used [0x04800000, 0x04800000, 0x04c50000)
  from space 512K,  52% used [0x04cd0000, 0x04d133f8, 0x04d50000)
  to   space 512K,   0% used [0x04c50000, 0x04c50000, 0x04cd0000)
 tenured generation   total 10944K, used 4997K [0x09d50000, 0x0a800000, 0x14800000)
   the space 10944K,  45% used [0x09d50000, 0x0a2314b0, 0x0a231600, 0x0a800000)
 Metaspace       used 1175K, capacity 2645K, committed 2752K, reserved 4480K
}
Event: 6.385 GC heap before
{Heap before GC invocations=3 (full 0):
 def new generation   total 4928K, used 4684K [0x04800000, 0x04d50000, 0x09d50000)
  eden space 4416K, 100% used [0x04800000, 0x04c50000, 0x04c50000)
  from space 512K,  52% used [0x04cd0000, 0x04d133f8, 0x04d50000)
  to   space 512K,   0% used [0x04c50000, 0x04c50000, 0x04cd0000)
 tenured generation   total 10944K, used 4997K [0x09d50000, 0x0a800000, 0x14800000)
   the space 10944K,  45% used [0x09d50000, 0x0a2314b0, 0x0a231600, 0x0a800000)
 Metaspace       used 1660K, capacity 3125K, committed 3136K, reserved 4480K
Event: 6.387 GC heap after
Heap after GC invocations=4 (full 0):
 def new generation   total 4928K, used 512K [0x04800000, 0x04d50000, 0x09d50000)
  eden space 4416K,   0% used [0x04800000, 0x04800000, 0x04c50000)
  from space 512K, 100% used [0x04c50000, 0x04cd0000, 0x04cd0000)
  to   space 512K,   0% used [0x04cd0000, 0x04cd0000, 0x04d50000)
 tenured generation   total 10944K, used 5204K [0x09d50000, 0x0a800000, 0x14800000)
   the space 10944K,  47% used [0x09d50000, 0x0a2653b8, 0x0a265400, 0x0a800000)
 Metaspace       used 1660K, capacity 3125K, committed 3136K, reserved 4480K
}
Event: 7.365 GC heap before
{Heap before GC invocations=4 (full 0):
 def new generation   total 4928K, used 4249K [0x04800000, 0x04d50000, 0x09d50000)
  eden space 4416K,  84% used [0x04800000, 0x04ba6448, 0x04c50000)
  from space 512K, 100% used [0x04c50000, 0x04cd0000, 0x04cd0000)
  to   space 512K,   0% used [0x04cd0000, 0x04cd0000, 0x04d50000)
 tenured generation   total 10944K, used 5204K [0x09d50000, 0x0a800000, 0x14800000)
   the space 10944K,  47% used [0x09d50000, 0x0a2653b8, 0x0a265400, 0x0a800000)
 Metaspace       used 1879K, capacity 3320K, committed 3392K, reserved 4480K
Event: 7.367 GC heap after
Heap after GC invocations=5 (full 0):
 def new generation   total 4928K, used 435K [0x04800000, 0x04d50000, 0x09d50000)
  eden space 4416K,   0% used [0x04800000, 0x04800000, 0x04c50000)
  from space 512K,  85% used [0x04cd0000, 0x04d3cf88, 0x04d50000)
  to   space 512K,   0% used [0x04c50000, 0x04c50000, 0x04cd0000)
 tenured generation   total 10944K, used 5359K [0x09d50000, 0x0a800000, 0x14800000)
   the space 10944K,  48% used [0x09d50000, 0x0a28bc48, 0x0a28be00, 0x0a800000)
 Metaspace       used 1879K, capacity 3320K, committed 3392K, reserved 4480K
}

Deoptimization events (0 events):
No events

Internal exceptions (10 events):
Event: 0.171 Thread 0x025bcc00 Exception <a 'java/lang/ClassNotFoundException': ToolBar> (0x04baf198) thrown at [C:\workspace\8-2-build-windows-i586-cygwin\jdk8u141\9370\hotspot\src\share\vm\classfile\systemDictionary.cpp, line 210]
Event: 0.171 Thread 0x025bcc00 Exception <a 'java/lang/ClassNotFoundException': ToggleButton> (0x04baf6e0) thrown at [C:\workspace\8-2-build-windows-i586-cygwin\jdk8u141\9370\hotspot\src\share\vm\classfile\systemDictionary.cpp, line 210]
Event: 0.171 Thread 0x025bcc00 Exception <a 'java/lang/ClassNotFoundException': javax/swing/JToolBarSeparator> (0x04bafae8) thrown at [C:\workspace\8-2-build-windows-i586-cygwin\jdk8u141\9370\hotspot\src\share\vm\classfile\systemDictionary.cpp, line 210]
Event: 0.171 Thread 0x025bcc00 Exception <a 'java/lang/ClassNotFoundException': ToolBarSeparator> (0x04baff40) thrown at [C:\workspace\8-2-build-windows-i586-cygwin\jdk8u141\9370\hotspot\src\share\vm\classfile\systemDictionary.cpp, line 210]
Event: 0.171 Thread 0x025bcc00 Exception <a 'java/lang/ClassNotFoundException': ToolTip> (0x04bb05e8) thrown at [C:\workspace\8-2-build-windows-i586-cygwin\jdk8u141\9370\hotspot\src\share\vm\classfile\systemDictionary.cpp, line 210]
Event: 0.171 Thread 0x025bcc00 Exception <a 'java/lang/ClassNotFoundException': Tree> (0x04bb10d0) thrown at [C:\workspace\8-2-build-windows-i586-cygwin\jdk8u141\9370\hotspot\src\share\vm\classfile\systemDictionary.cpp, line 210]
Event: 0.171 Thread 0x025bcc00 Exception <a 'java/lang/ClassNotFoundException': Tree> (0x04bb1770) thrown at [C:\workspace\8-2-build-windows-i586-cygwin\jdk8u141\9370\hotspot\src\share\vm\classfile\systemDictionary.cpp, line 210]
Event: 0.171 Thread 0x025bcc00 Exception <a 'java/lang/ClassNotFoundException': javax/swing/JTreeCell> (0x04bb1aa8) thrown at [C:\workspace\8-2-build-windows-i586-cygwin\jdk8u141\9370\hotspot\src\share\vm\classfile\systemDictionary.cpp, line 210]
Event: 0.171 Thread 0x025bcc00 Exception <a 'java/lang/ClassNotFoundException': TreeCell> (0x04bb1ef0) thrown at [C:\workspace\8-2-build-windows-i586-cygwin\jdk8u141\9370\hotspot\src\share\vm\classfile\systemDictionary.cpp, line 210]
Event: 0.171 Thread 0x025bcc00 Exception <a 'java/lang/ClassNotFoundException': RootPane> (0x04bb2868) thrown at [C:\workspace\8-2-build-windows-i586-cygwin\jdk8u141\9370\hotspot\src\share\vm\classfile\systemDictionary.cpp, line 210]

Events (10 events):
Event: 7.368 Executing VM operation: RevokeBias
Event: 7.368 Executing VM operation: RevokeBias done
Event: 7.368 Executing VM operation: BulkRevokeBias
Event: 7.368 Executing VM operation: BulkRevokeBias done
Event: 7.369 Executing VM operation: RevokeBias
Event: 7.369 Executing VM operation: RevokeBias done
Event: 7.369 Executing VM operation: RevokeBias
Event: 7.369 Executing VM operation: RevokeBias done
Event: 7.379 loading class sun/awt/image/ShortComponentRaster
Event: 7.379 loading class sun/awt/image/ShortComponentRaster done


Dynamic libraries:
0x009a0000 - 0x009d3000 	C:\Program Files (x86)\Java\jdk1.8.0_141\bin\java.exe
0x77df0000 - 0x77f7e000 	C:\WINDOWS\SYSTEM32\ntdll.dll
0x76060000 - 0x76130000 	C:\WINDOWS\System32\KERNEL32.DLL
0x75370000 - 0x75532000 	C:\WINDOWS\System32\KERNELBASE.dll
0x73d10000 - 0x73da3000 	C:\WINDOWS\SYSTEM32\apphelp.dll
0x75ec0000 - 0x75f37000 	C:\WINDOWS\System32\ADVAPI32.dll
0x74f50000 - 0x7500d000 	C:\WINDOWS\System32\msvcrt.dll
0x75d60000 - 0x75da1000 	C:\WINDOWS\System32\sechost.dll
0x77bb0000 - 0x77c70000 	C:\WINDOWS\System32\RPCRT4.dll
0x75310000 - 0x75330000 	C:\WINDOWS\System32\SspiCli.dll
0x75300000 - 0x7530a000 	C:\WINDOWS\System32\CRYPTBASE.dll
0x74e00000 - 0x74e57000 	C:\WINDOWS\System32\bcryptPrimitives.dll
0x776b0000 - 0x777ec000 	C:\WINDOWS\System32\USER32.dll
0x75570000 - 0x75586000 	C:\WINDOWS\System32\win32u.dll
0x75e10000 - 0x75e31000 	C:\WINDOWS\System32\GDI32.dll
0x75010000 - 0x75168000 	C:\WINDOWS\System32\gdi32full.dll
0x777f0000 - 0x77869000 	C:\WINDOWS\System32\msvcp_win.dll
0x75f40000 - 0x76058000 	C:\WINDOWS\System32\ucrtbase.dll
0x731f0000 - 0x733fe000 	C:\WINDOWS\WinSxS\x86_microsoft.windows.common-controls_6595b64144ccf1df_6.0.15063.483_none_6dad63fefc436da8\COMCTL32.dll
0x77910000 - 0x77b48000 	C:\WINDOWS\System32\combase.dll
0x75540000 - 0x75565000 	C:\WINDOWS\System32\IMM32.DLL
0x6d410000 - 0x6d4cf000 	C:\Program Files (x86)\Java\jdk1.8.0_141\jre\bin\msvcr100.dll
0x6d4d0000 - 0x6d89e000 	C:\Program Files (x86)\Java\jdk1.8.0_141\jre\bin\client\jvm.dll
0x75d40000 - 0x75d46000 	C:\WINDOWS\System32\PSAPI.DLL
0x73c50000 - 0x73c74000 	C:\WINDOWS\SYSTEM32\WINMM.dll
0x746c0000 - 0x746c8000 	C:\WINDOWS\SYSTEM32\VERSION.dll
0x73550000 - 0x73558000 	C:\WINDOWS\SYSTEM32\WSOCK32.dll
0x756e0000 - 0x75747000 	C:\WINDOWS\System32\WS2_32.dll
0x73520000 - 0x73543000 	C:\WINDOWS\SYSTEM32\winmmbase.dll
0x75330000 - 0x75369000 	C:\WINDOWS\System32\cfgmgr32.dll
0x709b0000 - 0x709bc000 	C:\Program Files (x86)\Java\jdk1.8.0_141\jre\bin\verify.dll
0x6e310000 - 0x6e331000 	C:\Program Files (x86)\Java\jdk1.8.0_141\jre\bin\java.dll
0x6efd0000 - 0x6efe3000 	C:\Program Files (x86)\Java\jdk1.8.0_141\jre\bin\zip.dll
0x762b0000 - 0x775f8000 	C:\WINDOWS\System32\SHELL32.dll
0x77880000 - 0x7790c000 	C:\WINDOWS\System32\shcore.dll
0x757b0000 - 0x75d37000 	C:\WINDOWS\System32\windows.storage.dll
0x75750000 - 0x75795000 	C:\WINDOWS\System32\shlwapi.dll
0x76130000 - 0x7613e000 	C:\WINDOWS\System32\kernel.appcore.dll
0x77660000 - 0x776a5000 	C:\WINDOWS\System32\powrprof.dll
0x75d50000 - 0x75d60000 	C:\WINDOWS\System32\profapi.dll
0x6a5e0000 - 0x6a725000 	C:\Program Files (x86)\Java\jdk1.8.0_141\jre\bin\awt.dll
0x747b0000 - 0x74846000 	C:\WINDOWS\System32\OLEAUT32.dll
0x725e0000 - 0x72658000 	C:\WINDOWS\system32\uxtheme.dll
0x75590000 - 0x756d6000 	C:\WINDOWS\System32\MSCTF.dll
0x73190000 - 0x731b3000 	C:\WINDOWS\system32\dwmapi.dll
0x74850000 - 0x74943000 	C:\WINDOWS\System32\ole32.dll
0x6d2f0000 - 0x6d329000 	C:\Program Files (x86)\Java\jdk1.8.0_141\jre\bin\fontmanager.dll
0x6d330000 - 0x6d40f000 	C:\WINDOWS\system32\opengl32.dll
0x6de40000 - 0x6de65000 	C:\WINDOWS\SYSTEM32\GLU32.dll
0x74950000 - 0x749d3000 	C:\WINDOWS\System32\clbcatq.dll
0x6e390000 - 0x6e502000 	C:\WINDOWS\SYSTEM32\WindowsCodecs.dll
0x6a1f0000 - 0x6a233000 	C:\WINDOWS\system32\dataexchange.dll
0x69f90000 - 0x6a1e2000 	C:\WINDOWS\system32\d3d11.dll
0x69ea0000 - 0x69f8b000 	C:\WINDOWS\system32\dcomp.dll
0x69e10000 - 0x69e9a000 	C:\WINDOWS\system32\dxgi.dll
0x6e550000 - 0x6e686000 	C:\WINDOWS\system32\twinapi.appcore.dll
0x743e0000 - 0x743f8000 	C:\WINDOWS\system32\bcrypt.dll
0x6e1b0000 - 0x6e1c6000 	C:\Program Files (x86)\Java\jdk1.8.0_141\jre\bin\net.dll
0x72830000 - 0x7287e000 	C:\WINDOWS\system32\mswsock.dll
0x6e510000 - 0x6e51f000 	C:\Program Files (x86)\Java\jdk1.8.0_141\jre\bin\nio.dll
0x6a270000 - 0x6a2a2000 	C:\Program Files (x86)\Java\jdk1.8.0_141\jre\bin\t2k.dll
0x6a570000 - 0x6a5d7000 	C:\WINDOWS\System32\TextInputFramework.dll
0x6a340000 - 0x6a567000 	C:\WINDOWS\System32\CoreUIComponents.dll
0x6a2b0000 - 0x6a33f000 	C:\WINDOWS\System32\CoreMessaging.dll
0x72800000 - 0x72828000 	C:\WINDOWS\SYSTEM32\ntmarta.dll
0x6e9b0000 - 0x6ea81000 	C:\WINDOWS\SYSTEM32\wintypes.dll
0x6de90000 - 0x6dea0000 	C:\WINDOWS\SYSTEM32\usermgrcli.dll
0x66550000 - 0x6660e000 	C:\Users\jaydutt\AppData\Local\Temp\javacpp586852318450200\msvcr100.dll
0x67260000 - 0x672c9000 	C:\Users\jaydutt\AppData\Local\Temp\javacpp586852318450200\msvcp100.dll
0x70fc0000 - 0x71ef6000 	C:\Users\jaydutt\AppData\Local\Temp\javacpp586852318450200\opencv_ffmpeg248.dll
0x63c10000 - 0x63e16000 	C:\Users\jaydutt\AppData\Local\Temp\javacpp586852318450200\opencv_core248.dll
0x639a0000 - 0x63c0b000 	C:\Users\jaydutt\AppData\Local\Temp\javacpp586852318450200\opencv_imgproc248.dll
0x63790000 - 0x63997000 	C:\Users\jaydutt\AppData\Local\Temp\javacpp586852318450200\opencv_highgui248.dll
0x67e20000 - 0x67e42000 	C:\WINDOWS\SYSTEM32\MSVFW32.dll
0x67e00000 - 0x67e1b000 	C:\WINDOWS\SYSTEM32\AVIFIL32.dll
0x67030000 - 0x67044000 	C:\WINDOWS\SYSTEM32\AVICAP32.dll
0x67010000 - 0x67028000 	C:\WINDOWS\SYSTEM32\MSACM32.dll
0x66260000 - 0x66304000 	C:\Users\jaydutt\AppData\Local\Temp\javacpp586852318450200\opencv_objdetect248.dll
0x66fd0000 - 0x6700c000 	C:\Users\jaydutt\AppData\Local\Temp\javacpp586852318450200\jniopencv_objdetect.dll
0x661e0000 - 0x66255000 	C:\Users\jaydutt\AppData\Local\Temp\javacpp586852318450200\jniopencv_core.dll
0x63710000 - 0x6378c000 	C:\Users\jaydutt\AppData\Local\Temp\javacpp586852318450200\opencv_flann248.dll
0x63650000 - 0x63702000 	C:\Users\jaydutt\AppData\Local\Temp\javacpp586852318450200\opencv_features2d248.dll
0x63580000 - 0x63644000 	C:\Users\jaydutt\AppData\Local\Temp\javacpp586852318450200\opencv_calib3d248.dll
0x66cb0000 - 0x66d0d000 	C:\Users\jaydutt\AppData\Local\Temp\javacpp586852318450200\opencv_video248.dll
0x63500000 - 0x63580000 	C:\Users\jaydutt\AppData\Local\Temp\javacpp586852318450200\opencv_ml248.dll
0x633e0000 - 0x634fc000 	C:\Users\jaydutt\AppData\Local\Temp\javacpp586852318450200\opencv_contrib248.dll
0x63390000 - 0x633d7000 	C:\Users\jaydutt\AppData\Local\Temp\javacpp586852318450200\jniopencv_contrib.dll
0x67df0000 - 0x67dff000 	C:\Users\jaydutt\AppData\Local\Temp\javacpp586852318450200\jniopencv_highgui.dll
0x661a0000 - 0x661d9000 	C:\Users\jaydutt\AppData\Local\Temp\javacpp586852318450200\jniopencv_imgproc.dll
0x66ac0000 - 0x66ad5000 	C:\Windows\System32\devenum.dll
0x749e0000 - 0x74dfa000 	C:\WINDOWS\System32\setupapi.dll
0x734f0000 - 0x73512000 	C:\WINDOWS\SYSTEM32\DEVOBJ.dll
0x77610000 - 0x77654000 	C:\WINDOWS\System32\WINTRUST.dll
0x77600000 - 0x7760e000 	C:\WINDOWS\System32\MSASN1.dll
0x77c70000 - 0x77ded000 	C:\WINDOWS\System32\CRYPT32.dll
0x66ca0000 - 0x66ca9000 	C:\WINDOWS\SYSTEM32\msdmo.dll
0x63350000 - 0x6338a000 	C:\Windows\System32\qcap.dll
0x631a0000 - 0x63343000 	C:\Windows\System32\quartz.dll
0x63160000 - 0x63195000 	C:\Windows\System32\mfksproxy.dll
0x63130000 - 0x6315c000 	C:\Windows\System32\MFSENSORGROUP.dll
0x63110000 - 0x63128000 	C:\Windows\System32\ATL.DLL
0x62fa0000 - 0x63105000 	C:\Windows\System32\MFPlat.DLL
0x62f70000 - 0x62f9a000 	C:\Windows\System32\RTWorkQ.DLL
0x62f30000 - 0x62f6c000 	C:\Windows\System32\ksproxy.ax
0x682d0000 - 0x68432000 	C:\Windows\System32\d3d9.dll
0x66ab0000 - 0x66ab7000 	C:\Windows\System32\ksuser.dll
0x6e1d0000 - 0x6e234000 	C:\WINDOWS\SYSTEM32\policymanager.dll
0x6dea0000 - 0x6df06000 	C:\Windows\System32\msvcp110_win.dll
0x66540000 - 0x6654c000 	C:\Windows\System32\vidcap.ax
0x62f10000 - 0x62f30000 	C:\Windows\System32\kswdmcap.ax
0x73060000 - 0x7318d000 	C:\Windows\System32\MFC42.dll
0x62e80000 - 0x62f0e000 	C:\Windows\System32\qedit.dll
0x74e60000 - 0x74f4f000 	C:\WINDOWS\System32\COMDLG32.dll
0x19b70000 - 0x19cd6000 	C:\WINDOWS\WinSxS\x86_microsoft.windows.gdiplus_6595b64144ccf1df_1.1.15063.608_none_9e9d5d4256d15def\gdiplus.dll
0x73400000 - 0x734ed000 	C:\Windows\System32\DDRAW.dll
0x728e0000 - 0x728e7000 	C:\Windows\System32\DCIMAN32.dll
0x62e10000 - 0x62e7d000 	C:\WINDOWS\SYSTEM32\D3DIM700.DLL
0x664b0000 - 0x664ba000 	C:\WINDOWS\SYSTEM32\msyuv.dll
0x74530000 - 0x7468d000 	C:\WINDOWS\SYSTEM32\dbghelp.dll

VM Arguments:
jvm_args: -Dfile.encoding=UTF-8 -Djava.library.path=C:\opencv\build\java\x86 -Djava.security.policy=applet.policy -Djavacpp.platform.dependencies=true 
java_command: LOGIN
java_class_path (initial): C:\Program Files (x86)\NetBeans 8.2\java\modules\ext\AbsoluteLayout.jar;C:\javamail1_4_7\javamail-1.4.7\mail.jar;C:\Users\jaydutt\ui\lib\jcommon-1.0.23.jar;C:\Users\jaydutt\ui\lib\jfreechart-1.0.19.jar;C:\activation-2.2.1.jar;C:\activation-1.1.jar;C:\core-3.3.0.jar;C:\javase-3.3.0.jar;C:\Program Files (x86)\NetBeans 8.2\java\modules\ext\eclipselink\eclipselink.jar;C:\Program Files (x86)\NetBeans 8.2\java\modules\ext\eclipselink\javax.persistence_2.1.0.v201304241213.jar;C:\Program Files (x86)\NetBeans 8.2\java\modules\ext\eclipselink\org.eclipse.persistence.jpa.jpql_2.5.2.v20140319-9ad6abd.jar;C:\opencv\build\java\opencv-310.jar;C:\opencv\build\java\opencv-249.jar;C:\opencv\build\java\opencv-340.jar;C:\javacv-cppjars\ffmpeg-2.1.1-windows-x86.jar;C:\javacv-cppjars\ffmpeg-2.1.1-windows-x86_64.jar;C:\javacv-cppjars\opencv-2.4.8-windows-x86.jar;C:\javacv-cppjars\opencv-2.4.8-windows-x86_64.jar;C:\javacv-bin\javacpp.jar;C:\javacv-bin\javacv.jar;C:\javacv-bin\libfreenect-windows-x86.jar;C:\javacv-bin\libfreenect-windows-x86_64.jar;C:\javacv-bin\libfreenect2-windows-x86_64.jar;C:\jar_files\artoolkitplus-2.3.1-1.4.jar;C:\jar_files\ffmpeg-3.4.1-1.4.jar;C:\jar_files\flandmark-1.07-1.4.jar;C:\jar_files\flycapture-2.11.3.121-1.4.jar;C:\jar_files\javacpp-1.4.jar;C:\jar_files\javacv-1.4.jar;C:\jar_files\libdc1394-2.2.5-1.4.jar;C:\jar_files\libfreenect-0.5.3-1.4.jar;C:\jar_files\libfreenect2-0.2.0-1.4.jar;C:\jar_files\librealsense-1.12.1-1.4.jar;C:\jar_files\opencv-3.4.0-1.4.jar;C:\jar_files\videoinput-0.200-1.4.jar;C:\Users\jaydutt\ui\build\classes
Launcher Type: SUN_STANDARD

Environment Variables:
JAVA_HOME=C:\Program Files\Java\jdk1.8.0_161
PATH=C:\Program Files (x86)\Intel\iCLS Client\;C:\ProgramData\Oracle\Java\javapath;C:\Program Files\Intel\iCLS Client\;C:\windows\system32;C:\windows;C:\windows\System32\Wbem;C:\windows\System32\WindowsPowerShell\v1.0\;C:\Program Files (x86)\NVIDIA Corporation\PhysX\Common;C:\Program Files (x86)\Java\jre1.8.0_141;C:\Program Files (x86)\Java\jdk1.8.0_141/bin;C:\Program Files\Intel\WiFi\bin\;C:\Program Files\Common Files\Intel\WirelessCommon\;C:\WINDOWS\system32;C:\WINDOWS;C:\WINDOWS\System32\Wbem;C:\WINDOWS\System32\WindowsPowerShell\v1.0\;C:\Users\jaydutt\AppData\Local\Microsoft\WindowsApps;C:\adb;C:\Program Files (x86)\Intel\Intel(R) Management Engine Components\DAL;C:\Program Files\Intel\Intel(R) Management Engine Components\DAL;C:\Program Files (x86)\Intel\Intel(R) Management Engine Components\IPT;C:\Program Files\Intel\Intel(R) Management Engine Components\IPT;C:\sqlight\sqlite-tools-win32-x86-3220000;C:\Program Files\Java\jdk1.8.0_161;C:\Program Files\Java\jre1.8.0_161;C:\opencv\build\x86\vc10\bin;C:\opencv\build\java;C:\Users\jaydutt\AppData\Local\Microsoft\WindowsApps;C:\Users\jaydutt\AppData\Local\GitHubDesktop\bin
USERNAME=jaydutt
OS=Windows_NT
PROCESSOR_IDENTIFIER=Intel64 Family 6 Model 158 Stepping 9, GenuineIntel



---------------  S Y S T E M  ---------------

OS: Windows 10.0 , 64 bit Build 15063 (10.0.15063.296)

CPU:total 8 (initial active 8) (4 cores per cpu, 2 threads per core) family 6 model 158 stepping 9, cmov, cx8, fxsr, mmx, sse, sse2, sse3, ssse3, sse4.1, sse4.2, popcnt, avx, avx2, aes, clmul, erms, 3dnowpref, lzcnt, ht, tsc, tscinvbit, bmi1, bmi2, adx

Memory: 4k page, physical 16659684k(12768840k free), swap 33436900k(28962556k free)

vm_info: Java HotSpot(TM) Client VM (25.141-b15) for windows-x86 JRE (1.8.0_141-b15), built on Jul 12 2017 04:25:45 by "java_re" with MS VC++ 10.0 (VS2010)

time: Sat Mar 31 08:15:55 2018
elapsed time: 7 seconds (0d 0h 0m 7s)

